#                                                                                  --- full sequence --- -------------- this domain -------------   hmm coord   ali coord   env coord
# target name              accession   tlen query name           accession   qlen   E-value  score  bias   #  of  c-Evalue  i-Evalue  score  bias  from    to  from    to  from    to  acc description of target
#      ------------------- ---------- ----- -------------------- ---------- ----- --------- ------ ----- --- --- --------- --------- ------ ----- ----- ----- ----- ----- ----- ----- ---- ---------------------
ptg000598l:934387-935559   -            288 104406at33392        -            222   5.4e-96  320.6  29.4   1   2   3.7e-53   1.4e-49  168.9  15.2     4   115     9   133     3   146 0.93 -
ptg000598l:934387-935559   -            288 104406at33392        -            222   5.4e-96  320.6  29.4   2   2   8.1e-50     3e-46  157.9   6.2   106   222   170   286   163   286 0.94 -
ptg000224l:960256-974873   -            263 104406at33392        -            222   1.3e-49  169.0  18.6   1   1   5.5e-53     2e-49  168.3  18.6     5   220    22   258    18   260 0.88 -
ptg000283l:3194084-3202482 -            310 104406at33392        -            222   5.6e-24   85.1  18.9   1   1   2.8e-27     1e-23   84.2  18.9    23   221   106   309    98   310 0.71 -
ptg000172l:4885855-4895812 -            367 104406at33392        -            222   1.4e-09   38.1  16.5   1   1   7.4e-13   2.8e-09   37.1  16.1     7   214   136   363   128   367 0.74 -
ptg000244l:4711406-4712472 -            313 104406at33392        -            222    0.0072   16.1   1.3   1   2     0.013        48    3.6   3.3    37   119    74   157    64   172 0.78 -
ptg000244l:4711406-4712472 -            313 104406at33392        -            222    0.0072   16.1   1.3   2   2     2e-06    0.0072   16.1   1.3   119   208   209   301   202   308 0.79 -
#
# Program:         hmmsearch
# Version:         3.2.1 (June 2018)
# Pipeline mode:   SEARCH
# Query file:      /home/tpsylvst/projects/diaprepes_assembly/busco/busco_downloads/lineages/endopterygota_odb10/hmms/104406at33392.hmm
# Target file:     /home/tpsylvst/projects/diaprepes_assembly/busco/diaprepes_busco/run_endopterygota_odb10/metaeuk_output/initial_results/diaprepes.fa.modified.fas
# Option settings: hmmsearch --domtblout /home/tpsylvst/projects/diaprepes_assembly/busco/diaprepes_busco/run_endopterygota_odb10/hmmer_output/initial_run_results/104406at33392.out --cpu 1 /home/tpsylvst/projects/diaprepes_assembly/busco/busco_downloads/lineages/endopterygota_odb10/hmms/104406at33392.hmm /home/tpsylvst/projects/diaprepes_assembly/busco/diaprepes_busco/run_endopterygota_odb10/metaeuk_output/initial_results/diaprepes.fa.modified.fas 
# Current dir:     /home/tpsylvst/projects/diaprepes_assembly/busco
# Date:            Mon Nov 28 14:22:53 2022
# [ok]
