#                                                                                  --- full sequence --- -------------- this domain -------------   hmm coord   ali coord   env coord
# target name              accession   tlen query name           accession   qlen   E-value  score  bias   #  of  c-Evalue  i-Evalue  score  bias  from    to  from    to  from    to  acc description of target
#      ------------------- ---------- ----- -------------------- ---------- ----- --------- ------ ----- --- --- --------- --------- ------ ----- ----- ----- ----- ----- ----- ----- ---- ---------------------
ptg000083l:5169660-5202915 -           1575 10925at33392         -            342     7e-94  314.9 105.8   1   8   1.9e-14   3.5e-10   39.7  16.3     2    80   198   304   197   314 0.71 -
ptg000083l:5169660-5202915 -           1575 10925at33392         -            342     7e-94  314.9 105.8   2   8   2.7e-39   5.1e-35  121.4  33.7    58   182   330   502   304   524 0.75 -
ptg000083l:5169660-5202915 -           1575 10925at33392         -            342     7e-94  314.9 105.8   3   8   7.9e-19   1.5e-14   54.1   3.6   182   249   525   606   510   624 0.74 -
ptg000083l:5169660-5202915 -           1575 10925at33392         -            342     7e-94  314.9 105.8   4   8   2.7e-25     5e-21   75.4   2.0   219   279   648   708   635   755 0.71 -
ptg000083l:5169660-5202915 -           1575 10925at33392         -            342     7e-94  314.9 105.8   5   8    0.0011        21    4.3   0.4   269   293   841   865   832   886 0.79 -
ptg000083l:5169660-5202915 -           1575 10925at33392         -            342     7e-94  314.9 105.8   6   8   8.3e-17   1.5e-12   47.4   0.1   277   341   891   959   872   960 0.79 -
ptg000083l:5169660-5202915 -           1575 10925at33392         -            342     7e-94  314.9 105.8   7   8      0.27   5.1e+03   -3.6   0.5    60   103  1350  1394  1341  1426 0.66 -
ptg000083l:5169660-5202915 -           1575 10925at33392         -            342     7e-94  314.9 105.8   8   8         1   1.9e+04   -8.2   6.3    95   160  1494  1523  1461  1549 0.44 -
#
# Program:         hmmsearch
# Version:         3.2.1 (June 2018)
# Pipeline mode:   SEARCH
# Query file:      /home/tpsylvst/projects/diaprepes_assembly/busco/busco_downloads/lineages/endopterygota_odb10/hmms/10925at33392.hmm
# Target file:     /home/tpsylvst/projects/diaprepes_assembly/busco/diaprepes_busco/run_endopterygota_odb10/metaeuk_output/initial_results/diaprepes.fa.modified.fas
# Option settings: hmmsearch --domtblout /home/tpsylvst/projects/diaprepes_assembly/busco/diaprepes_busco/run_endopterygota_odb10/hmmer_output/initial_run_results/10925at33392.out --cpu 1 /home/tpsylvst/projects/diaprepes_assembly/busco/busco_downloads/lineages/endopterygota_odb10/hmms/10925at33392.hmm /home/tpsylvst/projects/diaprepes_assembly/busco/diaprepes_busco/run_endopterygota_odb10/metaeuk_output/initial_results/diaprepes.fa.modified.fas 
# Current dir:     /home/tpsylvst/projects/diaprepes_assembly/busco
# Date:            Mon Nov 28 14:22:46 2022
# [ok]
