#                                                                                  --- full sequence --- -------------- this domain -------------   hmm coord   ali coord   env coord
# target name              accession   tlen query name           accession   qlen   E-value  score  bias   #  of  c-Evalue  i-Evalue  score  bias  from    to  from    to  from    to  acc description of target
#      ------------------- ---------- ----- -------------------- ---------- ----- --------- ------ ----- --- --- --------- --------- ------ ----- ----- ----- ----- ----- ----- ----- ---- ---------------------
ptg000456l:408603-422257   -            742 10976at33392         -            602         0 1221.8   6.2   1   3   2.4e-91   1.5e-87  294.4   0.0     5   146    21   168    18   178 0.96 -
ptg000456l:408603-422257   -            742 10976at33392         -            602         0 1221.8   6.2   2   3  1.7e-280  1.1e-276  919.0   2.3   148   582   223   684   197   692 0.93 -
ptg000456l:408603-422257   -            742 10976at33392         -            602         0 1221.8   6.2   3   3   0.00012      0.74    8.0   0.0   581   599   711   729   704   738 0.78 -
ptg000632l:341438-351382   -            709 10976at33392         -            602         0 1073.2   9.7   1   4   2.6e-91   1.6e-87  294.2   0.1     5   146    21   168    18   173 0.97 -
ptg000632l:341438-351382   -            709 10976at33392         -            602         0 1073.2   9.7   2   4     6e-48   3.7e-44  151.0   0.0   148   237   226   319   203   330 0.89 -
ptg000632l:341438-351382   -            709 10976at33392         -            602         0 1073.2   9.7   3   4  1.6e-190  9.9e-187  621.9   2.1   284   582   330   651   328   659 0.92 -
ptg000632l:341438-351382   -            709 10976at33392         -            602         0 1073.2   9.7   4   4   0.00011      0.71    8.1   0.0   581   599   678   696   671   705 0.78 -
ptg000045l:7578650-7578979 -            110 10976at33392         -            602      0.14   10.4   0.1   1   1   2.5e-05      0.16   10.3   0.1   101   150    39    92    18    96 0.82 -
#
# Program:         hmmsearch
# Version:         3.2.1 (June 2018)
# Pipeline mode:   SEARCH
# Query file:      /home/tpsylvst/projects/diaprepes_assembly/busco/busco_downloads/lineages/endopterygota_odb10/hmms/10976at33392.hmm
# Target file:     /home/tpsylvst/projects/diaprepes_assembly/busco/diaprepes_busco/run_endopterygota_odb10/metaeuk_output/initial_results/diaprepes.fa.modified.fas
# Option settings: hmmsearch --domtblout /home/tpsylvst/projects/diaprepes_assembly/busco/diaprepes_busco/run_endopterygota_odb10/hmmer_output/initial_run_results/10976at33392.out --cpu 1 /home/tpsylvst/projects/diaprepes_assembly/busco/busco_downloads/lineages/endopterygota_odb10/hmms/10976at33392.hmm /home/tpsylvst/projects/diaprepes_assembly/busco/diaprepes_busco/run_endopterygota_odb10/metaeuk_output/initial_results/diaprepes.fa.modified.fas 
# Current dir:     /home/tpsylvst/projects/diaprepes_assembly/busco
# Date:            Mon Nov 28 14:22:48 2022
# [ok]
