#                                                                                  --- full sequence --- -------------- this domain -------------   hmm coord   ali coord   env coord
# target name              accession   tlen query name           accession   qlen   E-value  score  bias   #  of  c-Evalue  i-Evalue  score  bias  from    to  from    to  from    to  acc description of target
#      ------------------- ---------- ----- -------------------- ---------- ----- --------- ------ ----- --- --- --------- --------- ------ ----- ----- ----- ----- ----- ----- ----- ---- ---------------------
ptg000035l:8335209-8533040 -            917 11006at33392         -            662         0 1154.3  15.0   1   3    0.0031        19    3.3   4.6     1    51    36    87    36    96 0.83 -
ptg000035l:8335209-8533040 -            917 11006at33392         -            662         0 1154.3  15.0   2   3  3.9e-248  2.4e-244  812.5   0.1     1   478    97   659    97   664 0.90 -
ptg000035l:8335209-8533040 -            917 11006at33392         -            662         0 1154.3  15.0   3   3  1.6e-106    1e-102  344.6   0.3   470   660   686   879   679   886 0.95 -
ptg000160l:969567-975143   -            239 11006at33392         -            662   8.7e-56  189.5   4.5   1   3   2.7e-38   1.7e-34  119.1   0.6   334   465     1   124     1   125 0.95 -
ptg000160l:969567-975143   -            239 11006at33392         -            662   8.7e-56  189.5   4.5   2   3   5.1e-13   3.1e-09   35.6   0.0   481   543   116   179   114   180 0.87 -
ptg000160l:969567-975143   -            239 11006at33392         -            662   8.7e-56  189.5   4.5   3   3   2.4e-15   1.5e-11   43.3   0.0   583   644   177   239   176   239 0.93 -
ptg000199l:2460188-2515252 -             80 11006at33392         -            662      0.11   10.8   2.8   1   1   1.7e-05       0.1   10.8   2.8    13    67     2    56     1    75 0.86 -
#
# Program:         hmmsearch
# Version:         3.2.1 (June 2018)
# Pipeline mode:   SEARCH
# Query file:      /home/tpsylvst/projects/diaprepes_assembly/busco/busco_downloads/lineages/endopterygota_odb10/hmms/11006at33392.hmm
# Target file:     /home/tpsylvst/projects/diaprepes_assembly/busco/diaprepes_busco/run_endopterygota_odb10/metaeuk_output/initial_results/diaprepes.fa.modified.fas
# Option settings: hmmsearch --domtblout /home/tpsylvst/projects/diaprepes_assembly/busco/diaprepes_busco/run_endopterygota_odb10/hmmer_output/initial_run_results/11006at33392.out --cpu 1 /home/tpsylvst/projects/diaprepes_assembly/busco/busco_downloads/lineages/endopterygota_odb10/hmms/11006at33392.hmm /home/tpsylvst/projects/diaprepes_assembly/busco/diaprepes_busco/run_endopterygota_odb10/metaeuk_output/initial_results/diaprepes.fa.modified.fas 
# Current dir:     /home/tpsylvst/projects/diaprepes_assembly/busco
# Date:            Mon Nov 28 14:22:49 2022
# [ok]
