#                                                                                  --- full sequence --- -------------- this domain -------------   hmm coord   ali coord   env coord
# target name              accession   tlen query name           accession   qlen   E-value  score  bias   #  of  c-Evalue  i-Evalue  score  bias  from    to  from    to  from    to  acc description of target
#      ------------------- ---------- ----- -------------------- ---------- ----- --------- ------ ----- --- --- --------- --------- ------ ----- ----- ----- ----- ----- ----- ----- ---- ---------------------
ptg000207l:1248291-1257984 -            258 110946at33392        -            171   8.5e-44  149.0  13.2   1   3   1.2e-07   0.00074   19.0   0.2     1    37    11    50    11    56 0.83 -
ptg000207l:1248291-1257984 -            258 110946at33392        -            171   8.5e-44  149.0  13.2   2   3   6.8e-37   4.2e-33  114.2   5.4    23   149    63   216    49   221 0.82 -
ptg000207l:1248291-1257984 -            258 110946at33392        -            171   8.5e-44  149.0  13.2   3   3   3.4e-07    0.0021   17.5   0.1   148   170   230   254   225   255 0.83 -
ptg000031l:186848-187906   -            353 110946at33392        -            171    0.0044   16.5   0.2   1   2   2.3e-06     0.014   14.8   0.0    45   116    45   113    25   120 0.87 -
ptg000031l:186848-187906   -            353 110946at33392        -            171    0.0044   16.5   0.2   2   2      0.24   1.5e+03   -1.5   0.1   126   143   182   199   154   224 0.66 -
ptg000409l:347318-348391   -            358 110946at33392        -            171    0.0064   16.0   0.1   1   2   2.9e-06     0.018   14.5   0.0    43   116    43   113    18   119 0.87 -
ptg000409l:347318-348391   -            358 110946at33392        -            171    0.0064   16.0   0.1   2   2      0.41   2.5e+03   -2.3   0.1   128   139   184   195   157   212 0.63 -
#
# Program:         hmmsearch
# Version:         3.2.1 (June 2018)
# Pipeline mode:   SEARCH
# Query file:      /home/tpsylvst/projects/diaprepes_assembly/busco/busco_downloads/lineages/endopterygota_odb10/hmms/110946at33392.hmm
# Target file:     /home/tpsylvst/projects/diaprepes_assembly/busco/diaprepes_busco/run_endopterygota_odb10/metaeuk_output/initial_results/diaprepes.fa.modified.fas
# Option settings: hmmsearch --domtblout /home/tpsylvst/projects/diaprepes_assembly/busco/diaprepes_busco/run_endopterygota_odb10/hmmer_output/initial_run_results/110946at33392.out --cpu 1 /home/tpsylvst/projects/diaprepes_assembly/busco/busco_downloads/lineages/endopterygota_odb10/hmms/110946at33392.hmm /home/tpsylvst/projects/diaprepes_assembly/busco/diaprepes_busco/run_endopterygota_odb10/metaeuk_output/initial_results/diaprepes.fa.modified.fas 
# Current dir:     /home/tpsylvst/projects/diaprepes_assembly/busco
# Date:            Mon Nov 28 14:22:47 2022
# [ok]
