#                                                                                    --- full sequence --- -------------- this domain -------------   hmm coord   ali coord   env coord
# target name                accession   tlen query name           accession   qlen   E-value  score  bias   #  of  c-Evalue  i-Evalue  score  bias  from    to  from    to  from    to  acc description of target
#        ------------------- ---------- ----- -------------------- ---------- ----- --------- ------ ----- --- --- --------- --------- ------ ----- ----- ----- ----- ----- ----- ----- ---- ---------------------
ptg000265l:16444989-16445863 -            225 113834at33392        -            138   6.9e-50  168.4  15.5   1   3      0.59   2.2e+03   -1.6   0.1     1    12    16    27    16    31 0.86 -
ptg000265l:16444989-16445863 -            225 113834at33392        -            138   6.9e-50  168.4  15.5   2   3    0.0018       6.7    6.5   0.1     7    23    49    65    45    70 0.89 -
ptg000265l:16444989-16445863 -            225 113834at33392        -            138   6.9e-50  168.4  15.5   3   3   3.4e-50   1.2e-46  157.9   7.8    23   138    83   222    80   222 0.85 -
ptg000080l:30702027-30812070 -            881 113834at33392        -            138   3.2e-06   27.0   3.9   1   1   2.8e-09     1e-05   25.3   3.9    71   128   763   817   740   830 0.81 -
ptg000369l:5547246-5611469   -            303 113834at33392        -            138   1.2e-05   25.1   6.5   1   1   5.3e-09     2e-05   24.4   6.5    72   128   246   302   236   303 0.90 -
ptg000420l:2957691-2958674   -            328 113834at33392        -            138       0.4   10.5   6.6   1   1   0.00027      0.98    9.2   6.6    68   118   230   284   219   298 0.76 -
ptg000534l:740331-741314     -            328 113834at33392        -            138       0.4   10.5   6.6   1   1   0.00027      0.98    9.2   6.6    68   118   230   284   219   298 0.76 -
#
# Program:         hmmsearch
# Version:         3.2.1 (June 2018)
# Pipeline mode:   SEARCH
# Query file:      /home/tpsylvst/projects/diaprepes_assembly/busco/busco_downloads/lineages/endopterygota_odb10/hmms/113834at33392.hmm
# Target file:     /home/tpsylvst/projects/diaprepes_assembly/busco/diaprepes_busco/run_endopterygota_odb10/metaeuk_output/initial_results/diaprepes.fa.modified.fas
# Option settings: hmmsearch --domtblout /home/tpsylvst/projects/diaprepes_assembly/busco/diaprepes_busco/run_endopterygota_odb10/hmmer_output/initial_run_results/113834at33392.out --cpu 1 /home/tpsylvst/projects/diaprepes_assembly/busco/busco_downloads/lineages/endopterygota_odb10/hmms/113834at33392.hmm /home/tpsylvst/projects/diaprepes_assembly/busco/diaprepes_busco/run_endopterygota_odb10/metaeuk_output/initial_results/diaprepes.fa.modified.fas 
# Current dir:     /home/tpsylvst/projects/diaprepes_assembly/busco
# Date:            Mon Nov 28 14:22:48 2022
# [ok]
