#                                                                                  --- full sequence --- -------------- this domain -------------   hmm coord   ali coord   env coord
# target name              accession   tlen query name           accession   qlen   E-value  score  bias   #  of  c-Evalue  i-Evalue  score  bias  from    to  from    to  from    to  acc description of target
#      ------------------- ---------- ----- -------------------- ---------- ----- --------- ------ ----- --- --- --------- --------- ------ ----- ----- ----- ----- ----- ----- ----- ---- ---------------------
ptg000193l:1426793-1439717 -            203 114441at33392        -            149   7.1e-74  246.8  14.5   1   2    0.0011       3.3    7.7   2.7     1    76     4    77     4    78 0.83 -
ptg000193l:1426793-1439717 -            203 114441at33392        -            149   7.1e-74  246.8  14.5   2   2     3e-77   9.2e-74  246.4   6.3    19   149    70   203    66   203 0.96 -
ptg000453l:6830131-6870760 -            157 114441at33392        -            149     5e-24   85.0   0.1   1   1     2e-27   6.1e-24   84.7   0.1    55   149    36   132    19   132 0.89 -
ptg000323l:476229-508886   -            157 114441at33392        -            149     8e-24   84.3   0.2   1   1   3.2e-27     1e-23   84.0   0.2    56   149    37   132    20   132 0.89 -
ptg000035l:5738934-5739404 -            157 114441at33392        -            149   5.5e-19   68.6   1.4   1   1   2.5e-22   7.6e-19   68.2   1.4    57   146    61   151    51   153 0.93 -
ptg000601l:52171-52332     -             54 114441at33392        -            149   9.8e-09   35.4   1.4   1   1   3.3e-12     1e-08   35.3   1.4    85   136     3    54     1    54 0.95 -
ptg000671l:675400-675543   -             48 114441at33392        -            149   5.9e-07   29.6   1.6   1   1     2e-10   6.2e-07   29.5   1.6    88   134     2    48     1    48 0.96 -
#
# Program:         hmmsearch
# Version:         3.2.1 (June 2018)
# Pipeline mode:   SEARCH
# Query file:      /home/tpsylvst/projects/diaprepes_assembly/busco/busco_downloads/lineages/endopterygota_odb10/hmms/114441at33392.hmm
# Target file:     /home/tpsylvst/projects/diaprepes_assembly/busco/diaprepes_busco/run_endopterygota_odb10/metaeuk_output/initial_results/diaprepes.fa.modified.fas
# Option settings: hmmsearch --domtblout /home/tpsylvst/projects/diaprepes_assembly/busco/diaprepes_busco/run_endopterygota_odb10/hmmer_output/initial_run_results/114441at33392.out --cpu 1 /home/tpsylvst/projects/diaprepes_assembly/busco/busco_downloads/lineages/endopterygota_odb10/hmms/114441at33392.hmm /home/tpsylvst/projects/diaprepes_assembly/busco/diaprepes_busco/run_endopterygota_odb10/metaeuk_output/initial_results/diaprepes.fa.modified.fas 
# Current dir:     /home/tpsylvst/projects/diaprepes_assembly/busco
# Date:            Mon Nov 28 14:22:52 2022
# [ok]
