#                                                                                    --- full sequence --- -------------- this domain -------------   hmm coord   ali coord   env coord
# target name                accession   tlen query name           accession   qlen   E-value  score  bias   #  of  c-Evalue  i-Evalue  score  bias  from    to  from    to  from    to  acc description of target
#        ------------------- ---------- ----- -------------------- ---------- ----- --------- ------ ----- --- --- --------- --------- ------ ----- ----- ----- ----- ----- ----- ----- ---- ---------------------
ptg000122l:44057306-44058169 -            288 115508at33392        -            193   2.2e-78  262.3   9.8   1   2   1.9e-81     7e-78  260.7   7.7     4   185    30   235    27   242 0.88 -
ptg000122l:44057306-44058169 -            288 115508at33392        -            193   2.2e-78  262.3   9.8   2   2     0.071   2.6e+02    1.1   0.0   178   192   263   279   260   280 0.82 -
ptg000122l:44600139-44600717 -            193 115508at33392        -            193   6.3e-23   81.4   1.0   1   1   7.2e-25   2.7e-21   76.1   1.0    12   185     5   190     1   192 0.80 -
ptg000122l:44581996-44582730 -            245 115508at33392        -            193   1.2e-17   64.1   1.8   1   2   7.6e-06     0.028   14.1   0.0     9    71    10    71     3    79 0.82 -
ptg000122l:44581996-44582730 -            245 115508at33392        -            193   1.2e-17   64.1   1.8   2   2   1.4e-16     5e-13   49.1   0.5    59   189    79   213    75   217 0.83 -
ptg000122l:44567805-44568524 -            240 115508at33392        -            193   7.1e-17   61.7   1.3   1   3   4.7e-05      0.18   11.5   0.0    23    70     5    51     2    59 0.82 -
ptg000122l:44567805-44568524 -            240 115508at33392        -            193   7.1e-17   61.7   1.3   2   3   0.00043       1.6    8.3   0.0    59    87    60    88    56    96 0.87 -
ptg000122l:44567805-44568524 -            240 115508at33392        -            193   7.1e-17   61.7   1.3   3   3     2e-13   7.5e-10   38.8   1.1   115   189   131   207   118   211 0.89 -
ptg000122l:45103424-45106613 -            257 115508at33392        -            193   7.7e-08   32.2   7.1   1   1   1.4e-10   5.1e-07   29.5   7.2    24   155    39   163    20   175 0.76 -
#
# Program:         hmmsearch
# Version:         3.2.1 (June 2018)
# Pipeline mode:   SEARCH
# Query file:      /home/tpsylvst/projects/diaprepes_assembly/busco/busco_downloads/lineages/endopterygota_odb10/hmms/115508at33392.hmm
# Target file:     /home/tpsylvst/projects/diaprepes_assembly/busco/diaprepes_busco/run_endopterygota_odb10/metaeuk_output/initial_results/diaprepes.fa.modified.fas
# Option settings: hmmsearch --domtblout /home/tpsylvst/projects/diaprepes_assembly/busco/diaprepes_busco/run_endopterygota_odb10/hmmer_output/initial_run_results/115508at33392.out --cpu 1 /home/tpsylvst/projects/diaprepes_assembly/busco/busco_downloads/lineages/endopterygota_odb10/hmms/115508at33392.hmm /home/tpsylvst/projects/diaprepes_assembly/busco/diaprepes_busco/run_endopterygota_odb10/metaeuk_output/initial_results/diaprepes.fa.modified.fas 
# Current dir:     /home/tpsylvst/projects/diaprepes_assembly/busco
# Date:            Mon Nov 28 14:22:49 2022
# [ok]
