#                                                                                    --- full sequence --- -------------- this domain -------------   hmm coord   ali coord   env coord
# target name                accession   tlen query name           accession   qlen   E-value  score  bias   #  of  c-Evalue  i-Evalue  score  bias  from    to  from    to  from    to  acc description of target
#        ------------------- ---------- ----- -------------------- ---------- ----- --------- ------ ----- --- --- --------- --------- ------ ----- ----- ----- ----- ----- ----- ----- ---- ---------------------
ptg000080l:27090806-27117487 -           2316 1224at33392          -           1567         0 1455.8  52.8   1   3   1.4e-27   8.6e-24   82.5   0.1     8   119   292   425   286   431 0.84 -
ptg000080l:27090806-27117487 -           2316 1224at33392          -           1567         0 1455.8  52.8   2   3         0         0 1336.2  47.5    98  1480   430  2155   425  2165 0.83 -
ptg000080l:27090806-27117487 -           2316 1224at33392          -           1567         0 1455.8  52.8   3   3   3.3e-13     2e-09   34.9   0.0  1476  1567  2177  2316  2168  2316 0.71 -
ptg000256l:3805124-3849456   -           1265 1224at33392          -           1567    0.0028   14.6   0.0   1   2     0.095   5.9e+02   -3.1   0.0   463   510   971  1018   953  1043 0.65 -
ptg000256l:3805124-3849456   -           1265 1224at33392          -           1567    0.0028   14.6   0.0   2   2   1.2e-06    0.0073   13.2   0.0    32    90  1062  1122  1053  1125 0.87 -
ptg000215l:3138933-3181654   -           1215 1224at33392          -           1567    0.0039   14.1   0.8   1   3      0.18   1.1e+03   -4.0   0.3    81   114   648   683   617   684 0.78 -
ptg000215l:3138933-3181654   -           1215 1224at33392          -           1567    0.0039   14.1   0.8   2   3     0.091   5.6e+02   -3.0   0.0   463   510   921   968   903   993 0.65 -
ptg000215l:3138933-3181654   -           1215 1224at33392          -           1567    0.0039   14.1   0.8   3   3   1.1e-06     0.007   13.2   0.0    32    90  1012  1072  1003  1075 0.87 -
#
# Program:         hmmsearch
# Version:         3.2.1 (June 2018)
# Pipeline mode:   SEARCH
# Query file:      /home/tpsylvst/projects/diaprepes_assembly/busco/busco_downloads/lineages/endopterygota_odb10/hmms/1224at33392.hmm
# Target file:     /home/tpsylvst/projects/diaprepes_assembly/busco/diaprepes_busco/run_endopterygota_odb10/metaeuk_output/initial_results/diaprepes.fa.modified.fas
# Option settings: hmmsearch --domtblout /home/tpsylvst/projects/diaprepes_assembly/busco/diaprepes_busco/run_endopterygota_odb10/hmmer_output/initial_run_results/1224at33392.out --cpu 1 /home/tpsylvst/projects/diaprepes_assembly/busco/busco_downloads/lineages/endopterygota_odb10/hmms/1224at33392.hmm /home/tpsylvst/projects/diaprepes_assembly/busco/diaprepes_busco/run_endopterygota_odb10/metaeuk_output/initial_results/diaprepes.fa.modified.fas 
# Current dir:     /home/tpsylvst/projects/diaprepes_assembly/busco
# Date:            Mon Nov 28 14:22:51 2022
# [ok]
