#                                                                                --- full sequence --- -------------- this domain -------------   hmm coord   ali coord   env coord
# target name            accession   tlen query name           accession   qlen   E-value  score  bias   #  of  c-Evalue  i-Evalue  score  bias  from    to  from    to  from    to  acc description of target
#    ------------------- ---------- ----- -------------------- ---------- ----- --------- ------ ----- --- --- --------- --------- ------ ----- ----- ----- ----- ----- ----- ----- ---- ---------------------
ptg000287l:102936-105988 -            882 12694at33392         -            639    8e-249  827.3  10.4   1   5  1.1e-187  6.6e-184  612.8   0.0     1   373     1   382     1   390 0.97 -
ptg000287l:102936-105988 -            882 12694at33392         -            639    8e-249  827.3  10.4   2   5   2.5e-10   1.5e-06   26.9   0.0   356   394   415   453   407   482 0.87 -
ptg000287l:102936-105988 -            882 12694at33392         -            639    8e-249  827.3  10.4   3   5   1.1e-17   6.7e-14   51.2   1.4   399   484   513   616   503   641 0.73 -
ptg000287l:102936-105988 -            882 12694at33392         -            639    8e-249  827.3  10.4   4   5   1.1e-05     0.067   11.5   0.0   498   534   670   709   647   718 0.73 -
ptg000287l:102936-105988 -            882 12694at33392         -            639    8e-249  827.3  10.4   5   5   2.2e-39   1.4e-35  122.8   0.3   518   620   723   842   710   881 0.84 -
ptg000492l:817211-820252 -            907 12694at33392         -            639  1.3e-239  796.9  26.3   1   6   5.3e-39   3.3e-35  121.6   2.3     1    71     1    72     1    75 0.96 -
ptg000492l:817211-820252 -            907 12694at33392         -            639  1.3e-239  796.9  26.3   2   6  5.1e-145  3.2e-141  471.8   1.1    66   373    92   406    87   414 0.95 -
ptg000492l:817211-820252 -            907 12694at33392         -            639  1.3e-239  796.9  26.3   3   6   2.6e-10   1.6e-06   26.8   0.0   356   394   439   477   431   506 0.87 -
ptg000492l:817211-820252 -            907 12694at33392         -            639  1.3e-239  796.9  26.3   4   6   1.2e-17   7.5e-14   51.0   1.5   399   484   537   640   527   662 0.73 -
ptg000492l:817211-820252 -            907 12694at33392         -            639  1.3e-239  796.9  26.3   5   6   6.8e-06     0.042   12.2   0.2   491   534   690   733   609   742 0.63 -
ptg000492l:817211-820252 -            907 12694at33392         -            639  1.3e-239  796.9  26.3   6   6   2.6e-39   1.6e-35  122.6   0.4   518   620   747   866   736   905 0.84 -
ptg000276l:959992-962214 -            741 12694at33392         -            639   1.2e-07   30.6   5.8   1   2   1.9e-11   1.2e-07   30.6   5.8   154   349    12   210     6   233 0.80 -
ptg000276l:959992-962214 -            741 12694at33392         -            639   1.2e-07   30.6   5.8   2   2      0.31   1.9e+03   -3.2   0.0   588   626   347   385   324   388 0.85 -
#
# Program:         hmmsearch
# Version:         3.2.1 (June 2018)
# Pipeline mode:   SEARCH
# Query file:      /home/tpsylvst/projects/diaprepes_assembly/busco/busco_downloads/lineages/endopterygota_odb10/hmms/12694at33392.hmm
# Target file:     /home/tpsylvst/projects/diaprepes_assembly/busco/diaprepes_busco/run_endopterygota_odb10/metaeuk_output/initial_results/diaprepes.fa.modified.fas
# Option settings: hmmsearch --domtblout /home/tpsylvst/projects/diaprepes_assembly/busco/diaprepes_busco/run_endopterygota_odb10/hmmer_output/initial_run_results/12694at33392.out --cpu 1 /home/tpsylvst/projects/diaprepes_assembly/busco/busco_downloads/lineages/endopterygota_odb10/hmms/12694at33392.hmm /home/tpsylvst/projects/diaprepes_assembly/busco/diaprepes_busco/run_endopterygota_odb10/metaeuk_output/initial_results/diaprepes.fa.modified.fas 
# Current dir:     /home/tpsylvst/projects/diaprepes_assembly/busco
# Date:            Mon Nov 28 14:22:47 2022
# [ok]
