#                                                                                    --- full sequence --- -------------- this domain -------------   hmm coord   ali coord   env coord
# target name                accession   tlen query name           accession   qlen   E-value  score  bias   #  of  c-Evalue  i-Evalue  score  bias  from    to  from    to  from    to  acc description of target
#        ------------------- ---------- ----- -------------------- ---------- ----- --------- ------ ----- --- --- --------- --------- ------ ----- ----- ----- ----- ----- ----- ----- ---- ---------------------
ptg000061l:5563607-5566924   -           1106 12843at33392         -            533  7.6e-263  873.1 164.9   1   9   5.5e-14   5.8e-12   45.1   1.9   143   237     1    95     1    97 0.96 -
ptg000061l:5563607-5566924   -           1106 12843at33392         -            533  7.6e-263  873.1 164.9   2   9   1.7e-21   1.8e-19   69.9   2.3   136   263    93   220    92   222 0.98 -
ptg000061l:5563607-5566924   -           1106 12843at33392         -            533  7.6e-263  873.1 164.9   3   9   1.6e-42   1.6e-40  139.3  14.2     6   264   192   452   191   455 0.94 -
ptg000061l:5563607-5566924   -           1106 12843at33392         -            533  7.6e-263  873.1 164.9   4   9   2.5e-41   2.6e-39  135.4  14.3     6   263   291   550   291   551 0.94 -
ptg000061l:5563607-5566924   -           1106 12843at33392         -            533  7.6e-263  873.1 164.9   5   9   2.5e-36   2.6e-34  118.8  14.6     6   235   456   687   455   689 0.93 -
ptg000061l:5563607-5566924   -           1106 12843at33392         -            533  7.6e-263  873.1 164.9   6   9   2.3e-36   2.4e-34  118.9  14.8     6   237   555   788   554   792 0.93 -
ptg000061l:5563607-5566924   -           1106 12843at33392         -            533  7.6e-263  873.1 164.9   7   9   7.6e-36     8e-34  117.3  12.9     6   233   687   916   685   916 0.93 -
ptg000061l:5563607-5566924   -           1106 12843at33392         -            533  7.6e-263  873.1 164.9   8   9   2.2e-40   2.3e-38  132.2  15.5     6   264   753  1013   752  1016 0.94 -
ptg000061l:5563607-5566924   -           1106 12843at33392         -            533  7.6e-263  873.1 164.9   9   9     8e-36   8.4e-34  117.2  11.1     6   224   885  1105   885  1106 0.93 -
ptg000149l:26946415-27000931 -           1507 12843at33392         -            533  1.5e-237  789.6  25.2   1   5      0.08       8.4    5.0   0.1   239   289    23    73    16    81 0.83 -
ptg000149l:26946415-27000931 -           1507 12843at33392         -            533  1.5e-237  789.6  25.2   2   5  6.7e-191    7e-189  629.0  11.6     1   373    85   472    85   499 0.90 -
ptg000149l:26946415-27000931 -           1507 12843at33392         -            533  1.5e-237  789.6  25.2   3   5       5.3   5.5e+02   -1.0   1.0   340   393   491   549   474   560 0.64 -
ptg000149l:26946415-27000931 -           1507 12843at33392         -            533  1.5e-237  789.6  25.2   4   5   1.7e-41   1.8e-39  135.9   4.1   366   498  1246  1419  1221  1426 0.78 -
ptg000149l:26946415-27000931 -           1507 12843at33392         -            533  1.5e-237  789.6  25.2   5   5   2.6e-15   2.7e-13   49.5   0.0   491   533  1443  1487  1431  1487 0.88 -
ptg000061l:4459765-4462827   -           1021 12843at33392         -            533  6.3e-194  645.6 100.3   1   7   2.1e-36   2.2e-34  119.1  10.1    12   300     2   294     1   295 0.91 -
ptg000061l:4459765-4462827   -           1021 12843at33392         -            533  6.3e-194  645.6 100.3   2   7   1.4e-35   1.5e-33  116.4  10.5     6   282    95   372    94   374 0.93 -
ptg000061l:4459765-4462827   -           1021 12843at33392         -            533  6.3e-194  645.6 100.3   3   7   3.3e-40   3.5e-38  131.6   6.8     7   280   195   469   194   470 0.92 -
ptg000061l:4459765-4462827   -           1021 12843at33392         -            533  6.3e-194  645.6 100.3   4   7     6e-42   6.3e-40  137.4  11.5     6   300   326   624   326   625 0.92 -
ptg000061l:4459765-4462827   -           1021 12843at33392         -            533  6.3e-194  645.6 100.3   5   7   1.2e-24   1.2e-22   80.4   4.9   145   301   533   691   531   695 0.94 -
ptg000061l:4459765-4462827   -           1021 12843at33392         -            533  6.3e-194  645.6 100.3   6   7   1.4e-19   1.5e-17   63.6   1.3   178   303   698   825   694   829 0.91 -
ptg000061l:4459765-4462827   -           1021 12843at33392         -            533  6.3e-194  645.6 100.3   7   7     1e-26   1.1e-24   87.1   8.1     6   202   821  1019   820  1021 0.92 -
ptg000061l:4488833-4491790   -            986 12843at33392         -            533  7.7e-182  605.7  77.4   1   6   1.5e-12   1.6e-10   40.4   0.0    13    87     3    77     1    79 0.97 -
ptg000061l:4488833-4491790   -            986 12843at33392         -            533  7.7e-182  605.7  77.4   2   6   4.7e-43   4.9e-41  141.0  15.4     6   305    62   365    62   367 0.91 -
ptg000061l:4488833-4491790   -            986 12843at33392         -            533  7.7e-182  605.7  77.4   3   6   8.5e-43   8.9e-41  140.2  13.4     6   302   128   428   126   428 0.92 -
ptg000061l:4488833-4491790   -            986 12843at33392         -            533  7.7e-182  605.7  77.4   4   6     1e-26   1.1e-24   87.1   3.3   140   333   363   554   361   556 0.93 -
ptg000061l:4488833-4491790   -            986 12843at33392         -            533  7.7e-182  605.7  77.4   5   6     2e-34   2.1e-32  112.6   8.4    24   301   509   790   509   794 0.91 -
ptg000061l:4488833-4491790   -            986 12843at33392         -            533  7.7e-182  605.7  77.4   6   6   4.4e-47   4.6e-45  154.3   2.3     6   329   656   979   656   985 0.91 -
ptg000061l:5583157-5585607   -            817 12843at33392         -            533  1.6e-171  571.7  72.1   1   6   2.1e-17   2.2e-15   56.4   2.1   147   299     2   155     1   157 0.73 -
ptg000061l:5583157-5585607   -            817 12843at33392         -            533  1.6e-171  571.7  72.1   2   6   1.4e-43   1.5e-41  142.7  13.3     6   262   155   413   152   414 0.94 -
ptg000061l:5583157-5585607   -            817 12843at33392         -            533  1.6e-171  571.7  72.1   3   6   1.2e-38   1.3e-36  126.5  11.9     6   241   254   491   254   492 0.93 -
ptg000061l:5583157-5585607   -            817 12843at33392         -            533  1.6e-171  571.7  72.1   4   6   1.1e-48   1.2e-46  159.6   9.5     6   299   353   650   353   651 0.92 -
ptg000061l:5583157-5585607   -            817 12843at33392         -            533  1.6e-171  571.7  72.1   5   6   9.1e-36   9.5e-34  117.0   0.7     7   208   552   755   551   756 0.92 -
ptg000061l:5583157-5585607   -            817 12843at33392         -            533  1.6e-171  571.7  72.1   6   6   8.3e-12   8.7e-10   37.9   0.1     6    72   749   815   747   817 0.96 -
ptg000061l:4519114-4521708   -            865 12843at33392         -            533  5.4e-158  527.0  67.8   1   7   3.2e-24   3.3e-22   78.9   2.3   135   303     4   173     2   178 0.92 -
ptg000061l:4519114-4521708   -            865 12843at33392         -            533  5.4e-158  527.0  67.8   2   7   5.1e-20   5.3e-18   65.0   2.8   152   300   152   302   150   307 0.83 -
ptg000061l:4519114-4521708   -            865 12843at33392         -            533  5.4e-158  527.0  67.8   3   7   6.9e-29   7.2e-27   94.3   1.4     8   206   303   503   301   503 0.89 -
ptg000061l:4519114-4521708   -            865 12843at33392         -            533  5.4e-158  527.0  67.8   4   7   5.9e-43   6.1e-41  140.7   5.8     6   284   367   646   367   647 0.92 -
ptg000061l:4519114-4521708   -            865 12843at33392         -            533  5.4e-158  527.0  67.8   5   7   4.4e-46   4.6e-44  151.0  11.8     6   302   499   799   499   799 0.92 -
ptg000061l:4519114-4521708   -            865 12843at33392         -            533  5.4e-158  527.0  67.8   6   7   1.3e-14   1.4e-12   47.2   0.8     5    89   729   813   725   819 0.96 -
ptg000061l:4519114-4521708   -            865 12843at33392         -            533  5.4e-158  527.0  67.8   7   7   1.4e-10   1.5e-08   33.9   0.2    24   226   781   853   781   865 0.65 -
ptg000061l:5617879-5620887   -           1003 12843at33392         -            533    4e-153  511.0  78.2   1   6   5.6e-09   5.8e-07   28.6   0.1    27    95     2    69     1    76 0.86 -
ptg000061l:5617879-5620887   -           1003 12843at33392         -            533    4e-153  511.0  78.2   2   6   1.4e-28   1.5e-26   93.2   4.2     7   202    48   245    47   246 0.89 -
ptg000061l:5617879-5620887   -           1003 12843at33392         -            533    4e-153  511.0  78.2   3   6     2e-31     2e-29  102.7  11.1     6   238   146   380   143   382 0.91 -
ptg000061l:5617879-5620887   -           1003 12843at33392         -            533    4e-153  511.0  78.2   4   6   2.3e-42   2.4e-40  138.8  13.7     7   301   345   643   344   645 0.91 -
ptg000061l:5617879-5620887   -           1003 12843at33392         -            533    4e-153  511.0  78.2   5   6   4.9e-35   5.2e-33  114.6   7.0     6   236   641   873   641   875 0.92 -
ptg000061l:5617879-5620887   -           1003 12843at33392         -            533    4e-153  511.0  78.2   6   6   8.5e-32   8.9e-30  103.9   6.8     7   233   774  1002   773  1003 0.90 -
ptg000244l:4895508-4898426   -            973 12843at33392         -            533  1.5e-148  495.9  67.9   1   6   1.1e-07   1.2e-05   24.3   0.4    27    88     2    63     1    64 0.95 -
ptg000244l:4895508-4898426   -            973 12843at33392         -            533  1.5e-148  495.9  67.9   2   6     2e-21   2.1e-19   69.7   8.4   145   301    56   214    53   215 0.94 -
ptg000244l:4895508-4898426   -            973 12843at33392         -            533  1.5e-148  495.9  67.9   3   6   4.3e-43   4.5e-41  141.2  12.3     6   301   146   445   146   449 0.92 -
ptg000244l:4895508-4898426   -            973 12843at33392         -            533  1.5e-148  495.9  67.9   4   6   1.2e-33   1.3e-31  110.0   2.4     6   237   443   676   443   680 0.90 -
ptg000244l:4895508-4898426   -            973 12843at33392         -            533  1.5e-148  495.9  67.9   5   6   9.2e-47   9.6e-45  153.3   7.8     6   302   542   842   538   848 0.92 -
ptg000244l:4895508-4898426   -            973 12843at33392         -            533  1.5e-148  495.9  67.9   6   6   3.9e-21     4e-19   68.7   0.6   145   267   848   970   842   973 0.93 -
ptg000061l:4569163-4572318   -           1052 12843at33392         -            533  2.4e-146  488.6  70.5   1   7   8.3e-17   8.7e-15   54.4   0.2   176   300     2   128     1   130 0.88 -
ptg000061l:4569163-4572318   -           1052 12843at33392         -            533  2.4e-146  488.6  70.5   2   7   1.3e-45   1.4e-43  149.5  12.1     7   302   128   427   127   428 0.92 -
ptg000061l:4569163-4572318   -           1052 12843at33392         -            533  2.4e-146  488.6  70.5   3   7   3.3e-16   3.5e-14   52.4   0.7     6   125   391   506   391   508 0.91 -
ptg000061l:4569163-4572318   -           1052 12843at33392         -            533  2.4e-146  488.6  70.5   4   7   8.5e-41   8.9e-39  133.6   6.5     6   300   490   787   486   789 0.92 -
ptg000061l:4569163-4572318   -           1052 12843at33392         -            533  2.4e-146  488.6  70.5   5   7   6.1e-24   6.4e-22   78.0   2.9   145   304   663   824   663   826 0.94 -
ptg000061l:4569163-4572318   -           1052 12843at33392         -            533  2.4e-146  488.6  70.5   6   7   5.9e-20   6.1e-18   64.8   3.2   138   297   722   883   720   884 0.89 -
ptg000061l:4569163-4572318   -           1052 12843at33392         -            533  2.4e-146  488.6  70.5   7   7   5.5e-13   5.8e-11   41.8   1.8   142   235   957  1050   956  1052 0.95 -
ptg000244l:4857732-4860992   -           1087 12843at33392         -            533  8.2e-143  476.9  66.2   1   6     4e-06   0.00042   19.2   0.0    13    73     3    63     1    68 0.94 -
ptg000244l:4857732-4860992   -           1087 12843at33392         -            533  8.2e-143  476.9  66.2   2   6   5.7e-14     6e-12   45.1   0.2   146   242    39   135    34   135 0.95 -
ptg000244l:4857732-4860992   -           1087 12843at33392         -            533  8.2e-143  476.9  66.2   3   6   1.2e-23   1.3e-21   77.0   0.9   173   302   132   263   130   267 0.94 -
ptg000244l:4857732-4860992   -           1087 12843at33392         -            533  8.2e-143  476.9  66.2   4   6     2e-40   2.1e-38  132.3  18.1     6   301   260   559   260   564 0.91 -
ptg000244l:4857732-4860992   -           1087 12843at33392         -            533  8.2e-143  476.9  66.2   5   6   1.1e-22   1.1e-20   73.9   6.9   145   301   632   790   630   795 0.94 -
ptg000244l:4857732-4860992   -           1087 12843at33392         -            533  8.2e-143  476.9  66.2   6   6   1.8e-41   1.9e-39  135.8   6.8     6   300   788  1086   788  1087 0.92 -
ptg000061l:4430013-4433183   -           1057 12843at33392         -            533    6e-142  474.1  55.3   1   7   6.1e-15   6.4e-13   48.3   0.2   139   247     3   110     1   110 0.90 -
ptg000061l:4430013-4433183   -           1057 12843at33392         -            533    6e-142  474.1  55.3   2   7   1.1e-22   1.2e-20   73.8   2.0   136   274    98   235    96   236 0.95 -
ptg000061l:4430013-4433183   -           1057 12843at33392         -            533    6e-142  474.1  55.3   3   7   3.3e-25   3.5e-23   82.1   3.2   145   305   206   368   206   370 0.95 -
ptg000061l:4430013-4433183   -           1057 12843at33392         -            533    6e-142  474.1  55.3   4   7   8.5e-25   8.9e-23   80.8   2.2   145   301   404   562   402   566 0.91 -
ptg000061l:4430013-4433183   -           1057 12843at33392         -            533    6e-142  474.1  55.3   5   7   3.1e-23   3.3e-21   75.6   2.1   145   301   569   727   563   728 0.95 -
ptg000061l:4430013-4433183   -           1057 12843at33392         -            533    6e-142  474.1  55.3   6   7   7.3e-26   7.7e-24   84.3   4.5   136   333   659   854   657   856 0.92 -
ptg000061l:4430013-4433183   -           1057 12843at33392         -            533    6e-142  474.1  55.3   7   7   3.1e-27   3.3e-25   88.8   2.9     6   203   857  1056   855  1057 0.90 -
ptg000061l:4623752-4626388   -            879 12843at33392         -            533  1.5e-140  469.5  71.0   1   7   1.2e-09   1.2e-07   30.8   0.1   121   200     2    88     1    94 0.85 -
ptg000061l:4623752-4626388   -            879 12843at33392         -            533  1.5e-140  469.5  71.0   2   7   1.3e-12   1.3e-10   40.6   0.4     6    87    97   178    92   191 0.92 -
ptg000061l:4623752-4626388   -            879 12843at33392         -            533  1.5e-140  469.5  71.0   3   7   7.3e-38   7.6e-36  123.9  11.6    15   300   139   428   139   430 0.91 -
ptg000061l:4623752-4626388   -            879 12843at33392         -            533  1.5e-140  469.5  71.0   4   7     6e-42   6.3e-40  137.4  15.1     6   301   229   528   227   528 0.92 -
ptg000061l:4623752-4626388   -            879 12843at33392         -            533  1.5e-140  469.5  71.0   5   7   8.1e-34   8.5e-32  110.6   8.7     6   236   493   725   490   727 0.91 -
ptg000061l:4623752-4626388   -            879 12843at33392         -            533  1.5e-140  469.5  71.0   6   7   1.6e-15   1.7e-13   50.2   0.1     6    87   724   805   723   806 0.97 -
ptg000061l:4623752-4626388   -            879 12843at33392         -            533  1.5e-140  469.5  71.0   7   7   3.6e-16   3.8e-14   52.3   0.2     6    88   790   872   789   876 0.97 -
ptg000279l:14022108-14024975 -            956 12843at33392         -            533  2.4e-138  462.2  49.3   1   5   3.9e-21     4e-19   68.7   1.1   176   333     3   158     1   159 0.84 -
ptg000279l:14022108-14024975 -            956 12843at33392         -            533  2.4e-138  462.2  49.3   2   5   7.8e-38   8.2e-36  123.8   5.0     6   263   161   420   160   423 0.94 -
ptg000279l:14022108-14024975 -            956 12843at33392         -            533  2.4e-138  462.2  49.3   3   5   4.1e-42   4.3e-40  137.9   3.7     6   301   260   559   260   565 0.91 -
ptg000279l:14022108-14024975 -            956 12843at33392         -            533  2.4e-138  462.2  49.3   4   5     6e-41   6.3e-39  134.1  10.3     6   284   524   803   521   804 0.92 -
ptg000279l:14022108-14024975 -            956 12843at33392         -            533  2.4e-138  462.2  49.3   5   5   7.7e-17   8.1e-15   54.5   0.4     6   113   788   891   785   892 0.89 -
ptg000061l:4677802-4680756   -            985 12843at33392         -            533  2.6e-129  432.4  79.6   1   9    0.0011      0.12   11.1   0.1    14    53     3    42     1    42 0.86 -
ptg000061l:4677802-4680756   -            985 12843at33392         -            533  2.6e-129  432.4  79.6   2   9   1.3e-23   1.4e-21   76.9   5.3   145   299    37   193    33   193 0.94 -
ptg000061l:4677802-4680756   -            985 12843at33392         -            533  2.6e-129  432.4  79.6   3   9   2.9e-16   3.1e-14   52.6   1.9     6   120   127   237   125   237 0.93 -
ptg000061l:4677802-4680756   -            985 12843at33392         -            533  2.6e-129  432.4  79.6   4   9   1.3e-25   1.3e-23   83.5   3.0   135   300   225   392   223   393 0.95 -
ptg000061l:4677802-4680756   -            985 12843at33392         -            533  2.6e-129  432.4  79.6   5   9     7e-21   7.4e-19   67.9   4.9   152   301   374   523   372   523 0.93 -
ptg000061l:4677802-4680756   -            985 12843at33392         -            533  2.6e-129  432.4  79.6   6   9   3.1e-22   3.2e-20   72.3   2.5   140   285   428   570   428   571 0.96 -
ptg000061l:4677802-4680756   -            985 12843at33392         -            533  2.6e-129  432.4  79.6   7   9   7.1e-14   7.5e-12   44.7   0.9     6    88   620   702   616   717 0.93 -
ptg000061l:4677802-4680756   -            985 12843at33392         -            533  2.6e-129  432.4  79.6   8   9   1.8e-20   1.9e-18   66.5   1.5   135   263   718   846   710   848 0.97 -
ptg000061l:4677802-4680756   -            985 12843at33392         -            533  2.6e-129  432.4  79.6   9   9     1e-21   1.1e-19   70.6   6.4   136   299   818   983   816   985 0.91 -
ptg000061l:4591648-4594500   -            951 12843at33392         -            533  3.6e-126  422.0  48.9   1   5   2.1e-39   2.2e-37  129.0   9.1    15   301     1   291     1   298 0.90 -
ptg000061l:4591648-4594500   -            951 12843at33392         -            533  3.6e-126  422.0  48.9   2   5   5.7e-22     6e-20   71.5   0.8   145   299   298   454   293   455 0.94 -
ptg000061l:4591648-4594500   -            951 12843at33392         -            533  3.6e-126  422.0  48.9   3   5   1.3e-15   1.4e-13   50.4   1.3     6   113   388   491   385   492 0.89 -
ptg000061l:4591648-4594500   -            951 12843at33392         -            533  3.6e-126  422.0  48.9   4   5   2.5e-41   2.6e-39  135.4  11.6     6   301   487   786   484   787 0.91 -
ptg000061l:4591648-4594500   -            951 12843at33392         -            533  3.6e-126  422.0  48.9   5   5   7.1e-26   7.5e-24   84.3   2.9   137   301   785   951   784   951 0.94 -
ptg000061l:4413341-4415797   -            819 12843at33392         -            533  4.4e-125  418.4  68.1   1   6   7.1e-19   7.5e-17   61.2   5.3   145   301     1   159     1   162 0.92 -
ptg000061l:4413341-4415797   -            819 12843at33392         -            533  4.4e-125  418.4  68.1   2   6     7e-24   7.3e-22   77.8   1.7   141   301   162   324   157   329 0.89 -
ptg000061l:4413341-4415797   -            819 12843at33392         -            533  4.4e-125  418.4  68.1   3   6   8.5e-24   8.9e-22   77.5   4.1   145   301   331   489   325   494 0.93 -
ptg000061l:4413341-4415797   -            819 12843at33392         -            533  4.4e-125  418.4  68.1   4   6   3.2e-31   3.4e-29  102.0   8.9    14   238   363   589   363   592 0.90 -
ptg000061l:4413341-4415797   -            819 12843at33392         -            533  4.4e-125  418.4  68.1   5   6   1.2e-29   1.3e-27   96.8   4.8    16   213   464   663   462   668 0.91 -
ptg000061l:4413341-4415797   -            819 12843at33392         -            533  4.4e-125  418.4  68.1   6   6   1.9e-23   1.9e-21   76.4   4.0   140   301   656   819   652   819 0.93 -
ptg000198l:514305-516578     -            758 12843at33392         -            533  2.9e-117  392.6  40.8   1   6   5.5e-20   5.7e-18   64.9   0.1   140   306     4   171     1   172 0.93 -
ptg000198l:514305-516578     -            758 12843at33392         -            533  2.9e-117  392.6  40.8   2   6   1.9e-26     2e-24   86.2   4.7   141   301   169   331   166   334 0.95 -
ptg000198l:514305-516578     -            758 12843at33392         -            533  2.9e-117  392.6  40.8   3   6   3.3e-22   3.5e-20   72.2   2.0   137   270   231   363   230   368 0.93 -
ptg000198l:514305-516578     -            758 12843at33392         -            533  2.9e-117  392.6  40.8   4   6   2.3e-26   2.4e-24   86.0   3.1   136   300   362   528   360   529 0.94 -
ptg000198l:514305-516578     -            758 12843at33392         -            533  2.9e-117  392.6  40.8   5   6   4.9e-15   5.1e-13   48.6   0.0     6    91   494   579   492   597 0.93 -
ptg000198l:514305-516578     -            758 12843at33392         -            533  2.9e-117  392.6  40.8   6   6   8.7e-30   9.1e-28   97.3   1.6     9   235   530   755   529   758 0.93 -
ptg000061l:4545361-4547985   -            875 12843at33392         -            533    1e-115  387.5  38.7   1   6   2.7e-37   2.8e-35  122.1  10.9    18   301     2   289     1   295 0.89 -
ptg000061l:4545361-4547985   -            875 12843at33392         -            533    1e-115  387.5  38.7   2   6   5.3e-23   5.6e-21   74.9   0.6   145   301   296   454   292   459 0.94 -
ptg000061l:4545361-4547985   -            875 12843at33392         -            533    1e-115  387.5  38.7   3   6     2e-22     2e-20   73.0   1.7   153   301   370   520   368   527 0.94 -
ptg000061l:4545361-4547985   -            875 12843at33392         -            533    1e-115  387.5  38.7   4   6   1.3e-22   1.3e-20   73.6   0.2   145   300   527   684   522   685 0.94 -
ptg000061l:4545361-4547985   -            875 12843at33392         -            533    1e-115  387.5  38.7   5   6   9.1e-16   9.5e-14   51.0   0.7     6   114   683   787   683   788 0.90 -
ptg000061l:4545361-4547985   -            875 12843at33392         -            533    1e-115  387.5  38.7   6   6   1.8e-16   1.9e-14   53.3   0.3     6    89   782   865   779   873 0.96 -
ptg000058l:788682-791618     -            979 12843at33392         -            533  4.6e-115  385.3  51.7   1   9   3.7e-06   0.00039   19.3   0.0    26    89     7    70     1    71 0.66 -
ptg000058l:788682-791618     -            979 12843at33392         -            533  4.6e-115  385.3  51.7   2   9   1.2e-13   1.3e-11   44.0   0.1     6    87    20   101    17   103 0.97 -
ptg000058l:788682-791618     -            979 12843at33392         -            533  4.6e-115  385.3  51.7   3   9   8.7e-34   9.1e-32  110.5   3.7     6   299    53   351    49   351 0.88 -
ptg000058l:788682-791618     -            979 12843at33392         -            533  4.6e-115  385.3  51.7   4   9   1.1e-16   1.1e-14   54.1   0.4   144   285   294   433   284   440 0.90 -
ptg000058l:788682-791618     -            979 12843at33392         -            533  4.6e-115  385.3  51.7   5   9   2.3e-21   2.4e-19   69.5   1.4   135   301   350   520   348   521 0.91 -
ptg000058l:788682-791618     -            979 12843at33392         -            533  4.6e-115  385.3  51.7   6   9   1.1e-11   1.2e-09   37.5   1.0     6    73   518   584   513   589 0.91 -
ptg000058l:788682-791618     -            979 12843at33392         -            533  4.6e-115  385.3  51.7   7   9   5.2e-10   5.5e-08   32.0   0.5    11    86   555   630   553   631 0.96 -
ptg000058l:788682-791618     -            979 12843at33392         -            533  4.6e-115  385.3  51.7   8   9   6.6e-16   6.9e-14   51.4   0.1   145   322   625   801   621   803 0.87 -
ptg000058l:788682-791618     -            979 12843at33392         -            533  4.6e-115  385.3  51.7   9   9     1e-20   1.1e-18   67.3   0.7   144   327   790   974   784   979 0.88 -
ptg000279l:13898062-13900491 -            810 12843at33392         -            533  1.3e-102  344.3  36.0   1   6   1.8e-17   1.8e-15   56.6   0.5   179   301     2   126     1   127 0.94 -
ptg000279l:13898062-13900491 -            810 12843at33392         -            533  1.3e-102  344.3  36.0   2   6   2.1e-10   2.2e-08   33.3   0.2     6    80   124   198   124   201 0.95 -
ptg000279l:13898062-13900491 -            810 12843at33392         -            533  1.3e-102  344.3  36.0   3   6   9.3e-24   9.7e-22   77.4   1.0   145   302   166   325   160   330 0.93 -
ptg000279l:13898062-13900491 -            810 12843at33392         -            533  1.3e-102  344.3  36.0   4   6   2.4e-37   2.5e-35  122.2   3.6    15   285   265   536   265   537 0.92 -
ptg000279l:13898062-13900491 -            810 12843at33392         -            533  1.3e-102  344.3  36.0   5   6   8.8e-15   9.2e-13   47.7   0.1   147   301   531   687   531   688 0.91 -
ptg000279l:13898062-13900491 -            810 12843at33392         -            533  1.3e-102  344.3  36.0   6   6   1.2e-21   1.3e-19   70.4   1.1   141   286   657   801   643   807 0.93 -
ptg000061l:4517758-4519326   -            523 12843at33392         -            533  4.2e-101  339.3  39.7   1   4   1.9e-22     2e-20   73.0   2.0   137   303     3   171     1   175 0.93 -
ptg000061l:4517758-4519326   -            523 12843at33392         -            533  4.2e-101  339.3  39.7   2   4   1.2e-39   1.3e-37  129.8   9.2     8   300    70   365    69   366 0.92 -
ptg000061l:4517758-4519326   -            523 12843at33392         -            533  4.2e-101  339.3  39.7   3   4   8.9e-36   9.3e-34  117.0   9.4    13   265   173   427   168   433 0.90 -
ptg000061l:4517758-4519326   -            523 12843at33392         -            533  4.2e-101  339.3  39.7   4   4   1.5e-17   1.5e-15   56.9   0.1   139   262   400   523   398   523 0.96 -
ptg000061l:4678324-4680546   -            741 12843at33392         -            533   2.7e-97  326.7  45.5   1   7   2.7e-13   2.8e-11   42.8   0.8    16   119     1   100     1   100 0.87 -
ptg000061l:4678324-4680546   -            741 12843at33392         -            533   2.7e-97  326.7  45.5   2   7   1.1e-16   1.2e-14   54.0   2.2     6   120    57   167    55   171 0.87 -
ptg000061l:4678324-4680546   -            741 12843at33392         -            533   2.7e-97  326.7  45.5   3   7     2e-25   2.1e-23   82.9   3.2   134   299   154   321   148   321 0.95 -
ptg000061l:4678324-4680546   -            741 12843at33392         -            533   2.7e-97  326.7  45.5   4   7   6.2e-14   6.5e-12   44.9   0.7   147   234   299   386   299   387 0.96 -
ptg000061l:4678324-4680546   -            741 12843at33392         -            533   2.7e-97  326.7  45.5   5   7   3.7e-15   3.9e-13   49.0   1.2   140   233   358   449   357   451 0.93 -
ptg000061l:4678324-4680546   -            741 12843at33392         -            533   2.7e-97  326.7  45.5   6   7   1.8e-14   1.8e-12   46.7   1.8     6   114   550   654   548   657 0.89 -
ptg000061l:4678324-4680546   -            741 12843at33392         -            533   2.7e-97  326.7  45.5   7   7     1e-15   1.1e-13   50.8   0.5   135   226   648   739   641   741 0.93 -
ptg000122l:49474241-49476487 -            749 12843at33392         -            533   3.8e-97  326.2  32.9   1   6   3.9e-11   4.1e-09   35.7   0.1    10    88     2    79     1    80 0.95 -
ptg000122l:49474241-49476487 -            749 12843at33392         -            533   3.8e-97  326.2  32.9   2   6   1.1e-16   1.2e-14   54.0   0.3   142   247    69   174    66   177 0.77 -
ptg000122l:49474241-49476487 -            749 12843at33392         -            533   3.8e-97  326.2  32.9   3   6   1.8e-33   1.9e-31  109.4  10.5     6   263   162   421   162   426 0.92 -
ptg000122l:49474241-49476487 -            749 12843at33392         -            533   3.8e-97  326.2  32.9   4   6   2.8e-13   2.9e-11   42.8   0.0     6    88   426   508   423   510 0.97 -
ptg000122l:49474241-49476487 -            749 12843at33392         -            533   3.8e-97  326.2  32.9   5   6   2.5e-13   2.6e-11   43.0   0.3     7    95   493   580   492   596 0.84 -
ptg000122l:49474241-49476487 -            749 12843at33392         -            533   3.8e-97  326.2  32.9   6   6   3.9e-24   4.1e-22   78.6   0.4   137   285   592   739   589   748 0.94 -
ptg000061l:4571236-4572981   -            582 12843at33392         -            533   7.2e-89  298.9  30.5   1   3   1.1e-22   1.1e-20   73.8   1.4   153   301     3   152     1   154 0.93 -
ptg000061l:4571236-4572981   -            582 12843at33392         -            533   7.2e-89  298.9  30.5   2   3   1.2e-40   1.2e-38  133.1   8.0     6   284   150   429   150   430 0.93 -
ptg000061l:4571236-4572981   -            582 12843at33392         -            533   7.2e-89  298.9  30.5   3   3   1.3e-36   1.3e-34  119.8   5.9     7   235   349   579   348   582 0.91 -
ptg000540l:211221-339283     -           1732 12843at33392         -            533   6.9e-79  266.0  34.5   1   7   1.4e-22   1.5e-20   73.5   5.1     7   300   108   417   103   420 0.84 -
ptg000540l:211221-339283     -           1732 12843at33392         -            533   6.9e-79  266.0  34.5   2   7   1.1e-05    0.0012   17.7   0.2   216   299   362   449   360   452 0.72 -
ptg000540l:211221-339283     -           1732 12843at33392         -            533   6.9e-79  266.0  34.5   3   7   1.1e-12   1.2e-10   40.8   0.2   139   264   419   546   416   582 0.79 -
ptg000540l:211221-339283     -           1732 12843at33392         -            533   6.9e-79  266.0  34.5   4   7   2.2e-23   2.3e-21   76.1   9.0    24   299   587   875   555   877 0.72 -
ptg000540l:211221-339283     -           1732 12843at33392         -            533   6.9e-79  266.0  34.5   5   7   1.5e-07   1.6e-05   23.8   0.1   118   199   851   938   850   955 0.81 -
ptg000540l:211221-339283     -           1732 12843at33392         -            533   6.9e-79  266.0  34.5   6   7   6.8e-06   0.00071   18.4   0.1    10    70   958  1020   948  1021 0.84 -
ptg000540l:211221-339283     -           1732 12843at33392         -            533   6.9e-79  266.0  34.5   7   7   8.5e-16   8.9e-14   51.1   0.1     3    88  1020  1105  1018  1130 0.90 -
ptg000082l:225141-370652     -           1677 12843at33392         -            533   3.1e-78  263.8  32.6   1   6   1.6e-24   1.7e-22   79.9   4.7     7   299   108   414   103   417 0.83 -
ptg000082l:225141-370652     -           1677 12843at33392         -            533   3.1e-78  263.8  32.6   2   6   3.7e-13   3.9e-11   42.4   0.1   139   263   384   510   381   548 0.80 -
ptg000082l:225141-370652     -           1677 12843at33392         -            533   3.1e-78  263.8  32.6   3   6   1.5e-23   1.6e-21   76.6   8.9    24   299   552   840   520   845 0.72 -
ptg000082l:225141-370652     -           1677 12843at33392         -            533   3.1e-78  263.8  32.6   4   6   1.1e-07   1.2e-05   24.3   0.1   118   198   816   902   813   916 0.82 -
ptg000082l:225141-370652     -           1677 12843at33392         -            533   3.1e-78  263.8  32.6   5   6     5e-06   0.00052   18.9   0.1    10    71   923   986   913   987 0.85 -
ptg000082l:225141-370652     -           1677 12843at33392         -            533   3.1e-78  263.8  32.6   6   6   8.2e-16   8.6e-14   51.1   0.1     3    88   985  1070   983  1095 0.90 -
ptg000024l:22886239-22887945 -            569 12843at33392         -            533     6e-73  246.4  29.7   1   3   4.8e-21   5.1e-19   68.4   1.4   103   300     5   210     1   214 0.87 -
ptg000024l:22886239-22887945 -            569 12843at33392         -            533     6e-73  246.4  29.7   2   3   5.9e-26   6.2e-24   84.6   3.9    13   203   216   408   209   411 0.88 -
ptg000024l:22886239-22887945 -            569 12843at33392         -            533     6e-73  246.4  29.7   3   3     5e-37   5.2e-35  121.2   9.1     7   293   276   563   275   569 0.91 -
ptg000003l:1518416-1530538   -            645 12843at33392         -            533   3.4e-68  230.7   0.1   1   6   1.3e-10   1.3e-08   34.0   0.0   195   295     1   103     1   112 0.88 -
ptg000003l:1518416-1530538   -            645 12843at33392         -            533   3.4e-68  230.7   0.1   2   6   1.8e-14   1.9e-12   46.7   0.0   176   300    81   209    79   220 0.91 -
ptg000003l:1518416-1530538   -            645 12843at33392         -            533   3.4e-68  230.7   0.1   3   6   1.9e-28     2e-26   92.9   0.0     7   295   176   457   175   467 0.86 -
ptg000003l:1518416-1530538   -            645 12843at33392         -            533   3.4e-68  230.7   0.1   4   6   3.3e-13   3.4e-11   42.6   0.0   176   299   435   562   434   564 0.91 -
ptg000003l:1518416-1530538   -            645 12843at33392         -            533   3.4e-68  230.7   0.1   5   6   1.3e-10   1.3e-08   34.0   0.0     6    95   529   618   527   628 0.92 -
ptg000003l:1518416-1530538   -            645 12843at33392         -            533   3.4e-68  230.7   0.1   6   6   0.00034     0.035   12.8   0.0   221   283   581   642   574   644 0.90 -
ptg000244l:4899017-4900192   -            392 12843at33392         -            533   3.2e-53  181.3  12.0   1   2   3.7e-41   3.9e-39  134.8   8.7    14   301     2   293     1   298 0.92 -
ptg000244l:4899017-4900192   -            392 12843at33392         -            533   3.2e-53  181.3  12.0   2   2   2.2e-13   2.3e-11   43.1   0.1   141   235   296   390   293   392 0.89 -
ptg000061l:4646276-4647547   -            424 12843at33392         -            533   2.8e-52  178.2  25.1   1   4   1.9e-10     2e-08   33.4   0.6    15    85     1    71     1    73 0.96 -
ptg000061l:4646276-4647547   -            424 12843at33392         -            533   2.8e-52  178.2  25.1   2   4     1e-15   1.1e-13   50.8   0.6    14   120    33   135    30   136 0.91 -
ptg000061l:4646276-4647547   -            424 12843at33392         -            533   2.8e-52  178.2  25.1   3   4   1.9e-35     2e-33  115.9   8.6    14   300    99   390    98   391 0.91 -
ptg000061l:4646276-4647547   -            424 12843at33392         -            533   2.8e-52  178.2  25.1   4   4    0.0013      0.14   10.9   0.0     6    41   389   424   386   424 0.89 -
ptg000147l:8016668-8019562   -            965 12843at33392         -            533   9.7e-49  166.5   0.2   1   8   1.6e-05    0.0016   17.2   0.2    11    67    77   133    21   137 0.65 -
ptg000147l:8016668-8019562   -            965 12843at33392         -            533   9.7e-49  166.5   0.2   2   8   1.1e-07   1.1e-05   24.3   0.1    11    87    77   153    69   156 0.93 -
ptg000147l:8016668-8019562   -            965 12843at33392         -            533   9.7e-49  166.5   0.2   3   8   1.4e-08   1.5e-06   27.3   0.0     6   171   138   316   136   326 0.81 -
ptg000147l:8016668-8019562   -            965 12843at33392         -            533   9.7e-49  166.5   0.2   4   8    0.0001     0.011   14.5   0.0    17    84   364   430   351   435 0.85 -
ptg000147l:8016668-8019562   -            965 12843at33392         -            533   9.7e-49  166.5   0.2   5   8     1e-08   1.1e-06   27.7   0.0   157   267   441   551   425   557 0.92 -
ptg000147l:8016668-8019562   -            965 12843at33392         -            533   9.7e-49  166.5   0.2   6   8   1.6e-08   1.6e-06   27.1   0.0    98   230   564   702   556   724 0.78 -
ptg000147l:8016668-8019562   -            965 12843at33392         -            533   9.7e-49  166.5   0.2   7   8   1.4e-05    0.0015   17.3   0.0   140   213   776   847   768   851 0.69 -
ptg000147l:8016668-8019562   -            965 12843at33392         -            533   9.7e-49  166.5   0.2   8   8   2.2e-07   2.3e-05   23.3   0.0    29   127   865   964   850   965 0.77 -
ptg000279l:13957468-13958451 -            328 12843at33392         -            533   4.6e-43  147.8  13.1   1   2   1.8e-14   1.9e-12   46.7   0.8     6   117     1   108     1   108 0.91 -
ptg000279l:13957468-13958451 -            328 12843at33392         -            533   4.6e-43  147.8  13.1   2   2   1.3e-34   1.3e-32  113.2   5.7     9   263    70   326    68   328 0.91 -
ptg000147l:7948577-7951609   -           1011 12843at33392         -            533   9.9e-43  146.6   0.2   1   7   1.8e-07   1.9e-05   23.6   0.1    11    92    66   146    57   148 0.92 -
ptg000147l:7948577-7951609   -           1011 12843at33392         -            533   9.9e-43  146.6   0.2   2   7   4.9e-11   5.1e-09   35.4   0.0     6   171   127   301   123   312 0.85 -
ptg000147l:7948577-7951609   -           1011 12843at33392         -            533   9.9e-43  146.6   0.2   3   7   4.8e-09     5e-07   28.8   0.2    58   247   393   557   371   582 0.44 -
ptg000147l:7948577-7951609   -           1011 12843at33392         -            533   9.9e-43  146.6   0.2   4   7   6.4e-07   6.7e-05   21.8   0.0   144   234   645   732   586   757 0.62 -
ptg000147l:7948577-7951609   -           1011 12843at33392         -            533   9.9e-43  146.6   0.2   5   7   1.5e-05    0.0016   17.2   0.0   138   213   799   874   790   883 0.81 -
ptg000147l:7948577-7951609   -           1011 12843at33392         -            533   9.9e-43  146.6   0.2   6   7       3.5   3.7e+02   -0.4   0.0    30    52   896   918   892   945 0.76 -
ptg000147l:7948577-7951609   -           1011 12843at33392         -            533   9.9e-43  146.6   0.2   7   7   0.00027     0.028   13.1   0.0     7    53   944   990   939  1000 0.91 -
ptg000183l:2735416-2736489   -            358 12843at33392         -            533     1e-40  140.0  14.7   1   3   8.6e-14     9e-12   44.5   1.9   140   239    28   127     1   132 0.89 -
ptg000183l:2735416-2736489   -            358 12843at33392         -            533     1e-40  140.0  14.7   2   3   1.5e-08   1.5e-06   27.2   0.7   145   202   133   190   129   193 0.97 -
ptg000183l:2735416-2736489   -            358 12843at33392         -            533     1e-40  140.0  14.7   3   3   2.3e-23   2.4e-21   76.1   0.5   143   301   201   358   190   358 0.89 -
ptg000074l:1743847-1744887   -            347 12843at33392         -            533   1.2e-40  139.8   2.7   1   3   2.2e-13   2.4e-11   43.1   0.0   211   302     1    95     1    96 0.92 -
ptg000074l:1743847-1744887   -            347 12843at33392         -            533   1.2e-40  139.8   2.7   2   3   3.2e-22   3.3e-20   72.3   0.6    59   234    79   266    76   270 0.84 -
ptg000074l:1743847-1744887   -            347 12843at33392         -            533   1.2e-40  139.8   2.7   3   3   9.4e-12   9.9e-10   37.7   0.0   120   212   245   343   245   347 0.88 -
ptg000606l:216438-217511     -            358 12843at33392         -            533   2.6e-40  138.7  13.3   1   3   1.7e-13   1.8e-11   43.5   1.3   140   239    28   127     1   132 0.90 -
ptg000606l:216438-217511     -            358 12843at33392         -            533   2.6e-40  138.7  13.3   2   3   1.5e-08   1.6e-06   27.2   0.7   145   202   133   190   129   193 0.97 -
ptg000606l:216438-217511     -            358 12843at33392         -            533   2.6e-40  138.7  13.3   3   3   3.9e-23   4.1e-21   75.3   0.4   143   300   201   357   190   358 0.89 -
ptg000606l:220790-222289     -            500 12843at33392         -            533   2.6e-39  135.3  11.6   1   3   9.5e-16   9.9e-14   50.9   0.7   121   238   147   271   132   274 0.85 -
ptg000606l:220790-222289     -            500 12843at33392         -            533   2.6e-39  135.3  11.6   2   3   5.8e-09   6.1e-07   28.5   0.2   145   202   278   335   276   339 0.96 -
ptg000606l:220790-222289     -            500 12843at33392         -            533   2.6e-39  135.3  11.6   3   3   3.1e-19   3.2e-17   62.4   0.6   144   301   344   500   337   500 0.91 -
ptg000295l:794627-795751     -            375 12843at33392         -            533   7.1e-39  133.9  15.1   1   3   2.5e-07   2.6e-05   23.2   0.2   134   203    22    91     1    99 0.85 -
ptg000295l:794627-795751     -            375 12843at33392         -            533   7.1e-39  133.9  15.1   2   3   2.7e-18   2.8e-16   59.3   5.0   141   300   106   267    92   267 0.92 -
ptg000295l:794627-795751     -            375 12843at33392         -            533   7.1e-39  133.9  15.1   3   3   5.9e-17   6.2e-15   54.9   0.3     6   118   266   375   265   375 0.94 -
ptg000003l:1544364-1545332   -            323 12843at33392         -            533   1.1e-38  133.3   0.7   1   4   1.2e-16   1.2e-14   53.9   0.1   189   301     7   121     1   124 0.90 -
ptg000003l:1544364-1545332   -            323 12843at33392         -            533   1.1e-38  133.3   0.7   2   4   1.1e-06   0.00012   21.0   0.0     6    66    86   146    82   150 0.89 -
ptg000003l:1544364-1545332   -            323 12843at33392         -            533   1.1e-38  133.3   0.7   3   4   4.3e-11   4.5e-09   35.6   0.0   178   281   128   232   125   232 0.93 -
ptg000003l:1544364-1545332   -            323 12843at33392         -            533   1.1e-38  133.3   0.7   4   4   2.2e-12   2.3e-10   39.8   0.0     6    93   220   307   218   320 0.92 -
ptg000124l:5436229-5450091   -            794 12843at33392         -            533   1.8e-35  122.7  11.7   1   4   3.5e-08   3.6e-06   26.0   0.0    14    76    27    89    17    93 0.91 -
ptg000124l:5436229-5450091   -            794 12843at33392         -            533   1.8e-35  122.7  11.7   2   4   2.5e-21   2.6e-19   69.3   1.4    97   237    39   186    36   190 0.87 -
ptg000124l:5436229-5450091   -            794 12843at33392         -            533   1.8e-35  122.7  11.7   3   4   1.1e-13   1.1e-11   44.2   2.5   138   234   187   285   183   287 0.87 -
ptg000124l:5436229-5450091   -            794 12843at33392         -            533   1.8e-35  122.7  11.7   4   4    0.0058      0.61    8.7   0.0     7    54   287   334   283   336 0.89 -
ptg000003l:1578734-1579750   -            339 12843at33392         -            533   1.6e-31  109.7   0.0   1   3   4.5e-16   4.7e-14   52.0   0.0   150   287    24   160    15   170 0.91 -
ptg000003l:1578734-1579750   -            339 12843at33392         -            533   1.6e-31  109.7   0.0   2   3   3.5e-12   3.7e-10   39.1   0.0   176   283   149   257   143   260 0.91 -
ptg000003l:1578734-1579750   -            339 12843at33392         -            533   1.6e-31  109.7   0.0   3   3   5.8e-09   6.1e-07   28.5   0.0     6    90   243   327   243   337 0.93 -
ptg000061l:1788894-1870995   -           1107 12843at33392         -            533     6e-31  107.8   8.2   1   8    0.0001      0.01   14.6   0.1     3   111   276   385   274   388 0.80 -
ptg000061l:1788894-1870995   -           1107 12843at33392         -            533     6e-31  107.8   8.2   2   8   0.00014     0.015   14.1   0.0     6    71   383   452   379   465 0.81 -
ptg000061l:1788894-1870995   -           1107 12843at33392         -            533     6e-31  107.8   8.2   3   8   5.1e-05    0.0053   15.5   0.2    17    95   466   543   457   566 0.72 -
ptg000061l:1788894-1870995   -           1107 12843at33392         -            533     6e-31  107.8   8.2   4   8    0.0082      0.86    8.2   0.0     7    53   568   614   564   614 0.90 -
ptg000061l:1788894-1870995   -           1107 12843at33392         -            533     6e-31  107.8   8.2   5   8   8.3e-08   8.7e-06   24.7   0.2     7    92   601   685   598   732 0.86 -
ptg000061l:1788894-1870995   -           1107 12843at33392         -            533     6e-31  107.8   8.2   6   8   6.1e-05    0.0064   15.3   0.0    11   103   753   845   749   851 0.86 -
ptg000061l:1788894-1870995   -           1107 12843at33392         -            533     6e-31  107.8   8.2   7   8   0.00034     0.035   12.8   0.0     4    73   847   918   844   932 0.86 -
ptg000061l:1788894-1870995   -           1107 12843at33392         -            533     6e-31  107.8   8.2   8   8     0.023       2.4    6.8   0.0     6    52   978  1024   974  1032 0.90 -
ptg000279l:14019906-14020406 -            167 12843at33392         -            533   2.3e-30  105.9   5.2   1   2   6.1e-21   6.4e-19   68.1   0.6   180   300     1   123     1   123 0.93 -
ptg000279l:14019906-14020406 -            167 12843at33392         -            533   2.3e-30  105.9   5.2   2   2   1.9e-14     2e-12   46.6   0.4     6    84    89   167    86   167 0.93 -
ptg000455l:296870-297436     -            189 12843at33392         -            533   8.8e-30  103.9  10.2   1   2   1.8e-16   1.9e-14   53.3   3.0   134   250    11   126     5   126 0.86 -
ptg000455l:296870-297436     -            189 12843at33392         -            533   8.8e-30  103.9  10.2   2   2   4.8e-19     5e-17   61.8   0.7   141   246    83   189    78   189 0.94 -
ptg000155l:2160542-2161369   -            276 12843at33392         -            533   1.6e-29  103.1   8.3   1   3   7.9e-06   0.00083   18.2   0.2    15    87     1    71     1    76 0.85 -
ptg000155l:2160542-2161369   -            276 12843at33392         -            533   1.6e-29  103.1   8.3   2   3   1.8e-20   1.9e-18   66.5   1.8   160   301    78   222    71   226 0.89 -
ptg000155l:2160542-2161369   -            276 12843at33392         -            533   1.6e-29  103.1   8.3   3   3   4.7e-07     5e-05   22.2   0.0     6    57   220   271   219   276 0.90 -
ptg000800l:10198-10797       -            200 12843at33392         -            533   3.7e-29  101.8  10.0   1   2   1.6e-16   1.7e-14   53.4   2.9   134   250    22   137    12   137 0.83 -
ptg000800l:10198-10797       -            200 12843at33392         -            533   3.7e-29  101.8  10.0   2   2   2.2e-18   2.3e-16   59.6   0.7   141   246    94   200    89   200 0.94 -
ptg000279l:13999484-14000146 -            221 12843at33392         -            533   4.5e-29  101.6   2.9   1   3     7e-12   7.3e-10   38.2   0.0    15    84     2    71     1    74 0.97 -
ptg000279l:13999484-14000146 -            221 12843at33392         -            533   4.5e-29  101.6   2.9   2   3   1.9e-12     2e-10   40.0   0.1     6    84    59   137    58   140 0.97 -
ptg000279l:13999484-14000146 -            221 12843at33392         -            533   4.5e-29  101.6   2.9   3   3   1.9e-08     2e-06   26.8   0.1     6    69   158   221   156   221 0.96 -
ptg000279l:14024460-14025056 -            199 12843at33392         -            533   1.5e-28   99.8   3.9   1   2   6.1e-25   6.4e-23   81.3   1.1   147   303     1   159     1   164 0.93 -
ptg000279l:14024460-14025056 -            199 12843at33392         -            533   1.5e-28   99.8   3.9   2   2   3.9e-07   4.1e-05   22.5   0.1     6    48   155   197   155   199 0.93 -
ptg000122l:47608190-47609080 -            297 12843at33392         -            533     4e-28   98.5   0.6   1   1   7.1e-30   7.5e-28   97.5   0.6    12   283     3   275     1   287 0.91 -
ptg000061l:4677175-4677777   -            201 12843at33392         -            533   6.9e-28   97.7   2.7   1   1   4.6e-29   4.8e-27   94.9   2.7    17   214     1   200     1   201 0.92 -
ptg000800l:18187-18831       -            215 12843at33392         -            533   3.4e-27   95.4   5.1   1   1   9.2e-29   9.6e-27   93.9   5.1    53   260     4   214     2   215 0.89 -
ptg000061l:4589437-4589829   -            131 12843at33392         -            533   3.6e-27   95.3   4.5   1   2   9.3e-11   9.7e-09   34.5   0.3    23    88     3    68     1    69 0.96 -
ptg000061l:4589437-4589829   -            131 12843at33392         -            533   3.6e-27   95.3   4.5   2   2   3.9e-21     4e-19   68.7   0.5     6   120    19   129    16   131 0.90 -
ptg000455l:303933-304577     -            215 12843at33392         -            533   1.1e-26   93.7   5.8   1   1   4.5e-28   4.7e-26   91.6   5.8    54   260     5   214     4   215 0.89 -
ptg000343l:199276-199911     -            212 12843at33392         -            533   2.4e-26   92.6   5.0   1   2   2.3e-24   2.4e-22   79.4   2.8   145   301     1   158     1   163 0.93 -
ptg000343l:199276-199911     -            212 12843at33392         -            533   2.4e-26   92.6   5.0   2   2   0.00026     0.027   13.2   0.0   211   250   165   204   158   212 0.58 -
ptg000061l:4590013-4590561   -            183 12843at33392         -            533   5.3e-26   91.4   5.9   1   3   6.4e-10   6.7e-08   31.7   0.0   173   236     3    66     1    69 0.66 -
ptg000061l:4590013-4590561   -            183 12843at33392         -            533   5.3e-26   91.4   5.9   2   3   4.9e-16   5.2e-14   51.9   0.5     8   111    34   133    33   136 0.87 -
ptg000061l:4590013-4590561   -            183 12843at33392         -            533   5.3e-26   91.4   5.9   3   3   4.3e-07   4.5e-05   22.4   0.2     6    54   131   179   129   183 0.90 -
ptg000061l:5570456-5570932   -            159 12843at33392         -            533   8.7e-24   84.1   1.2   1   1     1e-25   1.1e-23   83.8   1.2   151   300     3   154     1   158 0.94 -
ptg000061l:4624331-4624819   -            163 12843at33392         -            533   1.2e-23   83.7   3.0   1   2   2.6e-16   2.8e-14   52.8   0.2     6   114     3   107     1   110 0.84 -
ptg000061l:4624331-4624819   -            163 12843at33392         -            533   1.2e-23   83.7   3.0   2   2   3.8e-10     4e-08   32.5   0.3     6    66   102   162    98   163 0.92 -
ptg000061l:5569472-5569909   -            146 12843at33392         -            533   1.3e-23   83.5   2.2   1   2   1.7e-12   1.7e-10   40.2   0.4    22    87     2    67     1    69 0.95 -
ptg000061l:5569472-5569909   -            146 12843at33392         -            533   1.3e-23   83.5   2.2   2   2   2.9e-15     3e-13   49.3   0.1   145   223    61   139    59   146 0.56 -
ptg000244l:4860951-4861493   -            181 12843at33392         -            533   2.7e-23   82.5   3.6   1   2   3.7e-10   3.9e-08   32.5   0.0   174   239     3    68     1    71 0.92 -
ptg000244l:4860951-4861493   -            181 12843at33392         -            533   2.7e-23   82.5   3.6   2   2   2.1e-15   2.2e-13   49.8   2.5   137   249    65   177    64   181 0.82 -
ptg000061l:5566292-5566690   -            133 12843at33392         -            533   5.6e-23   81.5   9.7   1   2   2.5e-16   2.6e-14   52.8   2.8   147   239     1    93     1    95 0.97 -
ptg000061l:5566292-5566690   -            133 12843at33392         -            533   5.6e-23   81.5   9.7   2   2   3.6e-12   3.8e-10   39.1   0.6   145   212    65   132    63   133 0.92 -
ptg000027l:257992-314893     -           1407 12843at33392         -            533   1.2e-21   77.0  10.6   1   2   1.2e-20   1.3e-18   67.1   9.9    22   232   959  1178   945  1181 0.83 -
ptg000027l:257992-314893     -           1407 12843at33392         -            533   1.2e-21   77.0  10.6   2   2    0.0027      0.28    9.8   0.0    16    72  1178  1234  1176  1246 0.93 -
ptg000237l:349440-411235     -           1410 12843at33392         -            533   1.3e-21   77.0  10.6   1   2   1.2e-20   1.3e-18   67.1   9.9    22   232   962  1181   948  1184 0.83 -
ptg000237l:349440-411235     -           1410 12843at33392         -            533   1.3e-21   77.0  10.6   2   2    0.0027      0.29    9.8   0.0    16    72  1181  1237  1179  1249 0.93 -
ptg000800l:5296-5874         -            193 12843at33392         -            533   1.3e-21   77.0   3.7   1   1   1.6e-23   1.6e-21   76.6   3.7   136   300    17   183    10   191 0.91 -
ptg000172l:6058081-6077025   -            628 12843at33392         -            533   4.6e-21   75.1   1.1   1   3   7.4e-07   7.8e-05   21.6   0.0    20    86    48   115    37   116 0.84 -
ptg000172l:6058081-6077025   -            628 12843at33392         -            533   4.6e-21   75.1   1.1   2   3   2.4e-15   2.6e-13   49.6   0.3     6   124    67   182    62   189 0.93 -
ptg000172l:6058081-6077025   -            628 12843at33392         -            533   4.6e-21   75.1   1.1   3   3   1.2e-05    0.0013   17.6   0.0     9   102   170   266   165   275 0.81 -
ptg000183l:2731697-2732314   -            206 12843at33392         -            533   6.4e-21   74.7   0.9   1   2   4.7e-16   4.9e-14   51.9   0.5   144   262     7   122     4   129 0.89 -
ptg000183l:2731697-2732314   -            206 12843at33392         -            533   6.4e-21   74.7   0.9   2   2   9.8e-07    0.0001   21.2   0.0     9    65   131   187   126   204 0.84 -
ptg000279l:13954342-13954770 -            143 12843at33392         -            533   1.5e-20   73.4   3.3   1   2   8.2e-11   8.6e-09   34.6   0.4   199   285     1    86     1    87 0.89 -
ptg000279l:13954342-13954770 -            143 12843at33392         -            533   1.5e-20   73.4   3.3   2   2   3.4e-14   3.6e-12   45.8   0.1   145   239    46   140    46   142 0.91 -
ptg000270l:269486-270652     -            389 12843at33392         -            533   1.6e-20   73.3   0.0   1   2   6.5e-12   6.8e-10   38.3   0.0   140   243    25   130    11   158 0.87 -
ptg000270l:269486-270652     -            389 12843at33392         -            533   1.6e-20   73.3   0.0   2   2   2.7e-10   2.9e-08   32.9   0.0     6   106   288   387   281   389 0.91 -
ptg000279l:13998458-13998874 -            139 12843at33392         -            533   3.6e-20   72.2   0.1   1   2   1.3e-08   1.4e-06   27.4   0.1   178   237     6    65     1    67 0.69 -
ptg000279l:13998458-13998874 -            139 12843at33392         -            533   3.6e-20   72.2   0.1   2   2     1e-13   1.1e-11   44.2   0.0   138   212    65   139    63   139 0.77 -
ptg000061l:5620450-5620839   -            130 12843at33392         -            533   1.6e-18   66.7   2.6   1   2   7.9e-11   8.3e-09   34.7   0.1    27    89     3    65     1    75 0.89 -
ptg000061l:5620450-5620839   -            130 12843at33392         -            533   1.6e-18   66.7   2.6   2   2   6.2e-12   6.5e-10   38.3   0.5     6    76    48   118    48   129 0.85 -
ptg000455l:293631-294158     -            176 12843at33392         -            533   1.7e-18   66.7   4.3   1   1     3e-20   3.2e-18   65.8   4.3   135   283    29   176    10   176 0.92 -
ptg000155l:2164268-2164615   -            116 12843at33392         -            533     3e-18   65.9   0.2   1   1   5.2e-20   5.4e-18   65.0   0.1     5    93    22   110    18   115 0.95 -
ptg000061l:4518301-4518693   -            131 12843at33392         -            533   7.1e-18   64.6   1.3   1   1   1.3e-19   1.4e-17   63.6   1.3   153   280     5   131     2   131 0.81 -
ptg000003l:3923489-3923908   -            140 12843at33392         -            533   9.5e-18   64.2   1.8   1   1   2.6e-18   2.7e-16   59.4   1.8     6   125    19   134    16   135 0.93 -
ptg000061l:4624928-4625275   -            116 12843at33392         -            533   2.9e-17   62.6   0.5   1   1   3.4e-19   3.6e-17   62.3   0.5   147   261     1   115     1   116 0.97 -
ptg000003l:3971463-3971867   -            135 12843at33392         -            533   5.4e-17   61.7   0.1   1   1   5.8e-19     6e-17   61.6   0.1   150   283     1   133     1   135 0.85 -
ptg000061l:4456765-4457184   -            140 12843at33392         -            533   5.6e-17   61.6   4.5   1   2   4.9e-18   5.2e-16   58.5   3.2   202   333     2   131     1   132 0.69 -
ptg000061l:4456765-4457184   -            140 12843at33392         -            533   5.6e-17   61.6   4.5   2   2    0.0038       0.4    9.3   0.1    13    44   108   139   102   140 0.83 -
ptg000003l:1569978-1570532   -            185 12843at33392         -            533   6.1e-17   61.5   0.0   1   2   7.2e-07   7.6e-05   21.6   0.0   207   288     4    84     1    93 0.87 -
ptg000003l:1569978-1570532   -            185 12843at33392         -            533   6.1e-17   61.5   0.0   2   2   2.8e-12     3e-10   39.5   0.0   177   283    73   180    70   184 0.91 -
ptg000126l:5167254-5167733   -            160 12843at33392         -            533   1.7e-16   60.1   3.7   1   2   2.3e-09   2.4e-07   29.9   0.8    15    71    28    84    20    86 0.95 -
ptg000126l:5167254-5167733   -            160 12843at33392         -            533   1.7e-16   60.1   3.7   2   2   1.1e-11   1.2e-09   37.5   0.1   145   234    61   150    59   155 0.84 -
ptg000061l:4594741-4595178   -            146 12843at33392         -            533   3.3e-16   59.1   0.9   1   1   1.1e-17   1.2e-15   57.3   0.9     7   134    21   144    15   146 0.89 -
ptg000061l:4416635-4416970   -            112 12843at33392         -            533   4.8e-16   58.6   0.3   1   1   1.7e-17   1.8e-15   56.7   0.3   187   289     5   106     1   109 0.87 -
ptg000074l:1909883-1910281   -            133 12843at33392         -            533   9.6e-16   57.6   0.4   1   1   1.5e-17   1.6e-15   56.8   0.4   136   263     4   133     2   133 0.89 -
ptg000074l:1921693-1922139   -            149 12843at33392         -            533   2.5e-15   56.2   0.1   1   1   2.6e-17   2.8e-15   56.1   0.1    59   201     2   148     1   149 0.86 -
ptg000606l:221300-221722     -            141 12843at33392         -            533   3.4e-15   55.8   2.7   1   2   4.4e-10   4.6e-08   32.2   0.2   167   238    11    82     1    87 0.89 -
ptg000606l:221300-221722     -            141 12843at33392         -            533   3.4e-15   55.8   2.7   2   2   1.2e-07   1.2e-05   24.2   0.2   145   197    89   141    87   141 0.96 -
ptg000279l:14043315-14043698 -            128 12843at33392         -            533     4e-15   55.5   0.2   1   1   5.7e-17     6e-15   55.0   0.2     7   252     5   120     2   128 0.57 -
ptg000126l:5156647-5157171   -            175 12843at33392         -            533   4.2e-15   55.5   2.6   1   3      0.61        64    2.1   0.0   290   328     8    43     2    54 0.64 -
ptg000126l:5156647-5157171   -            175 12843at33392         -            533   4.2e-15   55.5   2.6   2   3   2.1e-12   2.2e-10   39.9   0.3    15    86    59   130    50   131 0.95 -
ptg000126l:5156647-5157171   -            175 12843at33392         -            533   4.2e-15   55.5   2.6   3   3   5.5e-06   0.00058   18.7   0.2     6    54   116   164   114   171 0.91 -
ptg000074l:1752114-1752539   -            142 12843at33392         -            533   4.9e-15   55.3   0.2   1   2   6.4e-15   6.7e-13   48.2   0.0   208   302     2    99     1   101 0.92 -
ptg000074l:1752114-1752539   -            142 12843at33392         -            533   4.9e-15   55.3   0.2   2   2     0.025       2.6    6.6   0.0   139   163    99   123    96   139 0.81 -
ptg000244l:4861134-4861487   -            118 12843at33392         -            533   7.3e-15   54.7   0.3   1   1   9.6e-16     1e-13   50.9   0.2   176   285     3   111     1   114 0.95 -
ptg000003l:3906431-3906838   -            136 12843at33392         -            533   7.4e-15   54.7   0.0   1   1     9e-17   9.4e-15   54.3   0.0   147   278     1   131     1   133 0.89 -
ptg000158l:6494076-6494393   -            106 12843at33392         -            533   1.1e-14   54.1   3.0   1   2   2.8e-13   2.9e-11   42.8   0.8    12    93     1    82     1    90 0.93 -
ptg000158l:6494076-6494393   -            106 12843at33392         -            533   1.1e-14   54.1   3.0   2   2   1.3e-05    0.0014   17.5   0.1     8    42    63    97    61   101 0.88 -
ptg000279l:13957975-13958346 -            124 12843at33392         -            533   2.6e-14   52.8   0.3   1   2    0.0014      0.14   10.8   0.0    14    43     7    36     1    38 0.85 -
ptg000279l:13957975-13958346 -            124 12843at33392         -            533   2.6e-14   52.8   0.3   2   2   3.4e-13   3.5e-11   42.5   0.1     8    85    34   111    32   123 0.91 -
ptg000244l:4899779-4900090   -            104 12843at33392         -            533   4.1e-14   52.2   0.5   1   1   1.4e-13   1.5e-11   43.8   0.4     6    84    26   104    24   104 0.96 -
ptg000010l:2300230-2311901   -            449 12843at33392         -            533   4.5e-14   52.1   0.4   1   2   8.2e-16   8.6e-14   51.1   0.1     6    87    27   108    23   137 0.92 -
ptg000010l:2300230-2311901   -            449 12843at33392         -            533   4.5e-14   52.1   0.4   2   2        10     1e+03   -1.9   0.0   315   417   134   244   124   247 0.61 -
ptg000279l:14020500-14020790 -             97 12843at33392         -            533     7e-14   51.4   0.5   1   1   7.3e-16   7.6e-14   51.3   0.5   153   242     3    92     1    97 0.81 -
ptg000003l:3883428-3883838   -            137 12843at33392         -            533   8.1e-14   51.2   0.3   1   1   1.3e-12   1.4e-10   40.6   0.1     6    88    45   127    43   137 0.93 -
ptg000061l:4641282-4641611   -            110 12843at33392         -            533   8.4e-14   51.2   0.0   1   1   9.8e-16     1e-13   50.9   0.0   136   232     1    97     1   106 0.81 -
ptg000020l:256642-263554     -            116 12843at33392         -            533   9.6e-14   51.0   0.3   1   2      0.51        53    2.3   0.0    24    42     5    23     1    25 0.88 -
ptg000020l:256642-263554     -            116 12843at33392         -            533   9.6e-14   51.0   0.3   2   2   3.5e-15   3.7e-13   49.0   0.2     6    91    20   105    15   113 0.65 -
ptg000061l:4617040-4617354   -            105 12843at33392         -            533   1.6e-13   50.2   0.2   1   1   1.7e-15   1.8e-13   50.1   0.2   170   261    14   104     3   105 0.84 -
ptg000061l:4455262-4455588   -            109 12843at33392         -            533   2.2e-13   49.8   1.1   1   1   4.7e-11   4.9e-09   35.4   0.1   143   212    37   106    35   109 0.91 -
ptg000122l:47608625-47609044 -            140 12843at33392         -            533   3.3e-13   49.2   0.1   1   1   6.4e-15   6.7e-13   48.2   0.1   162   282    10   129     3   137 0.81 -
ptg000159l:5172596-5172859   -             88 12843at33392         -            533   3.3e-13   49.2   0.2   1   1   3.4e-15   3.6e-13   49.1   0.2   143   229     1    87     1    88 0.84 -
ptg000061l:4456450-4456752   -            101 12843at33392         -            533   5.1e-13   48.6   1.5   1   1     1e-14   1.1e-12   47.5   1.5   151   247     5   101     1   101 0.78 -
ptg000126l:5161671-5162066   -            132 12843at33392         -            533   5.4e-13   48.5   0.1   1   1   6.8e-15   7.1e-13   48.1   0.1   142   243    23   124     2   129 0.94 -
ptg000074l:1752579-1752998   -            140 12843at33392         -            533   7.7e-13   48.0   2.0   1   1     1e-14   1.1e-12   47.5   2.0    26   155     9   140     2   140 0.75 -
ptg000741l:413487-415584     -            187 12843at33392         -            533   8.6e-13   47.8   2.3   1   2   5.1e-07   5.4e-05   22.1   0.1    19    96    34   112    22   117 0.84 -
ptg000741l:413487-415584     -            187 12843at33392         -            533   8.6e-13   47.8   2.3   2   2   4.2e-10   4.4e-08   32.3   0.4     4    90    53   138    50   170 0.80 -
ptg000026l:2143571-2143888   -            106 12843at33392         -            533   1.5e-12   47.1   0.2   1   2   1.2e-10   1.3e-08   34.0   0.0    15    88     1    74     1    77 0.95 -
ptg000026l:2143571-2143888   -            106 12843at33392         -            533   1.5e-12   47.1   0.2   2   2   0.00058     0.061   12.0   0.1    27    53    77   103    70   105 0.88 -
ptg000302l:324145-324462     -            106 12843at33392         -            533   1.5e-12   47.1   0.2   1   2   1.2e-10   1.3e-08   34.0   0.0    15    88     1    74     1    77 0.95 -
ptg000302l:324145-324462     -            106 12843at33392         -            533   1.5e-12   47.1   0.2   2   2   0.00058     0.061   12.0   0.1    27    53    77   103    70   105 0.88 -
ptg000155l:2161031-2161372   -            114 12843at33392         -            533   1.5e-12   47.0   0.2   1   2   9.5e-07    0.0001   21.2   0.1    17    72     2    57     1    59 0.95 -
ptg000155l:2161031-2161372   -            114 12843at33392         -            533   1.5e-12   47.0   0.2   2   2   7.7e-08   8.1e-06   24.8   0.0     6    58    57   109    56   114 0.90 -
ptg000289l:293978-294349     -            124 12843at33392         -            533   1.7e-12   46.8   0.0   1   1     1e-13   1.1e-11   44.2   0.0   146   263     2   119     1   122 0.95 -
ptg000289l:379614-379994     -            127 12843at33392         -            533   2.7e-12   46.2   0.3   1   2   6.9e-10   7.3e-08   31.6   0.1     4    67    10    73     8    81 0.95 -
ptg000289l:379614-379994     -            127 12843at33392         -            533   2.7e-12   46.2   0.3   2   2   0.00025     0.026   13.3   0.0     5    45    82   122    78   127 0.76 -
ptg000159l:5217463-5217843   -            127 12843at33392         -            533   3.8e-12   45.7   0.4   1   2   8.7e-10   9.1e-08   31.3   0.1     4    67    10    73     7    81 0.94 -
ptg000159l:5217463-5217843   -            127 12843at33392         -            533   3.8e-12   45.7   0.4   2   2   0.00025     0.026   13.3   0.0     5    45    82   122    78   127 0.76 -
ptg000158l:6483653-6483931   -             93 12843at33392         -            533     6e-12   45.1   0.6   1   1   7.3e-14   7.6e-12   44.7   0.6    12    90     1    79     1    93 0.86 -
ptg000003l:1583564-1583878   -            105 12843at33392         -            533     6e-12   45.0   0.0   1   1   6.4e-14   6.7e-12   44.9   0.0   159   262     2   105     1   105 0.92 -
ptg000159l:5165133-5165570   -            146 12843at33392         -            533     1e-11   44.3   0.0   1   2   4.4e-07   4.6e-05   22.3   0.0     4    67     7    70     5    77 0.92 -
ptg000159l:5165133-5165570   -            146 12843at33392         -            533     1e-11   44.3   0.0   2   2   1.9e-06    0.0002   20.2   0.0    10    66    84   140    75   146 0.61 -
ptg000159l:5132596-5132955   -            120 12843at33392         -            533   1.1e-11   44.2   0.1   1   1   2.7e-13   2.8e-11   42.9   0.1   109   218     1   116     1   120 0.80 -
ptg000289l:326075-326410     -            112 12843at33392         -            533   1.2e-11   44.0   0.0   1   1   1.2e-13   1.3e-11   44.0   0.0   187   293     1   111     1   112 0.90 -
ptg000159l:5161344-5161673   -            110 12843at33392         -            533   1.6e-11   43.6   0.0   1   1   1.7e-13   1.8e-11   43.5   0.0   187   286     1   101     1   109 0.93 -
ptg000061l:4626017-4626391   -            125 12843at33392         -            533   1.7e-11   43.6   0.4   1   1   9.5e-13     1e-10   41.0   0.4   120   227     2   123     1   125 0.82 -
ptg000159l:5207053-5207385   -            111 12843at33392         -            533   1.7e-11   43.6   0.9   1   1   2.4e-13   2.5e-11   43.0   0.9    99   192     5   107     1   111 0.81 -
ptg000467l:1168839-1169144   -            102 12843at33392         -            533   1.9e-11   43.4   0.0   1   1   2.1e-13   2.2e-11   43.2   0.0   175   265     2    93     1   102 0.90 -
ptg000061l:5569073-5569294   -             74 12843at33392         -            533   3.2e-11   42.6   0.4   1   1   3.1e-13   3.3e-11   42.6   0.4    22    87     3    68     1    74 0.91 -
ptg000003l:1504701-1505123   -            141 12843at33392         -            533   3.3e-11   42.6   0.4   1   2   4.2e-09   4.4e-07   29.0   0.0     6    46    20    60    16    63 0.93 -
ptg000003l:1504701-1505123   -            141 12843at33392         -            533   3.3e-11   42.6   0.4   2   2    0.0013      0.13   10.9   0.0     8    66    82   140    74   141 0.84 -
ptg000003l:3962640-3962963   -            108 12843at33392         -            533   4.3e-11   42.2   0.2   1   1   4.8e-13     5e-11   42.0   0.2   214   317     2   103     1   106 0.87 -
ptg000159l:226060-226356     -             99 12843at33392         -            533   5.1e-11   42.0   0.1   1   1   5.8e-13   6.1e-11   41.7   0.1   194   282     6    95     2    98 0.87 -
ptg000008l:8664767-8676502   -            370 12843at33392         -            533   5.2e-11   42.0   0.2   1   1   6.9e-13   7.2e-11   41.5   0.2     3    95    33   126    31   139 0.89 -
ptg000289l:328277-328717     -            147 12843at33392         -            533     8e-11   41.3   0.0   1   1     2e-06   0.00021   20.1   0.0     4    67     8    71     6    80 0.90 -
ptg000311l:14985374-14985673 -            100 12843at33392         -            533   8.6e-11   41.2   0.1   1   1   9.1e-13   9.6e-11   41.1   0.1   176   241     1    66     1    78 0.91 -
ptg000035l:1257782-1258339   -            186 12843at33392         -            533   9.3e-11   41.1   0.1   1   2   3.4e-08   3.5e-06   26.0   0.0   228   302    34   108    29   111 0.88 -
ptg000035l:1257782-1258339   -            186 12843at33392         -            533   9.3e-11   41.1   0.1   2   2    0.0073      0.76    8.4   0.0    11    53   143   185   138   186 0.91 -
ptg000108l:5980926-5981351   -            142 12843at33392         -            533   2.7e-10   39.6   0.9   1   2   2.3e-05    0.0024   16.7   0.1    32    88    12    69     5    83 0.53 -
ptg000108l:5980926-5981351   -            142 12843at33392         -            533   2.7e-10   39.6   0.9   2   2   1.5e-06   0.00016   20.6   0.1     7    52    87   132    82   141 0.90 -
ptg000216l:2564080-2564490   -            137 12843at33392         -            533   4.7e-10   38.8   0.9   1   2   1.7e-07   1.8e-05   23.7   0.1   136   212    15    91     5    91 0.77 -
ptg000216l:2564080-2564490   -            137 12843at33392         -            533   4.7e-10   38.8   0.9   2   2   2.4e-06   0.00025   19.9   0.1     7    52    82   127    76   135 0.90 -
ptg000289l:386382-386642     -             87 12843at33392         -            533   5.4e-10   38.6   0.2   1   1   5.8e-12   6.1e-10   38.4   0.2   177   261     2    86     1    87 0.60 -
ptg000289l:370671-370970     -            100 12843at33392         -            533   1.8e-09   36.9   0.1   1   1     2e-11   2.1e-09   36.7   0.1   190   284     4    99     1   100 0.72 -
ptg000024l:31998947-32104276 -           2461 12843at33392         -            533   2.2e-09   36.6   9.2   1   4     6e-10   6.3e-08   31.8   0.7   178   329     2   156     1   160 0.80 -
ptg000024l:31998947-32104276 -           2461 12843at33392         -            533   2.2e-09   36.6   9.2   2   4      0.19        20    3.7   0.0     3    33   161   191   159   194 0.94 -
ptg000024l:31998947-32104276 -           2461 12843at33392         -            533   2.2e-09   36.6   9.2   3   4       1.5   1.6e+02    0.7   0.0     6    37   218   249   214   258 0.87 -
ptg000024l:31998947-32104276 -           2461 12843at33392         -            533   2.2e-09   36.6   9.2   4   4      0.61        64    2.1   0.1   172   203   318   349   310   353 0.91 -
ptg000233l:389160-389462     -            101 12843at33392         -            533   2.4e-09   36.5   0.5   1   1   2.7e-11   2.8e-09   36.3   0.5   143   228    13    98     7   101 0.83 -
ptg000420l:400646-400948     -            101 12843at33392         -            533   2.4e-09   36.5   0.5   1   1   2.7e-11   2.8e-09   36.3   0.5   143   228    13    98     7   101 0.83 -
ptg000270l:270347-270643     -             99 12843at33392         -            533   2.6e-09   36.4   0.0   1   1   2.9e-11     3e-09   36.2   0.0     6   104     1    98     1    99 0.90 -
ptg000159l:5127138-5127437   -            100 12843at33392         -            533   4.5e-09   35.6   0.0   1   1   4.6e-11   4.8e-09   35.5   0.0    27   124     4    99     1   100 0.51 -
ptg000108l:6005640-6006113   -            158 12843at33392         -            533   6.8e-09   35.0   0.1   1   1   8.9e-11   9.3e-09   34.5   0.1   145   283     7   152     1   157 0.56 -
ptg000024l:38913059-38913250 -             64 12843at33392         -            533   8.6e-09   34.6   0.1   1   1   8.6e-11   9.1e-09   34.6   0.1   178   239     3    64     1    64 0.95 -
ptg000159l:5138831-5139076   -             82 12843at33392         -            533   9.1e-09   34.6   0.0   1   1   9.6e-11     1e-08   34.4   0.0     7    82     6    81     2    82 0.77 -
ptg000582l:364190-364381     -             64 12843at33392         -            533   9.4e-09   34.5   0.0   1   1   9.6e-11     1e-08   34.4   0.0   178   239     3    64     1    64 0.97 -
ptg000289l:302102-302347     -             82 12843at33392         -            533   1.1e-08   34.3   0.0   1   1   1.2e-10   1.2e-08   34.1   0.0     7    82     6    81     2    82 0.75 -
ptg000080l:9623766-9633941   -            553 12843at33392         -            533   1.4e-08   33.9   0.0   1   1   1.9e-10     2e-08   33.4   0.0   139   197   473   531   446   542 0.78 -
ptg000582l:369749-370006     -             86 12843at33392         -            533   1.8e-08   33.6   0.1   1   1   2.5e-10   2.6e-08   33.0   0.1   186   261     9    84     1    86 0.76 -
ptg000793l:100658-100915     -             86 12843at33392         -            533   1.8e-08   33.6   0.1   1   1   2.5e-10   2.6e-08   33.0   0.1   186   261     9    84     1    86 0.76 -
ptg000793l:95093-95278       -             62 12843at33392         -            533   1.6e-07   30.4   0.0   1   1   1.6e-09   1.7e-07   30.4   0.0   178   236     3    61     1    62 0.86 -
ptg000155l:2164969-2165262   -             98 12843at33392         -            533   2.3e-07   29.9   0.0   1   1   2.9e-09     3e-07   29.5   0.0   141   200    39    98    31    98 0.91 -
ptg000149l:8104876-8105064   -             63 12843at33392         -            533   6.4e-07   28.5   0.0   1   1   6.6e-09   6.9e-07   28.3   0.0   170   228     5    63     2    63 0.97 -
ptg000061l:6746268-6746597   -            110 12843at33392         -            533   6.6e-07   28.4   1.5   1   2   3.1e-05    0.0032   16.2   0.2   176   220     1    46     1    49 0.77 -
ptg000061l:6746268-6746597   -            110 12843at33392         -            533   6.6e-07   28.4   1.5   2   2   0.00071     0.074   11.7   0.1   134   156    81   103    71   110 0.54 -
ptg000234l:1039287-1039607   -            107 12843at33392         -            533   7.5e-07   28.2   2.2   1   1   9.4e-09   9.9e-07   27.8   2.2   143   234     1    92     1   103 0.85 -
ptg000080l:23402305-23402457 -             51 12843at33392         -            533   7.7e-07   28.2   1.2   1   1     2e-08   2.1e-06   26.7   1.2   176   224     2    50     1    51 0.70 -
ptg000358l:86004-88535       -            844 12843at33392         -            533   1.4e-06   27.4   2.5   1   4   0.00064     0.067   11.9   0.0   129   166   301   339   278   355 0.85 -
ptg000358l:86004-88535       -            844 12843at33392         -            533   1.4e-06   27.4   2.5   2   4      0.11        11    4.6   0.1   134   163   391   421   360   451 0.76 -
ptg000358l:86004-88535       -            844 12843at33392         -            533   1.4e-06   27.4   2.5   3   4       2.3   2.4e+02    0.2   0.0     5    40   570   605   566   625 0.65 -
ptg000358l:86004-88535       -            844 12843at33392         -            533   1.4e-06   27.4   2.5   4   4      0.15        16    4.1   0.0     6    53   704   759   697   773 0.57 -
ptg000352l:3471832-3473409   -            526 12843at33392         -            533   1.5e-06   27.3   1.2   1   5       6.5   6.8e+02   -1.3   0.0   141   155     2    16     1    51 0.62 -
ptg000352l:3471832-3473409   -            526 12843at33392         -            533   1.5e-06   27.3   1.2   2   5     0.021       2.2    6.9   0.0   127   150   111   134    72   143 0.77 -
ptg000352l:3471832-3473409   -            526 12843at33392         -            533   1.5e-06   27.3   1.2   3   5    0.0024      0.26   10.0   0.0    89   153   164   230   156   252 0.79 -
ptg000352l:3471832-3473409   -            526 12843at33392         -            533   1.5e-06   27.3   1.2   4   5       0.8        84    1.7   1.4   271   283   344   356   291   488 0.67 -
ptg000352l:3471832-3473409   -            526 12843at33392         -            533   1.5e-06   27.3   1.2   5   5       2.2   2.3e+02    0.2   0.0   238   294   435   499   420   506 0.62 -
ptg000112l:2479314-2479598   -             95 12843at33392         -            533   1.9e-06   26.9   0.0   1   1   2.4e-08   2.5e-06   26.5   0.0     9    86     4    79     1    95 0.57 -
ptg000198l:247040-249571     -            844 12843at33392         -            533   2.1e-06   26.8   1.7   1   3    0.0022      0.23   10.1   0.0   131   166   303   339   297   354 0.81 -
ptg000198l:247040-249571     -            844 12843at33392         -            533   2.1e-06   26.8   1.7   2   3      0.18        19    3.8   0.1   135   155   392   414   378   451 0.74 -
ptg000198l:247040-249571     -            844 12843at33392         -            533   2.1e-06   26.8   1.7   3   3     0.024       2.5    6.7   0.0    13   134   668   811   656   823 0.51 -
ptg000020l:258066-258221     -             52 12843at33392         -            533   4.2e-06   25.8   0.2   1   1   4.2e-08   4.4e-06   25.7   0.2   183   234     1    52     1    52 0.95 -
ptg000385l:1167138-1167458   -            107 12843at33392         -            533   5.5e-06   25.4   0.1   1   2    0.0026      0.28    9.9   0.0    62   106     1    48     1    53 0.69 -
ptg000385l:1167138-1167458   -            107 12843at33392         -            533   5.5e-06   25.4   0.1   2   2   5.6e-05    0.0058   15.4   0.1   184   229    44    89    32   107 0.61 -
ptg000240l:2672423-2704589   -            658 12843at33392         -            533   2.4e-05   23.3   0.1   1   2   1.1e-06   0.00011   21.1   0.0    15    92   135   213   125   228 0.85 -
ptg000240l:2672423-2704589   -            658 12843at33392         -            533   2.4e-05   23.3   0.1   2   2       5.4   5.6e+02   -1.1   0.2   367   405   520   560   481   565 0.67 -
ptg000099l:1860578-1875491   -            685 12843at33392         -            533   3.8e-05   22.6   3.1   1   4    0.0004     0.041   12.6   0.1   232   300    61   131    19   138 0.74 -
ptg000099l:1860578-1875491   -            685 12843at33392         -            533   3.8e-05   22.6   3.1   2   4     0.032       3.3    6.3   0.1   221   325   177   281   167   288 0.73 -
ptg000099l:1860578-1875491   -            685 12843at33392         -            533   3.8e-05   22.6   3.1   3   4     0.044       4.6    5.8   0.1    12    84   232   312   230   318 0.74 -
ptg000099l:1860578-1875491   -            685 12843at33392         -            533   3.8e-05   22.6   3.1   4   4       2.2   2.3e+02    0.2   0.0    47    85   411   448   405   467 0.80 -
ptg000039l:3640442-3643680   -            532 12843at33392         -            533   4.2e-05   22.5   0.2   1   2      0.35        37    2.9   0.0   178   218     5    46     2    58 0.62 -
ptg000039l:3640442-3643680   -            532 12843at33392         -            533   4.2e-05   22.5   0.2   2   2   2.6e-05    0.0027   16.5   0.0     6    49    61   104    56   112 0.89 -
ptg000061l:1292702-1292974   -             91 12843at33392         -            533   4.5e-05   22.4   0.0   1   1   4.3e-07   4.5e-05   22.4   0.0   240   301    25    90     2    91 0.83 -
ptg000155l:3559715-3566492   -            533 12843at33392         -            533   5.1e-05   22.2   0.1   1   2      0.34        35    2.9   0.0    15    53     5    44     2    58 0.60 -
ptg000155l:3559715-3566492   -            533 12843at33392         -            533   5.1e-05   22.2   0.1   2   2   2.1e-05    0.0022   16.8   0.0     6    50    62   106    57   125 0.89 -
ptg000385l:1167857-1168009   -             51 12843at33392         -            533   5.4e-05   22.1   0.1   1   1   5.3e-07   5.6e-05   22.1   0.1    23    70     3    51     1    51 0.66 -
ptg000118l:1942519-1952029   -            537 12843at33392         -            533   9.2e-05   21.3   1.3   1   1   3.1e-06   0.00032   19.5   0.2   178   281     5   109     2   165 0.57 -
ptg000233l:297528-305397     -            303 12843at33392         -            533   9.2e-05   21.3   0.1   1   1   1.2e-06   0.00013   20.9   0.1   123   187   216   283   203   301 0.61 -
ptg000420l:309154-315645     -            283 12843at33392         -            533    0.0002   20.2   0.1   1   1   2.6e-06   0.00027   19.8   0.1   121   185   214   281   201   283 0.83 -
ptg000012l:9173550-9173687   -             46 12843at33392         -            533   0.00022   20.1   0.0   1   1   2.1e-06   0.00022   20.1   0.0    13    54     1    42     1    46 0.80 -
ptg000529l:128859-128996     -             46 12843at33392         -            533   0.00022   20.1   0.0   1   1   2.1e-06   0.00022   20.1   0.0    13    54     1    42     1    46 0.80 -
ptg000080l:23402704-23402982 -             93 12843at33392         -            533   0.00022   20.1   0.1   1   1   2.2e-06   0.00024   20.0   0.1     5    53     7    56     4    86 0.81 -
ptg000160l:4157242-4157562   -            107 12843at33392         -            533   0.00023   20.0   0.0   1   1   2.4e-06   0.00025   19.9   0.0   247   313     1    65     1    90 0.77 -
ptg000003l:105360-107609     -            750 12843at33392         -            533   0.00028   19.8   1.3   1   3       4.5   4.7e+02   -0.8   0.0   272   286   271   285   265   318 0.69 -
ptg000003l:105360-107609     -            750 12843at33392         -            533   0.00028   19.8   1.3   2   3     0.048         5    5.7   0.0   129   151   384   406   367   444 0.71 -
ptg000003l:105360-107609     -            750 12843at33392         -            533   0.00028   19.8   1.3   3   3    0.0036      0.37    9.4   0.1    89   294   432   677   422   681 0.63 -
ptg000039l:3648201-3648380   -             60 12843at33392         -            533   0.00042   19.2   0.0   1   1   4.2e-06   0.00044   19.1   0.0    12    61     8    59     2    60 0.49 -
ptg000122l:24587003-24685330 -           1353 12843at33392         -            533   0.00043   19.1   0.0   1   1   4.1e-06   0.00043   19.1   0.0   178   263   817   903   773   950 0.79 -
ptg000007l:3799087-3801429   -            781 12843at33392         -            533   0.00095   18.0   0.0   1   3      0.34        36    2.9   0.0   272   319   271   323   265   329 0.73 -
ptg000007l:3799087-3801429   -            781 12843at33392         -            533   0.00095   18.0   0.0   2   3    0.0026      0.27    9.9   0.0     4    58   390   444   387   454 0.84 -
ptg000007l:3799087-3801429   -            781 12843at33392         -            533   0.00095   18.0   0.0   3   3       2.7   2.8e+02   -0.1   0.0   238   294   632   696   624   701 0.68 -
ptg000155l:551477-551611     -             45 12843at33392         -            533    0.0012   17.7   0.1   1   1   1.2e-05    0.0012   17.6   0.1     6    40    11    45     6    45 0.80 -
ptg001087l:44582-47218       -            879 12843at33392         -            533    0.0048   15.7   2.7   1   4      0.75        78    1.8   0.0   112   163   199   251   184   304 0.59 -
ptg001087l:44582-47218       -            879 12843at33392         -            533    0.0048   15.7   2.7   2   4    0.0099         1    8.0   0.0     5    61   389   445   386   459 0.83 -
ptg001087l:44582-47218       -            879 12843at33392         -            533    0.0048   15.7   2.7   3   4         2   2.1e+02    0.3   0.0   135   153   555   573   548   591 0.68 -
ptg001087l:44582-47218       -            879 12843at33392         -            533    0.0048   15.7   2.7   4   4       3.4   3.5e+02   -0.4   0.0   138   184   602   662   591   674 0.56 -
ptg000849l:9389-11122        -            578 12843at33392         -            533     0.052   12.3   0.9   1   5       3.8     4e+02   -0.5   0.0    10    21    83    94    70   139 0.47 -
ptg000849l:9389-11122        -            578 12843at33392         -            533     0.052   12.3   0.9   2   5       3.3   3.5e+02   -0.4   0.0    89   150   216   279   206   284 0.68 -
ptg000849l:9389-11122        -            578 12843at33392         -            533     0.052   12.3   0.9   3   5      0.19        20    3.7   0.1   135   153   349   367   342   385 0.72 -
ptg000849l:9389-11122        -            578 12843at33392         -            533     0.052   12.3   0.9   4   5      0.82        86    1.6   0.0   135   184   393   456   385   472 0.66 -
ptg000849l:9389-11122        -            578 12843at33392         -            533     0.052   12.3   0.9   5   5       9.1   9.6e+02   -1.8   0.0    74    87   527   540   479   560 0.65 -
ptg000126l:5149515-5149658   -             48 12843at33392         -            533     0.097   11.4   0.0   1   1   0.00097       0.1   11.3   0.0   147   194     1    47     1    48 0.84 -
#
# Program:         hmmsearch
# Version:         3.2.1 (June 2018)
# Pipeline mode:   SEARCH
# Query file:      /home/tpsylvst/projects/diaprepes_assembly/busco/busco_downloads/lineages/endopterygota_odb10/hmms/12843at33392.hmm
# Target file:     /home/tpsylvst/projects/diaprepes_assembly/busco/diaprepes_busco/run_endopterygota_odb10/metaeuk_output/initial_results/diaprepes.fa.modified.fas
# Option settings: hmmsearch --domtblout /home/tpsylvst/projects/diaprepes_assembly/busco/diaprepes_busco/run_endopterygota_odb10/hmmer_output/initial_run_results/12843at33392.out --cpu 1 /home/tpsylvst/projects/diaprepes_assembly/busco/busco_downloads/lineages/endopterygota_odb10/hmms/12843at33392.hmm /home/tpsylvst/projects/diaprepes_assembly/busco/diaprepes_busco/run_endopterygota_odb10/metaeuk_output/initial_results/diaprepes.fa.modified.fas 
# Current dir:     /home/tpsylvst/projects/diaprepes_assembly/busco
# Date:            Mon Nov 28 14:22:54 2022
# [ok]
