#                                                                                    --- full sequence --- -------------- this domain -------------   hmm coord   ali coord   env coord
# target name                accession   tlen query name           accession   qlen   E-value  score  bias   #  of  c-Evalue  i-Evalue  score  bias  from    to  from    to  from    to  acc description of target
#        ------------------- ---------- ----- -------------------- ---------- ----- --------- ------ ----- --- --- --------- --------- ------ ----- ----- ----- ----- ----- ----- ----- ---- ---------------------
ptg000155l:3026994-3027653   -            126 131941at33392        -            106   1.1e-40  138.0  10.6   1   1   2.2e-44   1.3e-40  137.7  10.6     1   106     3   112     3   112 0.95 -
ptg000021l:5598972-5599542   -            147 131941at33392        -            106     0.019   15.0   2.4   1   1   4.9e-06      0.03   14.4   2.4    13    85    24   101    18   120 0.70 -
ptg000279l:14392530-14393399 -            290 131941at33392        -            106      0.57   10.3   8.9   1   5    0.0001      0.64   10.1   0.2     3    51     7    53     5    63 0.87 -
ptg000279l:14392530-14393399 -            290 131941at33392        -            106      0.57   10.3   8.9   2   5      0.68   4.2e+03   -2.1   0.0    13    23    84    94    75   111 0.71 -
ptg000279l:14392530-14393399 -            290 131941at33392        -            106      0.57   10.3   8.9   3   5      0.15   9.5e+02   -0.0   0.1     6    28   108   130    96   151 0.69 -
ptg000279l:14392530-14393399 -            290 131941at33392        -            106      0.57   10.3   8.9   4   5     0.094   5.8e+02    0.6   0.0     6    48   133   173   126   193 0.72 -
ptg000279l:14392530-14393399 -            290 131941at33392        -            106      0.57   10.3   8.9   5   5     0.051   3.2e+02    1.5   0.1     5    27   194   216   189   245 0.80 -
#
# Program:         hmmsearch
# Version:         3.2.1 (June 2018)
# Pipeline mode:   SEARCH
# Query file:      /home/tpsylvst/projects/diaprepes_assembly/busco/busco_downloads/lineages/endopterygota_odb10/hmms/131941at33392.hmm
# Target file:     /home/tpsylvst/projects/diaprepes_assembly/busco/diaprepes_busco/run_endopterygota_odb10/metaeuk_output/initial_results/diaprepes.fa.modified.fas
# Option settings: hmmsearch --domtblout /home/tpsylvst/projects/diaprepes_assembly/busco/diaprepes_busco/run_endopterygota_odb10/hmmer_output/initial_run_results/131941at33392.out --cpu 1 /home/tpsylvst/projects/diaprepes_assembly/busco/busco_downloads/lineages/endopterygota_odb10/hmms/131941at33392.hmm /home/tpsylvst/projects/diaprepes_assembly/busco/diaprepes_busco/run_endopterygota_odb10/metaeuk_output/initial_results/diaprepes.fa.modified.fas 
# Current dir:     /home/tpsylvst/projects/diaprepes_assembly/busco
# Date:            Mon Nov 28 14:22:55 2022
# [ok]
