#                                                                                    --- full sequence --- -------------- this domain -------------   hmm coord   ali coord   env coord
# target name                accession   tlen query name           accession   qlen   E-value  score  bias   #  of  c-Evalue  i-Evalue  score  bias  from    to  from    to  from    to  acc description of target
#        ------------------- ---------- ----- -------------------- ---------- ----- --------- ------ ----- --- --- --------- --------- ------ ----- ----- ----- ----- ----- ----- ----- ---- ---------------------
ptg000170l:11065277-11104683 -           1209 17002at33392         -            976  6.7e-282  937.7  66.9   1   2   2.1e-64   8.8e-62  209.1   0.1     1   213     6   251     6   256 0.88 -
ptg000170l:11065277-11104683 -           1209 17002at33392         -            976  6.7e-282  937.7  66.9   2   2  2.9e-221  1.2e-218  728.3  62.9   190   974   252  1174   251  1176 0.84 -
ptg000107l:568379-571354     -            467 17002at33392         -            976   5.4e-08   31.1   4.6   1   4   2.9e-07   0.00012   19.9   0.2   367   435   106   181   100   199 0.82 -
ptg000107l:568379-571354     -            467 17002at33392         -            976   5.4e-08   31.1   4.6   2   4       1.6   6.8e+02   -2.4   0.1   285   333   236   245   204   265 0.51 -
ptg000107l:568379-571354     -            467 17002at33392         -            976   5.4e-08   31.1   4.6   3   4     0.046        19    2.7   0.0   293   327   371   406   368   411 0.73 -
ptg000107l:568379-571354     -            467 17002at33392         -            976   5.4e-08   31.1   4.6   4   4    0.0018      0.75    7.4   0.0   293   342   413   463   409   467 0.82 -
ptg000083l:5654212-5657144   -            501 17002at33392         -            976   1.3e-07   29.7   0.2   1   2     0.004       1.7    6.3   0.0   491   522   206   237   199   248 0.87 -
ptg000083l:5654212-5657144   -            501 17002at33392         -            976   1.3e-07   29.7   0.2   2   2   5.2e-07   0.00022   19.1   0.3   397   527   256   377   247   393 0.84 -
ptg000250l:1861398-1892629   -            787 17002at33392         -            976     2e-07   29.2  10.6   1   5   5.3e-05     0.022   12.5   0.0   295   386   109   203    91   210 0.88 -
ptg000250l:1861398-1892629   -            787 17002at33392         -            976     2e-07   29.2  10.6   2   5       1.4   5.9e+02   -2.2   0.0   504   540   244   275   239   288 0.61 -
ptg000250l:1861398-1892629   -            787 17002at33392         -            976     2e-07   29.2  10.6   3   5     3e-05     0.012   13.3   0.1   372   455   336   425   303   446 0.77 -
ptg000250l:1861398-1892629   -            787 17002at33392         -            976     2e-07   29.2  10.6   4   5      0.18        75    0.8   0.0    39    74   466   503   455   519 0.68 -
ptg000250l:1861398-1892629   -            787 17002at33392         -            976     2e-07   29.2  10.6   5   5     0.032        13    3.3   2.7   296   520   494   630   475   667 0.51 -
ptg000072l:663502-697163     -            787 17002at33392         -            976   2.3e-07   29.0  11.1   1   5   8.6e-05     0.036   11.8   0.1   295   385   109   202    92   207 0.87 -
ptg000072l:663502-697163     -            787 17002at33392         -            976   2.3e-07   29.0  11.1   2   5       2.1   8.7e+02   -2.7   0.0   506   538   246   273   241   280 0.53 -
ptg000072l:663502-697163     -            787 17002at33392         -            976   2.3e-07   29.0  11.1   3   5   2.3e-05    0.0097   13.7   0.1   373   455   337   425   304   446 0.77 -
ptg000072l:663502-697163     -            787 17002at33392         -            976   2.3e-07   29.0  11.1   4   5      0.18        74    0.8   0.0    38    74   465   503   454   508 0.65 -
ptg000072l:663502-697163     -            787 17002at33392         -            976   2.3e-07   29.0  11.1   5   5     0.024        10    3.7   2.2   300   521   497   631   477   667 0.50 -
ptg000050l:3603959-3604570   -            204 17002at33392         -            976   7.5e-07   27.3   0.9   1   2   0.00047       0.2    9.3   0.0   493   521    51    79    30    85 0.83 -
ptg000050l:3603959-3604570   -            204 17002at33392         -            976   7.5e-07   27.3   0.9   2   2     1e-05    0.0043   14.8   0.1   294   374   105   187    96   204 0.74 -
ptg000295l:115334-115933     -            200 17002at33392         -            976     1e-06   26.8   2.6   1   1   2.9e-09   1.2e-06   26.6   2.6   293   425    58   199    13   200 0.83 -
ptg000062l:10796551-10808865 -            176 17002at33392         -            976   5.9e-06   24.3   0.6   1   3    0.0045       1.9    6.1   0.0   283   312    11    42     4    49 0.80 -
ptg000062l:10796551-10808865 -            176 17002at33392         -            976   5.9e-06   24.3   0.6   2   3     0.028        12    3.4   0.1   294   332    57    96    43    99 0.62 -
ptg000062l:10796551-10808865 -            176 17002at33392         -            976   5.9e-06   24.3   0.6   3   3   7.6e-05     0.032   11.9   0.0   293   342   107   157   105   169 0.86 -
ptg000122l:27110314-27116978 -            497 17002at33392         -            976   7.9e-06   23.9   0.0   1   2   0.00013     0.053   11.2   0.0   292   336   271   315   230   326 0.88 -
ptg000122l:27110314-27116978 -            497 17002at33392         -            976   7.9e-06   23.9   0.0   2   2   0.00032      0.13    9.9   0.0    50   107   385   444   362   452 0.84 -
ptg000177l:3005450-3019675   -            593 17002at33392         -            976   1.5e-05   23.0   0.0   1   3     0.018       7.4    4.1   0.0   353   440   172   268   140   277 0.72 -
ptg000177l:3005450-3019675   -            593 17002at33392         -            976   1.5e-05   23.0   0.0   2   3    0.0063       2.6    5.6   0.0   392   429   305   343   302   348 0.85 -
ptg000177l:3005450-3019675   -            593 17002at33392         -            976   1.5e-05   23.0   0.0   3   3   0.00047       0.2    9.3   0.0   325   456   436   576   385   587 0.79 -
ptg000034l:1830036-1844023   -            593 17002at33392         -            976   1.5e-05   23.0   0.0   1   3     0.018       7.4    4.1   0.0   353   440   172   268   140   277 0.72 -
ptg000034l:1830036-1844023   -            593 17002at33392         -            976   1.5e-05   23.0   0.0   2   3    0.0063       2.6    5.6   0.0   392   429   305   343   302   348 0.85 -
ptg000034l:1830036-1844023   -            593 17002at33392         -            976   1.5e-05   23.0   0.0   3   3   0.00047       0.2    9.3   0.0   325   456   436   576   385   587 0.79 -
ptg000234l:887257-890180     -            321 17002at33392         -            976   3.3e-05   21.9   0.9   1   5      0.22        94    0.5   0.0   503   526    29    52    14    55 0.80 -
ptg000234l:887257-890180     -            321 17002at33392         -            976   3.3e-05   21.9   0.9   2   5     0.011       4.8    4.7   0.0   490   522    63    95    59   109 0.86 -
ptg000234l:887257-890180     -            321 17002at33392         -            976   3.3e-05   21.9   0.9   3   5     0.045        19    2.8   0.0   493   521   108   136   100   144 0.81 -
ptg000234l:887257-890180     -            321 17002at33392         -            976   3.3e-05   21.9   0.9   4   5    0.0026       1.1    6.9   0.0   291   384   163   256   160   263 0.71 -
ptg000234l:887257-890180     -            321 17002at33392         -            976   3.3e-05   21.9   0.9   5   5      0.39   1.7e+02   -0.3   0.0   363   388   289   315   283   320 0.57 -
ptg000165l:6621938-6623854   -            639 17002at33392         -            976   8.1e-05   20.5   6.9   1   3      0.02       8.5    3.9   0.2   262   307    51    96    29   100 0.73 -
ptg000165l:6621938-6623854   -            639 17002at33392         -            976   8.1e-05   20.5   6.9   2   3   8.5e-05     0.036   11.8   0.3   374   428    82   142    73   170 0.82 -
ptg000165l:6621938-6623854   -            639 17002at33392         -            976   8.1e-05   20.5   6.9   3   3   0.00026      0.11   10.2   0.7   393   530   199   326   192   334 0.65 -
ptg000174l:3845990-3871090   -            693 17002at33392         -            976   9.4e-05   20.3   0.5   1   5     0.041        17    2.9   0.0   291   309   386   403   369   411 0.78 -
ptg000174l:3845990-3871090   -            693 17002at33392         -            976   9.4e-05   20.3   0.5   2   5       2.2   9.4e+02   -2.8   0.0   400   427   434   461   424   464 0.78 -
ptg000174l:3845990-3871090   -            693 17002at33392         -            976   9.4e-05   20.3   0.5   3   5      0.98   4.1e+02   -1.7   0.0   497   525   490   518   485   521 0.79 -
ptg000174l:3845990-3871090   -            693 17002at33392         -            976   9.4e-05   20.3   0.5   4   5   0.00059      0.25    9.0   0.0   291   338   590   637   577   640 0.82 -
ptg000174l:3845990-3871090   -            693 17002at33392         -            976   9.4e-05   20.3   0.5   5   5     0.016       6.7    4.3   0.0   296   336   636   681   634   691 0.76 -
ptg000158l:11559299-11561431 -            325 17002at33392         -            976   0.00014   19.8   1.5   1   3       0.1        43    1.6   0.1   402   443    59    98    10   126 0.61 -
ptg000158l:11559299-11561431 -            325 17002at33392         -            976   0.00014   19.8   1.5   2   3   7.4e-05     0.031   12.0   0.1   401   432   151   182   146   198 0.90 -
ptg000158l:11559299-11561431 -            325 17002at33392         -            976   0.00014   19.8   1.5   3   3     0.019       8.2    4.0   0.0   291   337   201   246   187   251 0.81 -
ptg000280l:861311-863565     -            330 17002at33392         -            976   0.00048   18.0   0.0   1   2      0.34   1.4e+02   -0.1   0.0   487   542     7    65     4    76 0.77 -
ptg000280l:861311-863565     -            330 17002at33392         -            976   0.00048   18.0   0.0   2   2   6.1e-06    0.0026   15.6   0.0   372   433   130   195   124   210 0.85 -
ptg000026l:1960577-1972463   -            487 17002at33392         -            976   0.00054   17.8   0.8   1   2      0.41   1.7e+02   -0.4   0.0    63   101    60    98    31   107 0.83 -
ptg000026l:1960577-1972463   -            487 17002at33392         -            976   0.00054   17.8   0.8   2   2   6.7e-06    0.0028   15.4   0.3   389   428   121   161   114   178 0.83 -
ptg000302l:167032-176310     -            487 17002at33392         -            976   0.00055   17.8   0.8   1   2      0.38   1.6e+02   -0.3   0.0    63   103    60    99    31   110 0.83 -
ptg000302l:167032-176310     -            487 17002at33392         -            976   0.00055   17.8   0.8   2   2   6.8e-06    0.0028   15.4   0.3   389   428   121   161   114   178 0.83 -
ptg000012l:685315-685938     -            208 17002at33392         -            976   0.00061   17.6   1.7   1   1   1.6e-06   0.00069   17.5   1.7   855   965    92   205    64   208 0.86 -
ptg000058l:657538-657864     -            109 17002at33392         -            976   0.00077   17.3   0.0   1   2   0.00014     0.061   11.0   0.0   389   436    15    63     8    75 0.85 -
ptg000058l:657538-657864     -            109 17002at33392         -            976   0.00077   17.3   0.0   2   2    0.0046         2    6.0   0.0   493   521    68    96    61   109 0.55 -
ptg000661l:89096-91346       -            330 17002at33392         -            976   0.00095   17.0   0.0   1   2      0.35   1.5e+02   -0.2   0.0   487   542     7    65     4    75 0.77 -
ptg000661l:89096-91346       -            330 17002at33392         -            976   0.00095   17.0   0.0   2   2   1.2e-05     0.005   14.6   0.0   372   433   130   195   124   210 0.84 -
ptg000528l:2084538-2099073   -            406 17002at33392         -            976    0.0013   16.6   5.1   1   3    0.0063       2.7    5.6   0.3   388   426   197   236   196   243 0.91 -
ptg000528l:2084538-2099073   -            406 17002at33392         -            976    0.0013   16.6   5.1   2   3   0.00014     0.061   11.0   0.1   393   428   245   281   240   299 0.81 -
ptg000528l:2084538-2099073   -            406 17002at33392         -            976    0.0013   16.6   5.1   3   3       0.2        86    0.6   0.1   281   307   376   401   365   404 0.60 -
ptg000062l:29760089-29765008 -            430 17002at33392         -            976    0.0013   16.6   0.3   1   2       2.3   9.6e+02   -2.9   0.0   363   386   113   137   111   144 0.75 -
ptg000062l:29760089-29765008 -            430 17002at33392         -            976    0.0013   16.6   0.3   2   2   7.5e-05     0.032   12.0   0.0   319   426   172   291   166   302 0.74 -
ptg000281l:7722257-7724256   -            455 17002at33392         -            976    0.0027   15.5   0.1   1   3       0.6   2.5e+02   -1.0   0.0   163   192   116   144    89   161 0.79 -
ptg000281l:7722257-7724256   -            455 17002at33392         -            976    0.0027   15.5   0.1   2   3   0.00083      0.35    8.5   0.1   496   530   216   250   207   257 0.86 -
ptg000281l:7722257-7724256   -            455 17002at33392         -            976    0.0027   15.5   0.1   3   3     0.027        11    3.5   0.0    49    97   267   317   260   327 0.77 -
ptg000397l:1399927-1406048   -            478 17002at33392         -            976    0.0035   15.1   0.0   1   2     0.014       5.8    4.5   0.0   292   330   255   294   235   307 0.82 -
ptg000397l:1399927-1406048   -            478 17002at33392         -            976    0.0035   15.1   0.0   2   2   0.00078      0.33    8.6   0.0   292   337   383   431   362   459 0.77 -
ptg000025l:10283065-10284054 -            330 17002at33392         -            976    0.0063   14.3   1.9   1   5      0.37   1.6e+02   -0.3   0.0   492   518    10    36     3    45 0.84 -
ptg000025l:10283065-10284054 -            330 17002at33392         -            976    0.0063   14.3   1.9   2   5     0.019         8    4.0   0.0   316   348    92   125    65   133 0.50 -
ptg000025l:10283065-10284054 -            330 17002at33392         -            976    0.0063   14.3   1.9   3   5     0.059        25    2.4   0.0   294   314   112   131   109   142 0.83 -
ptg000025l:10283065-10284054 -            330 17002at33392         -            976    0.0063   14.3   1.9   4   5     0.023       9.9    3.7   0.0   293   314   193   213   189   242 0.75 -
ptg000025l:10283065-10284054 -            330 17002at33392         -            976    0.0063   14.3   1.9   5   5     0.069        29    2.1   0.0   301   379   243   321   233   329 0.72 -
ptg000726l:936968-938966     -            455 17002at33392         -            976    0.0068   14.2   0.2   1   3       0.6   2.5e+02   -1.0   0.0   163   192   116   144    89   161 0.79 -
ptg000726l:936968-938966     -            455 17002at33392         -            976    0.0068   14.2   0.2   2   3     0.002      0.86    7.2   0.1   500   530   220   250   210   258 0.86 -
ptg000726l:936968-938966     -            455 17002at33392         -            976    0.0068   14.2   0.2   3   3     0.026        11    3.5   0.0    49    97   267   317   259   327 0.77 -
ptg000232l:5962649-5964866   -            317 17002at33392         -            976    0.0082   13.9   0.1   1   2     0.088        37    1.8   0.0   493   518    26    51    10    60 0.86 -
ptg000232l:5962649-5964866   -            317 17002at33392         -            976    0.0082   13.9   0.1   2   2   0.00067      0.28    8.8   0.0   296   431   126   277   111   280 0.75 -
ptg000281l:4092285-4094572   -            331 17002at33392         -            976     0.017   12.9   0.9   1   3      0.34   1.4e+02   -0.1   0.1   282   307   101   125    61   129 0.77 -
ptg000281l:4092285-4094572   -            331 17002at33392         -            976     0.017   12.9   0.9   2   3     0.082        34    1.9   0.0   280   317   140   174   136   184 0.87 -
ptg000281l:4092285-4094572   -            331 17002at33392         -            976     0.017   12.9   0.9   3   3    0.0017      0.71    7.5   0.0   292   340   249   297   236   301 0.89 -
ptg000707l:733556-735859     -            331 17002at33392         -            976     0.017   12.9   0.9   1   3      0.34   1.4e+02   -0.1   0.1   282   307   101   125    61   129 0.77 -
ptg000707l:733556-735859     -            331 17002at33392         -            976     0.017   12.9   0.9   2   3     0.082        34    1.9   0.0   280   317   140   174   136   184 0.87 -
ptg000707l:733556-735859     -            331 17002at33392         -            976     0.017   12.9   0.9   3   3    0.0017      0.71    7.5   0.0   292   340   249   297   236   301 0.89 -
ptg000985l:208800-278179     -            182 17002at33392         -            976     0.022   12.5   2.0   1   2    0.0069       2.9    5.5   0.0   291   313    39    61    21    91 0.70 -
ptg000985l:208800-278179     -            182 17002at33392         -            976     0.022   12.5   2.0   2   2      0.15        63    1.0   0.0   296   312   107   123   101   139 0.82 -
ptg000062l:43949896-44114443 -            786 17002at33392         -            976     0.035   11.8   0.0   1   2     0.067        28    2.2   0.0   300   338    71   110    61   150 0.61 -
ptg000062l:43949896-44114443 -            786 17002at33392         -            976     0.035   11.8   0.0   2   2    0.0038       1.6    6.3   0.0   295   342   150   198   146   243 0.74 -
ptg000082l:9433196-9442375   -            767 17002at33392         -            976     0.041   11.6   2.9   1   4    0.0029       1.2    6.7   0.0   498   524    68    94    63   100 0.85 -
ptg000082l:9433196-9442375   -            767 17002at33392         -            976     0.041   11.6   2.9   2   4       1.4     6e+02   -2.2   0.1   387   387   255   255   208   295 0.52 -
ptg000082l:9433196-9442375   -            767 17002at33392         -            976     0.041   11.6   2.9   3   4     0.031        13    3.3   0.0    58   114   540   595   517   611 0.85 -
ptg000082l:9433196-9442375   -            767 17002at33392         -            976     0.041   11.6   2.9   4   4       1.4   5.8e+02   -2.2   0.0   496   518   626   648   615   653 0.78 -
ptg000314l:1168299-1170253   -            336 17002at33392         -            976     0.056   11.1   6.3   1   3     0.024       9.9    3.7   0.1   293   335    29    75     5    86 0.69 -
ptg000314l:1168299-1170253   -            336 17002at33392         -            976     0.056   11.1   6.3   2   3    0.0005      0.21    9.2   0.4   393   427   100   135    93   152 0.90 -
ptg000314l:1168299-1170253   -            336 17002at33392         -            976     0.056   11.1   6.3   3   3      0.59   2.5e+02   -0.9   0.1   402   425   310   334   293   336 0.50 -
ptg000080l:26771020-26771292 -             91 17002at33392         -            976     0.085   10.5   0.5   1   2   0.00042      0.18    9.5   0.2   493   520     8    35     4    61 0.89 -
ptg000080l:26771020-26771292 -             91 17002at33392         -            976     0.085   10.5   0.5   2   2      0.41   1.7e+02   -0.4   0.0   495   520    52    77    40    85 0.74 -
ptg000234l:878175-880795     -            420 17002at33392         -            976     0.089   10.5   0.6   1   3     0.088        37    1.8   0.0   504   521   187   204   178   220 0.84 -
ptg000234l:878175-880795     -            420 17002at33392         -            976     0.089   10.5   0.6   2   3    0.0086       3.6    5.1   0.0   281   331   271   323   261   332 0.79 -
ptg000234l:878175-880795     -            420 17002at33392         -            976     0.089   10.5   0.6   3   3     0.079        33    2.0   0.0   394   427   309   344   303   349 0.82 -
ptg000097l:4384630-4404514   -            462 17002at33392         -            976     0.097   10.4   0.1   1   1   0.00035      0.15    9.7   0.1   366   429    14    84     8    90 0.78 -
ptg000024l:27861126-27886824 -            495 17002at33392         -            976      0.18    9.4   0.0   1   3     0.017       7.3    4.1   0.0   294   335   268   311   264   325 0.75 -
ptg000024l:27861126-27886824 -            495 17002at33392         -            976      0.18    9.4   0.0   2   3     0.062        26    2.3   0.0   300   377   317   396   309   426 0.61 -
ptg000024l:27861126-27886824 -            495 17002at33392         -            976      0.18    9.4   0.0   3   3      0.08        34    1.9   0.0   300   389   359   452   341   486 0.59 -
ptg000026l:638777-640713     -            338 17002at33392         -            976       0.2    9.3   6.6   1   4       0.1        43    1.6   0.1   293   334    29    74     5    84 0.61 -
ptg000026l:638777-640713     -            338 17002at33392         -            976       0.2    9.3   6.6   2   4      0.32   1.4e+02   -0.1   0.0   484   518    54    88    45    98 0.80 -
ptg000026l:638777-640713     -            338 17002at33392         -            976       0.2    9.3   6.6   3   4   0.00047       0.2    9.3   0.7   392   427    99   135    61   153 0.87 -
ptg000026l:638777-640713     -            338 17002at33392         -            976       0.2    9.3   6.6   4   4       0.6   2.5e+02   -1.0   0.1   402   425   312   336   294   338 0.51 -
ptg000635l:344894-361938     -            792 17002at33392         -            976      0.37    8.4   4.1   1   2     0.014       5.8    4.5   0.1   499   522    67    90    41    98 0.71 -
ptg000635l:344894-361938     -            792 17002at33392         -            976      0.37    8.4   4.1   2   2     0.059        25    2.4   0.4   286   311   195   223   182   246 0.78 -
ptg000328l:2596100-2608001   -            790 17002at33392         -            976      0.38    8.4   4.1   1   2     0.014       5.7    4.5   0.1   499   522    67    90    41    98 0.71 -
ptg000328l:2596100-2608001   -            790 17002at33392         -            976      0.38    8.4   4.1   2   2     0.059        25    2.4   0.4   286   311   195   223   182   246 0.78 -
ptg000062l:12312921-12314967 -            292 17002at33392         -            976      0.43    8.2   3.3   1   4     0.076        32    2.0   0.0   293   307    26    39    23    56 0.84 -
ptg000062l:12312921-12314967 -            292 17002at33392         -            976      0.43    8.2   3.3   2   4     0.041        17    2.9   0.1   405   432    62    89    45   112 0.74 -
ptg000062l:12312921-12314967 -            292 17002at33392         -            976      0.43    8.2   3.3   3   4     0.085        36    1.8   0.2   392   401    90    99    67   165 0.52 -
ptg000062l:12312921-12314967 -            292 17002at33392         -            976      0.43    8.2   3.3   4   4      0.16        68    0.9   0.1   499   526   230   257   222   290 0.87 -
ptg000062l:6182778-6184080   -            374 17002at33392         -            976       1.6    6.4   7.9   1   6    0.0059       2.5    5.7   0.1   388   435    49    96    41   108 0.68 -
ptg000062l:6182778-6184080   -            374 17002at33392         -            976       1.6    6.4   7.9   2   6     0.063        27    2.3   0.1   493   529   102   138    96   139 0.94 -
ptg000062l:6182778-6184080   -            374 17002at33392         -            976       1.6    6.4   7.9   3   6      0.59   2.5e+02   -0.9   0.1   402   428   145   171   140   173 0.86 -
ptg000062l:6182778-6184080   -            374 17002at33392         -            976       1.6    6.4   7.9   4   6       2.5   1.1e+03   -3.0   0.0   299   336   201   238   197   240 0.84 -
ptg000062l:6182778-6184080   -            374 17002at33392         -            976       1.6    6.4   7.9   5   6       0.6   2.5e+02   -1.0   0.0   497   521   269   293   262   302 0.78 -
ptg000062l:6182778-6184080   -            374 17002at33392         -            976       1.6    6.4   7.9   6   6      0.84   3.5e+02   -1.4   0.0   416   447   322   352   312   373 0.55 -
ptg000054l:968792-985771     -            821 17002at33392         -            976       7.1    4.2   9.0   1   3       2.3   9.8e+02   -2.9   2.3   696   762   300   367   272   414 0.51 -
ptg000054l:968792-985771     -            821 17002at33392         -            976       7.1    4.2   9.0   2   3    0.0018      0.78    7.4   0.3   290   379   514   607   505   630 0.63 -
ptg000054l:968792-985771     -            821 17002at33392         -            976       7.1    4.2   9.0   3   3      0.37   1.5e+02   -0.3   0.0   497   539   692   733   688   740 0.81 -
#
# Program:         hmmsearch
# Version:         3.2.1 (June 2018)
# Pipeline mode:   SEARCH
# Query file:      /home/tpsylvst/projects/diaprepes_assembly/busco/busco_downloads/lineages/endopterygota_odb10/hmms/17002at33392.hmm
# Target file:     /home/tpsylvst/projects/diaprepes_assembly/busco/diaprepes_busco/run_endopterygota_odb10/metaeuk_output/initial_results/diaprepes.fa.modified.fas
# Option settings: hmmsearch --domtblout /home/tpsylvst/projects/diaprepes_assembly/busco/diaprepes_busco/run_endopterygota_odb10/hmmer_output/initial_run_results/17002at33392.out --cpu 1 /home/tpsylvst/projects/diaprepes_assembly/busco/busco_downloads/lineages/endopterygota_odb10/hmms/17002at33392.hmm /home/tpsylvst/projects/diaprepes_assembly/busco/diaprepes_busco/run_endopterygota_odb10/metaeuk_output/initial_results/diaprepes.fa.modified.fas 
# Current dir:     /home/tpsylvst/projects/diaprepes_assembly/busco
# Date:            Mon Nov 28 14:23:09 2022
# [ok]
