#                                                                                    --- full sequence --- -------------- this domain -------------   hmm coord   ali coord   env coord
# target name                accession   tlen query name           accession   qlen   E-value  score  bias   #  of  c-Evalue  i-Evalue  score  bias  from    to  from    to  from    to  acc description of target
#        ------------------- ---------- ----- -------------------- ---------- ----- --------- ------ ----- --- --- --------- --------- ------ ----- ----- ----- ----- ----- ----- ----- ---- ---------------------
ptg000172l:6058081-6077025   -            628 22375at33392         -            476  4.3e-221  734.8  34.7   1   2  4.2e-194  4.5e-192  639.1  26.5     1   395    43   489    43   498 0.90 -
ptg000172l:6058081-6077025   -            628 22375at33392         -            476  4.3e-221  734.8  34.7   2   2     5e-29   5.3e-27   94.8   1.1   390   463   513   590   508   603 0.88 -
ptg000061l:5563607-5566924   -           1106 22375at33392         -            476  4.4e-193  642.5  67.4   1  12   1.3e-10   1.3e-08   34.1   0.1    66   138     2    74     1    77 0.96 -
ptg000061l:5563607-5566924   -           1106 22375at33392         -            476  4.4e-193  642.5  67.4   2  12   5.3e-21   5.7e-19   68.3   0.4     8   137    76   205    74   207 0.94 -
ptg000061l:5563607-5566924   -           1106 22375at33392         -            476  4.4e-193  642.5  67.4   3  12   1.2e-18   1.3e-16   60.6   0.1    35   139   203   306   200   308 0.96 -
ptg000061l:5563607-5566924   -           1106 22375at33392         -            476  4.4e-193  642.5  67.4   4  12   1.4e-21   1.5e-19   70.2   0.3    17   139   283   405   281   407 0.94 -
ptg000061l:5563607-5566924   -           1106 22375at33392         -            476  4.4e-193  642.5  67.4   5  12   8.5e-21   9.1e-19   67.7   0.5    17   138   382   503   380   504 0.94 -
ptg000061l:5563607-5566924   -           1106 22375at33392         -            476  4.4e-193  642.5  67.4   6  12   1.9e-20     2e-18   66.5   0.7    23   139   488   603   487   603 0.97 -
ptg000061l:5563607-5566924   -           1106 22375at33392         -            476  4.4e-193  642.5  67.4   7  12   3.2e-21   3.4e-19   69.1   0.6    21   139   585   702   581   702 0.95 -
ptg000061l:5563607-5566924   -           1106 22375at33392         -            476  4.4e-193  642.5  67.4   8  12   3.4e-21   3.6e-19   69.0   0.5    21   138   684   800   680   803 0.95 -
ptg000061l:5563607-5566924   -           1106 22375at33392         -            476  4.4e-193  642.5  67.4   9  12   3.7e-24     4e-22   78.7   0.4     8   139   802   933   799   935 0.96 -
ptg000061l:5563607-5566924   -           1106 22375at33392         -            476  4.4e-193  642.5  67.4  10  12   1.3e-22   1.4e-20   73.6   0.8     8   139   868   999   868  1001 0.95 -
ptg000061l:5563607-5566924   -           1106 22375at33392         -            476  4.4e-193  642.5  67.4  11  12   1.1e-20   1.2e-18   67.3   0.9     7   131   933  1057   932  1059 0.95 -
ptg000061l:5563607-5566924   -           1106 22375at33392         -            476  4.4e-193  642.5  67.4  12  12   4.1e-18   4.4e-16   58.8   0.3     7   114   999  1106   998  1106 0.93 -
ptg000244l:4857732-4860992   -           1087 22375at33392         -            476  3.7e-148  494.3  53.5   1  12   2.1e-06   0.00022   20.2   0.0    65   139     3    77     1    79 0.92 -
ptg000244l:4857732-4860992   -           1087 22375at33392         -            476  3.7e-148  494.3  53.5   2  12   2.4e-21   2.6e-19   69.5   0.3    23   162    61   198    60   201 0.95 -
ptg000244l:4857732-4860992   -           1087 22375at33392         -            476  3.7e-148  494.3  53.5   3  12   1.9e-13     2e-11   43.4   0.1    35   137   172   273   172   276 0.94 -
ptg000244l:4857732-4860992   -           1087 22375at33392         -            476  3.7e-148  494.3  53.5   4  12   4.1e-19   4.4e-17   62.1   0.6    12   137   247   372   245   375 0.95 -
ptg000244l:4857732-4860992   -           1087 22375at33392         -            476  3.7e-148  494.3  53.5   5  12   1.3e-18   1.4e-16   60.5   0.5    15   139   349   473   349   475 0.95 -
ptg000244l:4857732-4860992   -           1087 22375at33392         -            476  3.7e-148  494.3  53.5   6  12   1.9e-15     2e-13   50.0   0.1    35   138   469   571   467   577 0.94 -
ptg000244l:4857732-4860992   -           1087 22375at33392         -            476  3.7e-148  494.3  53.5   7  12     7e-20   7.5e-18   64.6   1.1     9   137   574   702   570   704 0.95 -
ptg000244l:4857732-4860992   -           1087 22375at33392         -            476  3.7e-148  494.3  53.5   8  12   1.8e-19     2e-17   63.2   0.6    15   138   679   802   679   805 0.95 -
ptg000244l:4857732-4860992   -           1087 22375at33392         -            476  3.7e-148  494.3  53.5   9  12   2.4e-15   2.5e-13   49.7   0.3    15   138   778   901   778   904 0.95 -
ptg000244l:4857732-4860992   -           1087 22375at33392         -            476  3.7e-148  494.3  53.5  10  12   7.3e-17   7.8e-15   54.7   0.1     8   139   837   968   834   976 0.94 -
ptg000244l:4857732-4860992   -           1087 22375at33392         -            476  3.7e-148  494.3  53.5  11  12   3.8e-14     4e-12   45.7   0.1    18   141   880  1003   871  1005 0.93 -
ptg000244l:4857732-4860992   -           1087 22375at33392         -            476  3.7e-148  494.3  53.5  12  12   2.8e-12     3e-10   39.6   0.1     8   125   969  1086   967  1087 0.81 -
ptg000061l:4459765-4462827   -           1021 22375at33392         -            476  2.2e-138  462.1  69.8   1  13   1.3e-07   1.4e-05   24.2   0.0    67   141     5    79     2    84 0.89 -
ptg000061l:4459765-4462827   -           1021 22375at33392         -            476  2.2e-138  462.1  69.8   2  13     7e-16   7.5e-14   51.4   0.3    15   140    85   210    79   211 0.92 -
ptg000061l:4459765-4462827   -           1021 22375at33392         -            476  2.2e-138  462.1  69.8   3  13   8.9e-17   9.6e-15   54.4   0.9    22   171   192   338   191   338 0.93 -
ptg000061l:4459765-4462827   -           1021 22375at33392         -            476  2.2e-138  462.1  69.8   4  13   4.6e-15   4.9e-13   48.8   0.2    23   140   259   375   259   376 0.96 -
ptg000061l:4459765-4462827   -           1021 22375at33392         -            476  2.2e-138  462.1  69.8   5  13   1.9e-15     2e-13   50.0   0.3    22   140   291   408   289   412 0.96 -
ptg000061l:4459765-4462827   -           1021 22375at33392         -            476  2.2e-138  462.1  69.8   6  13   5.1e-17   5.5e-15   55.2   0.2     8   137   342   471   339   475 0.95 -
ptg000061l:4459765-4462827   -           1021 22375at33392         -            476  2.2e-138  462.1  69.8   7  13   7.1e-16   7.6e-14   51.4   0.2     8   135   375   502   372   504 0.95 -
ptg000061l:4459765-4462827   -           1021 22375at33392         -            476  2.2e-138  462.1  69.8   8  13   1.4e-14   1.6e-12   47.1   0.3    10   137   410   537   403   547 0.74 -
ptg000061l:4459765-4462827   -           1021 22375at33392         -            476  2.2e-138  462.1  69.8   9  13   5.8e-13   6.2e-11   41.8   0.5    22   137   456   570   454   573 0.95 -
ptg000061l:4459765-4462827   -           1021 22375at33392         -            476  2.2e-138  462.1  69.8  10  13   1.1e-14   1.2e-12   47.5   0.5    10   140   542   672   537   676 0.93 -
ptg000061l:4459765-4462827   -           1021 22375at33392         -            476  2.2e-138  462.1  69.8  11  13     2e-17   2.1e-15   56.6   1.0    10   171   674   833   669   838 0.91 -
ptg000061l:4459765-4462827   -           1021 22375at33392         -            476  2.2e-138  462.1  69.8  12  13   1.3e-16   1.4e-14   53.8   1.3    10   136   839   965   832   968 0.91 -
ptg000061l:4459765-4462827   -           1021 22375at33392         -            476  2.2e-138  462.1  69.8  13  13   3.9e-09   4.2e-07   29.2   0.1    14    90   942  1018   934  1020 0.50 -
ptg000061l:5617879-5620887   -           1003 22375at33392         -            476  1.2e-133  446.4  45.6   1  10   1.5e-18   1.6e-16   60.3   0.1    15   139     4   128     1   130 0.94 -
ptg000061l:5617879-5620887   -           1003 22375at33392         -            476  1.2e-133  446.4  45.6   2  10   6.3e-14   6.8e-12   45.0   0.1    23   118    79   173    79   175 0.96 -
ptg000061l:5617879-5620887   -           1003 22375at33392         -            476  1.2e-133  446.4  45.6   3  10   8.1e-17   8.7e-15   54.5   0.8     7   139   128   260   126   262 0.95 -
ptg000061l:5617879-5620887   -           1003 22375at33392         -            476  1.2e-133  446.4  45.6   4  10   2.8e-15     3e-13   49.5   0.1    24   139   245   359   244   361 0.94 -
ptg000061l:5617879-5620887   -           1003 22375at33392         -            476  1.2e-133  446.4  45.6   5  10   2.3e-16   2.5e-14   53.0   0.2    16   138   335   457   333   458 0.94 -
ptg000061l:5617879-5620887   -           1003 22375at33392         -            476  1.2e-133  446.4  45.6   6  10   1.9e-16     2e-14   53.3   0.1    18   139   436   557   433   559 0.94 -
ptg000061l:5617879-5620887   -           1003 22375at33392         -            476  1.2e-133  446.4  45.6   7  10     5e-18   5.3e-16   58.5   0.2    12   139   529   656   527   660 0.94 -
ptg000061l:5617879-5620887   -           1003 22375at33392         -            476  1.2e-133  446.4  45.6   8  10   3.5e-17   3.8e-15   55.7   0.4     8   129   657   778   653   779 0.95 -
ptg000061l:5617879-5620887   -           1003 22375at33392         -            476  1.2e-133  446.4  45.6   9  10   6.1e-18   6.6e-16   58.2   0.2    22   138   738   853   737   855 0.96 -
ptg000061l:5617879-5620887   -           1003 22375at33392         -            476  1.2e-133  446.4  45.6  10  10     5e-20   5.3e-18   65.1   0.4     8   156   855  1002   851  1003 0.94 -
ptg000061l:4677802-4680756   -            985 22375at33392         -            476  9.1e-132  440.3  47.9   1  11   1.4e-16   1.5e-14   53.7   0.7    13   139    16   142     8   146 0.92 -
ptg000061l:4677802-4680756   -            985 22375at33392         -            476  9.1e-132  440.3  47.9   2  11   5.1e-09   5.5e-07   28.8   0.0    66   136   102   172    99   174 0.96 -
ptg000061l:4677802-4680756   -            985 22375at33392         -            476  9.1e-132  440.3  47.9   3  11     5e-15   5.4e-13   48.6   0.3    13   136   148   271   141   273 0.92 -
ptg000061l:4677802-4680756   -            985 22375at33392         -            476  9.1e-132  440.3  47.9   4  11   5.3e-18   5.6e-16   58.5   0.2    23   137   258   371   256   374 0.96 -
ptg000061l:4677802-4680756   -            985 22375at33392         -            476  9.1e-132  440.3  47.9   5  11   2.6e-16   2.8e-14   52.9   0.1    21   139   355   470   351   472 0.94 -
ptg000061l:4677802-4680756   -            985 22375at33392         -            476  9.1e-132  440.3  47.9   6  11   3.1e-17   3.3e-15   55.9   0.5    10   136   473   599   466   600 0.92 -
ptg000061l:4677802-4680756   -            985 22375at33392         -            476  9.1e-132  440.3  47.9   7  11   1.8e-16   1.9e-14   53.4   0.1    22   138   519   634   514   638 0.94 -
ptg000061l:4677802-4680756   -            985 22375at33392         -            476  9.1e-132  440.3  47.9   8  11   1.4e-13   1.5e-11   43.9   0.2    35   139   565   668   565   669 0.96 -
ptg000061l:4677802-4680756   -            985 22375at33392         -            476  9.1e-132  440.3  47.9   9  11   6.9e-21   7.4e-19   68.0   0.6    10   139   638   767   636   767 0.94 -
ptg000061l:4677802-4680756   -            985 22375at33392         -            476  9.1e-132  440.3  47.9  10  11   4.8e-11   5.2e-09   35.5   0.0    66   140   760   834   759   837 0.97 -
ptg000061l:4677802-4680756   -            985 22375at33392         -            476  9.1e-132  440.3  47.9  11  11   1.9e-17   2.1e-15   56.6   0.4    10   139   836   965   833   972 0.95 -
ptg000061l:4430013-4433183   -           1057 22375at33392         -            476  5.2e-131  437.8  65.9   1  12   2.5e-13   2.7e-11   43.0   0.0    27   137     3   111     1   113 0.94 -
ptg000061l:4430013-4433183   -           1057 22375at33392         -            476  5.2e-131  437.8  65.9   2  12   3.8e-13   4.1e-11   42.4   0.0    66   140    73   147    70   148 0.97 -
ptg000061l:4430013-4433183   -           1057 22375at33392         -            476  5.2e-131  437.8  65.9   3  12     1e-17   1.1e-15   57.5   0.4     8   140   114   246   114   247 0.96 -
ptg000061l:4430013-4433183   -           1057 22375at33392         -            476  5.2e-131  437.8  65.9   4  12     6e-15   6.4e-13   48.4   1.5    21   140   227   345   223   348 0.94 -
ptg000061l:4430013-4433183   -           1057 22375at33392         -            476  5.2e-131  437.8  65.9   5  12   3.3e-09   3.6e-07   29.4   0.5    10    92   347   429   344   433 0.71 -
ptg000061l:4430013-4433183   -           1057 22375at33392         -            476  5.2e-131  437.8  65.9   6  12   8.2e-17   8.8e-15   54.5   1.3    15   141   418   544   413   547 0.93 -
ptg000061l:4430013-4433183   -           1057 22375at33392         -            476  5.2e-131  437.8  65.9   7  12   4.8e-16   5.1e-14   52.0   3.1    10   186   545   719   541   720 0.90 -
ptg000061l:4430013-4433183   -           1057 22375at33392         -            476  5.2e-131  437.8  65.9   8  12   6.2e-15   6.7e-13   48.3   0.2    19   140   686   807   678   809 0.93 -
ptg000061l:4430013-4433183   -           1057 22375at33392         -            476  5.2e-131  437.8  65.9   9  12     5e-18   5.3e-16   58.5   1.0     8   141   708   841   705   855 0.93 -
ptg000061l:4430013-4433183   -           1057 22375at33392         -            476  5.2e-131  437.8  65.9  10  12   1.3e-16   1.4e-14   53.8   0.4     9   136   775   902   773   904 0.92 -
ptg000061l:4430013-4433183   -           1057 22375at33392         -            476  5.2e-131  437.8  65.9  11  12   4.2e-16   4.5e-14   52.2   0.1     9   140   841   972   839   975 0.92 -
ptg000061l:4430013-4433183   -           1057 22375at33392         -            476  5.2e-131  437.8  65.9  12  12   1.4e-10   1.5e-08   33.9   0.1    38   125   970  1056   967  1057 0.93 -
ptg000061l:5583157-5585607   -            817 22375at33392         -            476  3.3e-127  425.2  24.8   1   8   5.1e-15   5.5e-13   48.6   0.1    35   138     2   103     1   106 0.94 -
ptg000061l:5583157-5585607   -            817 22375at33392         -            476  3.3e-127  425.2  24.8   2   8   1.3e-17   1.4e-15   57.2   0.1    23   139    88   203    87   207 0.97 -
ptg000061l:5583157-5585607   -            817 22375at33392         -            476  3.3e-127  425.2  24.8   3   8   3.8e-24   4.1e-22   78.7   0.5     7   139   203   335   202   336 0.96 -
ptg000061l:5583157-5585607   -            817 22375at33392         -            476  3.3e-127  425.2  24.8   4   8   1.8e-23   1.9e-21   76.5   0.5     8   138   303   433   303   435 0.95 -
ptg000061l:5583157-5585607   -            817 22375at33392         -            476  3.3e-127  425.2  24.8   5   8   7.8e-19   8.3e-17   61.2   0.1    20   135   415   529   413   529 0.96 -
ptg000061l:5583157-5585607   -            817 22375at33392         -            476  3.3e-127  425.2  24.8   6   8   6.3e-20   6.8e-18   64.8   0.1    22   139   516   632   510   634 0.95 -
ptg000061l:5583157-5585607   -            817 22375at33392         -            476  3.3e-127  425.2  24.8   7   8   3.6e-21   3.9e-19   68.9   0.1     7   136   632   761   631   763 0.95 -
ptg000061l:5583157-5585607   -            817 22375at33392         -            476  3.3e-127  425.2  24.8   8   8   2.3e-13   2.4e-11   43.2   0.2     8    90   732   814   730   817 0.92 -
ptg000061l:4545361-4547985   -            875 22375at33392         -            476  2.3e-125  419.2  34.2   1  10   8.1e-16   8.7e-14   51.2   0.0    37   140     3   105     1   107 0.96 -
ptg000061l:4545361-4547985   -            875 22375at33392         -            476  2.3e-125  419.2  34.2   2  10   1.2e-14   1.3e-12   47.3   0.1    37   142   102   206   100   219 0.90 -
ptg000061l:4545361-4547985   -            875 22375at33392         -            476  2.3e-125  419.2  34.2   3  10   3.1e-10   3.4e-08   32.8   0.1    22   110   186   273   184   273 0.95 -
ptg000061l:4545361-4547985   -            875 22375at33392         -            476  2.3e-125  419.2  34.2   4  10   1.4e-16   1.5e-14   53.8   0.2    10   141   206   337   203   341 0.94 -
ptg000061l:4545361-4547985   -            875 22375at33392         -            476  2.3e-125  419.2  34.2   5  10   1.8e-15     2e-13   50.1   0.1    15   140   244   369   242   372 0.94 -
ptg000061l:4545361-4547985   -            875 22375at33392         -            476  2.3e-125  419.2  34.2   6  10   1.6e-15   1.7e-13   50.3   0.1    15   140   343   468   337   471 0.92 -
ptg000061l:4545361-4547985   -            875 22375at33392         -            476  2.3e-125  419.2  34.2   7  10   3.5e-19   3.8e-17   62.3   0.1    10   169   470   627   467   629 0.91 -
ptg000061l:4545361-4547985   -            875 22375at33392         -            476  2.3e-125  419.2  34.2   8  10   1.8e-13     2e-11   43.5   0.0    35   140   562   666   560   666 0.95 -
ptg000061l:4545361-4547985   -            875 22375at33392         -            476  2.3e-125  419.2  34.2   9  10   3.6e-14   3.9e-12   45.8   0.0    10   135   602   727   598   727 0.91 -
ptg000061l:4545361-4547985   -            875 22375at33392         -            476  2.3e-125  419.2  34.2  10  10     2e-23   2.1e-21   76.3   1.2    15   174   706   863   704   875 0.90 -
ptg000279l:14022108-14024975 -            956 22375at33392         -            476  1.1e-124  416.9  42.5   1   9   5.8e-17   6.2e-15   55.0   0.3     9   141    13   145     6   151 0.94 -
ptg000279l:14022108-14024975 -            956 22375at33392         -            476  1.1e-124  416.9  42.5   2   9     2e-17   2.1e-15   56.6   0.3    10   140    80   210    76   211 0.94 -
ptg000279l:14022108-14024975 -            956 22375at33392         -            476  1.1e-124  416.9  42.5   3   9     2e-18   2.1e-16   59.9   0.2    21   140   191   309   187   310 0.96 -
ptg000279l:14022108-14024975 -            956 22375at33392         -            476  1.1e-124  416.9  42.5   4   9   2.2e-16   2.4e-14   53.1   0.3    11   127   279   395   277   396 0.93 -
ptg000279l:14022108-14024975 -            956 22375at33392         -            476  1.1e-124  416.9  42.5   5   9   1.8e-16     2e-14   53.4   0.1    17   140   351   474   348   475 0.94 -
ptg000279l:14022108-14024975 -            956 22375at33392         -            476  1.1e-124  416.9  42.5   6   9     5e-16   5.3e-14   51.9   0.0    17   141   450   574   448   577 0.93 -
ptg000279l:14022108-14024975 -            956 22375at33392         -            476  1.1e-124  416.9  42.5   7   9     2e-18   2.2e-16   59.8   0.6    10   139   575   704   572   706 0.93 -
ptg000279l:14022108-14024975 -            956 22375at33392         -            476  1.1e-124  416.9  42.5   8   9   5.1e-26   5.5e-24   84.9   1.0     5   171   702   866   700   868 0.95 -
ptg000279l:14022108-14024975 -            956 22375at33392         -            476  1.1e-124  416.9  42.5   9   9   8.4e-12     9e-10   38.0   0.2    10   125   839   954   836   956 0.94 -
ptg000244l:4895508-4898426   -            973 22375at33392         -            476  2.7e-124  415.6  53.6   1  11     5e-17   5.3e-15   55.2   1.0    15   135     4   124     1   125 0.94 -
ptg000244l:4895508-4898426   -            973 22375at33392         -            476  2.7e-124  415.6  53.6   2  11   1.9e-20     2e-18   66.5   1.4     7   139    95   227    93   229 0.95 -
ptg000244l:4895508-4898426   -            973 22375at33392         -            476  2.7e-124  415.6  53.6   3  11   4.3e-16   4.6e-14   52.1   0.3    21   136   209   323   205   328 0.94 -
ptg000244l:4895508-4898426   -            973 22375at33392         -            476  2.7e-124  415.6  53.6   4  11   1.9e-18   2.1e-16   59.9   0.3    14   137   333   456   324   460 0.93 -
ptg000244l:4895508-4898426   -            973 22375at33392         -            476  2.7e-124  415.6  53.6   5  11   3.1e-09   3.3e-07   29.5   0.0    40   117   459   535   455   539 0.89 -
ptg000244l:4895508-4898426   -            973 22375at33392         -            476  2.7e-124  415.6  53.6   6  11     1e-20   1.1e-18   67.4   0.3     7   141   524   658   522   660 0.96 -
ptg000244l:4895508-4898426   -            973 22375at33392         -            476  2.7e-124  415.6  53.6   7  11   1.4e-10   1.5e-08   34.0   0.0    41   140   658   756   655   757 0.95 -
ptg000244l:4895508-4898426   -            973 22375at33392         -            476  2.7e-124  415.6  53.6   8  11   6.2e-14   6.7e-12   45.0   0.1    35   137   718   819   717   822 0.95 -
ptg000244l:4895508-4898426   -            973 22375at33392         -            476  2.7e-124  415.6  53.6   9  11   3.4e-14   3.7e-12   45.9   1.1     8   139   756   887   754   889 0.94 -
ptg000244l:4895508-4898426   -            973 22375at33392         -            476  2.7e-124  415.6  53.6  10  11     2e-10   2.2e-08   33.4   0.9    24   129   806   910   805   911 0.94 -
ptg000244l:4895508-4898426   -            973 22375at33392         -            476  2.7e-124  415.6  53.6  11  11   5.7e-14   6.1e-12   45.2   0.3    21   125   869   972   865   973 0.94 -
ptg000061l:4488833-4491790   -            986 22375at33392         -            476  2.4e-122  409.2  38.9   1   9   2.6e-12   2.8e-10   39.7   0.0    66   141     4    79     1    80 0.97 -
ptg000061l:4488833-4491790   -            986 22375at33392         -            476  2.4e-122  409.2  38.9   2   9   1.7e-16   1.8e-14   53.5   1.0    18   139    56   176    56   178 0.95 -
ptg000061l:4488833-4491790   -            986 22375at33392         -            476  2.4e-122  409.2  38.9   3   9   9.9e-20   1.1e-17   64.1   1.1     8   141   177   310   175   313 0.95 -
ptg000061l:4488833-4491790   -            986 22375at33392         -            476  2.4e-122  409.2  38.9   4   9   1.7e-16   1.9e-14   53.4   0.5    10   136   311   437   307   440 0.93 -
ptg000061l:4488833-4491790   -            986 22375at33392         -            476  2.4e-122  409.2  38.9   5   9   2.7e-18   2.9e-16   59.4   0.7     7   138   440   571   436   574 0.94 -
ptg000061l:4488833-4491790   -            986 22375at33392         -            476  2.4e-122  409.2  38.9   6   9   3.1e-18   3.3e-16   59.2   0.4     8   138   573   703   570   707 0.94 -
ptg000061l:4488833-4491790   -            986 22375at33392         -            476  2.4e-122  409.2  38.9   7   9   5.9e-17   6.4e-15   55.0   0.2     9   139   706   836   702   837 0.92 -
ptg000061l:4488833-4491790   -            986 22375at33392         -            476  2.4e-122  409.2  38.9   8   9     4e-17   4.3e-15   55.5   0.0    22   137   819   933   813   935 0.95 -
ptg000061l:4488833-4491790   -            986 22375at33392         -            476  2.4e-122  409.2  38.9   9   9   8.6e-10   9.2e-08   31.4   0.1    12    90   907   985   904   986 0.84 -
ptg000061l:4569163-4572318   -           1052 22375at33392         -            476  1.2e-120  403.7  34.5   1  10     6e-14   6.5e-12   45.1   0.0    35   141     6   111     3   114 0.93 -
ptg000061l:4569163-4572318   -           1052 22375at33392         -            476  1.2e-120  403.7  34.5   2  10   1.2e-19   1.3e-17   63.9   0.5    13   139   115   241   111   246 0.92 -
ptg000061l:4569163-4572318   -           1052 22375at33392         -            476  1.2e-120  403.7  34.5   3  10   3.2e-18   3.4e-16   59.2   0.3     5   136   239   370   236   375 0.92 -
ptg000061l:4569163-4572318   -           1052 22375at33392         -            476  1.2e-120  403.7  34.5   4  10   5.4e-12   5.8e-10   38.6   0.1    24   135   358   468   358   468 0.94 -
ptg000061l:4569163-4572318   -           1052 22375at33392         -            476  1.2e-120  403.7  34.5   5  10     5e-13   5.3e-11   42.0   0.0    15   138   447   570   444   575 0.93 -
ptg000061l:4569163-4572318   -           1052 22375at33392         -            476  1.2e-120  403.7  34.5   6  10   1.1e-15   1.1e-13   50.8   0.1    10   135   541   665   538   665 0.93 -
ptg000061l:4569163-4572318   -           1052 22375at33392         -            476  1.2e-120  403.7  34.5   7  10   2.1e-16   2.3e-14   53.2   1.0     7   139   636   768   635   773 0.94 -
ptg000061l:4569163-4572318   -           1052 22375at33392         -            476  1.2e-120  403.7  34.5   8  10   1.4e-17   1.5e-15   57.0   0.2     9   141   770   902   766   903 0.94 -
ptg000061l:4569163-4572318   -           1052 22375at33392         -            476  1.2e-120  403.7  34.5   9  10   2.9e-12   3.1e-10   39.5   0.1    35   135   896   995   896   997 0.95 -
ptg000061l:4569163-4572318   -           1052 22375at33392         -            476  1.2e-120  403.7  34.5  10  10   3.5e-08   3.8e-06   26.1   0.1    18    90   977  1049   973  1052 0.51 -
ptg000061l:4591648-4594500   -            951 22375at33392         -            476  4.1e-111  372.2  33.8   1  10   1.3e-11   1.4e-09   37.3   0.3    10   110    10   110     2   110 0.78 -
ptg000061l:4591648-4594500   -            951 22375at33392         -            476  4.1e-111  372.2  33.8   2  10   1.8e-15     2e-13   50.1   0.1    15   141    81   207    79   210 0.94 -
ptg000061l:4591648-4594500   -            951 22375at33392         -            476  4.1e-111  372.2  33.8   3  10   1.3e-16   1.4e-14   53.9   0.1    10   139   208   337   204   339 0.93 -
ptg000061l:4591648-4594500   -            951 22375at33392         -            476  4.1e-111  372.2  33.8   4  10   1.7e-12   1.8e-10   40.3   0.0    37   135   335   432   333   433 0.94 -
ptg000061l:4591648-4594500   -            951 22375at33392         -            476  4.1e-111  372.2  33.8   5  10   5.2e-18   5.6e-16   58.5   1.1    17   131   413   527   411   529 0.92 -
ptg000061l:4591648-4594500   -            951 22375at33392         -            476  4.1e-111  372.2  33.8   6  10   1.4e-16   1.5e-14   53.7   0.1    24   136   487   598   487   601 0.96 -
ptg000061l:4591648-4594500   -            951 22375at33392         -            476  4.1e-111  372.2  33.8   7  10   7.2e-14   7.7e-12   44.8   0.1    24   138   586   699   585   700 0.94 -
ptg000061l:4591648-4594500   -            951 22375at33392         -            476  4.1e-111  372.2  33.8   8  10   3.7e-15   3.9e-13   49.1   0.3    22   140   683   800   675   801 0.92 -
ptg000061l:4591648-4594500   -            951 22375at33392         -            476  4.1e-111  372.2  33.8   9  10   7.8e-15   8.3e-13   48.0   0.3    17   131   776   890   774   893 0.92 -
ptg000061l:4591648-4594500   -            951 22375at33392         -            476  4.1e-111  372.2  33.8  10  10   2.7e-08   2.9e-06   26.4   0.2    21    90   880   948   876   951 0.91 -
ptg000061l:4623752-4626388   -            879 22375at33392         -            476  2.2e-109  366.4  39.1   1   9   4.8e-13   5.2e-11   42.1   0.1     6   129     4   135     1   136 0.82 -
ptg000061l:4623752-4626388   -            879 22375at33392         -            476  2.2e-109  366.4  39.1   2   9   3.3e-19   3.5e-17   62.4   0.3    20   171    94   241    89   241 0.90 -
ptg000061l:4623752-4626388   -            879 22375at33392         -            476  2.2e-109  366.4  39.1   3   9     5e-16   5.3e-14   51.9   0.6    11   138   215   342   210   344 0.92 -
ptg000061l:4623752-4626388   -            879 22375at33392         -            476  2.2e-109  366.4  39.1   4   9     5e-12   5.4e-10   38.7   0.2    34   136   272   373   271   375 0.95 -
ptg000061l:4623752-4626388   -            879 22375at33392         -            476  2.2e-109  366.4  39.1   5   9   2.2e-18   2.4e-16   59.7   0.2     8   138   344   474   341   475 0.95 -
ptg000061l:4623752-4626388   -            879 22375at33392         -            476  2.2e-109  366.4  39.1   6   9   2.2e-19   2.4e-17   63.0   0.1    22   139   458   574   453   576 0.95 -
ptg000061l:4623752-4626388   -            879 22375at33392         -            476  2.2e-109  366.4  39.1   7   9     6e-18   6.5e-16   58.3   0.7     9   139   576   706   571   708 0.93 -
ptg000061l:4623752-4626388   -            879 22375at33392         -            476  2.2e-109  366.4  39.1   8   9   9.2e-13   9.9e-11   41.2   0.1    35   138   702   804   702   806 0.95 -
ptg000061l:4623752-4626388   -            879 22375at33392         -            476  2.2e-109  366.4  39.1   9   9   9.2e-13   9.9e-11   41.2   0.1    23   118   789   879   788   879 0.94 -
ptg000061l:4519114-4521708   -            865 22375at33392         -            476    2e-108  363.3  35.4   1   9     2e-06   0.00021   20.3   0.0    65   130    12    77     1    79 0.88 -
ptg000061l:4519114-4521708   -            865 22375at33392         -            476    2e-108  363.3  35.4   2   9   1.4e-10   1.5e-08   34.0   0.0    66   141    78   153    75   156 0.96 -
ptg000061l:4519114-4521708   -            865 22375at33392         -            476    2e-108  363.3  35.4   3   9   1.1e-16   1.2e-14   54.1   0.1    10   141   121   252   118   256 0.94 -
ptg000061l:4519114-4521708   -            865 22375at33392         -            476    2e-108  363.3  35.4   4   9   7.1e-16   7.7e-14   51.4   0.2    16   140   156   284   147   285 0.87 -
ptg000061l:4519114-4521708   -            865 22375at33392         -            476    2e-108  363.3  35.4   5   9   5.2e-20   5.6e-18   65.1   0.1    10   141   253   384   251   387 0.94 -
ptg000061l:4519114-4521708   -            865 22375at33392         -            476    2e-108  363.3  35.4   6   9   1.8e-16   1.9e-14   53.4   0.1    10   135   385   510   382   510 0.94 -
ptg000061l:4519114-4521708   -            865 22375at33392         -            476    2e-108  363.3  35.4   7   9   2.7e-20   2.9e-18   66.0   0.6    15   139   489   613   484   615 0.92 -
ptg000061l:4519114-4521708   -            865 22375at33392         -            476    2e-108  363.3  35.4   8   9   6.6e-19   7.1e-17   61.4   0.6     5   137   611   743   609   749 0.95 -
ptg000061l:4519114-4521708   -            865 22375at33392         -            476    2e-108  363.3  35.4   9   9   3.3e-14   3.5e-12   45.9   0.3    24   141   730   846   730   865 0.89 -
ptg000061l:4413341-4415797   -            819 22375at33392         -            476  8.4e-108  361.3  61.3   1  10   3.6e-06   0.00039   19.4   0.2    67   139     1    73     1    75 0.93 -
ptg000061l:4413341-4415797   -            819 22375at33392         -            476  8.4e-108  361.3  61.3   2  10   3.6e-13   3.9e-11   42.5   0.7    21   139    55   172    52   176 0.94 -
ptg000061l:4413341-4415797   -            819 22375at33392         -            476  8.4e-108  361.3  61.3   3  10   1.9e-17     2e-15   56.6   0.7     7   139   172   304   170   309 0.95 -
ptg000061l:4413341-4415797   -            819 22375at33392         -            476  8.4e-108  361.3  61.3   4  10   1.1e-14   1.1e-12   47.5   2.8     9   139   306   436   301   438 0.93 -
ptg000061l:4413341-4415797   -            819 22375at33392         -            476  8.4e-108  361.3  61.3   5  10   7.3e-17   7.8e-15   54.7   1.9    12   139   408   535   405   537 0.94 -
ptg000061l:4413341-4415797   -            819 22375at33392         -            476  8.4e-108  361.3  61.3   6  10   1.7e-18   1.8e-16   60.1   0.9    10   141   472   603   469   607 0.94 -
ptg000061l:4413341-4415797   -            819 22375at33392         -            476  8.4e-108  361.3  61.3   7  10   9.8e-19     1e-16   60.9   0.2     8   171   536   697   533   697 0.90 -
ptg000061l:4413341-4415797   -            819 22375at33392         -            476  8.4e-108  361.3  61.3   8  10   9.8e-16     1e-13   51.0   0.2    19   141   614   735   606   738 0.93 -
ptg000061l:4413341-4415797   -            819 22375at33392         -            476  8.4e-108  361.3  61.3   9  10   3.1e-12   3.3e-10   39.4   0.2    23   140   651   767   651   771 0.92 -
ptg000061l:4413341-4415797   -            819 22375at33392         -            476  8.4e-108  361.3  61.3  10  10   1.8e-13   1.9e-11   43.5   0.5     8   125   701   818   700   819 0.94 -
ptg000058l:788682-791618     -            979 22375at33392         -            476   4.4e-98  329.2  34.4   1   9   0.00023     0.025   13.4   0.0    73   139     2    68     1    80 0.52 -
ptg000058l:788682-791618     -            979 22375at33392         -            476   4.4e-98  329.2  34.4   2   9   9.2e-15   9.8e-13   47.8   0.4     8   137    69   199    66   201 0.89 -
ptg000058l:788682-791618     -            979 22375at33392         -            476   4.4e-98  329.2  34.4   3   9   6.7e-10   7.1e-08   31.7   0.1    23   138   185   300   182   301 0.94 -
ptg000058l:788682-791618     -            979 22375at33392         -            476   4.4e-98  329.2  34.4   4   9   5.2e-26   5.6e-24   84.8   2.6     4   195   298   487   295   489 0.88 -
ptg000058l:788682-791618     -            979 22375at33392         -            476   4.4e-98  329.2  34.4   5   9   3.7e-13   3.9e-11   42.5   1.7    10   128   435   555   430   556 0.86 -
ptg000058l:788682-791618     -            979 22375at33392         -            476   4.4e-98  329.2  34.4   6   9   1.4e-22   1.5e-20   73.5   2.3    10   203   536   727   535   731 0.87 -
ptg000058l:788682-791618     -            979 22375at33392         -            476   4.4e-98  329.2  34.4   7   9   1.2e-08   1.3e-06   27.6   0.1    27   127   685   785   674   788 0.93 -
ptg000058l:788682-791618     -            979 22375at33392         -            476   4.4e-98  329.2  34.4   8   9   1.3e-12   1.4e-10   40.7   0.2    20   139   745   865   741   872 0.90 -
ptg000058l:788682-791618     -            979 22375at33392         -            476   4.4e-98  329.2  34.4   9   9   4.3e-12   4.7e-10   38.9   0.2     9   118   867   977   863   979 0.91 -
ptg000061l:4678324-4680546   -            741 22375at33392         -            476   5.3e-94  315.7  22.7   1   7   2.5e-12   2.6e-10   39.7   0.1    35   137     2   103     1   105 0.93 -
ptg000061l:4678324-4680546   -            741 22375at33392         -            476   5.3e-94  315.7  22.7   2   7   5.4e-15   5.8e-13   48.5   0.2    21   137    87   202    80   204 0.94 -
ptg000061l:4678324-4680546   -            741 22375at33392         -            476   5.3e-94  315.7  22.7   3   7   3.9e-18   4.2e-16   58.9   0.2    23   137   188   301   185   303 0.96 -
ptg000061l:4678324-4680546   -            741 22375at33392         -            476   5.3e-94  315.7  22.7   4   7   2.8e-16     3e-14   52.8   0.1    21   139   285   400   284   402 0.95 -
ptg000061l:4678324-4680546   -            741 22375at33392         -            476   5.3e-94  315.7  22.7   5   7   5.2e-23   5.6e-21   74.9   1.5    10   202   403   593   397   593 0.93 -
ptg000061l:4678324-4680546   -            741 22375at33392         -            476   5.3e-94  315.7  22.7   6   7   8.5e-21   9.1e-19   67.7   0.5    10   138   568   696   565   696 0.94 -
ptg000061l:4678324-4680546   -            741 22375at33392         -            476   5.3e-94  315.7  22.7   7   7   1.1e-06   0.00012   21.1   0.0    66   116   690   740   687   741 0.95 -
ptg000122l:49474241-49476487 -            749 22375at33392         -            476   1.1e-93  314.7  25.5   1   8   3.9e-08   4.2e-06   25.9   0.0    66   131     6    71     3    72 0.96 -
ptg000122l:49474241-49476487 -            749 22375at33392         -            476   1.1e-93  314.7  25.5   2   8   5.6e-11     6e-09   35.3   0.0    67   138    72   143    70   149 0.96 -
ptg000122l:49474241-49476487 -            749 22375at33392         -            476   1.1e-93  314.7  25.5   3   8   3.4e-16   3.7e-14   52.5   1.5    10   136   147   273   142   276 0.93 -
ptg000122l:49474241-49476487 -            749 22375at33392         -            476   1.1e-93  314.7  25.5   4   8   2.3e-15   2.4e-13   49.8   0.2    26   137   263   373   259   376 0.93 -
ptg000122l:49474241-49476487 -            749 22375at33392         -            476   1.1e-93  314.7  25.5   5   8   3.2e-15   3.4e-13   49.3   0.1     9   137   344   472   344   473 0.96 -
ptg000122l:49474241-49476487 -            749 22375at33392         -            476   1.1e-93  314.7  25.5   6   8   2.2e-19   2.3e-17   63.0   0.1    23   172   458   604   457   605 0.92 -
ptg000122l:49474241-49476487 -            749 22375at33392         -            476   1.1e-93  314.7  25.5   7   8   2.6e-13   2.8e-11   43.0   0.1    35   129   569   662   567   663 0.95 -
ptg000122l:49474241-49476487 -            749 22375at33392         -            476   1.1e-93  314.7  25.5   8   8   2.3e-20   2.5e-18   66.2   0.1     6   143   605   742   601   746 0.96 -
ptg000198l:514305-516578     -            758 22375at33392         -            476     1e-92  311.5  17.8   1   8   1.1e-12   1.2e-10   40.9   0.0    27   131     3   105     1   107 0.93 -
ptg000198l:514305-516578     -            758 22375at33392         -            476     1e-92  311.5  17.8   2   8   1.9e-14   2.1e-12   46.7   0.1    67   172   107   210   103   211 0.89 -
ptg000198l:514305-516578     -            758 22375at33392         -            476     1e-92  311.5  17.8   3   8   7.7e-10   8.3e-08   31.5   0.0    67   136   173   242   171   245 0.94 -
ptg000198l:514305-516578     -            758 22375at33392         -            476     1e-92  311.5  17.8   4   8   2.6e-20   2.7e-18   66.1   0.9     6   135   211   340   211   340 0.96 -
ptg000198l:514305-516578     -            758 22375at33392         -            476     1e-92  311.5  17.8   5   8   7.5e-09   8.1e-07   28.3   0.1    67   130   338   401   336   404 0.95 -
ptg000198l:514305-516578     -            758 22375at33392         -            476     1e-92  311.5  17.8   6   8   9.7e-15     1e-12   47.7   0.1    23   139   394   509   392   516 0.94 -
ptg000198l:514305-516578     -            758 22375at33392         -            476     1e-92  311.5  17.8   7   8   9.9e-21   1.1e-18   67.4   0.1    14   138   516   640   507   643 0.93 -
ptg000198l:514305-516578     -            758 22375at33392         -            476     1e-92  311.5  17.8   8   8   8.2e-08   8.8e-06   24.8   0.0    44   157   643   754   640   758 0.87 -
ptg000279l:13898062-13900491 -            810 22375at33392         -            476   4.4e-90  302.8  24.1   1   8     9e-17   9.6e-15   54.4   0.5     6   140     6   140     1   141 0.95 -
ptg000279l:13898062-13900491 -            810 22375at33392         -            476   4.4e-90  302.8  24.1   2   8   4.8e-15   5.1e-13   48.7   0.2    21   130    55   163    50   165 0.94 -
ptg000279l:13898062-13900491 -            810 22375at33392         -            476   4.4e-90  302.8  24.1   3   8   3.2e-16   3.4e-14   52.6   0.0    23   141   123   240   122   243 0.96 -
ptg000279l:13898062-13900491 -            810 22375at33392         -            476   4.4e-90  302.8  24.1   4   8     6e-16   6.5e-14   51.7   0.1    12   140   243   371   235   374 0.90 -
ptg000279l:13898062-13900491 -            810 22375at33392         -            476   4.4e-90  302.8  24.1   5   8   9.3e-15     1e-12   47.7   0.0    38   164   369   493   365   498 0.80 -
ptg000279l:13898062-13900491 -            810 22375at33392         -            476   4.4e-90  302.8  24.1   6   8   2.2e-14   2.4e-12   46.5   0.0    10   141   472   603   468   606 0.91 -
ptg000279l:13898062-13900491 -            810 22375at33392         -            476   4.4e-90  302.8  24.1   7   8   3.4e-11   3.6e-09   36.0   0.1    10   140   604   734   601   736 0.93 -
ptg000279l:13898062-13900491 -            810 22375at33392         -            476   4.4e-90  302.8  24.1   8   8   4.3e-11   4.6e-09   35.7   0.2    20   115   714   808   711   810 0.94 -
ptg000061l:4571236-4572981   -            582 22375at33392         -            476     7e-90  302.2  29.5   1   7   2.3e-11   2.5e-09   36.5   0.0    48   140    10   100     4   101 0.91 -
ptg000061l:4571236-4572981   -            582 22375at33392         -            476     7e-90  302.2  29.5   2   7   1.6e-15   1.7e-13   50.3   0.2    21   140    81   199    75   200 0.95 -
ptg000061l:4571236-4572981   -            582 22375at33392         -            476     7e-90  302.2  29.5   3   7   8.9e-18   9.6e-16   57.7   0.4    10   140   135   265   132   266 0.93 -
ptg000061l:4571236-4572981   -            582 22375at33392         -            476     7e-90  302.2  29.5   4   7   1.9e-17     2e-15   56.6   0.3    15   140   173   298   171   298 0.93 -
ptg000061l:4571236-4572981   -            582 22375at33392         -            476     7e-90  302.2  29.5   5   7     1e-15   1.1e-13   50.9   0.1    18   135   242   359   241   362 0.94 -
ptg000061l:4571236-4572981   -            582 22375at33392         -            476     7e-90  302.2  29.5   6   7   1.7e-19   1.9e-17   63.3   0.4    20   139   344   462   339   464 0.95 -
ptg000061l:4571236-4572981   -            582 22375at33392         -            476     7e-90  302.2  29.5   7   7   4.1e-16   4.4e-14   52.2   0.5     5   125   460   580   458   582 0.92 -
ptg000024l:22886239-22887945 -            569 22375at33392         -            476   3.3e-74  250.5  29.1   1   5   9.7e-16     1e-13   51.0   0.3    17   135     3   121     1   122 0.93 -
ptg000024l:22886239-22887945 -            569 22375at33392         -            476   3.3e-74  250.5  29.1   2   5   2.6e-15   2.8e-13   49.6   0.0    33   141   119   226   116   226 0.96 -
ptg000024l:22886239-22887945 -            569 22375at33392         -            476   3.3e-74  250.5  29.1   3   5   6.4e-18   6.8e-16   58.2   0.4    23   138   175   289   174   290 0.96 -
ptg000024l:22886239-22887945 -            569 22375at33392         -            476   3.3e-74  250.5  29.1   4   5   3.1e-20   3.4e-18   65.8   1.9    35   184   220   366   218   369 0.91 -
ptg000024l:22886239-22887945 -            569 22375at33392         -            476   3.3e-74  250.5  29.1   5   5     2e-22   2.2e-20   73.0   4.5     6   209   355   556   354   560 0.93 -
ptg000540l:211221-339283     -           1732 22375at33392         -            476   6.2e-64  216.6  24.1   1  10   1.9e-05     0.002   17.1   0.0    17   102   132   222   118   239 0.79 -
ptg000540l:211221-339283     -           1732 22375at33392         -            476   6.2e-64  216.6  24.1   2  10   2.9e-06   0.00031   19.7   0.0    67   134   257   324   253   326 0.86 -
ptg000540l:211221-339283     -           1732 22375at33392         -            476   6.2e-64  216.6  24.1   3  10   0.00026     0.028   13.3   0.0    65   129   321   386   311   392 0.86 -
ptg000540l:211221-339283     -           1732 22375at33392         -            476   6.2e-64  216.6  24.1   4  10   5.6e-15     6e-13   48.5   0.0     3   139   394   532   392   546 0.91 -
ptg000540l:211221-339283     -           1732 22375at33392         -            476   6.2e-64  216.6  24.1   5  10   2.5e-07   2.6e-05   23.3   0.0    66   187   492   630   491   645 0.68 -
ptg000540l:211221-339283     -           1732 22375at33392         -            476   6.2e-64  216.6  24.1   6  10   1.1e-05    0.0012   17.8   0.4    16   139   593   723   590   725 0.66 -
ptg000540l:211221-339283     -           1732 22375at33392         -            476   6.2e-64  216.6  24.1   7  10   2.7e-07   2.9e-05   23.1   0.7    18   119   702   800   690   823 0.82 -
ptg000540l:211221-339283     -           1732 22375at33392         -            476   6.2e-64  216.6  24.1   8  10   1.1e-08   1.2e-06   27.7   0.3    63   153   847   936   814   952 0.84 -
ptg000540l:211221-339283     -           1732 22375at33392         -            476   6.2e-64  216.6  24.1   9  10   4.6e-13     5e-11   42.1   0.1    32   135   962  1067   955  1067 0.93 -
ptg000540l:211221-339283     -           1732 22375at33392         -            476   6.2e-64  216.6  24.1  10  10     9e-08   9.7e-06   24.7   0.0    67   138  1065  1138  1063  1152 0.87 -
ptg000082l:225141-370652     -           1677 22375at33392         -            476   8.3e-62  209.6  23.1   1  11   1.9e-05    0.0021   17.0   0.0    17   102   132   222   118   235 0.78 -
ptg000082l:225141-370652     -           1677 22375at33392         -            476   8.3e-62  209.6  23.1   2  11   6.5e-06   0.00069   18.6   0.0    66   121   256   311   236   322 0.82 -
ptg000082l:225141-370652     -           1677 22375at33392         -            476   8.3e-62  209.6  23.1   3  11   4.8e-07   5.1e-05   22.3   0.1    35   139   292   396   292   402 0.84 -
ptg000082l:225141-370652     -           1677 22375at33392         -            476   8.3e-62  209.6  23.1   4  11   3.5e-12   3.8e-10   39.2   0.0    27   139   384   497   382   501 0.92 -
ptg000082l:225141-370652     -           1677 22375at33392         -            476   8.3e-62  209.6  23.1   5  11     3e-07   3.2e-05   23.0   0.0    66   186   457   594   456   603 0.67 -
ptg000082l:225141-370652     -           1677 22375at33392         -            476   8.3e-62  209.6  23.1   6  11   1.6e-05    0.0017   17.3   0.4    27   139   570   688   557   690 0.68 -
ptg000082l:225141-370652     -           1677 22375at33392         -            476   8.3e-62  209.6  23.1   7  11   2.8e-07     3e-05   23.1   0.2    19   116   668   762   656   770 0.83 -
ptg000082l:225141-370652     -           1677 22375at33392         -            476   8.3e-62  209.6  23.1   8  11   9.4e-05      0.01   14.7   0.3    10   116   691   796   687   813 0.61 -
ptg000082l:225141-370652     -           1677 22375at33392         -            476   8.3e-62  209.6  23.1   9  11   1.1e-08   1.2e-06   27.7   0.3    63   153   812   901   780   917 0.85 -
ptg000082l:225141-370652     -           1677 22375at33392         -            476   8.3e-62  209.6  23.1  10  11   4.5e-13   4.8e-11   42.2   0.1    32   135   927  1032   920  1032 0.93 -
ptg000082l:225141-370652     -           1677 22375at33392         -            476   8.3e-62  209.6  23.1  11  11   8.7e-08   9.3e-06   24.8   0.0    67   138  1030  1103  1028  1117 0.87 -
ptg000061l:4517758-4519326   -            523 22375at33392         -            476   7.1e-59  199.9  18.6   1   5   4.4e-14   4.7e-12   45.5   0.2    23   138     1   115     1   120 0.93 -
ptg000061l:4517758-4519326   -            523 22375at33392         -            476   7.1e-59  199.9  18.6   2   5   6.5e-15     7e-13   48.2   0.4    10   135   119   243   115   245 0.94 -
ptg000061l:4517758-4519326   -            523 22375at33392         -            476   7.1e-59  199.9  18.6   3   5   9.7e-18     1e-15   57.6   1.2     8   139   215   346   214   350 0.95 -
ptg000061l:4517758-4519326   -            523 22375at33392         -            476   7.1e-59  199.9  18.6   4   5   3.8e-17   4.1e-15   55.6   0.3     9   141   348   480   343   480 0.93 -
ptg000061l:4517758-4519326   -            523 22375at33392         -            476   7.1e-59  199.9  18.6   5   5   1.2e-10   1.3e-08   34.1   0.0    30   114   436   519   430   523 0.59 -
ptg000147l:8016668-8019562   -            965 22375at33392         -            476   1.4e-48  166.0   5.5   1   6   4.4e-14   4.7e-12   45.5   0.4    15   195    26   207    14   213 0.88 -
ptg000147l:8016668-8019562   -            965 22375at33392         -            476   1.4e-48  166.0   5.5   2   6     0.056         6    5.6   0.0    37   126   229   316   223   336 0.79 -
ptg000147l:8016668-8019562   -            965 22375at33392         -            476   1.4e-48  166.0   5.5   3   6   1.5e-05    0.0016   17.4   0.0    61   203   284   429   277   436 0.72 -
ptg000147l:8016668-8019562   -            965 22375at33392         -            476   1.4e-48  166.0   5.5   4   6   6.3e-10   6.8e-08   31.8   0.0    81   202   443   562   434   578 0.85 -
ptg000147l:8016668-8019562   -            965 22375at33392         -            476   1.4e-48  166.0   5.5   5   6   3.2e-07   3.5e-05   22.9   0.0    67   141   620   691   602   696 0.90 -
ptg000147l:8016668-8019562   -            965 22375at33392         -            476   1.4e-48  166.0   5.5   6   6   3.5e-12   3.8e-10   39.2   0.0    21   209   769   963   758   965 0.81 -
ptg000244l:4899017-4900192   -            392 22375at33392         -            476     6e-48  163.9   4.8   1   3   1.6e-17   1.7e-15   56.8   0.3     7   141     9   143     4   147 0.93 -
ptg000244l:4899017-4900192   -            392 22375at33392         -            476     6e-48  163.9   4.8   2   3   5.8e-17   6.2e-15   55.0   0.1    12   140   146   274   142   275 0.93 -
ptg000244l:4899017-4900192   -            392 22375at33392         -            476     6e-48  163.9   4.8   3   3   1.3e-19   1.4e-17   63.7   0.1    12   143   245   376   242   391 0.91 -
ptg000061l:4646276-4647547   -            424 22375at33392         -            476   9.3e-47  160.0   9.0   1   4   7.8e-12   8.4e-10   38.1   0.2    35   136     3   103     1   106 0.94 -
ptg000061l:4646276-4647547   -            424 22375at33392         -            476   9.3e-47  160.0   9.0   2   4   1.7e-13   1.8e-11   43.6   0.1    35   137   102   203   100   206 0.96 -
ptg000061l:4646276-4647547   -            424 22375at33392         -            476   9.3e-47  160.0   9.0   3   4   1.9e-14   2.1e-12   46.7   0.1    35   140   201   305   194   309 0.95 -
ptg000061l:4646276-4647547   -            424 22375at33392         -            476   9.3e-47  160.0   9.0   4   4   8.9e-13   9.5e-11   41.2   0.3     8   125   305   423   302   424 0.73 -
ptg000147l:7948577-7951609   -           1011 22375at33392         -            476   3.4e-44  151.5   9.3   1   7   4.2e-15   4.5e-13   48.9   0.5    15   197    15   198     3   216 0.84 -
ptg000147l:7948577-7951609   -           1011 22375at33392         -            476   3.4e-44  151.5   9.3   2   7   1.2e-07   1.3e-05   24.3   0.1    51   138   366   453   243   465 0.61 -
ptg000147l:7948577-7951609   -           1011 22375at33392         -            476   3.4e-44  151.5   9.3   3   7   3.7e-12   3.9e-10   39.2   0.4    51   194   366   512   347   514 0.85 -
ptg000147l:7948577-7951609   -           1011 22375at33392         -            476   3.4e-44  151.5   9.3   4   7   3.5e-07   3.8e-05   22.7   0.0    81   195   467   581   457   593 0.88 -
ptg000147l:7948577-7951609   -           1011 22375at33392         -            476   3.4e-44  151.5   9.3   5   7   9.2e-06   0.00098   18.1   0.0    29   121   642   730   613   753 0.65 -
ptg000147l:7948577-7951609   -           1011 22375at33392         -            476   3.4e-44  151.5   9.3   6   7   7.4e-07     8e-05   21.7   0.0    85   212   791   925   784   934 0.80 -
ptg000147l:7948577-7951609   -           1011 22375at33392         -            476   3.4e-44  151.5   9.3   7   7   2.2e-05    0.0024   16.8   0.0   117   212   898   997   882  1000 0.73 -
ptg000003l:1518416-1530538   -            645 22375at33392         -            476   1.5e-41  142.8   0.0   1   4     6e-11   6.5e-09   35.2   0.0    22   184     6   166     1   168 0.61 -
ptg000003l:1518416-1530538   -            645 22375at33392         -            476   1.5e-41  142.8   0.0   2   4   3.2e-12   3.4e-10   39.4   0.0    23   203   107   285    94   303 0.86 -
ptg000003l:1518416-1530538   -            645 22375at33392         -            476   1.5e-41  142.8   0.0   3   4   5.6e-14     6e-12   45.2   0.0    35   203   307   473   292   475 0.88 -
ptg000003l:1518416-1530538   -            645 22375at33392         -            476   1.5e-41  142.8   0.0   4   4   3.9e-12   4.2e-10   39.1   0.0    23   202   461   638   448   643 0.89 -
ptg000074l:1743847-1744887   -            347 22375at33392         -            476   1.6e-41  142.7   7.2   1   3   1.2e-11   1.2e-09   37.5   0.0    68   185     2   118     1   126 0.86 -
ptg000074l:1743847-1744887   -            347 22375at33392         -            476   1.6e-41  142.7   7.2   2   3   1.1e-24   1.2e-22   80.5   1.0    21   203   132   311   115   312 0.92 -
ptg000074l:1743847-1744887   -            347 22375at33392         -            476   1.6e-41  142.7   7.2   3   3     6e-13   6.4e-11   41.8   0.1    67   172   243   346   241   347 0.94 -
ptg000279l:13957468-13958451 -            328 22375at33392         -            476     8e-39  133.8   3.6   1   3     2e-18   2.1e-16   59.8   0.2    24   164     1   139     1   144 0.84 -
ptg000279l:13957468-13958451 -            328 22375at33392         -            476     8e-39  133.8   3.6   2   3   5.9e-14   6.4e-12   45.1   0.1    15   137   123   245   117   247 0.90 -
ptg000279l:13957468-13958451 -            328 22375at33392         -            476     8e-39  133.8   3.6   3   3   1.3e-11   1.4e-09   37.3   0.0    23   119   231   326   231   328 0.81 -
ptg000606l:216438-217511     -            358 22375at33392         -            476   2.1e-37  129.1  12.1   1   3   8.1e-12   8.7e-10   38.0   0.7     6   121     4   120     1   132 0.86 -
ptg000606l:216438-217511     -            358 22375at33392         -            476   2.1e-37  129.1  12.1   2   3   1.4e-19   1.5e-17   63.7   2.0    31   172   131   273   125   277 0.89 -
ptg000606l:216438-217511     -            358 22375at33392         -            476   2.1e-37  129.1  12.1   3   3     8e-15   8.6e-13   48.0   0.1    67   193   236   357   234   358 0.94 -
ptg000295l:794627-795751     -            375 22375at33392         -            476     2e-36  125.9   8.5   1   3   6.2e-09   6.6e-07   28.5   0.1     5    89     3    88     1   102 0.83 -
ptg000295l:794627-795751     -            375 22375at33392         -            476     2e-36  125.9   8.5   2   3   3.7e-14   3.9e-12   45.8   0.2    29   137   106   213    97   217 0.92 -
ptg000295l:794627-795751     -            375 22375at33392         -            476     2e-36  125.9   8.5   3   3   6.5e-21   6.9e-19   68.0   1.8    39   206   182   346   181   375 0.88 -
ptg000606l:220790-222289     -            500 22375at33392         -            476   7.4e-36  124.0  10.6   1   3   3.2e-13   3.4e-11   42.7   0.9     1   121   144   265   144   272 0.91 -
ptg000606l:220790-222289     -            500 22375at33392         -            476   7.4e-36  124.0  10.6   2   3     8e-18   8.5e-16   57.9   1.7    33   171   278   414   270   417 0.91 -
ptg000606l:220790-222289     -            500 22375at33392         -            476   7.4e-36  124.0  10.6   3   3   1.2e-08   1.3e-06   27.6   0.0    42   125   417   499   414   500 0.91 -
ptg000183l:2735416-2736489   -            358 22375at33392         -            476   2.4e-35  122.3  10.4   1   3   1.7e-11   1.8e-09   37.0   0.8     5   121     3   120     1   132 0.87 -
ptg000183l:2735416-2736489   -            358 22375at33392         -            476   2.4e-35  122.3  10.4   2   3   1.2e-19   1.3e-17   63.8   1.8    31   172   131   273   126   277 0.89 -
ptg000183l:2735416-2736489   -            358 22375at33392         -            476   2.4e-35  122.3  10.4   3   3   4.2e-08   4.5e-06   25.8   0.0    43   124   276   356   273   358 0.92 -
ptg000155l:2160542-2161369   -            276 22375at33392         -            476     6e-31  107.8   3.8   1   3   1.2e-05    0.0013   17.7   0.1    67   138     1    70     1    77 0.87 -
ptg000155l:2160542-2161369   -            276 22375at33392         -            476     6e-31  107.8   3.8   2   3   8.7e-14   9.4e-12   44.5   0.2    15   119    77   182    70   187 0.91 -
ptg000155l:2160542-2161369   -            276 22375at33392         -            476     6e-31  107.8   3.8   3   3   1.8e-14   1.9e-12   46.8   0.1    21   114   184   276   178   276 0.93 -
ptg000061l:4677175-4677777   -            201 22375at33392         -            476   4.7e-29  101.6   2.2   1   2   6.9e-16   7.4e-14   51.5   0.4    35   163     1   127     1   128 0.92 -
ptg000061l:4677175-4677777   -            201 22375at33392         -            476   4.7e-29  101.6   2.2   2   2   1.8e-17   1.9e-15   56.7   0.1    21   136    86   200    69   201 0.90 -
ptg000279l:13999484-14000146 -            221 22375at33392         -            476   8.8e-28   97.4   0.4   1   2   3.2e-15   3.4e-13   49.3   0.0    35   163     4   130     1   131 0.94 -
ptg000279l:13999484-14000146 -            221 22375at33392         -            476   8.8e-28   97.4   0.4   2   2   1.8e-16     2e-14   53.4   0.1    39   186    74   218    70   221 0.83 -
ptg000061l:5566292-5566690   -            133 22375at33392         -            476   3.4e-27   95.4   2.2   1   2   9.9e-19   1.1e-16   60.8   0.3    35   135     1   100     1   100 0.97 -
ptg000061l:5566292-5566690   -            133 22375at33392         -            476   3.4e-27   95.4   2.2   2   2   1.3e-12   1.4e-10   40.7   0.1    23   100    55   131    55   133 0.90 -
ptg000124l:5436229-5450091   -            794 22375at33392         -            476   3.5e-27   95.4   1.4   1   2   7.8e-08   8.4e-06   24.9   0.1   104   194    32   121    24   131 0.67 -
ptg000124l:5436229-5450091   -            794 22375at33392         -            476   3.5e-27   95.4   1.4   2   2   4.7e-24     5e-22   78.4   0.1     6   187   132   314   128   336 0.92 -
ptg000061l:1788894-1870995   -           1107 22375at33392         -            476   6.7e-25   87.9   4.1   1   6   6.6e-08     7e-06   25.2   0.1    36   203   253   428   243   436 0.73 -
ptg000061l:1788894-1870995   -           1107 22375at33392         -            476   6.7e-25   87.9   4.1   2   6   0.00076     0.081   11.8   0.1    22    86   486   548   469   561 0.88 -
ptg000061l:1788894-1870995   -           1107 22375at33392         -            476   6.7e-25   87.9   4.1   3   6   1.4e-06   0.00015   20.8   0.0     7   126   582   701   577   706 0.89 -
ptg000061l:1788894-1870995   -           1107 22375at33392         -            476   6.7e-25   87.9   4.1   4   6   0.00041     0.044   12.6   0.0    28   174   707   864   704   864 0.77 -
ptg000061l:1788894-1870995   -           1107 22375at33392         -            476   6.7e-25   87.9   4.1   5   6   0.00053     0.057   12.3   0.0    69   146   860   939   852   947 0.84 -
ptg000061l:1788894-1870995   -           1107 22375at33392         -            476   6.7e-25   87.9   4.1   6   6      0.95     1e+02    1.6   0.0   164   219   983  1038   977  1043 0.86 -
ptg000149l:26946415-27000931 -           1507 22375at33392         -            476   7.2e-25   87.8   7.6   1   4   2.4e-09   2.6e-07   29.9   0.1    23   108    89   173    72   177 0.90 -
ptg000149l:26946415-27000931 -           1507 22375at33392         -            476   7.2e-25   87.8   7.6   2   4   1.6e-13   1.7e-11   43.7   2.9    57   204   198   343   185   348 0.83 -
ptg000149l:26946415-27000931 -           1507 22375at33392         -            476   7.2e-25   87.8   7.6   3   4     8e-06   0.00086   18.3   0.0    67   161   307   401   304   410 0.91 -
ptg000149l:26946415-27000931 -           1507 22375at33392         -            476   7.2e-25   87.8   7.6   4   4   0.00027     0.029   13.2   0.0    22    84   363   428   349   438 0.86 -
ptg000244l:4860951-4861493   -            181 22375at33392         -            476     8e-25   87.6   0.9   1   2   1.3e-10   1.4e-08   34.1   0.0    66   140     6    80     3    83 0.96 -
ptg000244l:4860951-4861493   -            181 22375at33392         -            476     8e-25   87.6   0.9   2   2   4.1e-18   4.4e-16   58.8   0.3    22   141    62   180    57   181 0.94 -
ptg000061l:4590013-4590561   -            183 22375at33392         -            476   1.1e-24   87.2   0.1   1   2   6.5e-09   6.9e-07   28.5   0.0    66   135     7    76     3    77 0.95 -
ptg000061l:4590013-4590561   -            183 22375at33392         -            476   1.1e-24   87.2   0.1   2   2   1.7e-19   1.9e-17   63.3   0.2    22   140    63   180    62   182 0.96 -
ptg000003l:1544364-1545332   -            323 22375at33392         -            476     2e-24   86.3   0.4   1   3   7.1e-12   7.6e-10   38.2   0.0    72   193     1   120     1   125 0.89 -
ptg000003l:1544364-1545332   -            323 22375at33392         -            476     2e-24   86.3   0.4   2   3   1.4e-10   1.5e-08   34.0   0.0    42   196    71   222    68   231 0.85 -
ptg000003l:1544364-1545332   -            323 22375at33392         -            476     2e-24   86.3   0.4   3   3   5.6e-08     6e-06   25.4   0.0     3   125   197   320   196   323 0.91 -
ptg000343l:199276-199911     -            212 22375at33392         -            476   4.1e-24   85.3   5.8   1   2   8.7e-14   9.4e-12   44.5   0.7    34   127     2    93     1    98 0.94 -
ptg000343l:199276-199911     -            212 22375at33392         -            476   4.1e-24   85.3   5.8   2   2   9.3e-15     1e-12   47.7   0.6    21   138    87   203    83   210 0.94 -
ptg000126l:5156647-5157171   -            175 22375at33392         -            476   5.2e-24   85.0   1.4   1   2   5.7e-13   6.1e-11   41.9   0.1     9   109     1   101     1   103 0.91 -
ptg000126l:5156647-5157171   -            175 22375at33392         -            476   5.2e-24   85.0   1.4   2   2     3e-13   3.2e-11   42.8   0.1    44   106   103   164   101   173 0.94 -
ptg000279l:14024460-14025056 -            199 22375at33392         -            476   1.2e-23   83.8   0.5   1   2   4.2e-12   4.5e-10   39.0   0.0    35   134     1    99     1   105 0.93 -
ptg000279l:14024460-14025056 -            199 22375at33392         -            476   1.2e-23   83.8   0.5   2   2   1.9e-15     2e-13   50.0   0.1    13   135    77   199    74   199 0.92 -
ptg000800l:5296-5874         -            193 22375at33392         -            476   2.3e-23   82.8   4.0   1   2     2e-20   2.2e-18   66.4   3.0    47   196     7   153     2   156 0.91 -
ptg000800l:5296-5874         -            193 22375at33392         -            476   2.3e-23   82.8   4.0   2   2   4.4e-05    0.0047   15.8   0.0    65    98   156   189   153   193 0.93 -
ptg000061l:4624331-4624819   -            163 22375at33392         -            476   9.5e-23   80.8   1.1   1   2   3.7e-15   3.9e-13   49.1   0.1    23   129     2   107     1   109 0.96 -
ptg000061l:4624331-4624819   -            163 22375at33392         -            476   9.5e-23   80.8   1.1   2   2   1.5e-11   1.6e-09   37.2   0.1    43   117    88   161    87   163 0.94 -
ptg000455l:296870-297436     -            189 22375at33392         -            476   1.1e-22   80.6   3.7   1   2   1.5e-18   1.6e-16   60.2   1.8    52   200     7   153     1   154 0.86 -
ptg000455l:296870-297436     -            189 22375at33392         -            476   1.1e-22   80.6   3.7   2   2   1.8e-08     2e-06   27.0   0.0    35    99   122   186   120   189 0.87 -
ptg000122l:47608190-47609080 -            297 22375at33392         -            476   2.7e-22   79.3   0.6   1   3    0.0024      0.26   10.1   0.0   164   204     2    42     1    48 0.74 -
ptg000122l:47608190-47609080 -            297 22375at33392         -            476   2.7e-22   79.3   0.6   2   3     3e-13   3.2e-11   42.8   0.0    18   135    56   173    41   173 0.92 -
ptg000122l:47608190-47609080 -            297 22375at33392         -            476   2.7e-22   79.3   0.6   3   3   1.9e-11     2e-09   36.8   0.1    69   206   140   275   140   285 0.93 -
ptg000183l:2731697-2732314   -            206 22375at33392         -            476   2.9e-22   79.2   1.0   1   1   6.2e-24   6.6e-22   78.0   0.9    30   205     5   174     2   186 0.93 -
ptg000800l:10198-10797       -            200 22375at33392         -            476   7.3e-22   77.9   2.4   1   1   1.1e-08   1.2e-06   27.7   0.0    35    99   133   197   131   200 0.87 -
ptg000279l:14019906-14020406 -            167 22375at33392         -            476     1e-21   77.4   0.9   1   2   2.4e-14   2.5e-12   46.4   0.3    35   140     1   105     1   106 0.95 -
ptg000279l:14019906-14020406 -            167 22375at33392         -            476     1e-21   77.4   0.9   2   2   3.1e-11   3.4e-09   36.1   0.0    67   135    98   166    95   167 0.96 -
ptg000153l:2823254-2823547   -             98 22375at33392         -            476   2.3e-21   76.2   5.0   1   1   2.2e-23   2.3e-21   76.2   5.0   330   392    32    94     1    98 0.82 -
ptg000407l:1195635-1195928   -             98 22375at33392         -            476   2.3e-21   76.2   5.0   1   1   2.2e-23   2.3e-21   76.2   5.0   330   392    32    94     1    98 0.82 -
ptg000800l:18187-18831       -            215 22375at33392         -            476   3.7e-21   75.6   3.1   1   2     9e-21   9.7e-19   67.6   3.0    46   205    12   169     1   177 0.90 -
ptg000800l:18187-18831       -            215 22375at33392         -            476   3.7e-21   75.6   3.1   2   2   0.00029     0.031   13.2   0.0    66   116   164   214   162   215 0.94 -
ptg000455l:303933-304577     -            215 22375at33392         -            476   5.1e-21   75.1   3.1   1   2   9.5e-21     1e-18   67.5   1.5    46   203    12   167     5   168 0.92 -
ptg000455l:303933-304577     -            215 22375at33392         -            476   5.1e-21   75.1   3.1   2   2   0.00029     0.031   13.1   0.0    66   116   164   214   162   215 0.94 -
ptg000061l:5569472-5569909   -            146 22375at33392         -            476   5.1e-21   75.1   0.2   1   1   6.1e-23   6.5e-21   74.7   0.2    10   139     4   133     2   138 0.94 -
ptg000455l:293631-294158     -            176 22375at33392         -            476   9.2e-21   74.2   2.5   1   1   9.5e-23     1e-20   74.1   2.5    45   204    18   174     3   176 0.91 -
ptg000061l:5570456-5570932   -            159 22375at33392         -            476   2.6e-20   72.7   1.3   1   2   7.4e-17   7.9e-15   54.7   0.1    38   139     2   102     1   104 0.95 -
ptg000061l:5570456-5570932   -            159 22375at33392         -            476   2.6e-20   72.7   1.3   2   2   1.9e-07   2.1e-05   23.6   0.1    22    92    85   154    84   159 0.91 -
ptg000003l:3971463-3971867   -            135 22375at33392         -            476   3.8e-20   72.2   0.5   1   1   3.8e-22   4.1e-20   72.1   0.5    72   205     1   132     1   135 0.95 -
ptg000003l:1578734-1579750   -            339 22375at33392         -            476   5.2e-20   71.8   0.0   1   2   1.2e-11   1.3e-09   37.5   0.0    64   205    16   155     7   172 0.69 -
ptg000003l:1578734-1579750   -            339 22375at33392         -            476   5.2e-20   71.8   0.0   2   2   8.4e-10     9e-08   31.4   0.0    23   186   175   335   169   338 0.87 -
ptg000126l:5161671-5162066   -            132 22375at33392         -            476   1.5e-18   66.9   0.1   1   2     3e-11   3.2e-09   36.2   0.0    46   125     5    84     2    85 0.95 -
ptg000126l:5161671-5162066   -            132 22375at33392         -            476   1.5e-18   66.9   0.1   2   2     7e-11   7.5e-09   35.0   0.0    44   105    70   130    66   132 0.95 -
ptg000244l:4861134-4861487   -            118 22375at33392         -            476   2.2e-18   66.4   0.5   1   2   8.5e-11   9.1e-09   34.7   0.0    66   140     4    78     2    78 0.97 -
ptg000244l:4861134-4861487   -            118 22375at33392         -            476   2.2e-18   66.4   0.5   2   2   3.1e-11   3.4e-09   36.1   0.1    35   114    40   118    37   118 0.95 -
ptg000126l:5167254-5167733   -            160 22375at33392         -            476   3.6e-18   65.7   0.2   1   1   3.9e-19   4.2e-17   62.2   0.2    39   175     2   134     1   144 0.92 -
ptg000061l:5620450-5620839   -            130 22375at33392         -            476   1.8e-17   63.4   0.3   1   1   1.9e-19   2.1e-17   63.2   0.3    15   138     5   128     2   130 0.94 -
ptg000061l:4594741-4595178   -            146 22375at33392         -            476   1.9e-17   63.3   0.2   1   1     2e-19   2.2e-17   63.1   0.2    10   141     5   136     1   142 0.92 -
ptg000080l:20200738-20203989 -            347 22375at33392         -            476   3.8e-17   62.3   5.0   1   1     7e-19   7.6e-17   61.3   5.0   328   394   113   178   106   188 0.89 -
ptg000061l:4518301-4518693   -            131 22375at33392         -            476   6.6e-17   61.5   0.8   1   1   7.4e-19   7.9e-17   61.3   0.8     7   135     3   131     2   131 0.96 -
ptg000061l:4589437-4589829   -            131 22375at33392         -            476     2e-16   60.0   0.3   1   1   3.1e-18   3.3e-16   59.2   0.3    13   134     7   128     1   131 0.64 -
ptg000027l:257992-314893     -           1407 22375at33392         -            476   4.1e-16   58.9   2.0   1   3   1.5e-08   1.6e-06   27.2   0.0    45   140   929  1025   906  1038 0.86 -
ptg000027l:257992-314893     -           1407 22375at33392         -            476   4.1e-16   58.9   2.0   2   3   9.6e-09     1e-06   27.9   0.9     4   124  1059  1181  1056  1185 0.92 -
ptg000027l:257992-314893     -           1407 22375at33392         -            476   4.1e-16   58.9   2.0   3   3      0.47        51    2.5   0.0   102   138  1179  1215  1178  1237 0.81 -
ptg000237l:349440-411235     -           1410 22375at33392         -            476   4.2e-16   58.9   2.0   1   3   1.5e-08   1.6e-06   27.2   0.0    45   140   932  1028   909  1041 0.86 -
ptg000237l:349440-411235     -           1410 22375at33392         -            476   4.2e-16   58.9   2.0   2   3   9.6e-09     1e-06   27.9   0.9     4   124  1062  1184  1059  1188 0.92 -
ptg000237l:349440-411235     -           1410 22375at33392         -            476   4.2e-16   58.9   2.0   3   3      0.48        51    2.5   0.0   102   138  1182  1218  1181  1240 0.81 -
ptg000279l:13957975-13958346 -            124 22375at33392         -            476   9.6e-16   57.7   0.0   1   1   1.1e-17   1.2e-15   57.4   0.0    33   141     8   115     2   120 0.95 -
ptg000061l:4624928-4625275   -            116 22375at33392         -            476   1.1e-15   57.5   0.1   1   1   1.2e-17   1.3e-15   57.3   0.1    35   140     1   105     1   111 0.96 -
ptg000279l:13998458-13998874 -            139 22375at33392         -            476     2e-15   56.7   0.1   1   1   7.5e-09   8.1e-07   28.3   0.0    35    98    74   136    74   138 0.93 -
ptg000270l:269486-270652     -            389 22375at33392         -            476   3.2e-15   55.9   0.0   1   2   8.8e-10   9.4e-08   31.3   0.0    24   165    21   129     2   152 0.57 -
ptg000270l:269486-270652     -            389 22375at33392         -            476   3.2e-15   55.9   0.0   2   2   5.3e-07   5.7e-05   22.2   0.0    97   179   294   376   281   389 0.61 -
ptg000155l:2161031-2161372   -            114 22375at33392         -            476   1.6e-14   53.7   0.3   1   1   2.7e-16   2.9e-14   52.8   0.3     8   114     7   113     1   114 0.90 -
ptg000010l:3543818-3544555   -            246 22375at33392         -            476     2e-14   53.4   7.8   1   1   2.3e-16   2.5e-14   53.0   7.8   322   428    54   171    13   211 0.75 -
ptg000003l:3923489-3923908   -            140 22375at33392         -            476   2.1e-14   53.3   0.3   1   1   2.6e-16   2.7e-14   52.9   0.3    79   205     8   131     1   138 0.82 -
ptg000010l:2300230-2311901   -            449 22375at33392         -            476   2.6e-14   53.0   0.1   1   1   3.2e-16   3.4e-14   52.6   0.1     3   136     4   138     2   147 0.89 -
ptg000279l:13954342-13954770 -            143 22375at33392         -            476   3.5e-14   52.5   0.9   1   1     4e-16   4.3e-14   52.2   0.9     8   130    16   142     2   143 0.86 -
ptg000061l:4416635-4416970   -            112 22375at33392         -            476   3.7e-14   52.4   1.4   1   2   1.6e-10   1.7e-08   33.8   0.1    73   141     2    70     1    72 0.92 -
ptg000061l:4416635-4416970   -            112 22375at33392         -            476   3.7e-14   52.4   1.4   2   2   1.7e-07   1.8e-05   23.8   0.1    23    81    52   109    51   112 0.87 -
ptg000003l:3906431-3906838   -            136 22375at33392         -            476   4.2e-14   52.3   0.6   1   1   4.6e-16   4.9e-14   52.0   0.6     6   131     4   129     1   134 0.93 -
ptg000074l:1752579-1752998   -            140 22375at33392         -            476   9.4e-14   51.1   3.2   1   1   1.3e-15   1.4e-13   50.5   3.2    37   173     2   135     1   140 0.92 -
ptg000279l:14043315-14043698 -            128 22375at33392         -            476   1.1e-13   50.9   0.1   1   1   1.6e-15   1.8e-13   50.2   0.1    22   138     2   117     1   126 0.93 -
ptg000061l:4456765-4457184   -            140 22375at33392         -            476   1.9e-13   50.1   0.9   1   1   2.3e-10   2.5e-08   33.2   0.1    65   138     9    82     1    85 0.93 -
ptg000155l:2164268-2164615   -            116 22375at33392         -            476     3e-13   49.5   0.1   1   1   3.2e-15   3.4e-13   49.3   0.1     5   111     3   109     1   116 0.60 -
ptg000244l:4899779-4900090   -            104 22375at33392         -            476   3.9e-13   49.1   0.1   1   1   4.4e-15   4.7e-13   48.8   0.1    35   135     4   103     2   104 0.97 -
ptg000020l:9870097-9882236   -            390 22375at33392         -            476   3.9e-13   49.1  11.8   1   2   3.7e-15   3.9e-13   49.1  11.8   333   389    90   146    82   158 0.83 -
ptg000020l:9870097-9882236   -            390 22375at33392         -            476   3.9e-13   49.1  11.8   2   2       1.2   1.3e+02    1.2   0.7   209   257   148   196   140   210 0.81 -
ptg000061l:4617040-4617354   -            105 22375at33392         -            476   7.4e-13   48.2   0.1   1   1   6.5e-14   6.9e-12   45.0   0.1    45   139     1    93     1    95 0.93 -
ptg000741l:413487-415584     -            187 22375at33392         -            476   7.5e-13   48.1   0.0   1   1   8.1e-15   8.6e-13   47.9   0.0     3   138    32   169    30   184 0.89 -
ptg000003l:3883428-3883838   -            137 22375at33392         -            476     8e-13   48.1   0.5   1   1   8.4e-15     9e-13   47.9   0.5    81   208     2   127     1   134 0.93 -
ptg000003l:3962640-3962963   -            108 22375at33392         -            476   9.3e-13   47.8   0.3   1   1   9.4e-15     1e-12   47.7   0.3   102   205     1   102     1   107 0.93 -
ptg000061l:4455262-4455588   -            109 22375at33392         -            476     1e-12   47.7   0.0   1   1   1.5e-14   1.6e-12   47.0   0.0    33   136     6   108     1   109 0.91 -
ptg000061l:4456450-4456752   -            101 22375at33392         -            476   1.6e-12   47.1   0.1   1   1   1.6e-14   1.7e-12   46.9   0.1    35   135     1   100     1   101 0.90 -
ptg000279l:14020500-14020790 -             97 22375at33392         -            476   2.3e-12   46.6   0.1   1   1   2.3e-14   2.4e-12   46.5   0.1    43   135     5    96     1    97 0.95 -
ptg000606l:221300-221722     -            141 22375at33392         -            476   3.4e-12   46.0   1.1   1   1   5.4e-14   5.8e-12   45.2   1.1    16   139     4   128     1   141 0.87 -
ptg000216l:2564080-2564490   -            137 22375at33392         -            476   3.4e-12   46.0   0.2   1   1   3.7e-14     4e-12   45.8   0.2    13   138     2   128     1   136 0.91 -
ptg000074l:1921693-1922139   -            149 22375at33392         -            476   5.1e-12   45.4   0.2   1   1   2.4e-13   2.6e-11   43.1   0.2    22   157    13   148     1   149 0.86 -
ptg000108l:5980926-5981351   -            142 22375at33392         -            476   9.1e-12   44.6   0.2   1   1   9.6e-14     1e-11   44.4   0.2     9   138     4   133     1   141 0.89 -
ptg000020l:256642-263554     -            116 22375at33392         -            476   1.4e-11   43.9   0.0   1   1   1.5e-13   1.6e-11   43.8   0.0     7   111     2   106     1   114 0.74 -
ptg000158l:6483653-6483931   -             93 22375at33392         -            476   4.2e-11   42.4   0.2   1   1   4.2e-13   4.5e-11   42.3   0.2    34   122     5    92     1    93 0.92 -
ptg000008l:8664767-8676502   -            370 22375at33392         -            476   4.3e-11   42.4   0.2   1   1     4e-13   4.3e-11   42.4   0.2    22   116    34   128    13   147 0.91 -
ptg000074l:1909883-1910281   -            133 22375at33392         -            476   6.4e-11   41.8   0.4   1   1   9.9e-13   1.1e-10   41.1   0.4    54   183     1   129     1   133 0.84 -
ptg000061l:4626017-4626391   -            125 22375at33392         -            476   9.2e-11   41.3   0.0   1   1   9.4e-13     1e-10   41.1   0.0     5   116     4   123     1   125 0.80 -
ptg000159l:5132596-5132955   -            120 22375at33392         -            476   1.3e-10   40.8   0.1   1   1   1.4e-12   1.5e-10   40.6   0.1    26   139     3   115     1   118 0.51 -
ptg000158l:6494076-6494393   -            106 22375at33392         -            476   1.4e-10   40.6   0.1   1   1   1.8e-12   1.9e-10   40.2   0.1    35   128     6    98     1   103 0.93 -
ptg000026l:2143571-2143888   -            106 22375at33392         -            476   1.5e-10   40.6   0.0   1   1   1.5e-12   1.6e-10   40.4   0.0    67   174     1   104     1   106 0.93 -
ptg000302l:324145-324462     -            106 22375at33392         -            476   1.5e-10   40.6   0.0   1   1   1.5e-12   1.6e-10   40.4   0.0    67   174     1   104     1   106 0.93 -
ptg000233l:297528-305397     -            303 22375at33392         -            476   1.7e-10   40.4   0.1   1   1   2.6e-12   2.8e-10   39.7   0.1     3    77   213   284   211   300 0.91 -
ptg000234l:1039287-1039607   -            107 22375at33392         -            476   2.5e-10   39.8   0.5   1   1   1.2e-11   1.3e-09   37.5   0.5    46   123    16    92     3   104 0.79 -
ptg000074l:1752114-1752539   -            142 22375at33392         -            476   2.7e-10   39.7   0.1   1   2   4.6e-09   4.9e-07   29.0   0.0    66   138     4    77     1    78 0.93 -
ptg000074l:1752114-1752539   -            142 22375at33392         -            476   2.7e-10   39.7   0.1   2   2   0.00012     0.013   14.4   0.1    24    83    63   121    57   130 0.50 -
ptg000159l:5127138-5127437   -            100 22375at33392         -            476   3.7e-10   39.3   0.0   1   1     4e-12   4.3e-10   39.1   0.0    45   138     4    98     2   100 0.87 -
ptg000420l:309154-315645     -            283 22375at33392         -            476   4.5e-10   39.0   0.1   1   1   6.7e-12   7.2e-10   38.3   0.1     3    75   213   282   211   283 0.90 -
ptg000108l:6005640-6006113   -            158 22375at33392         -            476   5.5e-10   38.7   0.0   1   2     0.045       4.8    5.9   0.0    68   102     8    43     4    50 0.81 -
ptg000108l:6005640-6006113   -            158 22375at33392         -            476   5.5e-10   38.7   0.0   2   2   1.4e-09   1.6e-07   30.6   0.0    81   174    61   153    52   157 0.83 -
ptg000061l:4641282-4641611   -            110 22375at33392         -            476   7.7e-10   38.2   0.0   1   1   7.4e-12     8e-10   38.2   0.0    30   165     7   107     1   110 0.52 -
ptg000289l:328277-328717     -            147 22375at33392         -            476   9.4e-10   37.9   0.5   1   2    0.0016      0.17   10.7   0.0    29    85    15    70     6    73 0.59 -
ptg000289l:328277-328717     -            147 22375at33392         -            476   9.4e-10   37.9   0.5   2   2     6e-10   6.5e-08   31.9   0.1    30   122    49   144    45   146 0.83 -
ptg000003l:1569978-1570532   -            185 22375at33392         -            476   1.1e-09   37.7   0.0   1   1   1.3e-11   1.4e-09   37.4   0.0    37   204    12   178     3   184 0.86 -
ptg000289l:386382-386642     -             87 22375at33392         -            476     2e-09   36.8   0.0   1   1     2e-11   2.2e-09   36.7   0.0    67   140     3    76     1    86 0.95 -
ptg000061l:5569073-5569294   -             74 22375at33392         -            476   2.7e-09   36.4   0.1   1   1   2.6e-11   2.8e-09   36.4   0.1    40   110     3    72     1    74 0.58 -
ptg000582l:369749-370006     -             86 22375at33392         -            476   2.7e-09   36.4   0.0   1   1   2.8e-11     3e-09   36.3   0.0    39   118     7    85     2    86 0.89 -
ptg000793l:100658-100915     -             86 22375at33392         -            476   2.7e-09   36.4   0.0   1   1   2.8e-11     3e-09   36.3   0.0    39   118     7    85     2    86 0.89 -
ptg000024l:31998947-32104276 -           2461 22375at33392         -            476   3.2e-09   36.2   0.1   1   3   3.8e-06   0.00041   19.3   0.0    67   117     2    52     1    68 0.92 -
ptg000024l:31998947-32104276 -           2461 22375at33392         -            476   3.2e-09   36.2   0.1   2   3    0.0014      0.15   10.8   0.0    24   115    97   188    68   193 0.77 -
ptg000024l:31998947-32104276 -           2461 22375at33392         -            476   3.2e-09   36.2   0.1   3   3      0.88        94    1.7   0.0    65    93   322   350   312   435 0.80 -
ptg000122l:47608625-47609044 -            140 22375at33392         -            476   3.3e-09   36.2   0.0   1   1   3.6e-11   3.9e-09   35.9   0.0    78   205     4   129     2   137 0.91 -
ptg000112l:2479314-2479598   -             95 22375at33392         -            476   5.9e-09   35.3   0.0   1   1   5.6e-11     6e-09   35.3   0.0    25   104     2    78     1    94 0.85 -
ptg000289l:293978-294349     -            124 22375at33392         -            476   8.7e-09   34.7   0.2   1   1   9.7e-11     1e-08   34.5   0.2   101   206     2   105     1   119 0.91 -
ptg000159l:5172596-5172859   -             88 22375at33392         -            476   2.1e-08   33.5   0.0   1   1   2.2e-10   2.4e-08   33.3   0.0    67   151     3    86     1    88 0.92 -
ptg000159l:5165133-5165570   -            146 22375at33392         -            476   3.5e-08   32.8   0.2   1   1   4.1e-08   4.4e-06   25.8   0.2    31   120    49   141    47   145 0.85 -
ptg000035l:1257782-1258339   -            186 22375at33392         -            476   1.2e-07   31.0   0.0   1   1   1.7e-09   1.8e-07   30.4   0.0    65   164    48   144    24   185 0.78 -
ptg000024l:38913059-38913250 -             64 22375at33392         -            476   2.9e-07   29.7   0.0   1   1     3e-09   3.2e-07   29.6   0.0    37    94     7    63     4    64 0.90 -
ptg000289l:379614-379994     -            127 22375at33392         -            476   3.6e-07   29.4   0.0   1   1   3.9e-09   4.2e-07   29.2   0.0    64   159    18   117     2   127 0.73 -
ptg000003l:1583564-1583878   -            105 22375at33392         -            476   3.6e-07   29.4   0.0   1   1   3.6e-09   3.8e-07   29.3   0.0    83   185     4   104     1   105 0.76 -
ptg000155l:2164969-2165262   -             98 22375at33392         -            476   3.8e-07   29.3   0.1   1   1   3.8e-09   4.1e-07   29.2   0.1    20    89    30    98    12    98 0.84 -
ptg000159l:5217463-5217843   -            127 22375at33392         -            476   4.1e-07   29.2   0.0   1   1   4.5e-09   4.8e-07   29.0   0.0    28   159    16   117     2   127 0.57 -
ptg000289l:302102-302347     -             82 22375at33392         -            476   4.6e-07   29.1   0.0   1   1   4.6e-09   4.9e-07   29.0   0.0    27    98     8    78     1    82 0.60 -
ptg000159l:5138831-5139076   -             82 22375at33392         -            476   5.1e-07   28.9   0.0   1   1   5.9e-09   6.3e-07   28.6   0.0   125   202     6    81     1    82 0.51 -
ptg000159l:226060-226356     -             99 22375at33392         -            476   6.4e-07   28.6   0.0   1   1   9.1e-09   9.8e-07   28.0   0.0   117   205     7    95     2    98 0.82 -
ptg000233l:389160-389462     -            101 22375at33392         -            476   8.2e-07   28.2   0.1   1   1   9.6e-09     1e-06   27.9   0.1    67   141    15    89    12   101 0.88 -
ptg000420l:400646-400948     -            101 22375at33392         -            476   8.2e-07   28.2   0.1   1   1   9.6e-09     1e-06   27.9   0.1    67   141    15    89    12   101 0.88 -
ptg000289l:326075-326410     -            112 22375at33392         -            476   1.8e-06   27.1   0.1   1   1   3.6e-08   3.8e-06   26.0   0.1    43   125     2    83     1   111 0.74 -
ptg000385l:1167138-1167458   -            107 22375at33392         -            476   2.2e-06   26.8   0.0   1   2      0.29        31    3.3   0.0   117   141     4    28     1    45 0.69 -
ptg000385l:1167138-1167458   -            107 22375at33392         -            476   2.2e-06   26.8   0.0   2   2   4.5e-07   4.8e-05   22.4   0.0    76   121    47    92    32   107 0.84 -
ptg000003l:1504701-1505123   -            141 22375at33392         -            476   2.6e-06   26.6   0.3   1   2   6.9e-05    0.0074   15.2   0.0    41    96     4    58     1    63 0.60 -
ptg000003l:1504701-1505123   -            141 22375at33392         -            476   2.6e-06   26.6   0.3   2   2    0.0025      0.27   10.0   0.1    20    84    76   139    63   141 0.78 -
ptg000159l:5161344-5161673   -            110 22375at33392         -            476   2.8e-06   26.5   0.1   1   1     4e-08   4.3e-06   25.9   0.1    43   122     2    80     1   109 0.74 -
ptg000270l:270347-270643     -             99 22375at33392         -            476   3.2e-06   26.3   0.0   1   1   3.6e-08   3.8e-06   26.0   0.0    97   179     7    89     1    99 0.61 -
ptg000080l:23402305-23402457 -             51 22375at33392         -            476   4.8e-06   25.7   0.1   1   1     5e-08   5.4e-06   25.5   0.1    67   114     4    51     2    51 0.95 -
ptg000467l:1168839-1169144   -            102 22375at33392         -            476   7.3e-06   25.1   0.0   1   1   8.1e-08   8.7e-06   24.9   0.0    36   126     8    98     2   101 0.93 -
ptg000159l:5207053-5207385   -            111 22375at33392         -            476   9.1e-06   24.8   0.2   1   1   1.5e-07   1.6e-05   24.0   0.2    81   174     6    99     1   111 0.53 -
ptg000311l:14985374-14985673 -            100 22375at33392         -            476   1.1e-05   24.5   0.3   1   1   1.1e-07   1.2e-05   24.4   0.3    67   122     3    58     1    71 0.89 -
ptg000289l:370671-370970     -            100 22375at33392         -            476   2.5e-05   23.3   0.1   1   1   2.7e-07   2.9e-05   23.1   0.1    80   173     5    98     1    99 0.80 -
ptg000160l:4157242-4157562   -            107 22375at33392         -            476   4.8e-05   22.4   0.0   1   1   4.5e-07   4.9e-05   22.4   0.0    42   100     7    64     1   104 0.65 -
ptg000155l:3559715-3566492   -            533 22375at33392         -            476   5.8e-05   22.1   5.5   1   3   1.5e-06   0.00017   20.6   0.2    66   188     4   122     2   133 0.74 -
ptg000155l:3559715-3566492   -            533 22375at33392         -            476   5.8e-05   22.1   5.5   2   3       2.8     3e+02   -0.0   0.2   221   257   186   222   180   239 0.82 -
ptg000155l:3559715-3566492   -            533 22375at33392         -            476   5.8e-05   22.1   5.5   3   3       2.1   2.3e+02    0.4   0.1   280   328   431   479   388   485 0.82 -
ptg000039l:3640442-3643680   -            532 22375at33392         -            476   7.4e-05   21.8   0.1   1   3   6.9e-07   7.4e-05   21.8   0.1    66   188     4   121     2   132 0.81 -
ptg000039l:3640442-3643680   -            532 22375at33392         -            476   7.4e-05   21.8   0.1   2   3       4.1   4.4e+02   -0.6   0.2   221   256   185   220   180   236 0.82 -
ptg000039l:3640442-3643680   -            532 22375at33392         -            476   7.4e-05   21.8   0.1   3   3       1.8     2e+02    0.6   0.1   271   328   420   478   382   486 0.74 -
ptg000012l:9173550-9173687   -             46 22375at33392         -            476   8.6e-05   21.6   0.0   1   1   8.2e-07   8.8e-05   21.5   0.0    67   110     3    46     1    46 0.96 -
ptg000529l:128859-128996     -             46 22375at33392         -            476   8.6e-05   21.6   0.0   1   1   8.2e-07   8.8e-05   21.5   0.0    67   110     3    46     1    46 0.96 -
ptg000149l:8104876-8105064   -             63 22375at33392         -            476    0.0002   20.4   0.0   1   1   1.9e-06   0.00021   20.3   0.0    23    84     3    63     1    63 0.91 -
ptg000061l:6746268-6746597   -            110 22375at33392         -            476   0.00044   19.2   0.1   1   2    0.0062      0.66    8.8   0.1    99   139     2    43     1    49 0.71 -
ptg000061l:6746268-6746597   -            110 22375at33392         -            476   0.00044   19.2   0.1   2   2    0.0053      0.57    9.0   0.0    49   111    75   103    65   110 0.57 -
ptg000080l:9623766-9633941   -            553 22375at33392         -            476    0.0013   17.7   0.0   1   1   1.7e-05    0.0018   17.2   0.0    65   136   444   516   439   529 0.86 -
ptg000080l:23402704-23402982 -             93 22375at33392         -            476    0.0014   17.6   0.1   1   1   1.4e-05    0.0015   17.5   0.1   159   209     9    59     2    82 0.77 -
ptg000240l:2672423-2704589   -            658 22375at33392         -            476    0.0016   17.4   0.0   1   1   2.2e-05    0.0024   16.8   0.0   144   205   145   206   123   227 0.56 -
ptg000582l:364190-364381     -             64 22375at33392         -            476    0.0017   17.3   0.0   1   1   1.6e-05    0.0017   17.3   0.0    68   121     4    57     1    64 0.56 -
ptg000020l:258066-258221     -             52 22375at33392         -            476    0.0019   17.2   0.1   1   1   1.8e-05    0.0019   17.1   0.1    74   121     3    50     1    52 0.62 -
ptg000793l:95093-95278       -             62 22375at33392         -            476    0.0022   17.0   0.0   1   1     2e-05    0.0022   17.0   0.0    68   121     4    57     1    62 0.57 -
ptg000039l:3648201-3648380   -             60 22375at33392         -            476     0.011   14.6   0.0   1   1   0.00034     0.036   12.9   0.0    94   137     5    50     1    54 0.73 -
ptg000628l:309612-527391     -            996 22375at33392         -            476     0.015   14.2   0.1   1   2       4.4   4.7e+02   -0.6   0.0   163   187   584   611   575   630 0.68 -
ptg000628l:309612-527391     -            996 22375at33392         -            476     0.015   14.2   0.1   2   2   0.00076     0.081   11.8   0.0   163   208   630   675   617   701 0.81 -
ptg000035l:15866382-16085401 -           1007 22375at33392         -            476     0.016   14.1   0.1   1   2       4.5   4.8e+02   -0.7   0.0   163   187   587   614   578   633 0.68 -
ptg000035l:15866382-16085401 -           1007 22375at33392         -            476     0.016   14.1   0.1   2   2   0.00078     0.084   11.7   0.0   163   208   633   678   621   704 0.81 -
ptg000126l:5149515-5149658   -             48 22375at33392         -            476     0.029   13.3   0.0   1   1   0.00028      0.03   13.2   0.0    69   115     1    46     1    48 0.71 -
ptg000385l:1167857-1168009   -             51 22375at33392         -            476     0.034   13.0   0.1   1   1   0.00032     0.034   13.0   0.1    44    88     6    50     1    51 0.52 -
ptg000122l:24587003-24685330 -           1353 22375at33392         -            476      0.17   10.7   0.0   1   1    0.0026      0.28   10.0   0.0    49   114   833   898   804   922 0.78 -
#
# Program:         hmmsearch
# Version:         3.2.1 (June 2018)
# Pipeline mode:   SEARCH
# Query file:      /home/tpsylvst/projects/diaprepes_assembly/busco/busco_downloads/lineages/endopterygota_odb10/hmms/22375at33392.hmm
# Target file:     /home/tpsylvst/projects/diaprepes_assembly/busco/diaprepes_busco/run_endopterygota_odb10/metaeuk_output/initial_results/diaprepes.fa.modified.fas
# Option settings: hmmsearch --domtblout /home/tpsylvst/projects/diaprepes_assembly/busco/diaprepes_busco/run_endopterygota_odb10/hmmer_output/initial_run_results/22375at33392.out --cpu 1 /home/tpsylvst/projects/diaprepes_assembly/busco/busco_downloads/lineages/endopterygota_odb10/hmms/22375at33392.hmm /home/tpsylvst/projects/diaprepes_assembly/busco/diaprepes_busco/run_endopterygota_odb10/metaeuk_output/initial_results/diaprepes.fa.modified.fas 
# Current dir:     /home/tpsylvst/projects/diaprepes_assembly/busco
# Date:            Mon Nov 28 14:23:01 2022
# [ok]
