#                                                                                    --- full sequence --- -------------- this domain -------------   hmm coord   ali coord   env coord
# target name                accession   tlen query name           accession   qlen   E-value  score  bias   #  of  c-Evalue  i-Evalue  score  bias  from    to  from    to  from    to  acc description of target
#        ------------------- ---------- ----- -------------------- ---------- ----- --------- ------ ----- --- --- --------- --------- ------ ----- ----- ----- ----- ----- ----- ----- ---- ---------------------
ptg000306l:1319948-1439314   -           1399 22999at33392         -            937  2.2e-303 1008.7  35.4   1   4    3e-123  1.9e-120  403.3   0.0     1   322     5   387     5   416 0.86 -
ptg000306l:1319948-1439314   -           1399 22999at33392         -            937  2.2e-303 1008.7  35.4   2   4   5.7e-31   3.5e-28   98.0   0.6   327   447   499   642   492   656 0.83 -
ptg000306l:1319948-1439314   -           1399 22999at33392         -            937  2.2e-303 1008.7  35.4   3   4  2.1e-133  1.3e-130  437.0  12.4   435   850   660  1150   641  1173 0.83 -
ptg000306l:1319948-1439314   -           1399 22999at33392         -            937  2.2e-303 1008.7  35.4   4   4   4.2e-24   2.6e-21   75.2   6.2   858   937  1287  1399  1283  1399 0.74 -
ptg000066l:17676920-17806791 -           1385 22999at33392         -            937  5.9e-302 1004.0  35.5   1   4  7.1e-122  4.4e-119  398.8   0.0     1   322     5   386     5   415 0.87 -
ptg000066l:17676920-17806791 -           1385 22999at33392         -            937  5.9e-302 1004.0  35.5   2   4   5.9e-31   3.6e-28   97.9   0.6   327   447   498   641   491   654 0.83 -
ptg000066l:17676920-17806791 -           1385 22999at33392         -            937  5.9e-302 1004.0  35.5   3   4  1.6e-133    1e-130  437.3  11.9   435   850   659  1149   654  1168 0.83 -
ptg000066l:17676920-17806791 -           1385 22999at33392         -            937  5.9e-302 1004.0  35.5   4   4   4.5e-24   2.8e-21   75.1   6.3   858   937  1273  1385  1269  1385 0.74 -
ptg000240l:4687248-4796105   -           2092 22999at33392         -            937   6.5e-99  332.0  45.9   1  14   1.8e-06    0.0011   16.9   0.0   171   309     1   132     1   151 0.70 -
ptg000240l:4687248-4796105   -           2092 22999at33392         -            937   6.5e-99  332.0  45.9   2  14   6.7e-26   4.2e-23   81.2   0.0   145   324   155   347   143   359 0.79 -
ptg000240l:4687248-4796105   -           2092 22999at33392         -            937   6.5e-99  332.0  45.9   3  14   1.1e-26     7e-24   83.7   0.0   155   353   357   558   346   562 0.86 -
ptg000240l:4687248-4796105   -           2092 22999at33392         -            937   6.5e-99  332.0  45.9   4  14   7.4e-06    0.0046   14.8   0.0   366   433   599   670   588   688 0.76 -
ptg000240l:4687248-4796105   -           2092 22999at33392         -            937   6.5e-99  332.0  45.9   5  14   1.7e-10   1.1e-07   30.2   2.2   571   774   704   934   704   943 0.76 -
ptg000240l:4687248-4796105   -           2092 22999at33392         -            937   6.5e-99  332.0  45.9   6  14   9.1e-07   0.00056   17.9   0.5   446   498  1037  1090   977  1136 0.74 -
ptg000240l:4687248-4796105   -           2092 22999at33392         -            937   6.5e-99  332.0  45.9   7  14   6.2e-09   3.8e-06   25.0   0.0   451   497  1142  1189  1136  1204 0.88 -
ptg000240l:4687248-4796105   -           2092 22999at33392         -            937   6.5e-99  332.0  45.9   8  14   1.4e-05    0.0084   14.0   0.1   449   499  1241  1289  1212  1300 0.87 -
ptg000240l:4687248-4796105   -           2092 22999at33392         -            937   6.5e-99  332.0  45.9   9  14    0.0062       3.8    5.2   0.1   364   439  1305  1385  1295  1396 0.77 -
ptg000240l:4687248-4796105   -           2092 22999at33392         -            937   6.5e-99  332.0  45.9  10  14    0.0061       3.7    5.2   0.1   753   773  1412  1432  1383  1438 0.82 -
ptg000240l:4687248-4796105   -           2092 22999at33392         -            937   6.5e-99  332.0  45.9  11  14     0.056        35    2.0   0.4   448   485  1439  1476  1434  1492 0.85 -
ptg000240l:4687248-4796105   -           2092 22999at33392         -            937   6.5e-99  332.0  45.9  12  14   2.6e-07   0.00016   19.7   0.0   449   519  1547  1618  1542  1627 0.82 -
ptg000240l:4687248-4796105   -           2092 22999at33392         -            937   6.5e-99  332.0  45.9  13  14   3.7e-09   2.3e-06   25.7   0.3   407   511  1601  1715  1598  1726 0.79 -
ptg000240l:4687248-4796105   -           2092 22999at33392         -            937   6.5e-99  332.0  45.9  14  14    0.0044       2.7    5.7   0.5   666   776  1727  1848  1723  1913 0.53 -
ptg000053l:538792-703607     -           1351 22999at33392         -            937   2.4e-60  204.4   0.0   1   3   2.2e-10   1.4e-07   29.8   0.0   144   313   210   292   202   308 0.54 -
ptg000053l:538792-703607     -           1351 22999at33392         -            937   2.4e-60  204.4   0.0   2   3   5.9e-29   3.7e-26   91.3   0.0   149   322   317   495   312   497 0.86 -
ptg000053l:538792-703607     -           1351 22999at33392         -            937   2.4e-60  204.4   0.0   3   3   4.3e-31   2.7e-28   98.4   0.0   135   341   393   608   390   617 0.86 -
ptg000509l:86194-157264      -           1296 22999at33392         -            937     1e-50  172.5   0.0   1   3   2.9e-11   1.8e-08   32.7   0.0   227   316   143   236   136   248 0.84 -
ptg000509l:86194-157264      -           1296 22999at33392         -            937     1e-50  172.5   0.0   2   3   1.8e-15   1.1e-12   46.7   0.0   147   246   256   355   244   359 0.85 -
ptg000509l:86194-157264      -           1296 22999at33392         -            937     1e-50  172.5   0.0   3   3   4.2e-31   2.6e-28   98.4   0.0   135   341   334   549   331   556 0.86 -
ptg000080l:1271538-1329356   -           1183 22999at33392         -            937   3.2e-43  147.7   7.8   1   8   5.5e-22   3.4e-19   68.2   0.4   146   430    32   332     1   334 0.79 -
ptg000080l:1271538-1329356   -           1183 22999at33392         -            937   3.2e-43  147.7   7.8   2   8   3.1e-05     0.019   12.8   0.0   640   772   343   488   335   492 0.61 -
ptg000080l:1271538-1329356   -           1183 22999at33392         -            937   3.2e-43  147.7   7.8   3   8     5e-05     0.031   12.1   0.0   156   242   519   605   515   621 0.82 -
ptg000080l:1271538-1329356   -           1183 22999at33392         -            937   3.2e-43  147.7   7.8   4   8    0.0006      0.37    8.5   0.0   324   429   598   727   595   739 0.65 -
ptg000080l:1271538-1329356   -           1183 22999at33392         -            937   3.2e-43  147.7   7.8   5   8   8.3e-06    0.0051   14.7   0.0   618   710   713   812   710   819 0.79 -
ptg000080l:1271538-1329356   -           1183 22999at33392         -            937   3.2e-43  147.7   7.8   6   8   0.00018      0.11   10.2   0.0   157   249   817   910   810   922 0.69 -
ptg000080l:1271538-1329356   -           1183 22999at33392         -            937   3.2e-43  147.7   7.8   7   8   0.00016     0.099   10.4   0.1   352   429   941  1023   932  1026 0.81 -
ptg000080l:1271538-1329356   -           1183 22999at33392         -            937   3.2e-43  147.7   7.8   8   8   0.00091      0.56    7.9   0.0   287   352  1056  1123  1040  1180 0.76 -
ptg000161l:792362-793765     -            468 22999at33392         -            937     1e-25   89.8   0.0   1   4   1.8e-08   1.1e-05   23.5   0.0   147   229     1    86     1    99 0.82 -
ptg000161l:792362-793765     -            468 22999at33392         -            937     1e-25   89.8   0.0   2   4     7e-07   0.00044   18.2   0.0   152   245   146   242   109   261 0.78 -
ptg000161l:792362-793765     -            468 22999at33392         -            937     1e-25   89.8   0.0   3   4   3.2e-08     2e-05   22.7   0.0   171   245   304   378   274   387 0.80 -
ptg000161l:792362-793765     -            468 22999at33392         -            937     1e-25   89.8   0.0   4   4   6.3e-08   3.9e-05   21.7   0.0   147   224   377   458   375   467 0.78 -
ptg000064l:3607625-3609028   -            468 22999at33392         -            937   1.1e-25   89.7   0.0   1   4     2e-08   1.3e-05   23.3   0.0   147   229     1    86     1    98 0.82 -
ptg000064l:3607625-3609028   -            468 22999at33392         -            937   1.1e-25   89.7   0.0   2   4     7e-07   0.00044   18.2   0.0   152   245   146   242   109   261 0.78 -
ptg000064l:3607625-3609028   -            468 22999at33392         -            937   1.1e-25   89.7   0.0   3   4   3.2e-08     2e-05   22.7   0.0   171   245   304   378   274   387 0.80 -
ptg000064l:3607625-3609028   -            468 22999at33392         -            937   1.1e-25   89.7   0.0   4   4   6.3e-08   3.9e-05   21.7   0.0   147   224   377   458   375   467 0.78 -
ptg000064l:3466088-3467509   -            474 22999at33392         -            937   1.7e-25   89.1   9.7   1   4   1.6e-08   9.9e-06   23.7   0.5   213   315     1   110     1   113 0.81 -
ptg000064l:3466088-3467509   -            474 22999at33392         -            937   1.7e-25   89.1   9.7   2   4   1.8e-15   1.1e-12   46.6   0.5   121   280    89   249    88   259 0.84 -
ptg000064l:3466088-3467509   -            474 22999at33392         -            937   1.7e-25   89.1   9.7   3   4     6e-12   3.7e-09   35.0   0.3   125   283   183   342   183   360 0.78 -
ptg000064l:3466088-3467509   -            474 22999at33392         -            937   1.7e-25   89.1   9.7   4   4   1.3e-05    0.0078   14.1   0.1   432   509   364   438   351   451 0.74 -
ptg000161l:934420-935841     -            474 22999at33392         -            937   1.7e-25   89.1   9.7   1   4   1.6e-08   9.9e-06   23.7   0.5   213   315     1   110     1   113 0.81 -
ptg000161l:934420-935841     -            474 22999at33392         -            937   1.7e-25   89.1   9.7   2   4   1.8e-15   1.1e-12   46.6   0.5   121   280    89   249    88   259 0.84 -
ptg000161l:934420-935841     -            474 22999at33392         -            937   1.7e-25   89.1   9.7   3   4     6e-12   3.7e-09   35.0   0.3   125   283   183   342   183   360 0.78 -
ptg000161l:934420-935841     -            474 22999at33392         -            937   1.7e-25   89.1   9.7   4   4   1.3e-05    0.0078   14.1   0.1   432   509   364   438   351   451 0.74 -
ptg000064l:3553611-3554801   -            397 22999at33392         -            937   9.2e-25   86.6   4.4   1   3     4e-16   2.5e-13   48.8   0.7   145   328    11   217     6   224 0.75 -
ptg000064l:3553611-3554801   -            397 22999at33392         -            937   9.2e-25   86.6   4.4   2   3   6.1e-06    0.0038   15.1   0.0   147   231   220   305   216   319 0.78 -
ptg000064l:3553611-3554801   -            397 22999at33392         -            937   9.2e-25   86.6   4.4   3   3   2.4e-08   1.5e-05   23.1   0.0   143   218   320   397   308   397 0.85 -
ptg000161l:847668-848858     -            397 22999at33392         -            937   9.2e-25   86.6   4.4   1   3     4e-16   2.5e-13   48.8   0.7   145   328    11   217     6   224 0.75 -
ptg000161l:847668-848858     -            397 22999at33392         -            937   9.2e-25   86.6   4.4   2   3   6.1e-06    0.0038   15.1   0.0   147   231   220   305   216   319 0.78 -
ptg000161l:847668-848858     -            397 22999at33392         -            937   9.2e-25   86.6   4.4   3   3   2.4e-08   1.5e-05   23.1   0.0   143   218   320   397   308   397 0.85 -
ptg000080l:19708634-19709128 -            165 22999at33392         -            937   3.1e-23   81.6   0.0   1   1   7.4e-26   4.6e-23   81.0   0.0   157   316     3   165     1   165 0.91 -
ptg000064l:3613174-3613824   -            217 22999at33392         -            937   3.8e-13   48.2   0.0   1   2   3.2e-06     0.002   16.0   0.0   156   234    11    92     1   115 0.62 -
ptg000064l:3613174-3613824   -            217 22999at33392         -            937   3.8e-13   48.2   0.0   2   2   1.1e-10   6.6e-08   30.9   0.0   144   224   131   215   102   217 0.80 -
ptg000161l:787566-788216     -            217 22999at33392         -            937   3.8e-13   48.2   0.0   1   2   3.2e-06     0.002   16.0   0.0   156   234    11    92     1   115 0.62 -
ptg000161l:787566-788216     -            217 22999at33392         -            937   3.8e-13   48.2   0.0   2   2   1.1e-10   6.6e-08   30.9   0.0   144   224   131   215   102   217 0.80 -
ptg000066l:3922486-4032090   -            547 22999at33392         -            937   4.2e-11   41.4   0.0   1   1   9.1e-14   5.6e-11   41.0   0.0   155   275    12   132     8   179 0.84 -
ptg000064l:3469205-3469477   -             91 22999at33392         -            937   5.2e-11   41.1   0.0   1   1   8.4e-14   5.2e-11   41.1   0.0   154   225     9    81     1    91 0.71 -
ptg000161l:932452-932724     -             91 22999at33392         -            937   5.2e-11   41.1   0.0   1   1   8.4e-14   5.2e-11   41.1   0.0   154   225     9    81     1    91 0.71 -
ptg000174l:1624777-1625475   -            233 22999at33392         -            937   8.7e-10   37.1   0.1   1   1   6.1e-12   3.8e-09   35.0   0.1   146   230   113   207    99   218 0.69 -
ptg000080l:1266516-1266800   -             95 22999at33392         -            937     4e-09   34.9   0.0   1   1     7e-12   4.3e-09   34.8   0.0   146   229     5    89     2    95 0.78 -
ptg000147l:9083637-9277000   -           2334 22999at33392         -            937   1.3e-07   29.8  21.7   1   8     0.012       7.6    4.2   0.0   647   679   150   182    93   190 0.71 -
ptg000147l:9083637-9277000   -           2334 22999at33392         -            937   1.3e-07   29.8  21.7   2   8     0.002       1.2    6.8   0.1   449   497   198   246   191   254 0.78 -
ptg000147l:9083637-9277000   -           2334 22999at33392         -            937   1.3e-07   29.8  21.7   3   8    0.0037       2.3    5.9   0.1   569   606   272   310   257   321 0.82 -
ptg000147l:9083637-9277000   -           2334 22999at33392         -            937   1.3e-07   29.8  21.7   4   8       0.9   5.6e+02   -2.0   0.0   659   693   658   692   600   702 0.58 -
ptg000147l:9083637-9277000   -           2334 22999at33392         -            937   1.3e-07   29.8  21.7   5   8    0.0091       5.6    4.6   0.1   464   499  1087  1121  1011  1126 0.71 -
ptg000147l:9083637-9277000   -           2334 22999at33392         -            937   1.3e-07   29.8  21.7   6   8   0.00013     0.083   10.7   0.0   423   500  1512  1592  1478  1604 0.79 -
ptg000147l:9083637-9277000   -           2334 22999at33392         -            937   1.3e-07   29.8  21.7   7   8     0.021        13    3.4   3.3   655   765  1614  1729  1596  1732 0.69 -
ptg000147l:9083637-9277000   -           2334 22999at33392         -            937   1.3e-07   29.8  21.7   8   8      0.41   2.5e+02   -0.9   0.0   653   683  1828  1858  1823  1886 0.68 -
ptg000170l:8138849-8139373   -            175 22999at33392         -            937   2.8e-07   28.8   0.0   1   2   1.8e-09   1.1e-06   26.8   0.0   165   224     3    59     1    87 0.71 -
ptg000170l:8138849-8139373   -            175 22999at33392         -            937   2.8e-07   28.8   0.0   2   2      0.36   2.2e+02   -0.7   0.0   478   733   109   129    92   174 0.47 -
ptg000318l:179270-204072     -            307 22999at33392         -            937   1.7e-06   26.2   0.0   1   2   1.7e-07   0.00011   20.2   0.0   154   239    18    99     3   109 0.78 -
ptg000318l:179270-204072     -            307 22999at33392         -            937   1.7e-06   26.2   0.0   2   2     0.013       8.2    4.1   0.0   372   683   168   185   155   257 0.71 -
ptg000170l:8139788-8140024   -             79 22999at33392         -            937   6.6e-06   24.2   0.0   1   1   1.1e-08   6.9e-06   24.2   0.0   147   222     5    79     1    79 0.78 -
ptg000172l:3062941-3064674   -            578 22999at33392         -            937   1.3e-05   23.3   0.0   1   1   3.4e-08   2.1e-05   22.6   0.0   156   237   189   280   173   291 0.78 -
ptg000080l:1277847-1278422   -            192 22999at33392         -            937   2.8e-05   22.2   0.0   1   1   8.5e-08   5.2e-05   21.3   0.0   256   353    31   131     3   189 0.81 -
ptg000080l:1282798-1329068   -            111 22999at33392         -            937   0.00053   17.9   0.0   1   1   3.1e-06    0.0019   16.1   0.0   297   395     7   105     5   110 0.76 -
ptg000742l:193142-244289     -            642 22999at33392         -            937    0.0008   17.3   0.0   1   1   1.8e-06    0.0011   16.8   0.0   155   236   164   237   130   273 0.80 -
ptg000193l:3292910-3539203   -           1111 22999at33392         -            937    0.0018   16.2   0.0   1   1     4e-06    0.0025   15.7   0.0   155   236   633   706   599   741 0.81 -
ptg000124l:5548833-5647671   -           1292 22999at33392         -            937     0.054   11.3   1.0   1   3       0.5   3.1e+02   -1.1   0.0   369   440   955  1027   951  1042 0.69 -
ptg000124l:5548833-5647671   -           1292 22999at33392         -            937     0.054   11.3   1.0   2   3   0.00095      0.59    7.9   0.0   367   427  1060  1127  1036  1145 0.82 -
ptg000124l:5548833-5647671   -           1292 22999at33392         -            937     0.054   11.3   1.0   3   3      0.22   1.4e+02    0.0   0.1   787   822  1234  1269  1229  1275 0.79 -
#
# Program:         hmmsearch
# Version:         3.2.1 (June 2018)
# Pipeline mode:   SEARCH
# Query file:      /home/tpsylvst/projects/diaprepes_assembly/busco/busco_downloads/lineages/endopterygota_odb10/hmms/22999at33392.hmm
# Target file:     /home/tpsylvst/projects/diaprepes_assembly/busco/diaprepes_busco/run_endopterygota_odb10/metaeuk_output/initial_results/diaprepes.fa.modified.fas
# Option settings: hmmsearch --domtblout /home/tpsylvst/projects/diaprepes_assembly/busco/diaprepes_busco/run_endopterygota_odb10/hmmer_output/initial_run_results/22999at33392.out --cpu 1 /home/tpsylvst/projects/diaprepes_assembly/busco/busco_downloads/lineages/endopterygota_odb10/hmms/22999at33392.hmm /home/tpsylvst/projects/diaprepes_assembly/busco/diaprepes_busco/run_endopterygota_odb10/metaeuk_output/initial_results/diaprepes.fa.modified.fas 
# Current dir:     /home/tpsylvst/projects/diaprepes_assembly/busco
# Date:            Mon Nov 28 14:23:12 2022
# [ok]
