#                                                                                    --- full sequence --- -------------- this domain -------------   hmm coord   ali coord   env coord
# target name                accession   tlen query name           accession   qlen   E-value  score  bias   #  of  c-Evalue  i-Evalue  score  bias  from    to  from    to  from    to  acc description of target
#        ------------------- ---------- ----- -------------------- ---------- ----- --------- ------ ----- --- --- --------- --------- ------ ----- ----- ----- ----- ----- ----- ----- ---- ---------------------
ptg000032l:24605296-24649660 -            672 23190at33392         -            518  1.4e-268  891.6  11.8   1   1  6.2e-270  2.3e-266  884.3  11.8     1   518    53   651    53   651 0.92 -
ptg000158l:11821359-11823230 -            624 23190at33392         -            518      0.02   13.4   1.2   1   2      0.59   2.2e+03   -3.2   0.0   187   218    56    89    53   103 0.82 -
ptg000158l:11821359-11823230 -            624 23190at33392         -            518      0.02   13.4   1.2   2   2   7.9e-06     0.029   12.9   0.4   163   228   538   607   531   611 0.88 -
ptg000158l:11841931-11843763 -            611 23190at33392         -            518     0.029   12.9   1.4   1   2      0.51   1.9e+03   -3.0   0.0   187   219    56    90    53   106 0.81 -
ptg000158l:11841931-11843763 -            611 23190at33392         -            518     0.029   12.9   1.4   2   2   1.1e-05      0.04   12.4   0.5   162   229   537   608   531   610 0.84 -
ptg000158l:11786559-11788391 -            611 23190at33392         -            518     0.038   12.5   0.1   1   1   1.7e-05     0.063   11.8   0.1   164   228   533   601   525   606 0.84 -
ptg000516l:737147-738580     -            478 23190at33392         -            518     0.065   11.7   0.4   1   1   3.1e-05      0.12   10.9   0.4   163   228   399   468   392   471 0.85 -
#
# Program:         hmmsearch
# Version:         3.2.1 (June 2018)
# Pipeline mode:   SEARCH
# Query file:      /home/tpsylvst/projects/diaprepes_assembly/busco/busco_downloads/lineages/endopterygota_odb10/hmms/23190at33392.hmm
# Target file:     /home/tpsylvst/projects/diaprepes_assembly/busco/diaprepes_busco/run_endopterygota_odb10/metaeuk_output/initial_results/diaprepes.fa.modified.fas
# Option settings: hmmsearch --domtblout /home/tpsylvst/projects/diaprepes_assembly/busco/diaprepes_busco/run_endopterygota_odb10/hmmer_output/initial_run_results/23190at33392.out --cpu 1 /home/tpsylvst/projects/diaprepes_assembly/busco/busco_downloads/lineages/endopterygota_odb10/hmms/23190at33392.hmm /home/tpsylvst/projects/diaprepes_assembly/busco/diaprepes_busco/run_endopterygota_odb10/metaeuk_output/initial_results/diaprepes.fa.modified.fas 
# Current dir:     /home/tpsylvst/projects/diaprepes_assembly/busco
# Date:            Mon Nov 28 14:22:54 2022
# [ok]
