#                                                                                    --- full sequence --- -------------- this domain -------------   hmm coord   ali coord   env coord
# target name                accession   tlen query name           accession   qlen   E-value  score  bias   #  of  c-Evalue  i-Evalue  score  bias  from    to  from    to  from    to  acc description of target
#        ------------------- ---------- ----- -------------------- ---------- ----- --------- ------ ----- --- --- --------- --------- ------ ----- ----- ----- ----- ----- ----- ----- ---- ---------------------
ptg000322l:1805019-1830512   -            802 23454at33392         -            656  7.5e-300  995.7   0.0   1   2   5.8e-32   4.7e-29  100.9   0.0     2    79     7   101     6   104 0.87 -
ptg000322l:1805019-1830512   -            802 23454at33392         -            656  7.5e-300  995.7   0.0   2   2  5.2e-271  4.2e-268  890.7   0.0    83   656   135   801   129   801 0.90 -
ptg000048l:756775-837211     -            464 23454at33392         -            656   4.9e-17   61.2   1.2   1   2   9.6e-15   7.7e-12   44.0   0.0   256   495   144   404   136   411 0.76 -
ptg000048l:756775-837211     -            464 23454at33392         -            656   4.9e-17   61.2   1.2   2   2   7.5e-06     0.006   14.6   0.2   598   639   410   452   402   459 0.84 -
ptg000695l:372845-385273     -            481 23454at33392         -            656   7.7e-17   60.5   2.1   1   2   2.6e-13   2.1e-10   39.3   0.2   265   486   100   337    85   365 0.69 -
ptg000695l:372845-385273     -            481 23454at33392         -            656   7.7e-17   60.5   2.1   2   2   1.2e-07   9.4e-05   20.6   0.1   591   639   388   437   377   444 0.90 -
ptg000186l:486241-498677     -            483 23454at33392         -            656   7.9e-17   60.5   2.1   1   2   2.6e-13   2.1e-10   39.3   0.2   265   486   102   339    87   367 0.69 -
ptg000186l:486241-498677     -            483 23454at33392         -            656   7.9e-17   60.5   2.1   2   2   1.2e-07   9.4e-05   20.6   0.1   591   639   390   439   379   446 0.90 -
ptg000371l:49274-129119      -            957 23454at33392         -            656   3.9e-15   54.9   2.7   1   3   3.9e-11   3.1e-08   32.1   0.1   262   357   127   241   119   258 0.69 -
ptg000371l:49274-129119      -            957 23454at33392         -            656   3.9e-15   54.9   2.7   2   3    0.0027       2.1    6.2   0.0   439   506   589   659   561   676 0.75 -
ptg000371l:49274-129119      -            957 23454at33392         -            656   3.9e-15   54.9   2.7   3   3     2e-05     0.016   13.2   0.2   599   648   684   735   673   751 0.80 -
ptg000023l:127478-204165     -            957 23454at33392         -            656   9.2e-15   53.7   2.7   1   3   3.9e-11   3.1e-08   32.1   0.1   262   357   127   241   119   258 0.69 -
ptg000023l:127478-204165     -            957 23454at33392         -            656   9.2e-15   53.7   2.7   2   3     0.006       4.9    5.0   0.0   439   505   589   658   561   676 0.73 -
ptg000023l:127478-204165     -            957 23454at33392         -            656   9.2e-15   53.7   2.7   3   3   2.1e-05     0.017   13.2   0.2   599   648   684   735   673   751 0.80 -
ptg000007l:6712593-6819740   -            402 23454at33392         -            656   5.5e-14   51.1   0.6   1   2   1.1e-12   8.8e-10   37.2   0.1   265   471    95   306    89   322 0.77 -
ptg000007l:6712593-6819740   -            402 23454at33392         -            656   5.5e-14   51.1   0.6   2   2   0.00011     0.088   10.8   0.0   601   640   329   369   325   386 0.76 -
ptg000155l:853087-856790     -            699 23454at33392         -            656   6.5e-14   50.8   2.3   1   2   7.2e-13   5.8e-10   37.8   1.1   265   472   112   334   105   353 0.75 -
ptg000155l:853087-856790     -            699 23454at33392         -            656   6.5e-14   50.8   2.3   2   2   4.1e-05     0.033   12.2   0.0   601   655   356   413   342   414 0.77 -
ptg000244l:4302208-4333769   -            575 23454at33392         -            656   1.8e-11   42.8   4.1   1   4   2.1e-05     0.017   13.1   0.0   263   307    53    97    37   116 0.86 -
ptg000244l:4302208-4333769   -            575 23454at33392         -            656   1.8e-11   42.8   4.1   2   4    0.0004      0.32    8.9   0.0   321   356   169   204   160   220 0.82 -
ptg000244l:4302208-4333769   -            575 23454at33392         -            656   1.8e-11   42.8   4.1   3   4    0.0015       1.2    7.0   0.0   420   488   345   412   312   423 0.72 -
ptg000244l:4302208-4333769   -            575 23454at33392         -            656   1.8e-11   42.8   4.1   4   4   3.7e-05      0.03   12.3   0.2   595   623   423   451   415   456 0.86 -
ptg000696l:868434-932233     -           3173 23454at33392         -            656   1.4e-10   39.8   1.1   1   2   2.8e-11   2.2e-08   32.6   0.1   262   358  1756  1858  1752  1980 0.74 -
ptg000696l:868434-932233     -           3173 23454at33392         -            656   1.4e-10   39.8   1.1   2   2    0.0038         3    5.7   0.1   598   639  2004  2049  1978  2055 0.76 -
ptg000160l:5869532-5931430   -           3234 23454at33392         -            656   1.5e-10   39.8   1.1   1   2   2.8e-11   2.3e-08   32.5   0.1   262   358  1792  1894  1788  2016 0.74 -
ptg000160l:5869532-5931430   -           3234 23454at33392         -            656   1.5e-10   39.8   1.1   2   2    0.0039       3.1    5.7   0.1   598   639  2040  2085  2014  2091 0.76 -
ptg000828l:306169-354130     -           2078 23454at33392         -            656   8.2e-07   27.4   1.8   1   3   3.3e-06    0.0027   15.8   0.0   246   289  1145  1186  1127  1202 0.80 -
ptg000828l:306169-354130     -           2078 23454at33392         -            656   8.2e-07   27.4   1.8   2   3    0.0026       2.1    6.2   0.1   338   490  1272  1419  1265  1443 0.75 -
ptg000828l:306169-354130     -           2078 23454at33392         -            656   8.2e-07   27.4   1.8   3   3     0.041        33    2.3   0.1   600   639  1444  1487  1431  1498 0.77 -
ptg000265l:6693581-6716155   -            457 23454at33392         -            656   9.2e-07   27.2   0.0   1   2   3.6e-07   0.00029   19.0   0.0   263   368    36   146    27   168 0.76 -
ptg000265l:6693581-6716155   -            457 23454at33392         -            656   9.2e-07   27.2   0.0   2   2    0.0028       2.3    6.1   0.1   589   655   380   449   373   450 0.74 -
ptg000359l:1080364-1127330   -           2438 23454at33392         -            656   1.1e-06   26.9   1.4   1   3   4.1e-06    0.0033   15.5   0.0   246   289  1508  1549  1489  1565 0.79 -
ptg000359l:1080364-1127330   -           2438 23454at33392         -            656   1.1e-06   26.9   1.4   2   3    0.0032       2.6    5.9   0.1   338   489  1635  1781  1621  1799 0.76 -
ptg000359l:1080364-1127330   -           2438 23454at33392         -            656   1.1e-06   26.9   1.4   3   3     0.049        39    2.0   0.1   600   639  1807  1850  1794  1861 0.77 -
ptg000168l:10146573-10188878 -            853 23454at33392         -            656     1e-05   23.7   1.5   1   4   3.2e-06    0.0026   15.8   0.0   263   295   191   223   180   229 0.82 -
ptg000168l:10146573-10188878 -            853 23454at33392         -            656     1e-05   23.7   1.5   2   4     0.014        11    3.8   0.0   310   361   271   322   264   331 0.88 -
ptg000168l:10146573-10188878 -            853 23454at33392         -            656     1e-05   23.7   1.5   3   4      0.27   2.2e+02   -0.4   0.0   441   490   694   742   685   763 0.81 -
ptg000168l:10146573-10188878 -            853 23454at33392         -            656     1e-05   23.7   1.5   4   4      0.73   5.9e+02   -1.9   0.1   600   625   759   783   741   786 0.82 -
ptg000122l:33886982-33887830 -            283 23454at33392         -            656   3.9e-05   21.8   8.9   1   2   3.4e-06    0.0028   15.7   3.1   267   367     1   112     1   245 0.58 -
ptg000122l:33886982-33887830 -            283 23454at33392         -            656   3.9e-05   21.8   8.9   2   2    0.0003      0.24    9.3   0.6   597   635   245   283   232   283 0.83 -
ptg000296l:7310385-7336919   -            848 23454at33392         -            656   0.00012   20.2  12.7   1   4      0.27   2.2e+02   -0.5   1.9   116   164     5    57     2    79 0.68 -
ptg000296l:7310385-7336919   -            848 23454at33392         -            656   0.00012   20.2  12.7   2   4   6.8e-05     0.055   11.4   0.1   262   364   177   294   165   320 0.69 -
ptg000296l:7310385-7336919   -            848 23454at33392         -            656   0.00012   20.2  12.7   3   4    0.0022       1.7    6.5   0.0   415   481   491   562   488   579 0.75 -
ptg000296l:7310385-7336919   -            848 23454at33392         -            656   0.00012   20.2  12.7   4   4    0.0011      0.87    7.5   0.3   600   641   581   621   567   638 0.75 -
ptg000087l:80159-106448      -            847 23454at33392         -            656    0.0002   19.5  14.0   1   4      0.37     3e+02   -0.9   3.0   116   173     5    60     2    91 0.67 -
ptg000087l:80159-106448      -            847 23454at33392         -            656    0.0002   19.5  14.0   2   4   6.8e-05     0.055   11.4   0.1   262   364   176   293   164   319 0.69 -
ptg000087l:80159-106448      -            847 23454at33392         -            656    0.0002   19.5  14.0   3   4    0.0022       1.7    6.5   0.0   415   481   490   561   487   578 0.75 -
ptg000087l:80159-106448      -            847 23454at33392         -            656    0.0002   19.5  14.0   4   4    0.0011      0.87    7.5   0.3   600   641   580   620   566   637 0.75 -
ptg000135l:1399135-1446098   -            639 23454at33392         -            656   0.00022   19.4   0.0   1   1   4.1e-07   0.00033   18.8   0.0   505   548    23    67    11    85 0.80 -
ptg000283l:6450575-6484617   -            686 23454at33392         -            656   0.00024   19.3   0.0   1   1   4.4e-07   0.00036   18.7   0.0   505   548    23    67    11    85 0.80 -
ptg000155l:2234525-2245129   -            199 23454at33392         -            656     0.045   11.7   0.0   1   1   7.3e-05     0.059   11.3   0.0   553   589   163   199   136   199 0.90 -
ptg000472l:419971-439650     -            461 23454at33392         -            656     0.069   11.1  10.0   1   4     0.011       9.1    4.1   0.7   158   192    43    76    32    86 0.84 -
ptg000472l:419971-439650     -            461 23454at33392         -            656     0.069   11.1  10.0   2   4   0.00071      0.57    8.1   0.1   258   357   124   239    84   255 0.67 -
ptg000472l:419971-439650     -            461 23454at33392         -            656     0.069   11.1  10.0   3   4     0.051        41    1.9   0.1   413   481   315   380   309   400 0.68 -
ptg000472l:419971-439650     -            461 23454at33392         -            656     0.069   11.1  10.0   4   4      0.24   1.9e+02   -0.3   0.0   599   639   400   441   384   459 0.72 -
ptg000666l:605276-614982     -            461 23454at33392         -            656     0.069   11.1  10.0   1   4     0.011       9.1    4.1   0.7   158   192    43    76    32    86 0.84 -
ptg000666l:605276-614982     -            461 23454at33392         -            656     0.069   11.1  10.0   2   4   0.00071      0.57    8.1   0.1   258   357   124   239    84   255 0.67 -
ptg000666l:605276-614982     -            461 23454at33392         -            656     0.069   11.1  10.0   3   4     0.051        41    1.9   0.1   413   481   315   380   309   400 0.68 -
ptg000666l:605276-614982     -            461 23454at33392         -            656     0.069   11.1  10.0   4   4      0.24   1.9e+02   -0.3   0.0   599   639   400   441   384   459 0.72 -
#
# Program:         hmmsearch
# Version:         3.2.1 (June 2018)
# Pipeline mode:   SEARCH
# Query file:      /home/tpsylvst/projects/diaprepes_assembly/busco/busco_downloads/lineages/endopterygota_odb10/hmms/23454at33392.hmm
# Target file:     /home/tpsylvst/projects/diaprepes_assembly/busco/diaprepes_busco/run_endopterygota_odb10/metaeuk_output/initial_results/diaprepes.fa.modified.fas
# Option settings: hmmsearch --domtblout /home/tpsylvst/projects/diaprepes_assembly/busco/diaprepes_busco/run_endopterygota_odb10/hmmer_output/initial_run_results/23454at33392.out --cpu 1 /home/tpsylvst/projects/diaprepes_assembly/busco/busco_downloads/lineages/endopterygota_odb10/hmms/23454at33392.hmm /home/tpsylvst/projects/diaprepes_assembly/busco/diaprepes_busco/run_endopterygota_odb10/metaeuk_output/initial_results/diaprepes.fa.modified.fas 
# Current dir:     /home/tpsylvst/projects/diaprepes_assembly/busco
# Date:            Mon Nov 28 14:23:02 2022
# [ok]
