#                                                                                  --- full sequence --- -------------- this domain -------------   hmm coord   ali coord   env coord
# target name              accession   tlen query name           accession   qlen   E-value  score  bias   #  of  c-Evalue  i-Evalue  score  bias  from    to  from    to  from    to  acc description of target
#      ------------------- ---------- ----- -------------------- ---------- ----- --------- ------ ----- --- --- --------- --------- ------ ----- ----- ----- ----- ----- ----- ----- ---- ---------------------
ptg000057l:9592499-9675097 -           1730 2647at33392          -           1338         0 1388.0  34.7   1  12   2.4e-41   4.4e-37  127.0   0.1     3   104    10   111     8   114 0.97 -
ptg000057l:9592499-9675097 -           1730 2647at33392          -           1338         0 1388.0  34.7   2  12   1.8e-07    0.0033   14.8   0.1   144   177   113   147   111   148 0.89 -
ptg000057l:9592499-9675097 -           1730 2647at33392          -           1338         0 1388.0  34.7   3  12   4.8e-16   8.8e-12   43.2   0.1   225   272   145   193   142   205 0.91 -
ptg000057l:9592499-9675097 -           1730 2647at33392          -           1338         0 1388.0  34.7   4  12   4.2e-11   7.9e-07   26.8   0.0   272   327   242   309   237   316 0.78 -
ptg000057l:9592499-9675097 -           1730 2647at33392          -           1338         0 1388.0  34.7   5  12    0.0015        27    1.8   0.0   311   348   317   354   312   376 0.76 -
ptg000057l:9592499-9675097 -           1730 2647at33392          -           1338         0 1388.0  34.7   6  12    0.0025        46    1.0   0.0   379   394   436   451   423   460 0.87 -
ptg000057l:9592499-9675097 -           1730 2647at33392          -           1338         0 1388.0  34.7   7  12   3.6e-10   6.7e-06   23.7   0.0   401   447   497   549   485   566 0.75 -
ptg000057l:9592499-9675097 -           1730 2647at33392          -           1338         0 1388.0  34.7   8  12   1.4e-92   2.6e-88  296.8   0.1   442   753   627   956   620   961 0.84 -
ptg000057l:9592499-9675097 -           1730 2647at33392          -           1338         0 1388.0  34.7   9  12   2.5e-26   4.6e-22   77.2   0.0   753   833   979  1062   968  1065 0.92 -
ptg000057l:9592499-9675097 -           1730 2647at33392          -           1338         0 1388.0  34.7  10  12   2.1e-05      0.38    7.9   0.1   807   844  1066  1113  1061  1119 0.81 -
ptg000057l:9592499-9675097 -           1730 2647at33392          -           1338         0 1388.0  34.7  11  12   3.1e-30   5.8e-26   90.2   0.1   832   923  1131  1235  1119  1257 0.80 -
ptg000057l:9592499-9675097 -           1730 2647at33392          -           1338         0 1388.0  34.7  12  12  3.1e-211  5.8e-207  689.9   3.2   919  1338  1270  1729  1259  1729 0.91 -
#
# Program:         hmmsearch
# Version:         3.2.1 (June 2018)
# Pipeline mode:   SEARCH
# Query file:      /home/tpsylvst/projects/diaprepes_assembly/busco/busco_downloads/lineages/endopterygota_odb10/hmms/2647at33392.hmm
# Target file:     /home/tpsylvst/projects/diaprepes_assembly/busco/diaprepes_busco/run_endopterygota_odb10/metaeuk_output/initial_results/diaprepes.fa.modified.fas
# Option settings: hmmsearch --domtblout /home/tpsylvst/projects/diaprepes_assembly/busco/diaprepes_busco/run_endopterygota_odb10/hmmer_output/initial_run_results/2647at33392.out --cpu 1 /home/tpsylvst/projects/diaprepes_assembly/busco/busco_downloads/lineages/endopterygota_odb10/hmms/2647at33392.hmm /home/tpsylvst/projects/diaprepes_assembly/busco/diaprepes_busco/run_endopterygota_odb10/metaeuk_output/initial_results/diaprepes.fa.modified.fas 
# Current dir:     /home/tpsylvst/projects/diaprepes_assembly/busco
# Date:            Mon Nov 28 14:23:09 2022
# [ok]
