#                                                                                    --- full sequence --- -------------- this domain -------------   hmm coord   ali coord   env coord
# target name                accession   tlen query name           accession   qlen   E-value  score  bias   #  of  c-Evalue  i-Evalue  score  bias  from    to  from    to  from    to  acc description of target
#        ------------------- ---------- ----- -------------------- ---------- ----- --------- ------ ----- --- --- --------- --------- ------ ----- ----- ----- ----- ----- ----- ----- ---- ---------------------
ptg000165l:6621938-6623854   -            639 27543at33392         -            545  2.7e-283  940.5  13.5   1   2  6.2e-182  1.4e-179  598.2   8.7     1   304    10   317    10   325 0.98 -
ptg000165l:6621938-6623854   -            639 27543at33392         -            545  2.7e-283  940.5  13.5   2   2  3.3e-105  7.4e-103  344.9   0.2   308   545   346   635   335   635 0.90 -
ptg000107l:568379-571354     -            467 27543at33392         -            545   5.7e-43  147.3   8.9   1   4   9.7e-17   2.2e-14   52.9   0.7    48   196    91   236    74   240 0.88 -
ptg000107l:568379-571354     -            467 27543at33392         -            545   5.7e-43  147.3   8.9   2   4   2.2e-07     5e-05   22.0   0.1    67   110   240   284   236   291 0.88 -
ptg000107l:568379-571354     -            467 27543at33392         -            545   5.7e-43  147.3   8.9   3   4     3e-13   6.7e-11   41.4   0.0   159   239   323   404   316   405 0.93 -
ptg000107l:568379-571354     -            467 27543at33392         -            545   5.7e-43  147.3   8.9   4   4     6e-18   1.4e-15   56.9   0.1   159   257   366   464   362   467 0.95 -
ptg000250l:1861398-1892629   -            787 27543at33392         -            545   1.3e-33  116.4  18.1   1   6      0.55   1.2e+02    0.9   0.1   200   221    61    82    51    95 0.83 -
ptg000250l:1861398-1892629   -            787 27543at33392         -            545   1.3e-33  116.4  18.1   2   6   6.2e-15   1.4e-12   46.9   0.1   152   348    97   305    92   314 0.81 -
ptg000250l:1861398-1892629   -            787 27543at33392         -            545   1.3e-33  116.4  18.1   3   6   0.00014     0.032   12.8   0.3   146   222   319   396   311   400 0.74 -
ptg000250l:1861398-1892629   -            787 27543at33392         -            545   1.3e-33  116.4  18.1   4   6      0.16        37    2.7   0.0   190   223   400   434   398   443 0.79 -
ptg000250l:1861398-1892629   -            787 27543at33392         -            545   1.3e-33  116.4  18.1   5   6   9.1e-12   2.1e-09   36.5   1.9   144   237   470   562   458   568 0.90 -
ptg000250l:1861398-1892629   -            787 27543at33392         -            545   1.3e-33  116.4  18.1   6   6   1.2e-07   2.7e-05   22.9   0.1   204   259   570   625   564   642 0.91 -
ptg000072l:663502-697163     -            787 27543at33392         -            545   4.2e-33  114.7  19.4   1   6      0.59   1.3e+02    0.8   0.1   200   221    61    82    53    95 0.83 -
ptg000072l:663502-697163     -            787 27543at33392         -            545   4.2e-33  114.7  19.4   2   6   1.7e-14   3.9e-12   45.5   0.1   151   348    96   305    91   314 0.80 -
ptg000072l:663502-697163     -            787 27543at33392         -            545   4.2e-33  114.7  19.4   3   6   9.2e-05     0.021   13.4   0.4   145   223   318   397   309   401 0.76 -
ptg000072l:663502-697163     -            787 27543at33392         -            545   4.2e-33  114.7  19.4   4   6      0.12        28    3.0   0.0   190   223   400   434   397   447 0.78 -
ptg000072l:663502-697163     -            787 27543at33392         -            545   4.2e-33  114.7  19.4   5   6   1.1e-11   2.4e-09   36.3   2.1   144   237   470   562   458   568 0.90 -
ptg000072l:663502-697163     -            787 27543at33392         -            545   4.2e-33  114.7  19.4   6   6   1.3e-07   2.8e-05   22.8   0.1   204   259   570   625   564   639 0.91 -
ptg000050l:3603959-3604570   -            204 27543at33392         -            545     2e-26   92.6   2.1   1   2   9.3e-19   2.1e-16   59.6   0.3   151   267     7   123     2   129 0.95 -
ptg000050l:3603959-3604570   -            204 27543at33392         -            545     2e-26   92.6   2.1   2   2   4.3e-11   9.6e-09   34.3   0.1   142   221   124   203   119   204 0.93 -
ptg000985l:208800-278179     -            182 27543at33392         -            545   2.6e-25   88.9   2.1   1   4   3.1e-06   0.00069   18.3   0.1    73   102     1    30     1    35 0.89 -
ptg000985l:208800-278179     -            182 27543at33392         -            545   2.6e-25   88.9   2.1   2   4   1.1e-12   2.5e-10   39.5   0.0   155   218    32    95    30   100 0.93 -
ptg000985l:208800-278179     -            182 27543at33392         -            545   2.6e-25   88.9   2.1   3   4   8.5e-06    0.0019   16.8   0.0    67   235   100   133    93   141 0.58 -
ptg000985l:208800-278179     -            182 27543at33392         -            545   2.6e-25   88.9   2.1   4   4     9e-05      0.02   13.4   0.1   160   195   145   180   134   182 0.77 -
ptg000234l:887257-890180     -            321 27543at33392         -            545   8.2e-25   87.3   6.9   1   3   2.3e-15   5.1e-13   48.4   0.7   146   261    11   132     3   148 0.85 -
ptg000234l:887257-890180     -            321 27543at33392         -            545   8.2e-25   87.3   6.9   2   3   2.5e-11   5.7e-09   35.0   0.3   157   242   157   241   141   251 0.90 -
ptg000234l:887257-890180     -            321 27543at33392         -            545   8.2e-25   87.3   6.9   3   3    0.0026      0.59    8.6   0.0    97   178   231   315   224   320 0.74 -
ptg000021l:5600304-5747647   -            921 27543at33392         -            545   2.6e-24   85.6   3.4   1   3    0.0048       1.1    7.7   0.0   158   221   149   212   129   238 0.64 -
ptg000021l:5600304-5747647   -            921 27543at33392         -            545   2.6e-24   85.6   3.4   2   3   8.8e-19     2e-16   59.6   0.7   144   277   333   467   325   489 0.86 -
ptg000021l:5600304-5747647   -            921 27543at33392         -            545   2.6e-24   85.6   3.4   3   3     5e-08   1.1e-05   24.1   0.1    67   231   434   593   430   599 0.83 -
ptg000024l:27861126-27886824 -            495 27543at33392         -            545   7.7e-24   84.1   0.9   1   4   9.1e-07   0.00021   20.0   0.0   144   233   197   294   191   300 0.79 -
ptg000024l:27861126-27886824 -            495 27543at33392         -            545   7.7e-24   84.1   0.9   2   4   4.3e-09   9.7e-07   27.7   0.0   156   237   302   383   296   384 0.92 -
ptg000024l:27861126-27886824 -            495 27543at33392         -            545   7.7e-24   84.1   0.9   3   4   1.3e-12     3e-10   39.2   0.0   149   235   337   423   334   431 0.95 -
ptg000024l:27861126-27886824 -            495 27543at33392         -            545   7.7e-24   84.1   0.9   4   4   1.2e-05    0.0028   16.3   0.1   161   220   434   493   428   494 0.86 -
ptg000025l:10283065-10284054 -            330 27543at33392         -            545     2e-22   79.4   3.3   1   3   2.1e-09   4.7e-07   28.7   0.2   146   219     4    81     1    85 0.95 -
ptg000025l:10283065-10284054 -            330 27543at33392         -            545     2e-22   79.4   3.3   2   3   1.9e-12   4.3e-10   38.7   0.1   147   240    51   144    47   170 0.87 -
ptg000025l:10283065-10284054 -            330 27543at33392         -            545     2e-22   79.4   3.3   3   3   5.1e-09   1.1e-06   27.4   0.1   162   279   190   307   181   330 0.87 -
ptg000174l:3845990-3871090   -            693 27543at33392         -            545   2.8e-22   78.9   2.5   1   4     0.014       3.2    6.1   0.0   184   223   366   404   341   412 0.77 -
ptg000174l:3845990-3871090   -            693 27543at33392         -            545   2.8e-22   78.9   2.5   2   4     0.011       2.6    6.5   0.0   194   223   432   461   415   475 0.85 -
ptg000174l:3845990-3871090   -            693 27543at33392         -            545   2.8e-22   78.9   2.5   3   4   5.1e-10   1.2e-07   30.7   0.3   153   238   433   529   431   564 0.80 -
ptg000174l:3845990-3871090   -            693 27543at33392         -            545   2.8e-22   78.9   2.5   4   4   1.4e-11   3.1e-09   35.9   0.1   158   235   585   662   565   687 0.86 -
ptg000122l:13186778-13204717 -            754 27543at33392         -            545   1.4e-21   76.6   2.1   1   3   7.7e-06    0.0018   16.9   0.0   187   258     8    83     2    84 0.83 -
ptg000122l:13186778-13204717 -            754 27543at33392         -            545   1.4e-21   76.6   2.1   2   3   4.6e-11     1e-08   34.2   0.0   164   258    73   167    67   167 0.91 -
ptg000122l:13186778-13204717 -            754 27543at33392         -            545   1.4e-21   76.6   2.1   3   3   2.6e-10   5.8e-08   31.7   1.1    69   226   155   300   150   319 0.83 -
ptg000062l:43949896-44114443 -            786 27543at33392         -            545   2.4e-21   75.9   0.1   1   2   2.6e-09   5.9e-07   28.4   0.1   151   237     8    95     2   100 0.90 -
ptg000062l:43949896-44114443 -            786 27543at33392         -            545   2.4e-21   75.9   0.1   2   2   4.4e-16     1e-13   50.7   0.0   145   270    87   212    86   246 0.88 -
ptg000367l:2983294-2984652   -            453 27543at33392         -            545   3.4e-21   75.4   8.7   1   4    0.0028      0.64    8.5   0.1   183   224   128   169   121   181 0.86 -
ptg000367l:2983294-2984652   -            453 27543at33392         -            545   3.4e-21   75.4   8.7   2   4   3.2e-16   7.3e-14   51.2   0.7   146   259   185   298   178   304 0.93 -
ptg000367l:2983294-2984652   -            453 27543at33392         -            545   3.4e-21   75.4   8.7   3   4   0.00043     0.097   11.2   0.1   169   231   290   350   286   359 0.79 -
ptg000367l:2983294-2984652   -            453 27543at33392         -            545   3.4e-21   75.4   8.7   4   4   0.00049      0.11   11.0   0.1   196   270   366   445   359   448 0.71 -
ptg000480l:74860-76218       -            453 27543at33392         -            545   8.7e-21   74.0   8.9   1   4    0.0039      0.89    8.0   0.1   183   224   128   169   121   181 0.87 -
ptg000480l:74860-76218       -            453 27543at33392         -            545   8.7e-21   74.0   8.9   2   4   5.2e-16   1.2e-13   50.5   0.6   146   259   185   298   178   304 0.93 -
ptg000480l:74860-76218       -            453 27543at33392         -            545   8.7e-21   74.0   8.9   3   4   0.00043     0.097   11.2   0.1   169   231   290   350   286   359 0.79 -
ptg000480l:74860-76218       -            453 27543at33392         -            545   8.7e-21   74.0   8.9   4   4   0.00049      0.11   11.0   0.1   196   270   366   445   359   448 0.71 -
ptg000295l:115334-115933     -            200 27543at33392         -            545   1.1e-20   73.8   2.0   1   2     7e-16   1.6e-13   50.1   0.2   152   267     4   119     2   129 0.93 -
ptg000295l:115334-115933     -            200 27543at33392         -            545   1.1e-20   73.8   2.0   2   2   3.2e-08   7.3e-06   24.8   0.2   144   221   122   199   113   200 0.89 -
ptg000083l:5654212-5657144   -            501 27543at33392         -            545   2.9e-20   72.3   6.0   1   4   0.00062      0.14   10.6   0.0   181   226   195   239   189   256 0.82 -
ptg000083l:5654212-5657144   -            501 27543at33392         -            545   2.9e-20   72.3   6.0   2   4     1e-08   2.4e-06   26.4   0.2   151   225   256   331   247   336 0.68 -
ptg000083l:5654212-5657144   -            501 27543at33392         -            545   2.9e-20   72.3   6.0   3   4   2.8e-12   6.4e-10   38.2   0.6   175   264   323   416   321   424 0.83 -
ptg000083l:5654212-5657144   -            501 27543at33392         -            545   2.9e-20   72.3   6.0   4   4       4.4     1e+03   -2.1   0.0    55   219   470   499   438   501 0.44 -
ptg000062l:10796551-10808865 -            176 27543at33392         -            545   5.3e-19   68.2   1.2   1   2     3e-10   6.7e-08   31.5   0.3   145   240     4    90     1    95 0.91 -
ptg000062l:10796551-10808865 -            176 27543at33392         -            545   5.3e-19   68.2   1.2   2   2   1.8e-11     4e-09   35.5   0.0    72   128   108   164   103   171 0.93 -
ptg000265l:15167771-15170113 -            504 27543at33392         -            545   3.1e-18   65.6   0.0   1   2     8e-17   1.8e-14   53.2   0.0   145   303    75   234    65   241 0.91 -
ptg000265l:15167771-15170113 -            504 27543at33392         -            545   3.1e-18   65.6   0.0   2   2   0.00082      0.18   10.2   0.1   188   232   244   288   238   317 0.76 -
ptg000122l:27110314-27116978 -            497 27543at33392         -            545   4.5e-17   61.8   0.4   1   2   9.1e-10     2e-07   29.9   0.2   153   265   217   330   200   349 0.86 -
ptg000122l:27110314-27116978 -            497 27543at33392         -            545   4.5e-17   61.8   0.4   2   2   1.3e-09     3e-07   29.3   0.0   158   260   350   453   340   464 0.85 -
ptg000062l:6182778-6184080   -            374 27543at33392         -            545   2.5e-16   59.3   9.3   1   3   3.7e-09   8.4e-07   27.9   0.3   146   225    53   132    40   139 0.90 -
ptg000062l:6182778-6184080   -            374 27543at33392         -            545   2.5e-16   59.3   9.3   2   3   2.6e-05     0.006   15.2   0.4   122   224   204   294   151   305 0.78 -
ptg000062l:6182778-6184080   -            374 27543at33392         -            545   2.5e-16   59.3   9.3   3   3   6.6e-07   0.00015   20.4   0.1   159   221   311   373   299   374 0.93 -
ptg000034l:1830036-1844023   -            593 27543at33392         -            545   4.4e-16   58.5   1.9   1   3   1.7e-08   3.8e-06   25.7   0.0    72   201   153   277   148   297 0.84 -
ptg000034l:1830036-1844023   -            593 27543at33392         -            545   4.4e-16   58.5   1.9   2   3   0.00058      0.13   10.7   0.0   176   222   296   340   278   378 0.83 -
ptg000034l:1830036-1844023   -            593 27543at33392         -            545   4.4e-16   58.5   1.9   3   3   4.7e-06    0.0011   17.6   1.7   155   304   436   591   401   593 0.81 -
ptg000177l:3005450-3019675   -            593 27543at33392         -            545   4.4e-16   58.5   1.9   1   3   1.7e-08   3.8e-06   25.7   0.0    72   201   153   277   148   297 0.84 -
ptg000177l:3005450-3019675   -            593 27543at33392         -            545   4.4e-16   58.5   1.9   2   3   0.00058      0.13   10.7   0.0   176   222   296   340   278   378 0.83 -
ptg000177l:3005450-3019675   -            593 27543at33392         -            545   4.4e-16   58.5   1.9   3   3   4.7e-06    0.0011   17.6   1.7   155   304   436   591   401   593 0.81 -
ptg000158l:11559299-11561431 -            325 27543at33392         -            545   7.7e-16   57.7   0.1   1   3   2.1e-08   4.8e-06   25.4   0.1   146   230     5    89     3   103 0.93 -
ptg000158l:11559299-11561431 -            325 27543at33392         -            545   7.7e-16   57.7   0.1   2   3   2.9e-08   6.6e-06   24.9   0.1   122   255   120   250   112   264 0.83 -
ptg000158l:11559299-11561431 -            325 27543at33392         -            545   7.7e-16   57.7   0.1   3   3     0.088        20    3.5   0.0   187   221   280   314   268   318 0.90 -
ptg000062l:12312921-12314967 -            292 27543at33392         -            545   1.1e-15   57.1   8.5   1   2   5.1e-14   1.2e-11   43.9   2.4    68   226    22   171    17   177 0.52 -
ptg000062l:12312921-12314967 -            292 27543at33392         -            545   1.1e-15   57.1   8.5   2   2   4.5e-05      0.01   14.4   0.2   155   228   182   257   172   283 0.82 -
ptg000049l:6083318-6083923   -            202 27543at33392         -            545   6.3e-15   54.7   1.2   1   1   2.8e-15   6.4e-13   48.1   1.2    56   240     2   180     1   188 0.82 -
ptg000044l:1353461-1366873   -            484 27543at33392         -            545   7.6e-15   54.4   3.6   1   2   1.6e-05    0.0036   15.9   0.1   181   255   141   216   121   227 0.76 -
ptg000044l:1353461-1366873   -            484 27543at33392         -            545   7.6e-15   54.4   3.6   2   2   1.4e-12   3.1e-10   39.2   0.6   110   234   287   403   243   431 0.81 -
ptg000082l:9433196-9442375   -            767 27543at33392         -            545   8.9e-15   54.2   4.5   1   4   2.3e-05    0.0051   15.4   0.1   160   230    21    98     7   113 0.80 -
ptg000082l:9433196-9442375   -            767 27543at33392         -            545   8.9e-15   54.2   4.5   2   4   0.00064      0.14   10.6   0.1   185   223   198   238   185   244 0.86 -
ptg000082l:9433196-9442375   -            767 27543at33392         -            545   8.9e-15   54.2   4.5   3   4    0.0054       1.2    7.5   0.0    93   218   259   384   253   397 0.85 -
ptg000082l:9433196-9442375   -            767 27543at33392         -            545   8.9e-15   54.2   4.5   4   4     2e-06   0.00045   18.9   0.3   146   260   520   646   507   656 0.77 -
ptg000528l:2084538-2099073   -            406 27543at33392         -            545     3e-14   52.5   1.0   1   3    0.0028      0.63    8.5   0.0   141   256    22   143    10   162 0.64 -
ptg000528l:2084538-2099073   -            406 27543at33392         -            545     3e-14   52.5   1.0   2   3   1.8e-12   4.1e-10   38.8   0.2   129   225   184   282   115   292 0.78 -
ptg000528l:2084538-2099073   -            406 27543at33392         -            545     3e-14   52.5   1.0   3   3      0.17        38    2.6   0.0   147   178   370   401   362   405 0.66 -
ptg000232l:5962649-5964866   -            317 27543at33392         -            545   1.3e-13   50.4   0.2   1   3   3.6e-10   8.2e-08   31.2   0.3    52   190    18   151     6   155 0.81 -
ptg000232l:5962649-5964866   -            317 27543at33392         -            545   1.3e-13   50.4   0.2   2   3     0.066        15    4.0   0.0   157   234   156   238   154   251 0.83 -
ptg000232l:5962649-5964866   -            317 27543at33392         -            545   1.3e-13   50.4   0.2   3   3    0.0011      0.24    9.9   0.0    71   125   256   311   250   315 0.80 -
ptg000026l:638777-640713     -            338 27543at33392         -            545   1.4e-13   50.3  15.0   1   2   5.6e-12   1.3e-09   37.2   8.8    30   219    28   224    20   224 0.84 -
ptg000026l:638777-640713     -            338 27543at33392         -            545   1.4e-13   50.3  15.0   2   2     9e-07    0.0002   20.0   6.1    54   221   146   336   135   338 0.75 -
ptg000270l:1108589-1115012   -            576 27543at33392         -            545   5.6e-13   48.3   5.6   1   2   4.7e-12   1.1e-09   37.5   1.0    50   221   278   444   273   490 0.82 -
ptg000270l:1108589-1115012   -            576 27543at33392         -            545   5.6e-13   48.3   5.6   2   2   0.00015     0.035   12.6   0.2   158   219   513   575   497   576 0.87 -
ptg000016l:3352281-3366932   -           1210 27543at33392         -            545   2.9e-12   45.9   0.1   1   2   0.00035     0.078   11.5   0.1    52   196    74   217    65   241 0.75 -
ptg000016l:3352281-3366932   -           1210 27543at33392         -            545   2.9e-12   45.9   0.1   2   2   3.5e-10     8e-08   31.2   0.0   111   220   825   933   811   942 0.84 -
ptg000355l:235042-253532     -           1244 27543at33392         -            545   5.6e-12   45.0   0.1   1   2    0.0011      0.24    9.8   0.2    53   196    75   217    62   240 0.70 -
ptg000355l:235042-253532     -           1244 27543at33392         -            545   5.6e-12   45.0   0.1   2   2     4e-10   9.2e-08   31.1   0.0   111   220   860   968   846   975 0.84 -
ptg000314l:1168299-1170253   -            336 27543at33392         -            545   7.6e-12   44.5  15.4   1   2   1.5e-11   3.3e-09   35.8  10.5    30   242    28   246    19   252 0.79 -
ptg000314l:1168299-1170253   -            336 27543at33392         -            545   7.6e-12   44.5  15.4   2   2   5.4e-05     0.012   14.1   6.5    54   221   146   334   137   336 0.75 -
ptg000061l:16482016-16485883 -            644 27543at33392         -            545   1.1e-11   44.0   0.0   1   2   2.1e-09   4.9e-07   28.7   0.0   183   232   297   346   289   371 0.89 -
ptg000061l:16482016-16485883 -            644 27543at33392         -            545   1.1e-11   44.0   0.0   2   2   0.00014     0.031   12.8   0.0   169   261   494   587   472   596 0.91 -
ptg000062l:29760089-29765008 -            430 27543at33392         -            545   2.1e-11   43.1   0.2   1   3     0.034       7.6    4.9   0.0   189   222   108   141   100   148 0.88 -
ptg000062l:29760089-29765008 -            430 27543at33392         -            545   2.1e-11   43.1   0.2   2   3   1.1e-09   2.5e-07   29.6   0.0   150   270   216   340   166   368 0.74 -
ptg000062l:29760089-29765008 -            430 27543at33392         -            545   2.1e-11   43.1   0.2   3   3    0.0035       0.8    8.1   0.0   196   229   309   342   301   426 0.64 -
ptg000058l:657538-657864     -            109 27543at33392         -            545   2.8e-11   42.6   0.2   1   1   1.8e-13   4.1e-11   42.1   0.2   145   223    18    96     1   107 0.67 -
ptg000553l:1402168-1402497   -            110 27543at33392         -            545   6.5e-11   41.4   0.0   1   1   3.2e-13   7.3e-11   41.3   0.0   162   264     1   110     1   110 0.87 -
ptg000610l:426391-426720     -            110 27543at33392         -            545   6.5e-11   41.4   0.0   1   1   3.2e-13   7.3e-11   41.3   0.0   162   264     1   110     1   110 0.87 -
ptg000398l:1092748-1199715   -           1954 27543at33392         -            545   1.1e-10   40.7   3.1   1   2   5.4e-07   0.00012   20.7   0.3   185   251  1648  1721  1643  1729 0.85 -
ptg000398l:1092748-1199715   -           1954 27543at33392         -            545   1.1e-10   40.7   3.1   2   2   1.4e-06   0.00031   19.4   0.2   158   265  1754  1863  1745  1905 0.67 -
ptg000034l:6757057-6758510   -            342 27543at33392         -            545   1.4e-10   40.4   6.8   1   3   1.7e-09   3.8e-07   29.0   0.1    75   184    16   117     7   126 0.90 -
ptg000034l:6757057-6758510   -            342 27543at33392         -            545   1.4e-10   40.4   6.8   2   3       1.3     3e+02   -0.3   0.1   176   223   178   225   169   234 0.73 -
ptg000034l:6757057-6758510   -            342 27543at33392         -            545   1.4e-10   40.4   6.8   3   3   0.00023     0.053   12.0   1.0    31   107   259   337   241   341 0.66 -
ptg000024l:28174302-28194330 -            445 27543at33392         -            545   1.4e-10   40.3   0.1   1   3   1.2e-07   2.7e-05   22.9   0.0   145   220    61   137    58   145 0.70 -
ptg000024l:28174302-28194330 -            445 27543at33392         -            545   1.4e-10   40.3   0.1   2   3   0.00012     0.028   12.9   0.0    68   266   165   357   158   360 0.75 -
ptg000024l:28174302-28194330 -            445 27543at33392         -            545   1.4e-10   40.3   0.1   3   3     0.072        16    3.8   0.0   164   185   339   360   333   370 0.86 -
ptg000685l:258211-358087     -           1915 27543at33392         -            545   3.5e-10   39.0   4.2   1   2   3.4e-07   7.8e-05   21.4   0.5   184   251  1608  1682  1603  1691 0.85 -
ptg000685l:258211-358087     -           1915 27543at33392         -            545   3.5e-10   39.0   4.2   2   2   8.5e-06    0.0019   16.8   0.2   153   225  1755  1826  1747  1871 0.86 -
ptg000062l:60133976-60154461 -            419 27543at33392         -            545   5.1e-10   38.5  15.2   1   2      0.02       4.5    5.7   0.1   162   220   163   223   160   229 0.80 -
ptg000062l:60133976-60154461 -            419 27543at33392         -            545   5.1e-10   38.5  15.2   2   2   2.9e-10   6.6e-08   31.5   3.1    92   260   252   413   245   419 0.81 -
ptg000054l:968792-985771     -            821 27543at33392         -            545     1e-09   37.5   2.5   1   3     0.055        12    4.2   0.0    16    53   405   447   397   457 0.67 -
ptg000054l:968792-985771     -            821 27543at33392         -            545     1e-09   37.5   2.5   2   3   7.3e-07   0.00017   20.3   0.1   164   230   517   583   501   632 0.76 -
ptg000054l:968792-985771     -            821 27543at33392         -            545     1e-09   37.5   2.5   3   3    0.0011      0.24    9.9   0.2   165   237   654   731   644   743 0.64 -
ptg000465l:244226-251306     -            889 27543at33392         -            545     2e-09   36.5   1.3   1   3   9.6e-05     0.022   13.3   0.1   161   273   109   224   100   259 0.82 -
ptg000465l:244226-251306     -            889 27543at33392         -            545     2e-09   36.5   1.3   2   3    0.0037      0.83    8.1   0.0   146   223   267   349   257   357 0.70 -
ptg000465l:244226-251306     -            889 27543at33392         -            545     2e-09   36.5   1.3   3   3   0.00066      0.15   10.5   0.1   189   268   480   560   440   604 0.59 -
ptg000096l:2923997-2930953   -            888 27543at33392         -            545   5.2e-09   35.2   0.4   1   3   3.3e-05    0.0075   14.8   0.0   161   273   109   224    98   260 0.82 -
ptg000096l:2923997-2930953   -            888 27543at33392         -            545   5.2e-09   35.2   0.4   2   3    0.0072       1.6    7.1   0.0   146   223   267   348   258   355 0.74 -
ptg000096l:2923997-2930953   -            888 27543at33392         -            545   5.2e-09   35.2   0.4   3   3    0.0016      0.37    9.3   0.0   189   258   479   559   442   573 0.76 -
ptg000004l:6928355-6962062   -            549 27543at33392         -            545   7.6e-09   34.6   0.8   1   2     6e-05     0.013   14.0   0.1    50   137   242   335   233   420 0.72 -
ptg000004l:6928355-6962062   -            549 27543at33392         -            545   7.6e-09   34.6   0.8   2   2   2.2e-06   0.00051   18.7   0.1   163   220   479   537   443   542 0.85 -
ptg000080l:26771020-26771292 -             91 27543at33392         -            545   3.2e-08   32.6   1.6   1   1   1.5e-10   3.4e-08   32.5   1.6   189   266     2    79     1    88 0.94 -
ptg000234l:878175-880795     -            420 27543at33392         -            545   6.5e-08   31.5   0.7   1   2     1e-09   2.4e-07   29.7   0.4   115   266   189   345   167   358 0.80 -
ptg000234l:878175-880795     -            420 27543at33392         -            545   6.5e-08   31.5   0.7   2   2      0.01       2.3    6.6   0.0    95   177   308   397   303   406 0.57 -
ptg000206l:144675-164266     -           1188 27543at33392         -            545   1.4e-07   30.4   0.1   1   1   1.1e-09   2.5e-07   29.6   0.1    50   137    11    97     5   123 0.79 -
ptg000011l:1774073-1777958   -            359 27543at33392         -            545   1.6e-07   30.2   0.0   1   2   1.6e-09   3.6e-07   29.1   0.0   132   269    14   157     9   169 0.81 -
ptg000011l:1774073-1777958   -            359 27543at33392         -            545   1.6e-07   30.2   0.0   2   2       8.8     2e+03   -3.1   0.0   107   138   272   303   265   308 0.80 -
ptg000483l:907369-927758     -           1189 27543at33392         -            545   1.7e-07   30.1   0.1   1   1   1.4e-09   3.2e-07   29.3   0.1    51   137    12    97     5   123 0.80 -
ptg000467l:2739260-2745612   -            588 27543at33392         -            545     4e-07   28.9   4.1   1   3    0.0015      0.33    9.4   0.2   205   266    29    97    19   107 0.81 -
ptg000467l:2739260-2745612   -            588 27543at33392         -            545     4e-07   28.9   4.1   2   3   1.2e-06   0.00028   19.5   0.5    53   125   118   190   108   197 0.80 -
ptg000467l:2739260-2745612   -            588 27543at33392         -            545     4e-07   28.9   4.1   3   3         5   1.1e+03   -2.3   0.0   170   217   318   366   310   373 0.67 -
ptg000283l:2621155-2623464   -            409 27543at33392         -            545     2e-06   26.7   0.9   1   2   7.4e-06    0.0017   17.0   0.2   158   267   136   245   106   286 0.57 -
ptg000283l:2621155-2623464   -            409 27543at33392         -            545     2e-06   26.7   0.9   2   2     2e-05    0.0045   15.6   0.2    16   222   168   368   166   383 0.72 -
ptg000493l:829720-870027     -           1204 27543at33392         -            545   2.7e-06   26.2   0.2   1   1     2e-08   4.5e-06   25.5   0.2    97   262   116   284    85   304 0.76 -
ptg000075l:1307670-1353097   -           1211 27543at33392         -            545   2.8e-06   26.2   0.2   1   1     2e-08   4.6e-06   25.5   0.2    97   262   116   284    85   304 0.76 -
ptg000062l:60922328-60983260 -           1260 27543at33392         -            545   2.9e-06   26.1   0.8   1   3      0.58   1.3e+02    0.8   0.0   187   229   770   810   765   825 0.85 -
ptg000062l:60922328-60983260 -           1260 27543at33392         -            545   2.9e-06   26.1   0.8   2   3       8.7     2e+03   -3.1   0.1   156   182   936   962   917   985 0.76 -
ptg000062l:60922328-60983260 -           1260 27543at33392         -            545   2.9e-06   26.1   0.8   3   3   1.7e-07     4e-05   22.4   0.0   158   262  1063  1169  1050  1183 0.82 -
ptg000328l:2596100-2608001   -            790 27543at33392         -            545   3.3e-06   25.9   0.7   1   2       1.4   3.2e+02   -0.5   0.1   256   305    41    89     2   113 0.36 -
ptg000328l:2596100-2608001   -            790 27543at33392         -            545   3.3e-06   25.9   0.7   2   2   7.7e-08   1.7e-05   23.5   0.1   165   279   119   239   113   283 0.79 -
ptg000635l:344894-361938     -            792 27543at33392         -            545   3.5e-06   25.8   0.5   1   1     7e-08   1.6e-05   23.7   0.1   165   279   119   239   109   284 0.79 -
ptg000010l:6630297-6632891   -            368 27543at33392         -            545   3.7e-06   25.7   0.4   1   2   0.00093      0.21   10.1   0.1   150   269    56   173    43   178 0.77 -
ptg000010l:6630297-6632891   -            368 27543at33392         -            545   3.7e-06   25.7   0.4   2   2   4.2e-05    0.0096   14.5   0.0   190   228   179   217   168   287 0.74 -
ptg000397l:1399927-1406048   -            478 27543at33392         -            545   6.9e-06   24.9   0.0   1   2   0.00021     0.047   12.2   0.0   162   230   254   323   239   338 0.54 -
ptg000397l:1399927-1406048   -            478 27543at33392         -            545   6.9e-06   24.9   0.0   2   2     0.001      0.24    9.9   0.0   166   257   343   437   332   455 0.77 -
ptg000097l:4384630-4404514   -            462 27543at33392         -            545   1.4e-05   23.8   2.3   1   3   2.6e-07   5.9e-05   21.8   0.2   155   232    14    91     2   177 0.79 -
ptg000097l:4384630-4404514   -            462 27543at33392         -            545   1.4e-05   23.8   2.3   2   3      0.96   2.2e+02    0.1   0.0   149   184   181   216   144   259 0.74 -
ptg000097l:4384630-4404514   -            462 27543at33392         -            545   1.4e-05   23.8   2.3   3   3      0.57   1.3e+02    0.9   0.1   158   222   243   308   179   317 0.56 -
ptg000026l:1960577-1972463   -            487 27543at33392         -            545   2.7e-05   22.9   0.5   1   2      0.96   2.2e+02    0.1   0.0   197   237    49    90    23   101 0.76 -
ptg000026l:1960577-1972463   -            487 27543at33392         -            545   2.7e-05   22.9   0.5   2   2   5.2e-07   0.00012   20.8   0.5   165   224   101   161    50   236 0.78 -
ptg000302l:167032-176310     -            487 27543at33392         -            545   2.7e-05   22.9   0.5   1   2      0.96   2.2e+02    0.1   0.0   197   237    49    90    23   101 0.76 -
ptg000302l:167032-176310     -            487 27543at33392         -            545   2.7e-05   22.9   0.5   2   2   5.2e-07   0.00012   20.8   0.5   165   224   101   161    50   236 0.78 -
ptg000020l:16985256-17039617 -           2915 27543at33392         -            545   4.3e-05   22.2   0.1   1   4         5   1.1e+03   -2.2   0.0   194   224   112   140   107   142 0.89 -
ptg000020l:16985256-17039617 -           2915 27543at33392         -            545   4.3e-05   22.2   0.1   2   4       2.1   4.8e+02   -1.0   0.0   208   229  2661  2682  2641  2689 0.90 -
ptg000020l:16985256-17039617 -           2915 27543at33392         -            545   4.3e-05   22.2   0.1   3   4   9.4e-06    0.0021   16.6   0.0   147   223  2780  2856  2760  2872 0.89 -
ptg000020l:16985256-17039617 -           2915 27543at33392         -            545   4.3e-05   22.2   0.1   4   4      0.85   1.9e+02    0.3   0.0    19    48  2877  2908  2867  2915 0.80 -
ptg000281l:4092285-4094572   -            331 27543at33392         -            545   8.7e-05   21.2   0.4   1   3   0.00054      0.12   10.8   0.1   209   302    33   125     4   127 0.60 -
ptg000281l:4092285-4094572   -            331 27543at33392         -            545   8.7e-05   21.2   0.4   2   3   0.00021     0.048   12.2   0.4   138   221    85   165    77   169 0.74 -
ptg000281l:4092285-4094572   -            331 27543at33392         -            545   8.7e-05   21.2   0.4   3   3      0.13        30    2.9   0.0   162   208   247   293   233   298 0.76 -
ptg000707l:733556-735859     -            331 27543at33392         -            545   8.7e-05   21.2   0.4   1   3   0.00054      0.12   10.8   0.1   209   302    33   125     4   127 0.60 -
ptg000707l:733556-735859     -            331 27543at33392         -            545   8.7e-05   21.2   0.4   2   3   0.00021     0.048   12.2   0.4   138   221    85   165    77   169 0.74 -
ptg000707l:733556-735859     -            331 27543at33392         -            545   8.7e-05   21.2   0.4   3   3      0.13        30    2.9   0.0   162   208   247   293   233   298 0.76 -
ptg000280l:861311-863565     -            330 27543at33392         -            545   0.00024   19.7   0.0   1   1   1.8e-06    0.0004   19.0   0.0   194   266   120   191   111   208 0.70 -
ptg000275l:3791892-3792059   -             56 27543at33392         -            545   0.00027   19.6   0.0   1   1   1.2e-06   0.00028   19.6   0.0   160   214     2    56     1    56 0.95 -
ptg000661l:89096-91346       -            330 27543at33392         -            545   0.00027   19.6   0.0   1   1   1.9e-06   0.00043   18.9   0.0   194   265   120   190   111   209 0.67 -
ptg000061l:7183468-7185007   -            410 27543at33392         -            545   0.00034   19.3   0.0   1   3     0.012       2.7    6.4   0.0    67   136    90   159    84   177 0.68 -
ptg000061l:7183468-7185007   -            410 27543at33392         -            545   0.00034   19.3   0.0   2   3      0.93   2.1e+02    0.2   0.0   194   268   182   257   173   267 0.68 -
ptg000061l:7183468-7185007   -            410 27543at33392         -            545   0.00034   19.3   0.0   3   3    0.0026      0.58    8.6   0.0   145   187   270   312   258   326 0.76 -
ptg000393l:939676-951875     -            873 27543at33392         -            545   0.00038   19.1   8.5   1   3   3.9e-06   0.00088   17.9   3.2   102   222    62   190    52   203 0.73 -
ptg000393l:939676-951875     -            873 27543at33392         -            545   0.00038   19.1   8.5   2   3       7.6   1.7e+03   -2.9   0.0    36    81   289   336   282   360 0.60 -
ptg000393l:939676-951875     -            873 27543at33392         -            545   0.00038   19.1   8.5   3   3       1.1   2.5e+02   -0.1   0.0   301   331   601   632   563   683 0.76 -
ptg000098l:4338511-4342203   -            386 27543at33392         -            545    0.0011   17.6   0.0   1   2   3.8e-05    0.0087   14.6   0.0   157   259   136   238    86   251 0.86 -
ptg000098l:4338511-4342203   -            386 27543at33392         -            545    0.0011   17.6   0.0   2   2       1.9   4.2e+02   -0.8   0.0   263   301   327   366   291   372 0.69 -
ptg000003l:3832709-3993748   -            484 27543at33392         -            545    0.0024   16.4   0.0   1   1   1.8e-05    0.0041   15.7   0.0   154   223   229   298   212   311 0.90 -
ptg000193l:1337948-1338166   -             73 27543at33392         -            545     0.004   15.7   0.1   1   1   1.8e-05    0.0041   15.7   0.1   201   262     6    67     1    72 0.92 -
ptg000122l:6662743-6705802   -           1370 27543at33392         -            545    0.0083   14.7   0.4   1   2    0.0064       1.5    7.3   0.0   177   222   964  1008   963  1019 0.89 -
ptg000122l:6662743-6705802   -           1370 27543at33392         -            545    0.0083   14.7   0.4   2   2     0.048        11    4.4   0.2    56    84  1340  1369  1337  1370 0.83 -
ptg000236l:6203218-6204000   -            261 27543at33392         -            545     0.015   13.9   0.0   1   1   8.6e-05     0.019   13.5   0.0   195   281   168   253   127   260 0.71 -
ptg000025l:11457917-11461702 -            612 27543at33392         -            545     0.019   13.5   0.3   1   1   0.00017     0.038   12.5   0.3    56   162    56   166    39   218 0.69 -
ptg000186l:7962878-7973868   -            430 27543at33392         -            545     0.038   12.5   0.0   1   1   0.00023     0.053   12.0   0.0   148   263   235   355   216   361 0.77 -
ptg000149l:3749458-3836904   -           1237 27543at33392         -            545     0.051   12.1   0.9   1   2      0.49   1.1e+02    1.1   0.4   183   220   952   991   926  1037 0.76 -
ptg000149l:3749458-3836904   -           1237 27543at33392         -            545     0.051   12.1   0.9   2   2    0.0022       0.5    8.8   0.0   167   240  1104  1178  1075  1214 0.62 -
#
# Program:         hmmsearch
# Version:         3.2.1 (June 2018)
# Pipeline mode:   SEARCH
# Query file:      /home/tpsylvst/projects/diaprepes_assembly/busco/busco_downloads/lineages/endopterygota_odb10/hmms/27543at33392.hmm
# Target file:     /home/tpsylvst/projects/diaprepes_assembly/busco/diaprepes_busco/run_endopterygota_odb10/metaeuk_output/initial_results/diaprepes.fa.modified.fas
# Option settings: hmmsearch --domtblout /home/tpsylvst/projects/diaprepes_assembly/busco/diaprepes_busco/run_endopterygota_odb10/hmmer_output/initial_run_results/27543at33392.out --cpu 1 /home/tpsylvst/projects/diaprepes_assembly/busco/busco_downloads/lineages/endopterygota_odb10/hmms/27543at33392.hmm /home/tpsylvst/projects/diaprepes_assembly/busco/diaprepes_busco/run_endopterygota_odb10/metaeuk_output/initial_results/diaprepes.fa.modified.fas 
# Current dir:     /home/tpsylvst/projects/diaprepes_assembly/busco
# Date:            Mon Nov 28 14:23:02 2022
# [ok]
