#                                                                                    --- full sequence --- -------------- this domain -------------   hmm coord   ali coord   env coord
# target name                accession   tlen query name           accession   qlen   E-value  score  bias   #  of  c-Evalue  i-Evalue  score  bias  from    to  from    to  from    to  acc description of target
#        ------------------- ---------- ----- -------------------- ---------- ----- --------- ------ ----- --- --- --------- --------- ------ ----- ----- ----- ----- ----- ----- ----- ---- ---------------------
ptg000062l:25978912-26002142 -            757 29853at33392         -            503  8.8e-172  572.6  31.4   1   7     6e-07     0.011   14.7   0.8     2    43    17    73    16    78 0.69 -
ptg000062l:25978912-26002142 -            757 29853at33392         -            503  8.8e-172  572.6  31.4   2   7   3.1e-16   5.8e-12   45.4   0.2    40    90    95   145    87   150 0.92 -
ptg000062l:25978912-26002142 -            757 29853at33392         -            503  8.8e-172  572.6  31.4   3   7     3e-27   5.5e-23   81.7   0.0    76   158   149   240   143   261 0.85 -
ptg000062l:25978912-26002142 -            757 29853at33392         -            503  8.8e-172  572.6  31.4   4   7   2.5e-07    0.0046   16.0   0.1   147   174   266   293   262   313 0.82 -
ptg000062l:25978912-26002142 -            757 29853at33392         -            503  8.8e-172  572.6  31.4   5   7   9.8e-89   1.8e-84  284.6   7.8   165   401   315   590   299   596 0.83 -
ptg000062l:25978912-26002142 -            757 29853at33392         -            503  8.8e-172  572.6  31.4   6   7   6.1e-11   1.1e-06   27.9   0.1   403   425   616   638   611   651 0.86 -
ptg000062l:25978912-26002142 -            757 29853at33392         -            503  8.8e-172  572.6  31.4   7   7   6.7e-36   1.2e-31  110.3   0.1   416   503   653   755   648   755 0.84 -
#
# Program:         hmmsearch
# Version:         3.2.1 (June 2018)
# Pipeline mode:   SEARCH
# Query file:      /home/tpsylvst/projects/diaprepes_assembly/busco/busco_downloads/lineages/endopterygota_odb10/hmms/29853at33392.hmm
# Target file:     /home/tpsylvst/projects/diaprepes_assembly/busco/diaprepes_busco/run_endopterygota_odb10/metaeuk_output/initial_results/diaprepes.fa.modified.fas
# Option settings: hmmsearch --domtblout /home/tpsylvst/projects/diaprepes_assembly/busco/diaprepes_busco/run_endopterygota_odb10/hmmer_output/initial_run_results/29853at33392.out --cpu 1 /home/tpsylvst/projects/diaprepes_assembly/busco/busco_downloads/lineages/endopterygota_odb10/hmms/29853at33392.hmm /home/tpsylvst/projects/diaprepes_assembly/busco/diaprepes_busco/run_endopterygota_odb10/metaeuk_output/initial_results/diaprepes.fa.modified.fas 
# Current dir:     /home/tpsylvst/projects/diaprepes_assembly/busco
# Date:            Mon Nov 28 14:22:53 2022
# [ok]
