#                                                                                    --- full sequence --- -------------- this domain -------------   hmm coord   ali coord   env coord
# target name                accession   tlen query name           accession   qlen   E-value  score  bias   #  of  c-Evalue  i-Evalue  score  bias  from    to  from    to  from    to  acc description of target
#        ------------------- ---------- ----- -------------------- ---------- ----- --------- ------ ----- --- --- --------- --------- ------ ----- ----- ----- ----- ----- ----- ----- ---- ---------------------
ptg000244l:4857732-4860992   -           1087 33413at33392         -            609  2.9e-291  967.5 107.7   1   9   7.3e-20   7.8e-18   64.4   0.1   140   261     3   135     1   137 0.88 -
ptg000244l:4857732-4860992   -           1087 33413at33392         -            609  2.9e-291  967.5 107.7   2   9   1.7e-38   1.8e-36  125.9   6.8    51   265   136   370   131   372 0.87 -
ptg000244l:4857732-4860992   -           1087 33413at33392         -            609  2.9e-291  967.5 107.7   3   9   1.1e-43   1.2e-41  143.1   9.2    23   260   302   563   301   565 0.86 -
ptg000244l:4857732-4860992   -           1087 33413at33392         -            609  2.9e-291  967.5 107.7   4   9   1.6e-37   1.7e-35  122.7   6.2    51   260   433   662   433   663 0.86 -
ptg000244l:4857732-4860992   -           1087 33413at33392         -            609  2.9e-291  967.5 107.7   5   9   4.5e-44   4.8e-42  144.3  11.5    19   266   529   800   528   804 0.86 -
ptg000244l:4857732-4860992   -           1087 33413at33392         -            609  2.9e-291  967.5 107.7   6   9   1.3e-39   1.4e-37  129.6   8.7    48   260   661   893   658   895 0.86 -
ptg000244l:4857732-4860992   -           1087 33413at33392         -            609  2.9e-291  967.5 107.7   7   9   1.2e-39   1.3e-37  129.7   5.7    51   267   730   966   727   969 0.77 -
ptg000244l:4857732-4860992   -           1087 33413at33392         -            609  2.9e-291  967.5 107.7   8   9   9.3e-37     1e-34  120.2   2.1    51   262   796  1027   796  1029 0.86 -
ptg000244l:4857732-4860992   -           1087 33413at33392         -            609  2.9e-291  967.5 107.7   9   9   2.4e-31   2.6e-29  102.3   0.2    22   199   895  1086   892  1087 0.84 -
ptg000124l:5436229-5450091   -            794 33413at33392         -            609  8.1e-245  814.1  31.8   1   2     2e-07   2.2e-05   23.3   0.0   138   201    24    88     7    90 0.85 -
ptg000124l:5436229-5450091   -            794 33413at33392         -            609  8.1e-245  814.1  31.8   2   2  2.5e-242  2.6e-240  799.2  30.2    19   609    57   744    50   744 0.90 -
ptg000061l:4488833-4491790   -            986 33413at33392         -            609  6.2e-243  807.8  50.9   1   8   4.2e-34   4.5e-32  111.4   1.8    20   204     2   200     1   202 0.90 -
ptg000061l:4488833-4491790   -            986 33413at33392         -            609  6.2e-243  807.8  50.9   2   8   3.7e-33   3.9e-31  108.3   3.1    83   257   204   395   203   397 0.49 -
ptg000061l:4488833-4491790   -            986 33413at33392         -            609  6.2e-243  807.8  50.9   3   8   2.6e-42   2.8e-40  138.5   1.1    50   261   333   564   330   566 0.88 -
ptg000061l:4488833-4491790   -            986 33413at33392         -            609  6.2e-243  807.8  50.9   4   8   1.3e-39   1.4e-37  129.6   0.4    22   211   400   606   397   609 0.89 -
ptg000061l:4488833-4491790   -            986 33413at33392         -            609  6.2e-243  807.8  50.9   5   8   1.7e-36   1.9e-34  119.3   0.8    21   204   498   695   495   696 0.89 -
ptg000061l:4488833-4491790   -            986 33413at33392         -            609  6.2e-243  807.8  50.9   6   8   3.1e-30   3.3e-28   98.7   0.1    51   204   565   728   563   730 0.92 -
ptg000061l:4488833-4491790   -            986 33413at33392         -            609  6.2e-243  807.8  50.9   7   8   8.2e-33   8.7e-31  107.1   0.6    23   202   665   858   664   861 0.89 -
ptg000061l:4488833-4491790   -            986 33413at33392         -            609  6.2e-243  807.8  50.9   8   8   9.5e-27     1e-24   87.1   0.3   115   254   830   986   830   986 0.75 -
ptg000061l:4591648-4594500   -            951 33413at33392         -            609  1.8e-237  789.8  66.5   1   7   7.8e-32   8.3e-30  103.9   3.7    85   259     4   195     1   197 0.72 -
ptg000061l:4591648-4594500   -            951 33413at33392         -            609  1.8e-237  789.8  66.5   2   7   2.8e-43     3e-41  141.7   6.3    22   257    66   325    65   325 0.87 -
ptg000061l:4591648-4594500   -            951 33413at33392         -            609  1.8e-237  789.8  66.5   3   7   7.5e-46     8e-44  150.2   2.7    21   259   131   393   129   397 0.87 -
ptg000061l:4591648-4594500   -            951 33413at33392         -            609  1.8e-237  789.8  66.5   4   7   3.7e-46     4e-44  151.2   3.9    21   267   197   467   194   467 0.87 -
ptg000061l:4591648-4594500   -            951 33413at33392         -            609  1.8e-237  789.8  66.5   5   7   4.1e-35   4.3e-33  114.8   1.7    22   207   462   664   459   664 0.88 -
ptg000061l:4591648-4594500   -            951 33413at33392         -            609  1.8e-237  789.8  66.5   6   7   5.8e-38   6.2e-36  124.2   2.3    20   208   658   863   655   869 0.88 -
ptg000061l:4591648-4594500   -            951 33413at33392         -            609  1.8e-237  789.8  66.5   7   7   5.7e-28     6e-26   91.2   0.6    52   200   793   951   792   951 0.91 -
ptg000061l:4519114-4521708   -            865 33413at33392         -            609  5.5e-215  715.5  63.5   1   6   3.4e-26   3.6e-24   85.3   0.6    46   204     8   175     1   176 0.88 -
ptg000061l:4519114-4521708   -            865 33413at33392         -            609  5.5e-215  715.5  63.5   2   6   6.8e-44   7.2e-42  143.7   3.6    34   260    61   307    55   308 0.87 -
ptg000061l:4519114-4521708   -            865 33413at33392         -            609  5.5e-215  715.5  63.5   3   6   4.7e-45     5e-43  147.6   5.3    21   260   110   373   109   374 0.86 -
ptg000061l:4519114-4521708   -            865 33413at33392         -            609  5.5e-215  715.5  63.5   4   6   3.2e-38   3.5e-36  125.0   3.5    51   260   309   538   307   539 0.87 -
ptg000061l:4519114-4521708   -            865 33413at33392         -            609  5.5e-215  715.5  63.5   5   6     7e-45   7.5e-43  147.0   6.3    19   259   471   735   469   738 0.85 -
ptg000061l:4519114-4521708   -            865 33413at33392         -            609  5.5e-215  715.5  63.5   6   6   1.3e-42   1.4e-40  139.5   5.9    33   256   620   864   617   865 0.87 -
ptg000279l:14022108-14024975 -            956 33413at33392         -            609  8.5e-213  708.3  63.4   1   7   2.9e-43   3.1e-41  141.7   4.5    20   240     2   244     1   247 0.86 -
ptg000279l:14022108-14024975 -            956 33413at33392         -            609  8.5e-213  708.3  63.4   2   7   2.8e-31     3e-29  102.1   1.5    95   260   183   365   182   367 0.84 -
ptg000279l:14022108-14024975 -            956 33413at33392         -            609  8.5e-213  708.3  63.4   3   7   4.4e-31   4.7e-29  101.4   0.6    37   211   253   441   252   444 0.86 -
ptg000279l:14022108-14024975 -            956 33413at33392         -            609  8.5e-213  708.3  63.4   4   7   1.7e-43   1.8e-41  142.5   2.4    21   257   333   593   333   594 0.87 -
ptg000279l:14022108-14024975 -            956 33413at33392         -            609  8.5e-213  708.3  63.4   5   7   3.2e-27   3.5e-25   88.7   2.7    53   257   534   692   532   694 0.50 -
ptg000279l:14022108-14024975 -            956 33413at33392         -            609  8.5e-213  708.3  63.4   6   7   6.4e-35   6.8e-33  114.1   8.1    21   204   597   794   594   797 0.89 -
ptg000279l:14022108-14024975 -            956 33413at33392         -            609  8.5e-213  708.3  63.4   7   7   1.2e-31   1.3e-29  103.3   0.4    33   200   777   955   775   956 0.90 -
ptg000244l:4895508-4898426   -            973 33413at33392         -            609  2.1e-200  667.3  67.6   1   7   2.2e-42   2.4e-40  138.7  14.4    33   258     3   249     1   252 0.87 -
ptg000244l:4895508-4898426   -            973 33413at33392         -            609  2.1e-200  667.3  67.6   2   7   3.1e-45   3.3e-43  148.2   8.8    23   256    89   346    87   350 0.87 -
ptg000244l:4895508-4898426   -            973 33413at33392         -            609  2.1e-200  667.3  67.6   3   7   1.2e-33   1.2e-31  110.0   3.1    34   209   235   424   232   426 0.89 -
ptg000244l:4895508-4898426   -            973 33413at33392         -            609  2.1e-200  667.3  67.6   4   7   1.6e-34   1.7e-32  112.8   0.8    21   202   417   612   415   615 0.91 -
ptg000244l:4895508-4898426   -            973 33413at33392         -            609  2.1e-200  667.3  67.6   5   7   4.2e-24   4.5e-22   78.4   0.1   129   261   601   747   601   748 0.86 -
ptg000244l:4895508-4898426   -            973 33413at33392         -            609  2.1e-200  667.3  67.6   6   7   5.1e-14   5.4e-12   45.1   0.1   124   203   728   811   726   813 0.91 -
ptg000244l:4895508-4898426   -            973 33413at33392         -            609  2.1e-200  667.3  67.6   7   7   8.6e-35   9.1e-33  113.7   3.1    20   200   779   973   778   973 0.90 -
ptg000061l:4430013-4433183   -           1057 33413at33392         -            609    3e-190  633.8  45.3   1   6   2.6e-22   2.8e-20   72.4   0.1   140   266     7   143     2   144 0.68 -
ptg000061l:4430013-4433183   -           1057 33413at33392         -            609    3e-190  633.8  45.3   2   6   2.8e-28   2.9e-26   92.2   0.3    52   204   107   269   107   271 0.88 -
ptg000061l:4430013-4433183   -           1057 33413at33392         -            609    3e-190  633.8  45.3   3   6   1.5e-45   1.6e-43  149.3   6.8    21   259   237   499   236   499 0.87 -
ptg000061l:4430013-4433183   -           1057 33413at33392         -            609    3e-190  633.8  45.3   4   6   5.2e-44   5.5e-42  144.1   7.9    22   259   436   697   433   699 0.88 -
ptg000061l:4430013-4433183   -           1057 33413at33392         -            609    3e-190  633.8  45.3   5   6   5.4e-42   5.8e-40  137.5   0.3    29   259   677   928   676   930 0.87 -
ptg000061l:4430013-4433183   -           1057 33413at33392         -            609    3e-190  633.8  45.3   6   6   9.1e-32   9.7e-30  103.7   0.4    21   200   864  1057   861  1057 0.85 -
ptg000061l:5563607-5566924   -           1106 33413at33392         -            609  1.6e-188  628.2  72.7   1   6   8.3e-12   8.8e-10   37.8   0.4   141   202     2    64     1    67 0.94 -
ptg000061l:5563607-5566924   -           1106 33413at33392         -            609  1.6e-188  628.2  72.7   2   6   6.8e-41   7.2e-39  133.8   6.9    49   260    66   297    63   298 0.88 -
ptg000061l:5563607-5566924   -           1106 33413at33392         -            609  1.6e-188  628.2  72.7   3   6   5.5e-36   5.8e-34  117.6   5.8    32   204   279   462   275   464 0.91 -
ptg000061l:5563607-5566924   -           1106 33413at33392         -            609  1.6e-188  628.2  72.7   4   6   7.2e-36   7.6e-34  117.3   7.3    22   204   464   660   461   662 0.90 -
ptg000061l:5563607-5566924   -           1106 33413at33392         -            609  1.6e-188  628.2  72.7   5   6     1e-46   1.1e-44  153.0  11.1    23   260   630   891   629   892 0.87 -
ptg000061l:5563607-5566924   -           1106 33413at33392         -            609  1.6e-188  628.2  72.7   6   6   2.1e-43   2.2e-41  142.1  10.7    23   241   861  1101   861  1106 0.83 -
ptg000061l:5617879-5620887   -           1003 33413at33392         -            609  4.8e-187  623.3  77.1   1   6   1.7e-41   1.8e-39  135.8  10.1    33   266     3   257     1   260 0.86 -
ptg000061l:5617879-5620887   -           1003 33413at33392         -            609  4.8e-187  623.3  77.1   2   6   6.5e-30   6.9e-28   97.6   6.2    94   259   233   415   232   418 0.86 -
ptg000061l:5617879-5620887   -           1003 33413at33392         -            609  4.8e-187  623.3  77.1   3   6   3.9e-42   4.1e-40  137.9  13.0    23   259   287   547   287   550 0.87 -
ptg000061l:5617879-5620887   -           1003 33413at33392         -            609  4.8e-187  623.3  77.1   4   6   5.6e-35     6e-33  114.3   9.9    23   208   452   654   452   657 0.60 -
ptg000061l:5617879-5620887   -           1003 33413at33392         -            609  4.8e-187  623.3  77.1   5   6   6.7e-37   7.2e-35  120.6   2.5    23   202   650   843   649   846 0.90 -
ptg000061l:5617879-5620887   -           1003 33413at33392         -            609  4.8e-187  623.3  77.1   6   6   6.1e-27   6.5e-25   87.8   0.1    50   197   846  1003   842  1003 0.90 -
ptg000061l:4569163-4572318   -           1052 33413at33392         -            609  3.9e-184  613.6  48.2   1   6   2.4e-28   2.5e-26   92.4   0.5    51   202     3   164     1   167 0.80 -
ptg000061l:4569163-4572318   -           1052 33413at33392         -            609  3.9e-184  613.6  48.2   2   6   3.1e-32   3.3e-30  105.2   5.7    93   259   114   297   111   299 0.73 -
ptg000061l:4569163-4572318   -           1052 33413at33392         -            609  3.9e-184  613.6  48.2   3   6   9.1e-35   9.7e-33  113.6   0.9    23   208   235   437   234   438 0.88 -
ptg000061l:4569163-4572318   -           1052 33413at33392         -            609  3.9e-184  613.6  48.2   4   6   5.4e-45   5.7e-43  147.4   0.7    23   272   367   639   367   643 0.87 -
ptg000061l:4569163-4572318   -           1052 33413at33392         -            609  3.9e-184  613.6  48.2   5   6   7.3e-33   7.7e-31  107.3   4.3    32   208   642   832   639   834 0.89 -
ptg000061l:4569163-4572318   -           1052 33413at33392         -            609  3.9e-184  613.6  48.2   6   6   3.4e-36   3.6e-34  118.3   1.2    49   255   825  1051   822  1052 0.78 -
ptg000061l:4545361-4547985   -            875 33413at33392         -            609  1.3e-181  605.3  44.0   1   5     2e-21   2.1e-19   69.6   0.7    88   204     5   128     1   129 0.90 -
ptg000061l:4545361-4547985   -            875 33413at33392         -            609  1.3e-181  605.3  44.0   2   5   4.9e-45   5.2e-43  147.5   4.8    21   259    96   358    94   360 0.86 -
ptg000061l:4545361-4547985   -            875 33413at33392         -            609  1.3e-181  605.3  44.0   3   5   4.6e-48   4.9e-46  157.5   2.4    21   259   360   622   358   624 0.87 -
ptg000061l:4545361-4547985   -            875 33413at33392         -            609  1.3e-181  605.3  44.0   4   5   1.4e-45   1.5e-43  149.3   2.6    21   257   426   686   423   686 0.87 -
ptg000061l:4545361-4547985   -            875 33413at33392         -            609  1.3e-181  605.3  44.0   5   5   2.2e-42   2.3e-40  138.8   3.7    20   240   623   865   621   872 0.87 -
ptg000061l:4677802-4680756   -            985 33413at33392         -            609  2.6e-167  558.1  62.6   1   6   7.8e-22   8.3e-20   70.9   2.4   141   262     3   135     1   136 0.88 -
ptg000061l:4677802-4680756   -            985 33413at33392         -            609  2.6e-167  558.1  62.6   2   6   6.2e-37   6.7e-35  120.8   7.6    33   255   116   359   113   360 0.87 -
ptg000061l:4677802-4680756   -            985 33413at33392         -            609  2.6e-167  558.1  62.6   3   6   2.7e-41   2.9e-39  135.2   5.4    23   255   202   458   201   462 0.86 -
ptg000061l:4677802-4680756   -            985 33413at33392         -            609  2.6e-167  558.1  62.6   4   6   4.4e-44   4.7e-42  144.4   6.9    22   266   399   665   396   666 0.87 -
ptg000061l:4677802-4680756   -            985 33413at33392         -            609  2.6e-167  558.1  62.6   5   6   4.6e-20   4.9e-18   65.0   0.9   140   260   660   791   657   792 0.75 -
ptg000061l:4677802-4680756   -            985 33413at33392         -            609  2.6e-167  558.1  62.6   6   6   3.7e-29     4e-27   95.1   1.4    19   199   790   984   787   985 0.89 -
ptg000279l:13898062-13900491 -            810 33413at33392         -            609  7.6e-161  536.7  48.8   1   6   6.1e-32   6.5e-30  104.3   1.8    84   264     3   200     1   211 0.68 -
ptg000279l:13898062-13900491 -            810 33413at33392         -            609  7.6e-161  536.7  48.8   2   6   1.1e-33   1.2e-31  110.0   4.0    21   207   131   334   129   334 0.87 -
ptg000279l:13898062-13900491 -            810 33413at33392         -            609  7.6e-161  536.7  48.8   3   6   1.3e-27   1.4e-25   89.9   1.5   124   263   211   364   205   369 0.82 -
ptg000279l:13898062-13900491 -            810 33413at33392         -            609  7.6e-161  536.7  48.8   4   6   4.6e-42   4.9e-40  137.7   3.1    22   261   297   560   294   561 0.86 -
ptg000279l:13898062-13900491 -            810 33413at33392         -            609  7.6e-161  536.7  48.8   5   6   1.2e-27   1.3e-25   90.0   0.1    84   260   498   691   494   693 0.84 -
ptg000279l:13898062-13900491 -            810 33413at33392         -            609  7.6e-161  536.7  48.8   6   6   1.1e-22   1.2e-20   73.7   3.3   126   242   675   803   674   807 0.86 -
ptg000061l:5583157-5585607   -            817 33413at33392         -            609  1.7e-157  525.7  38.0   1   6   4.2e-21   4.5e-19   68.5   0.4    83   201     1   125     1   126 0.65 -
ptg000061l:5583157-5585607   -            817 33413at33392         -            609  1.7e-157  525.7  38.0   2   6   2.8e-34     3e-32  112.0   0.9    34   204    47   227    44   229 0.92 -
ptg000061l:5583157-5585607   -            817 33413at33392         -            609  1.7e-157  525.7  38.0   3   6   7.4e-35   7.8e-33  113.9   6.5    33   204   210   392   208   394 0.91 -
ptg000061l:5583157-5585607   -            817 33413at33392         -            609  1.7e-157  525.7  38.0   4   6   2.4e-48   2.5e-46  158.5   3.7    23   260   362   623   361   625 0.88 -
ptg000061l:5583157-5585607   -            817 33413at33392         -            609  1.7e-157  525.7  38.0   5   6   1.5e-38   1.6e-36  126.1   0.2    20   207   590   794   589   795 0.87 -
ptg000061l:5583157-5585607   -            817 33413at33392         -            609  1.7e-157  525.7  38.0   6   6     0.022       2.3    6.6   0.0    51    76   790   815   785   817 0.56 -
ptg000058l:788682-791618     -            979 33413at33392         -            609  1.6e-156  522.4  70.1   1   6   1.4e-29   1.5e-27   96.5   3.0    16   203    22   224    15   226 0.86 -
ptg000058l:788682-791618     -            979 33413at33392         -            609  1.6e-156  522.4  70.1   2   6     2e-29   2.1e-27   96.0   0.6    45   248   222   444   217   449 0.86 -
ptg000058l:788682-791618     -            979 33413at33392         -            609  1.6e-156  522.4  70.1   3   6   2.8e-22     3e-20   72.3   0.5    49   201   357   521   354   524 0.89 -
ptg000058l:788682-791618     -            979 33413at33392         -            609  1.6e-156  522.4  70.1   4   6   1.9e-39   2.1e-37  129.0  12.2    46   277   454   706   434   711 0.82 -
ptg000058l:788682-791618     -            979 33413at33392         -            609  1.6e-156  522.4  70.1   5   6   2.2e-39   2.3e-37  128.9  11.8    19   260   523   788   520   791 0.87 -
ptg000058l:788682-791618     -            979 33413at33392         -            609  1.6e-156  522.4  70.1   6   6   5.4e-22   5.7e-20   71.4   5.7    50   212   789   967   786   974 0.84 -
ptg000061l:4459765-4462827   -           1021 33413at33392         -            609  9.1e-155  516.6  26.5   1   5   3.3e-41   3.5e-39  134.9   0.3    20   261     2   267     1   272 0.85 -
ptg000061l:4459765-4462827   -           1021 33413at33392         -            609  9.1e-155  516.6  26.5   2   5   2.3e-43   2.5e-41  142.0   1.2    23   260   269   530   265   531 0.86 -
ptg000061l:4459765-4462827   -           1021 33413at33392         -            609  9.1e-155  516.6  26.5   3   5   8.8e-32   9.4e-30  103.7   0.8    31   204   478   662   462   664 0.87 -
ptg000061l:4459765-4462827   -           1021 33413at33392         -            609  9.1e-155  516.6  26.5   4   5   5.7e-28   6.1e-26   91.2   0.7    49   208   662   834   659   838 0.88 -
ptg000061l:4459765-4462827   -           1021 33413at33392         -            609  9.1e-155  516.6  26.5   5   5   8.6e-29   9.1e-27   93.9   0.9    23   199   830  1020   828  1021 0.89 -
ptg000198l:514305-516578     -            758 33413at33392         -            609  3.6e-140  468.4  44.1   1   5   1.4e-31   1.5e-29  103.1   0.1    22   202     8   201     2   205 0.89 -
ptg000198l:514305-516578     -            758 33413at33392         -            609  3.6e-140  468.4  44.1   2   5   4.8e-34   5.1e-32  111.2   9.9    49   257   203   431   199   431 0.80 -
ptg000198l:514305-516578     -            758 33413at33392         -            609  3.6e-140  468.4  44.1   3   5   7.2e-33   7.7e-31  107.3   3.7    19   202   334   531   330   534 0.89 -
ptg000198l:514305-516578     -            758 33413at33392         -            609  3.6e-140  468.4  44.1   4   5   1.4e-47   1.5e-45  155.9   4.7    20   270   401   672   399   679 0.87 -
ptg000198l:514305-516578     -            758 33413at33392         -            609  3.6e-140  468.4  44.1   5   5     2e-13   2.2e-11   43.1   0.2   167   255   658   756   657   758 0.85 -
ptg000061l:4623752-4626388   -            879 33413at33392         -            609  3.6e-131  438.7  34.4   1   5   3.6e-08   3.8e-06   25.8   0.0   120   198     4    90     1    98 0.81 -
ptg000061l:4623752-4626388   -            879 33413at33392         -            609  3.6e-131  438.7  34.4   2   5   1.1e-34   1.1e-32  113.4   5.7    78   270   102   311    92   315 0.86 -
ptg000061l:4623752-4626388   -            879 33413at33392         -            609  3.6e-131  438.7  34.4   3   5   1.1e-26   1.2e-24   86.9   1.2   115   259   304   465   304   467 0.83 -
ptg000061l:4623752-4626388   -            879 33413at33392         -            609  3.6e-131  438.7  34.4   4   5   5.1e-43   5.4e-41  140.9   5.9    34   260   450   697   450   698 0.87 -
ptg000061l:4623752-4626388   -            879 33413at33392         -            609  3.6e-131  438.7  34.4   5   5   5.2e-27   5.5e-25   88.0   1.1   124   257   679   826   677   826 0.84 -
ptg000061l:4413341-4415797   -            819 33413at33392         -            609    8e-128  427.7  36.4   1   4   9.8e-24     1e-21   77.2   2.8   142   271     1   141     1   144 0.89 -
ptg000061l:4413341-4415797   -            819 33413at33392         -            609    8e-128  427.7  36.4   2   4   1.4e-33   1.4e-31  109.7   2.5    23   202   199   392   198   395 0.86 -
ptg000061l:4413341-4415797   -            819 33413at33392         -            609    8e-128  427.7  36.4   3   4   2.1e-33   2.3e-31  109.1   5.4    23   204   364   559   364   560 0.89 -
ptg000061l:4413341-4415797   -            819 33413at33392         -            609    8e-128  427.7  36.4   4   4   3.1e-41   3.3e-39  135.0   2.8    21   256   560   819   557   819 0.87 -
ptg000061l:4678324-4680546   -            741 33413at33392         -            609  4.3e-122  408.7  39.4   1   4   2.6e-31   2.8e-29  102.2   3.8    83   268     1   203     1   207 0.86 -
ptg000061l:4678324-4680546   -            741 33413at33392         -            609  4.3e-122  408.7  39.4   2   4   3.6e-41   3.8e-39  134.8   5.4    23   255   132   388   132   389 0.86 -
ptg000061l:4678324-4680546   -            741 33413at33392         -            609  4.3e-122  408.7  39.4   3   4   2.4e-44   2.6e-42  145.2   6.7    23   267   330   596   328   598 0.88 -
ptg000061l:4678324-4680546   -            741 33413at33392         -            609  4.3e-122  408.7  39.4   4   4   2.6e-21   2.8e-19   69.2   0.8   141   267   591   728   587   739 0.66 -
ptg000122l:49474241-49476487 -            749 33413at33392         -            609  3.6e-114  382.6  27.9   1   5   1.5e-21   1.6e-19   70.0   0.2   139   260     4   135     2   137 0.80 -
ptg000122l:49474241-49476487 -            749 33413at33392         -            609  3.6e-114  382.6  27.9   2   5   6.5e-19   6.9e-17   61.3   4.1   140   257   136   264   133   266 0.77 -
ptg000122l:49474241-49476487 -            749 33413at33392         -            609  3.6e-114  382.6  27.9   3   5   1.5e-31   1.6e-29  103.0   4.3    22   204   236   432   236   434 0.84 -
ptg000122l:49474241-49476487 -            749 33413at33392         -            609  3.6e-114  382.6  27.9   4   5   2.5e-33   2.6e-31  108.9   0.1    23   201   402   594   402   597 0.89 -
ptg000122l:49474241-49476487 -            749 33413at33392         -            609  3.6e-114  382.6  27.9   5   5   3.3e-24   3.5e-22   78.7   0.3   141   274   599   743   595   749 0.72 -
ptg000039l:3640442-3643680   -            532 33413at33392         -            609  1.6e-111  373.8  14.2   1   2   1.5e-58   1.6e-56  192.1   0.3   171   371     2   215     1   221 0.90 -
ptg000039l:3640442-3643680   -            532 33413at33392         -            609  1.6e-111  373.8  14.2   2   2     2e-56   2.1e-54  185.2   8.3   366   607   253   532   246   532 0.83 -
ptg000155l:3559715-3566492   -            533 33413at33392         -            609  2.4e-110  369.9  12.1   1   2   3.6e-58   3.9e-56  190.9   0.4   171   371     2   216     1   222 0.89 -
ptg000155l:3559715-3566492   -            533 33413at33392         -            609  2.4e-110  369.9  12.1   2   2     1e-55   1.1e-53  182.8   5.8   366   607   254   533   247   533 0.83 -
ptg000061l:4571236-4572981   -            582 33413at33392         -            609  1.6e-104  350.7  26.8   1   3   2.6e-45   2.7e-43  148.5   4.2    34   260     9   255     4   258 0.88 -
ptg000061l:4571236-4572981   -            582 33413at33392         -            609  1.6e-104  350.7  26.8   2   3   2.5e-26   2.7e-24   85.7   1.5   124   260   237   387   234   388 0.82 -
ptg000061l:4571236-4572981   -            582 33413at33392         -            609  1.6e-104  350.7  26.8   3   3   4.4e-44   4.7e-42  144.4   5.8    20   256   321   581   319   582 0.85 -
ptg000540l:211221-339283     -           1732 33413at33392         -            609   2.1e-95  320.6  38.5   1   9   7.5e-16     8e-14   51.1   0.6    51   248   115   340   110   355 0.72 -
ptg000540l:211221-339283     -           1732 33413at33392         -            609   2.1e-95  320.6  38.5   2   9   1.3e-21   1.4e-19   70.1   0.1    82   257   257   452   253   455 0.81 -
ptg000540l:211221-339283     -           1732 33413at33392         -            609   2.1e-95  320.6  38.5   3   9   7.1e-27   7.6e-25   87.5   1.9    19   283   353   632   351   635 0.80 -
ptg000540l:211221-339283     -           1732 33413at33392         -            609   2.1e-95  320.6  38.5   4   9   1.2e-12   1.3e-10   40.6   2.6   117   243   583   728   553   737 0.73 -
ptg000540l:211221-339283     -           1732 33413at33392         -            609   2.1e-95  320.6  38.5   5   9   1.9e-24     2e-22   79.5   5.4    16   209   710   922   707   927 0.77 -
ptg000540l:211221-339283     -           1732 33413at33392         -            609   2.1e-95  320.6  38.5   6   9      0.38        41    2.5   0.0   140   166   915   941   904   957 0.76 -
ptg000540l:211221-339283     -           1732 33413at33392         -            609   2.1e-95  320.6  38.5   7   9   3.1e-18   3.3e-16   59.0   0.0   139   280   960  1115   954  1128 0.81 -
ptg000540l:211221-339283     -           1732 33413at33392         -            609   2.1e-95  320.6  38.5   8   9       1.6   1.7e+02    0.5   2.7   311   355  1235  1285  1229  1326 0.68 -
ptg000540l:211221-339283     -           1732 33413at33392         -            609   2.1e-95  320.6  38.5   9   9       2.5   2.7e+02   -0.2   0.3   507   543  1535  1571  1529  1588 0.77 -
ptg000118l:1942519-1952029   -            537 33413at33392         -            609   3.8e-91  306.5  18.9   1   2   1.1e-48   1.1e-46  159.6   2.1   171   369     2   215     1   223 0.88 -
ptg000118l:1942519-1952029   -            537 33413at33392         -            609   3.8e-91  306.5  18.9   2   2   1.9e-46     2e-44  152.2   9.3   409   608   313   532   239   533 0.80 -
ptg000061l:4517758-4519326   -            523 33413at33392         -            609     5e-89  299.5  21.9   1   3   6.1e-28   6.5e-26   91.1   1.0    77   213     6   152     1   156 0.89 -
ptg000061l:4517758-4519326   -            523 33413at33392         -            609     5e-89  299.5  21.9   2   3   8.4e-34     9e-32  110.4   3.6    34   208   222   410   220   411 0.89 -
ptg000061l:4517758-4519326   -            523 33413at33392         -            609     5e-89  299.5  21.9   3   3   3.4e-38   3.6e-36  124.9   2.7    21   240   272   513   272   520 0.80 -
ptg000082l:225141-370652     -           1677 33413at33392         -            609   6.4e-77  259.5  36.0   1   8   5.7e-16   6.1e-14   51.5   0.9    51   260   115   354   109   357 0.72 -
ptg000082l:225141-370652     -           1677 33413at33392         -            609   6.4e-77  259.5  36.0   2   8   5.9e-26   6.3e-24   84.5   2.0    20   283   320   597   315   600 0.79 -
ptg000082l:225141-370652     -           1677 33413at33392         -            609   6.4e-77  259.5  36.0   3   8   1.3e-12   1.3e-10   40.5   3.2   117   244   548   694   517   707 0.72 -
ptg000082l:225141-370652     -           1677 33413at33392         -            609   6.4e-77  259.5  36.0   4   8   2.2e-24   2.3e-22   79.3   5.9    16   209   675   887   671   893 0.77 -
ptg000082l:225141-370652     -           1677 33413at33392         -            609   6.4e-77  259.5  36.0   5   8      0.39        42    2.5   0.0   140   166   880   906   871   922 0.76 -
ptg000082l:225141-370652     -           1677 33413at33392         -            609   6.4e-77  259.5  36.0   6   8   2.9e-18   3.1e-16   59.1   0.0   139   280   925  1080   918  1093 0.81 -
ptg000082l:225141-370652     -           1677 33413at33392         -            609   6.4e-77  259.5  36.0   7   8       1.5   1.6e+02    0.6   2.7   311   355  1180  1230  1174  1271 0.68 -
ptg000082l:225141-370652     -           1677 33413at33392         -            609   6.4e-77  259.5  36.0   8   8       2.5   2.6e+02   -0.1   0.3   507   543  1480  1516  1474  1533 0.77 -
ptg000024l:22886239-22887945 -            569 33413at33392         -            609   7.7e-73  246.0  28.5   1   3     7e-16   7.4e-14   51.2   0.2    97   203     2   115     1   118 0.83 -
ptg000024l:22886239-22887945 -            569 33413at33392         -            609   7.7e-73  246.0  28.5   2   3   5.2e-34   5.6e-32  111.1   4.6    51   256   118   343   115   347 0.87 -
ptg000024l:22886239-22887945 -            569 33413at33392         -            609   7.7e-73  246.0  28.5   3   3   3.8e-21   4.1e-19   68.6   3.5    50   194   414   568   412   569 0.88 -
ptg000003l:1518416-1530538   -            645 33413at33392         -            609   3.7e-72  243.8   5.5   1   4     4e-28   4.2e-26   91.7   0.0    69   259     1   213     1   224 0.85 -
ptg000003l:1518416-1530538   -            645 33413at33392         -            609   3.7e-72  243.8   5.5   2   4   5.5e-15   5.8e-13   48.3   0.1   139   285   147   306   144   318 0.81 -
ptg000003l:1518416-1530538   -            645 33413at33392         -            609   3.7e-72  243.8   5.5   3   4   1.1e-33   1.2e-31  110.0   0.1    33   259   318   567   313   578 0.85 -
ptg000003l:1518416-1530538   -            645 33413at33392         -            609   3.7e-72  243.8   5.5   4   4   5.7e-06   0.00061   18.5   0.0   147   201   576   631   571   643 0.82 -
ptg000244l:4899017-4900192   -            392 33413at33392         -            609   5.1e-72  243.3   9.7   1   3   7.4e-46   7.9e-44  150.2   3.1    23   259     3   263     1   264 0.85 -
ptg000244l:4899017-4900192   -            392 33413at33392         -            609   5.1e-72  243.3   9.7   2   3   2.7e-18   2.8e-16   59.2   0.0   115   207   201   303   199   306 0.82 -
ptg000244l:4899017-4900192   -            392 33413at33392         -            609   5.1e-72  243.3   9.7   3   3   4.7e-16     5e-14   51.8   0.2   115   199   300   391   298   392 0.78 -
ptg000061l:4646276-4647547   -            424 33413at33392         -            609   4.9e-67  226.9  17.5   1   3   6.8e-23   7.2e-21   74.4   2.0   142   259     1   129     1   132 0.86 -
ptg000061l:4646276-4647547   -            424 33413at33392         -            609   4.9e-67  226.9  17.5   2   3   6.6e-25     7e-23   81.0   1.5   124   260   112   262   110   264 0.82 -
ptg000061l:4646276-4647547   -            424 33413at33392         -            609   4.9e-67  226.9  17.5   3   3   1.3e-29   1.4e-27   96.6   0.6    32   200   244   424   241   424 0.91 -
ptg000147l:8016668-8019562   -            965 33413at33392         -            609   4.9e-60  203.8  11.2   1   6      0.02       2.2    6.8   0.1   145   201    15    71     3    77 0.85 -
ptg000147l:8016668-8019562   -            965 33413at33392         -            609   4.9e-60  203.8  11.2   2   6   1.2e-10   1.3e-08   33.9   0.0    49   199   144   315   139   321 0.80 -
ptg000147l:8016668-8019562   -            965 33413at33392         -            609   4.9e-60  203.8  11.2   3   6   2.9e-19   3.1e-17   62.4   0.3    50   204   360   525   332   533 0.87 -
ptg000147l:8016668-8019562   -            965 33413at33392         -            609   4.9e-60  203.8  11.2   4   6   8.6e-14   9.2e-12   44.3   0.1    64   241   507   692   505   711 0.79 -
ptg000147l:8016668-8019562   -            965 33413at33392         -            609   4.9e-60  203.8  11.2   5   6   5.9e-11   6.3e-09   35.0   0.0    19   209   649   850   646   859 0.79 -
ptg000147l:8016668-8019562   -            965 33413at33392         -            609   4.9e-60  203.8  11.2   6   6   9.6e-08     1e-05   24.4   0.0   107   180   884   961   856   964 0.55 -
ptg000147l:7948577-7951609   -           1011 33413at33392         -            609   1.1e-58  199.2  26.8   1   8   1.2e-08   1.2e-06   27.4   1.5    94   205    13   134     8   135 0.73 -
ptg000147l:7948577-7951609   -           1011 33413at33392         -            609   1.1e-58  199.2  26.8   2   8   7.4e-14   7.8e-12   44.5   0.3   114   212    69   177    67   182 0.85 -
ptg000147l:7948577-7951609   -           1011 33413at33392         -            609   1.1e-58  199.2  26.8   3   8   1.2e-10   1.3e-08   33.9   0.0    50   200   134   301   131   306 0.82 -
ptg000147l:7948577-7951609   -           1011 33413at33392         -            609   1.1e-58  199.2  26.8   4   8   3.9e-13   4.1e-11   42.2   0.7   167   270   376   493   332   496 0.79 -
ptg000147l:7948577-7951609   -           1011 33413at33392         -            609   1.1e-58  199.2  26.8   5   8   6.7e-09   7.2e-07   28.2   0.2    61   163   462   575   452   583 0.81 -
ptg000147l:7948577-7951609   -           1011 33413at33392         -            609   1.1e-58  199.2  26.8   6   8   1.2e-16   1.3e-14   53.8   0.3    26   253   496   732   493   752 0.77 -
ptg000147l:7948577-7951609   -           1011 33413at33392         -            609   1.1e-58  199.2  26.8   7   8   1.8e-05    0.0019   16.9   0.0   132   208   793   876   783   884 0.80 -
ptg000147l:7948577-7951609   -           1011 33413at33392         -            609   1.1e-58  199.2  26.8   8   8   3.4e-08   3.7e-06   25.8   0.0   148   249   887  1002   880  1009 0.77 -
ptg000295l:794627-795751     -            375 33413at33392         -            609   3.2e-56  191.2  12.7   1   3   1.3e-10   1.4e-08   33.8   0.2   137   206    28    98     4   102 0.86 -
ptg000295l:794627-795751     -            375 33413at33392         -            609   3.2e-56  191.2  12.7   2   3   2.3e-40   2.5e-38  132.1   1.9    46   259   104   337    97   340 0.87 -
ptg000295l:794627-795751     -            375 33413at33392         -            609   3.2e-56  191.2  12.7   3   3   1.4e-14   1.5e-12   46.9   0.4   168   261   269   373   267   375 0.80 -
ptg000279l:13957468-13958451 -            328 33413at33392         -            609   8.1e-50  170.0   9.4   1   2   1.7e-30   1.8e-28   99.5   3.4    80   259     8   204     1   208 0.56 -
ptg000279l:13957468-13958451 -            328 33413at33392         -            609   8.1e-50  170.0   9.4   2   2   4.3e-25   4.6e-23   81.7   0.3    21   163   173   328   171   328 0.89 -
ptg000183l:2735416-2736489   -            358 33413at33392         -            609   3.1e-46  158.2  11.7   1   2   4.1e-20   4.4e-18   65.2   6.0    30   198     9   190     4   197 0.87 -
ptg000183l:2735416-2736489   -            358 33413at33392         -            609   3.1e-46  158.2  11.7   2   2   1.1e-29   1.2e-27   96.8   0.4    45   200   196   358   191   358 0.92 -
ptg000606l:216438-217511     -            358 33413at33392         -            609   4.4e-46  157.7  12.6   1   2   8.1e-20   8.6e-18   64.2   6.7    30   198     9   190     4   195 0.87 -
ptg000606l:216438-217511     -            358 33413at33392         -            609   4.4e-46  157.7  12.6   2   2   7.5e-30     8e-28   97.4   0.4    45   200   196   358   190   358 0.92 -
ptg000003l:1544364-1545332   -            323 33413at33392         -            609   1.2e-42  146.4   0.5   1   2   3.3e-37   3.5e-35  121.7   0.1    33   266     9   265     4   269 0.85 -
ptg000003l:1544364-1545332   -            323 33413at33392         -            609   1.2e-42  146.4   0.5   2   2   7.8e-08   8.3e-06   24.6   0.0   144   200   264   321   256   323 0.92 -
ptg000606l:220790-222289     -            500 33413at33392         -            609   2.4e-42  145.3  11.9   1   2   1.4e-16   1.5e-14   53.5   4.9    49   211   141   318   128   321 0.75 -
ptg000606l:220790-222289     -            500 33413at33392         -            609   2.4e-42  145.3  11.9   2   2   7.2e-29   7.7e-27   94.1   0.6    33   200   324   500   319   500 0.92 -
ptg000061l:1788894-1870995   -           1107 33413at33392         -            609   8.5e-42  143.5   9.0   1   4   2.1e-09   2.3e-07   29.8   1.5    51   198   249   417   245   474 0.69 -
ptg000061l:1788894-1870995   -           1107 33413at33392         -            609   8.5e-42  143.5   9.0   2   4   7.1e-11   7.5e-09   34.7   0.2   130   200   485   555   421   561 0.76 -
ptg000061l:1788894-1870995   -           1107 33413at33392         -            609   8.5e-42  143.5   9.0   3   4   3.7e-12   3.9e-10   38.9   0.0   107   254   568   736   560   741 0.78 -
ptg000061l:1788894-1870995   -           1107 33413at33392         -            609   8.5e-42  143.5   9.0   4   4   5.4e-12   5.8e-10   38.4   0.0    20   283   754  1039   750  1047 0.70 -
ptg000122l:47608190-47609080 -            297 33413at33392         -            609   6.1e-39  134.1   6.9   1   2   2.1e-15   2.3e-13   49.6   0.3   169   272     1   114     1   116 0.87 -
ptg000122l:47608190-47609080 -            297 33413at33392         -            609   6.1e-39  134.1   6.9   2   2   4.7e-29     5e-27   94.7   1.7    35   249    54   288    53   295 0.86 -
ptg000003l:1578734-1579750   -            339 33413at33392         -            609   5.6e-37  127.6   0.0   1   2   7.8e-26   8.4e-24   84.1   0.0    33   201    32   212    17   216 0.87 -
ptg000003l:1578734-1579750   -            339 33413at33392         -            609   5.6e-37  127.6   0.0   2   2   4.5e-13   4.7e-11   42.0   0.0   139   245   215   332   210   338 0.80 -
ptg000074l:1743847-1744887   -            347 33413at33392         -            609     6e-36  124.2   2.9   1   2   6.7e-15   7.2e-13   48.0   0.2   123   209    12   106     1   122 0.81 -
ptg000074l:1743847-1744887   -            347 33413at33392         -            609     6e-36  124.2   2.9   2   2   1.1e-23   1.1e-21   77.1   0.3     9   203   130   338   121   347 0.86 -
ptg000343l:199276-199911     -            212 33413at33392         -            609     5e-34  117.9   3.6   1   2   3.3e-13   3.5e-11   42.4   0.1   142   209     1    71     1    71 0.94 -
ptg000343l:199276-199911     -            212 33413at33392         -            609     5e-34  117.9   3.6   2   2   2.3e-25   2.5e-23   82.5   1.3    51   188    65   212    62   212 0.89 -
ptg000155l:2160542-2161369   -            276 33413at33392         -            609   5.8e-33  114.3   1.7   1   2   2.3e-17   2.5e-15   56.1   0.3    52   203     1   158     1   160 0.85 -
ptg000155l:2160542-2161369   -            276 33413at33392         -            609   5.8e-33  114.3   1.7   2   2     7e-18   7.5e-16   57.8   0.1    51   156   162   276   158   276 0.86 -
ptg000279l:14024460-14025056 -            199 33413at33392         -            609   1.2e-32  113.4   2.4   1   1   3.8e-34     4e-32  111.6   2.4    25   202     1   192     1   199 0.72 -
ptg000279l:13999484-14000146 -            221 33413at33392         -            609   1.5e-32  113.0   2.8   1   2   2.3e-23   2.4e-21   76.0   0.4   142   262     2   133     1   143 0.81 -
ptg000279l:13999484-14000146 -            221 33413at33392         -            609   1.5e-32  113.0   2.8   2   2   1.2e-11   1.3e-09   37.2   0.1   123   194   145   220   133   221 0.73 -
ptg000149l:26946415-27000931 -           1507 33413at33392         -            609   3.5e-32  111.8   2.7   1   2   3.5e-10   3.7e-08   32.4   0.2   140   239    60   172    30   179 0.61 -
ptg000149l:26946415-27000931 -           1507 33413at33392         -            609   3.5e-32  111.8   2.7   2   2   2.1e-24   2.3e-22   79.3   0.2    15   204   199   404   192   420 0.84 -
ptg000455l:296870-297436     -            189 33413at33392         -            609   1.3e-31  109.9   4.1   1   2   1.9e-26     2e-24   86.1   1.6   129   258     9   149     1   152 0.83 -
ptg000455l:296870-297436     -            189 33413at33392         -            609   1.3e-31  109.9   4.1   2   2   4.3e-08   4.6e-06   25.5   0.0   139   176   151   189   146   189 0.90 -
ptg000800l:10198-10797       -            200 33413at33392         -            609   4.1e-31  108.2   4.6   1   2   5.6e-26     6e-24   84.6   2.1   128   258    19   160     9   164 0.83 -
ptg000800l:10198-10797       -            200 33413at33392         -            609   4.1e-31  108.2   4.6   2   2     4e-08   4.2e-06   25.6   0.0   139   176   162   200   157   200 0.89 -
ptg000061l:4590013-4590561   -            183 33413at33392         -            609   4.2e-31  108.2   1.1   1   1   6.4e-33   6.8e-31  107.5   1.1    19   180     4   179     1   182 0.80 -
ptg000800l:18187-18831       -            215 33413at33392         -            609   9.9e-31  107.0   2.3   1   2   7.5e-25     8e-23   80.8   0.4   126   258    13   160     7   163 0.85 -
ptg000800l:18187-18831       -            215 33413at33392         -            609   9.9e-31  107.0   2.3   2   2   2.2e-09   2.4e-07   29.8   0.1   129   191   149   215   148   215 0.86 -
ptg000244l:4860951-4861493   -            181 33413at33392         -            609   1.1e-30  106.8   1.1   1   1   1.7e-32   1.8e-30  106.1   1.1    49   208     4   176     1   181 0.87 -
ptg000455l:303933-304577     -            215 33413at33392         -            609     7e-30  104.2   2.1   1   2   5.7e-24   6.1e-22   77.9   0.4   126   258    13   160     6   163 0.85 -
ptg000455l:303933-304577     -            215 33413at33392         -            609     7e-30  104.2   2.1   2   2   1.2e-09   1.3e-07   30.6   0.1   129   191   149   215   143   215 0.85 -
ptg000800l:5296-5874         -            193 33413at33392         -            609     2e-29  102.6   1.7   1   2   1.2e-24   1.3e-22   80.1   1.7   129   259     9   154     3   157 0.83 -
ptg000800l:5296-5874         -            193 33413at33392         -            609     2e-29  102.6   1.7   2   2   3.5e-08   3.7e-06   25.8   0.0   129   176   142   193   142   193 0.86 -
ptg000061l:4677175-4677777   -            201 33413at33392         -            609   3.8e-28   98.4   1.3   1   1     3e-24   3.2e-22   78.9   1.1   123   257    10   158     1   160 0.85 -
ptg000279l:14019906-14020406 -            167 33413at33392         -            609     7e-28   97.6   1.7   1   1   8.3e-30   8.9e-28   97.2   1.7    54   207     1   167     1   167 0.83 -
ptg000183l:2731697-2732314   -            206 33413at33392         -            609   2.2e-27   95.9   0.9   1   1   2.4e-29   2.6e-27   95.7   0.9    49   214     5   180     1   192 0.90 -
ptg000061l:5570456-5570932   -            159 33413at33392         -            609   1.2e-26   93.5   2.7   1   1   1.4e-28   1.5e-26   93.2   2.7   123   258     8   157     3   159 0.85 -
ptg000061l:4624331-4624819   -            163 33413at33392         -            609   4.5e-25   88.3   1.7   1   1     5e-27   5.3e-25   88.0   1.7   107   240     4   152     1   163 0.72 -
ptg000455l:293631-294158     -            176 33413at33392         -            609   7.4e-25   87.6   1.4   1   1     8e-27   8.6e-25   87.4   1.4   127   267    20   175     7   176 0.85 -
ptg000061l:5569472-5569909   -            146 33413at33392         -            609   2.9e-24   85.6   1.8   1   2   5.5e-17   5.9e-15   54.9   0.8   123   203     6    90     2    92 0.90 -
ptg000061l:5569472-5569909   -            146 33413at33392         -            609   2.9e-24   85.6   1.8   2   2   1.1e-09   1.1e-07   30.8   0.0   138   192    90   145    87   146 0.92 -
ptg000270l:269486-270652     -            389 33413at33392         -            609   4.5e-24   85.0   0.0   1   2   2.1e-14   2.2e-12   46.4   0.0    87   202     2   126     1   143 0.84 -
ptg000270l:269486-270652     -            389 33413at33392         -            609   4.5e-24   85.0   0.0   2   2   2.3e-11   2.4e-09   36.3   0.0   135   216   290   377   279   389 0.58 -
ptg000279l:13954342-13954770 -            143 33413at33392         -            609   1.1e-23   83.7   3.1   1   1   1.1e-25   1.2e-23   83.6   3.1   135   260     3   142     1   143 0.83 -
ptg000061l:5566292-5566690   -            133 33413at33392         -            609   1.3e-22   80.2   4.2   1   1   6.2e-24   6.6e-22   77.8   4.2    84   203     1   127     1   133 0.72 -
ptg000061l:4456765-4457184   -            140 33413at33392         -            609   1.4e-22   80.1   2.8   1   1   1.4e-24   1.5e-22   79.9   2.8   140   259     9   139     1   140 0.84 -
ptg000126l:5156647-5157171   -            175 33413at33392         -            609   1.1e-21   77.2   0.5   1   1   1.3e-23   1.4e-21   76.8   0.5   124   267     5   162     2   171 0.81 -
ptg000279l:13998458-13998874 -            139 33413at33392         -            609   2.8e-21   75.7   0.2   1   1     3e-23   3.2e-21   75.6   0.2   141   261     5   136     1   138 0.84 -
ptg000061l:4594741-4595178   -            146 33413at33392         -            609   3.8e-21   75.3   1.0   1   2   9.7e-09     1e-06   27.6   0.1   147   204     1    59     1    61 0.92 -
ptg000061l:4594741-4595178   -            146 33413at33392         -            609   3.8e-21   75.3   1.0   2   2   1.3e-14   1.4e-12   47.0   0.2   140   206    60   130    58   146 0.74 -
ptg000061l:4589437-4589829   -            131 33413at33392         -            609   6.2e-21   74.6   0.3   1   1   6.5e-23   6.9e-21   74.5   0.3   149   263     2   127     1   131 0.64 -
ptg000061l:5620450-5620839   -            130 33413at33392         -            609   2.9e-20   72.4   0.3   1   1   3.5e-22   3.7e-20   72.1   0.3   154   265     3   125     1   130 0.54 -
ptg000061l:4518301-4518693   -            131 33413at33392         -            609   3.5e-20   72.1   0.3   1   1   3.9e-22   4.1e-20   71.9   0.3    87   204     2   126     1   131 0.85 -
ptg000279l:14043315-14043698 -            128 33413at33392         -            609   1.1e-19   70.5   0.1   1   1   3.8e-21   4.1e-19   68.6   0.1   134   242     2   122     1   126 0.80 -
ptg000027l:257992-314893     -           1407 33413at33392         -            609   2.3e-19   69.4   3.1   1   2     6e-19   6.4e-17   61.4   3.2    35   256   932  1183   914  1187 0.78 -
ptg000027l:257992-314893     -           1407 33413at33392         -            609   2.3e-19   69.4   3.1   2   2     0.021       2.2    6.7   0.0    26    76  1180  1234  1176  1276 0.70 -
ptg000237l:349440-411235     -           1410 33413at33392         -            609   2.4e-19   69.4   3.1   1   2     6e-19   6.4e-17   61.4   3.2    35   256   935  1186   917  1190 0.78 -
ptg000237l:349440-411235     -           1410 33413at33392         -            609   2.4e-19   69.4   3.1   2   2     0.021       2.3    6.7   0.0    26    76  1183  1237  1179  1279 0.70 -
ptg000003l:1569978-1570532   -            185 33413at33392         -            609   2.6e-19   69.2   0.0   1   1   2.7e-21   2.9e-19   69.1   0.0    50   211     6   182     1   185 0.74 -
ptg000003l:3971463-3971867   -            135 33413at33392         -            609   1.1e-18   67.1   0.1   1   1   2.1e-20   2.2e-18   66.2   0.1   147   269     1   134     1   135 0.69 -
ptg000003l:3883428-3883838   -            137 33413at33392         -            609   1.6e-18   66.6   0.0   1   1   1.7e-20   1.8e-18   66.5   0.0   128   246     4   134     1   137 0.81 -
ptg000244l:4861134-4861487   -            118 33413at33392         -            609     2e-18   66.3   0.1   1   1   2.6e-20   2.7e-18   65.9   0.1   171   270     2   111     1   118 0.63 -
ptg000126l:5167254-5167733   -            160 33413at33392         -            609     4e-18   65.3   0.1   1   1   4.3e-20   4.6e-18   65.1   0.1    95   253     9   150     1   156 0.48 -
ptg000074l:1921693-1922139   -            149 33413at33392         -            609   5.6e-18   64.9   0.4   1   1   5.8e-20   6.1e-18   64.7   0.4   123   254     2   149     1   149 0.83 -
ptg000003l:3923489-3923908   -            140 33413at33392         -            609   7.4e-18   64.4   1.4   1   1   7.5e-20     8e-18   64.3   1.4   147   272     1   136     1   140 0.89 -
ptg000244l:4899779-4900090   -            104 33413at33392         -            609   8.3e-18   64.3   0.2   1   1   8.8e-20   9.4e-18   64.1   0.2   114   207     1   104     1   104 0.74 -
ptg000108l:5980926-5981351   -            142 33413at33392         -            609   1.9e-17   63.1   1.2   1   1     2e-19   2.1e-17   62.9   1.2   153   270     6   135     1   141 0.81 -
ptg000061l:4624928-4625275   -            116 33413at33392         -            609   2.3e-17   62.8   0.2   1   1   3.1e-18   3.3e-16   59.0   0.1   144   240     1   106     1   108 0.66 -
ptg000216l:2564080-2564490   -            137 33413at33392         -            609   2.5e-17   62.7   1.0   1   1   2.6e-19   2.8e-17   62.6   1.0   161   270    11   130     1   136 0.83 -
ptg000155l:2164268-2164615   -            116 33413at33392         -            609   1.3e-16   60.3   0.2   1   1   1.4e-18   1.5e-16   60.2   0.2    84   191     1   115     1   116 0.86 -
ptg000003l:3906431-3906838   -            136 33413at33392         -            609   3.7e-16   58.8   0.2   1   1   4.1e-18   4.3e-16   58.6   0.2   117   232     1   131     1   133 0.79 -
ptg000061l:4416635-4416970   -            112 33413at33392         -            609   4.8e-16   58.5   0.1   1   1   7.4e-18   7.8e-16   57.8   0.1   124   212     8   103     1   111 0.79 -
ptg000155l:2161031-2161372   -            114 33413at33392         -            609   5.7e-16   58.2   0.1   1   1   5.9e-18   6.3e-16   58.1   0.1    54   156     2   113     1   114 0.86 -
ptg000279l:14020500-14020790 -             97 33413at33392         -            609   9.2e-16   57.5   0.1   1   1   9.5e-18     1e-15   57.4   0.1   123   207     6    97     2    97 0.88 -
ptg000122l:47608625-47609044 -            140 33413at33392         -            609   1.6e-15   56.8   0.2   1   1   1.6e-17   1.8e-15   56.6   0.2   123   242     4   135     2   140 0.82 -
ptg000061l:4455262-4455588   -            109 33413at33392         -            609   1.6e-15   56.7   0.2   1   1   5.9e-17   6.3e-15   54.8   0.2   140   234     4   107     1   109 0.78 -
ptg000279l:13957975-13958346 -            124 33413at33392         -            609   1.7e-15   56.6   0.1   1   1     2e-17   2.1e-15   56.4   0.1   113   204     6   104     1   123 0.66 -
ptg000061l:4617040-4617354   -            105 33413at33392         -            609   1.8e-15   56.6   0.1   1   1   1.8e-17   1.9e-15   56.5   0.1    95   192     2   105     1   105 0.88 -
ptg000126l:5161671-5162066   -            132 33413at33392         -            609   1.8e-15   56.6   0.1   1   1   1.9e-17     2e-15   56.4   0.1   124   236     4   129     1   132 0.85 -
ptg000099l:1860578-1875491   -            685 33413at33392         -            609   2.5e-15   56.1   2.1   1   4   1.2e-05    0.0013   17.4   0.0   148   203    79   135    65   143 0.86 -
ptg000099l:1860578-1875491   -            685 33413at33392         -            609   2.5e-15   56.1   2.1   2   4   9.6e-08     1e-05   24.4   0.2    79   212   164   317   160   333 0.63 -
ptg000099l:1860578-1875491   -            685 33413at33392         -            609   2.5e-15   56.1   2.1   3   4      0.69        73    1.7   0.0   153   203   336   391   330   404 0.81 -
ptg000099l:1860578-1875491   -            685 33413at33392         -            609   2.5e-15   56.1   2.1   4   4    0.0052      0.56    8.7   0.1    92   124   421   453   402   480 0.72 -
ptg000020l:256642-263554     -            116 33413at33392         -            609   3.6e-15   55.6   0.0   1   1   4.8e-17   5.1e-15   55.1   0.0    32   130     8   110     3   113 0.89 -
ptg000108l:6005640-6006113   -            158 33413at33392         -            609   7.2e-15   54.6   0.0   1   1   8.9e-17   9.5e-15   54.2   0.0    52   184     7   157     2   158 0.63 -
ptg000061l:4456450-4456752   -            101 33413at33392         -            609   1.3e-14   53.7   0.1   1   1   1.3e-16   1.4e-14   53.6   0.1   124   207    11   101     2   101 0.84 -
ptg000172l:6058081-6077025   -            628 33413at33392         -            609   1.3e-14   53.7   0.0   1   1   6.9e-16   7.3e-14   51.3   0.0    32   265    55   247    45   267 0.53 -
ptg000606l:221300-221722     -            141 33413at33392         -            609   1.4e-14   53.6   2.4   1   1   1.8e-16   1.9e-14   53.2   2.4    34   161     3   141     1   141 0.83 -
ptg000003l:3962640-3962963   -            108 33413at33392         -            609   1.9e-14   53.2   0.2   1   1   2.2e-16   2.4e-14   52.9   0.2   144   237     1   103     1   107 0.88 -
ptg000158l:6483653-6483931   -             93 33413at33392         -            609   2.9e-14   52.6   1.3   1   1     2e-15   2.1e-13   49.7   1.3   142   213     4    79     1    93 0.82 -
ptg000074l:1752114-1752539   -            142 33413at33392         -            609   3.1e-14   52.5   0.2   1   2   5.9e-16   6.3e-14   51.5   0.1   116   201     6    99     2   112 0.81 -
ptg000074l:1752114-1752539   -            142 33413at33392         -            609   3.1e-14   52.5   0.2   2   2       7.3   7.8e+02   -1.7   0.0    54    70   107   123   100   132 0.77 -
ptg000159l:5172596-5172859   -             88 33413at33392         -            609     4e-14   52.1   0.3   1   1   4.1e-16   4.3e-14   52.0   0.3    81   160     2    87     1    88 0.90 -
ptg000061l:4641282-4641611   -            110 33413at33392         -            609   6.3e-14   51.5   0.1   1   1   2.9e-15   3.1e-13   49.2   0.1   167   257     3   103     1   109 0.52 -
ptg000467l:1168839-1169144   -            102 33413at33392         -            609   1.7e-13   50.1   0.0   1   1   1.9e-15     2e-13   49.8   0.0   115   200     5    98     3   102 0.84 -
ptg000741l:413487-415584     -            187 33413at33392         -            609   4.4e-13   48.7   0.4   1   1     9e-15   9.6e-13   47.6   0.4    56   182    34   172    20   183 0.57 -
ptg000010l:2300230-2311901   -            449 33413at33392         -            609   4.6e-13   48.6   0.0   1   1   5.8e-15   6.2e-13   48.2   0.0   140   257    34   162    14   190 0.80 -
ptg000289l:293978-294349     -            124 33413at33392         -            609   5.4e-13   48.4   0.1   1   1   5.5e-15   5.9e-13   48.3   0.1    24   127     2   112     1   124 0.81 -
ptg000003l:1504701-1505123   -            141 33413at33392         -            609   5.7e-13   48.3   0.4   1   1   7.5e-15     8e-13   47.8   0.4    87   213     1   131     1   140 0.86 -
ptg000289l:386382-386642     -             87 33413at33392         -            609     1e-12   47.5   0.2   1   1     1e-14   1.1e-12   47.4   0.2    81   160     2    87     1    87 0.88 -
ptg000035l:1257782-1258339   -            186 33413at33392         -            609     2e-12   46.5   0.2   1   1   2.3e-14   2.5e-12   46.2   0.2    81   199    49   172    26   186 0.57 -
ptg000024l:31998947-32104276 -           2461 33413at33392         -            609   2.2e-12   46.4   6.0   1   2     2e-13   2.2e-11   43.1   0.5    23   192     2   191     1   201 0.76 -
ptg000024l:31998947-32104276 -           2461 33413at33392         -            609   2.2e-12   46.4   6.0   2   2     0.087       9.3    4.7   0.7    76   198   318   426   303   473 0.70 -
ptg000074l:1752579-1752998   -            140 33413at33392         -            609   4.6e-12   45.3   0.0   1   1   4.9e-14   5.3e-12   45.1   0.0    87   207     3   130     1   139 0.82 -
ptg000159l:5132596-5132955   -            120 33413at33392         -            609   4.8e-12   45.2   0.1   1   1   5.5e-14   5.9e-12   45.0   0.1   114   211     9   116     2   120 0.80 -
ptg000026l:2143571-2143888   -            106 33413at33392         -            609   5.2e-12   45.1   0.0   1   1   6.6e-14     7e-12   44.7   0.0   142   238     1   104     1   106 0.59 -
ptg000302l:324145-324462     -            106 33413at33392         -            609   5.2e-12   45.1   0.0   1   1   6.6e-14     7e-12   44.7   0.0   142   238     1   104     1   106 0.59 -
ptg000003l:1583564-1583878   -            105 33413at33392         -            609   7.1e-12   44.7   0.2   1   2   3.8e-09   4.1e-07   29.0   0.0   214   268     3    59     1    63 0.84 -
ptg000003l:1583564-1583878   -            105 33413at33392         -            609   7.1e-12   44.7   0.2   2   2   2.4e-06   0.00026   19.7   0.0   215   264    37    88    36   105 0.50 -
ptg000159l:226060-226356     -             99 33413at33392         -            609   7.5e-12   44.6   0.2   1   1   3.6e-07   3.8e-05   22.5   0.0    36    79     6    50     2    55 0.85 -
ptg000158l:6494076-6494393   -            106 33413at33392         -            609   7.6e-12   44.6   0.2   1   1   1.6e-13   1.7e-11   43.4   0.2    82   165     4    93     1   101 0.50 -
ptg000074l:1909883-1910281   -            133 33413at33392         -            609   1.1e-10   40.7   0.0   1   1   1.4e-12   1.5e-10   40.3   0.0    45   161     5   133     1   133 0.69 -
ptg000270l:270347-270643     -             99 33413at33392         -            609   1.3e-10   40.5   0.0   1   1   1.7e-12   1.8e-10   40.1   0.0   135   217     3    91     1    99 0.74 -
ptg000289l:379614-379994     -            127 33413at33392         -            609   1.5e-10   40.3   0.1   1   1     2e-12   2.1e-10   39.8   0.1   113   201    19   119     4   126 0.80 -
ptg000159l:5217463-5217843   -            127 33413at33392         -            609   1.7e-10   40.2   0.1   1   1   2.4e-12   2.5e-10   39.6   0.1   113   201    19   119     3   126 0.80 -
ptg000061l:5569073-5569294   -             74 33413at33392         -            609   1.9e-10   39.9   0.3   1   1   1.9e-12   2.1e-10   39.9   0.3   123   182     7    70     2    74 0.78 -
ptg000061l:4626017-4626391   -            125 33413at33392         -            609   2.7e-10   39.5   0.0   1   2   7.2e-10   7.7e-08   31.4   0.0   119   197     4    90     1    97 0.81 -
ptg000061l:4626017-4626391   -            125 33413at33392         -            609   2.7e-10   39.5   0.0   2   2     0.021       2.2    6.7   0.0   165   191    98   124    91   125 0.58 -
ptg000159l:5165133-5165570   -            146 33413at33392         -            609   3.1e-10   39.3   0.1   1   1   3.8e-12     4e-10   38.9   0.1    51   159    17   139     5   146 0.55 -
ptg000159l:5138831-5139076   -             82 33413at33392         -            609   3.5e-10   39.1   0.1   1   1   3.5e-12   3.8e-10   39.0   0.1   140   203    12    76     4    82 0.86 -
ptg000289l:302102-302347     -             82 33413at33392         -            609   3.9e-10   38.9   0.2   1   1     4e-12   4.3e-10   38.8   0.2   140   202    12    75     5    82 0.87 -
ptg000289l:328277-328717     -            147 33413at33392         -            609   1.2e-09   37.3   0.0   1   1   1.6e-11   1.7e-09   36.8   0.0    81   188    18   137     4   146 0.59 -
ptg000061l:6746268-6746597   -            110 33413at33392         -            609   4.8e-09   35.4   0.0   1   1   2.9e-10     3e-08   32.7   0.0   141   240     2   100     1   108 0.79 -
ptg000311l:14985374-14985673 -            100 33413at33392         -            609   4.9e-09   35.3   0.0   1   1   4.8e-11   5.2e-09   35.2   0.0    21    89     1    73     1    90 0.82 -
ptg000008l:8664767-8676502   -            370 33413at33392         -            609   1.6e-08   33.6   0.7   1   1   2.1e-10   2.2e-08   33.2   0.7    87   185    16   123     6   142 0.50 -
ptg000289l:326075-326410     -            112 33413at33392         -            609   1.7e-08   33.5   0.2   1   1   1.8e-10   1.9e-08   33.4   0.2    64   160     4   111     1   112 0.84 -
ptg000024l:38913059-38913250 -             64 33413at33392         -            609   3.6e-08   32.5   0.0   1   1   3.8e-10   4.1e-08   32.3   0.0   143   200     4    62     1    64 0.87 -
ptg000234l:1039287-1039607   -            107 33413at33392         -            609     4e-08   32.3   0.0   1   1   4.2e-10   4.5e-08   32.1   0.0    52   132     3    89     1   101 0.84 -
ptg000233l:389160-389462     -            101 33413at33392         -            609   4.1e-08   32.3   0.2   1   1   4.1e-10   4.4e-08   32.2   0.2   109   192     9    99     1   101 0.78 -
ptg000420l:400646-400948     -            101 33413at33392         -            609   4.1e-08   32.3   0.2   1   1   4.1e-10   4.4e-08   32.2   0.2   109   192     9    99     1   101 0.78 -
ptg000582l:369749-370006     -             86 33413at33392         -            609   4.3e-08   32.2   0.0   1   1   4.3e-10   4.6e-08   32.1   0.0   176   242     3    77     1    86 0.78 -
ptg000793l:100658-100915     -             86 33413at33392         -            609   4.3e-08   32.2   0.0   1   1   4.3e-10   4.6e-08   32.1   0.0   176   242     3    77     1    86 0.78 -
ptg000159l:5207053-5207385   -            111 33413at33392         -            609   5.7e-08   31.8   0.3   1   1     6e-10   6.4e-08   31.6   0.3    64   159     4   110     1   111 0.80 -
ptg000159l:5161344-5161673   -            110 33413at33392         -            609   8.4e-08   31.2   0.2   1   1   9.4e-10     1e-07   31.0   0.2    64   158     4   109     1   110 0.82 -
ptg000159l:5127138-5127437   -            100 33413at33392         -            609   1.5e-07   30.4   0.1   1   1   1.6e-09   1.7e-07   30.2   0.1   124   195     4    79     2    99 0.83 -
ptg000039l:3648201-3648380   -             60 33413at33392         -            609   2.9e-07   29.5   0.0   1   1     3e-09   3.2e-07   29.3   0.0   136   184     5    56     3    60 0.78 -
ptg000020l:258066-258221     -             52 33413at33392         -            609     5e-07   28.7   0.1   1   1   4.8e-09   5.1e-07   28.6   0.1   148   196     2    51     1    52 0.66 -
ptg000112l:2479314-2479598   -             95 33413at33392         -            609   5.1e-07   28.6   0.0   1   1   5.5e-09   5.9e-07   28.4   0.0    50   120     8    79     2    86 0.74 -
ptg000582l:364190-364381     -             64 33413at33392         -            609   1.3e-06   27.4   0.0   1   1   1.3e-08   1.4e-06   27.2   0.0   143   197     4    59     1    64 0.34 -
ptg000793l:95093-95278       -             62 33413at33392         -            609   1.7e-06   26.9   0.0   1   1   1.7e-08   1.9e-06   26.8   0.0   143   196     4    58     1    62 0.39 -
ptg000160l:4157242-4157562   -            107 33413at33392         -            609   2.8e-06   26.2   0.1   1   1   2.9e-08   3.1e-06   26.1   0.1    85   165     1    83     1    96 0.66 -
ptg000628l:309612-527391     -            996 33413at33392         -            609   4.5e-06   25.5   0.4   1   2       4.2   4.4e+02   -0.9   0.0   170   202   585   620   566   626 0.67 -
ptg000628l:309612-527391     -            996 33413at33392         -            609   4.5e-06   25.5   0.4   2   2   1.6e-07   1.7e-05   23.6   0.1   141   184   634   678   629   695 0.81 -
ptg000035l:15866382-16085401 -           1007 33413at33392         -            609   4.6e-06   25.5   0.4   1   2       4.2   4.5e+02   -0.9   0.0   170   202   588   623   569   629 0.67 -
ptg000035l:15866382-16085401 -           1007 33413at33392         -            609   4.6e-06   25.5   0.4   2   2   1.7e-07   1.8e-05   23.6   0.1   141   184   637   681   632   698 0.81 -
ptg000126l:5149515-5149658   -             48 33413at33392         -            609   1.4e-05   23.9   0.0   1   1   1.3e-07   1.4e-05   23.9   0.0   144   190     1    47     1    48 0.94 -
ptg000289l:370671-370970     -            100 33413at33392         -            609   1.4e-05   23.9   0.3   1   1   1.5e-07   1.6e-05   23.7   0.3   124   209     4    98     2   100 0.75 -
ptg000093l:4150128-4320402   -           1279 33413at33392         -            609     2e-05   23.4   3.4   1   2     0.046         5    5.6   0.1   116   201   720   806   692   812 0.79 -
ptg000093l:4150128-4320402   -           1279 33413at33392         -            609     2e-05   23.4   3.4   2   2   7.8e-06   0.00083   18.0   0.8    45   173   819   959   813   981 0.79 -
ptg000061l:1292702-1292974   -             91 33413at33392         -            609   4.1e-05   22.4   0.0   1   1   4.4e-07   4.7e-05   22.2   0.0   139   200    26    90    20    91 0.86 -
ptg000709l:3897-138335       -           1031 33413at33392         -            609   4.2e-05   22.3   3.1   1   2     0.046       4.9    5.6   0.1   116   201   464   550   436   556 0.79 -
ptg000709l:3897-138335       -           1031 33413at33392         -            609   4.2e-05   22.3   3.1   2   2   1.9e-05     0.002   16.8   0.7    45   175   563   705   557   728 0.78 -
ptg000155l:2164969-2165262   -             98 33413at33392         -            609   5.1e-05   22.1   0.1   1   1   4.7e-07   5.1e-05   22.1   0.1    50   104    41    98     3    98 0.59 -
ptg000233l:297528-305397     -            303 33413at33392         -            609   7.6e-05   21.5   0.0   1   1     1e-06   0.00011   21.0   0.0    61   182   220   282   193   298 0.55 -
ptg000385l:1167138-1167458   -            107 33413at33392         -            609   0.00011   21.0   0.0   1   2    0.0081      0.87    8.1   0.0   214   240     2    28     1    35 0.73 -
ptg000385l:1167138-1167458   -            107 33413at33392         -            609   0.00011   21.0   0.0   2   2   0.00071     0.075   11.6   0.0   214   263    53   105    30   107 0.63 -
ptg000012l:9173550-9173687   -             46 33413at33392         -            609   0.00011   20.9   0.0   1   1   1.1e-06   0.00011   20.9   0.0   203   239     2    43     1    46 0.79 -
ptg000529l:128859-128996     -             46 33413at33392         -            609   0.00011   20.9   0.0   1   1   1.1e-06   0.00011   20.9   0.0   203   239     2    43     1    46 0.79 -
ptg000080l:23402305-23402457 -             51 33413at33392         -            609   0.00015   20.5   0.1   1   1   1.4e-06   0.00015   20.5   0.1   141   187     3    50     1    51 0.77 -
ptg000420l:309154-315645     -            283 33413at33392         -            609   0.00016   20.4   0.0   1   1     2e-06   0.00021   20.0   0.0    65   180   224   280   191   283 0.57 -
ptg000240l:2672423-2704589   -            658 33413at33392         -            609   0.00018   20.2   0.0   1   1   2.8e-06    0.0003   19.5   0.0   136   209   129   207    24   234 0.58 -
ptg000149l:8104876-8105064   -             63 33413at33392         -            609    0.0016   17.2   0.0   1   1   1.7e-05    0.0018   16.9   0.0   139   190    10    62     2    63 0.45 -
ptg000385l:1167857-1168009   -             51 33413at33392         -            609    0.0017   17.0   0.1   1   1   1.7e-05    0.0018   16.9   0.1   125   164     8    51     3    51 0.71 -
ptg000080l:9623766-9633941   -            553 33413at33392         -            609     0.002   16.8   0.0   1   1   2.7e-05    0.0028   16.3   0.0   140   191   477   530   463   541 0.86 -
ptg000080l:23402704-23402982 -             93 33413at33392         -            609    0.0026   16.4   0.1   1   1   2.5e-05    0.0027   16.3   0.1   128   185     2    62     1    88 0.67 -
ptg000122l:24587003-24685330 -           1353 33413at33392         -            609    0.0046   15.6   0.0   1   1   8.2e-05    0.0087   14.7   0.0   206   268   824   889   802   908 0.63 -
ptg000155l:551477-551611     -             45 33413at33392         -            609     0.017   13.7   0.0   1   1   0.00016     0.017   13.7   0.0   141   164    19    42     2    45 0.55 -
#
# Program:         hmmsearch
# Version:         3.2.1 (June 2018)
# Pipeline mode:   SEARCH
# Query file:      /home/tpsylvst/projects/diaprepes_assembly/busco/busco_downloads/lineages/endopterygota_odb10/hmms/33413at33392.hmm
# Target file:     /home/tpsylvst/projects/diaprepes_assembly/busco/diaprepes_busco/run_endopterygota_odb10/metaeuk_output/initial_results/diaprepes.fa.modified.fas
# Option settings: hmmsearch --domtblout /home/tpsylvst/projects/diaprepes_assembly/busco/diaprepes_busco/run_endopterygota_odb10/hmmer_output/initial_run_results/33413at33392.out --cpu 1 /home/tpsylvst/projects/diaprepes_assembly/busco/busco_downloads/lineages/endopterygota_odb10/hmms/33413at33392.hmm /home/tpsylvst/projects/diaprepes_assembly/busco/diaprepes_busco/run_endopterygota_odb10/metaeuk_output/initial_results/diaprepes.fa.modified.fas 
# Current dir:     /home/tpsylvst/projects/diaprepes_assembly/busco
# Date:            Mon Nov 28 14:23:02 2022
# [ok]
