#                                                                                    --- full sequence --- -------------- this domain -------------   hmm coord   ali coord   env coord
# target name                accession   tlen query name           accession   qlen   E-value  score  bias   #  of  c-Evalue  i-Evalue  score  bias  from    to  from    to  from    to  acc description of target
#        ------------------- ---------- ----- -------------------- ---------- ----- --------- ------ ----- --- --- --------- --------- ------ ----- ----- ----- ----- ----- ----- ----- ---- ---------------------
ptg000174l:3845990-3871090   -            693 33907at33392         -            513  4.7e-251  834.0  26.6   1   4   6.9e-74   1.7e-71  241.5   1.8     1   140    36   189    36   203 0.90 -
ptg000174l:3845990-3871090   -            693 33907at33392         -            513  4.7e-251  834.0  26.6   2   4   8.5e-10   2.1e-07   30.1   3.5   136   174   219   257   200   268 0.83 -
ptg000174l:3845990-3871090   -            693 33907at33392         -            513  4.7e-251  834.0  26.6   3   4    0.0029      0.73    8.5   0.6   163   194   270   301   261   309 0.84 -
ptg000174l:3845990-3871090   -            693 33907at33392         -            513  4.7e-251  834.0  26.6   4   4    5e-173  1.3e-170  568.6   1.0   190   513   330   693   325   693 0.89 -
ptg000107l:568379-571354     -            467 33907at33392         -            513   3.2e-23   82.3   0.9   1   5   9.9e-07   0.00025   19.9   0.0   429   506    90   163    79   165 0.85 -
ptg000107l:568379-571354     -            467 33907at33392         -            513   3.2e-23   82.3   0.9   2   5   0.00025     0.064   12.0   0.0   413   480   158   231   145   236 0.76 -
ptg000107l:568379-571354     -            467 33907at33392         -            513   3.2e-23   82.3   0.9   3   5     0.023       5.8    5.6   0.0   408   450   242   284   228   319 0.86 -
ptg000107l:568379-571354     -            467 33907at33392         -            513   3.2e-23   82.3   0.9   4   5       1.2   2.9e+02   -0.1   0.0   244   264   325   345   291   352 0.74 -
ptg000107l:568379-571354     -            467 33907at33392         -            513   3.2e-23   82.3   0.9   5   5   5.5e-13   1.4e-10   40.6   0.0   397   480   357   440   339   467 0.82 -
ptg000072l:663502-697163     -            787 33907at33392         -            513   3.5e-23   82.2   4.7   1   5     0.081        21    3.7   0.0   284   313    93   123    66   128 0.70 -
ptg000072l:663502-697163     -            787 33907at33392         -            513   3.5e-23   82.2   4.7   2   5   1.4e-07   3.6e-05   22.7   0.0   399   481   137   219   130   258 0.79 -
ptg000072l:663502-697163     -            787 33907at33392         -            513   3.5e-23   82.2   4.7   3   5     0.046        12    4.6   0.2   412   467   339   394   241   398 0.71 -
ptg000072l:663502-697163     -            787 33907at33392         -            513   3.5e-23   82.2   4.7   4   5   1.3e-14   3.4e-12   45.9   0.1   340   512   417   585   399   586 0.90 -
ptg000072l:663502-697163     -            787 33907at33392         -            513   3.5e-23   82.2   4.7   5   5         1   2.7e+02    0.1   0.0   224   261   591   628   587   642 0.75 -
ptg000250l:1861398-1892629   -            787 33907at33392         -            513   4.7e-23   81.8   4.9   1   6     0.098        25    3.5   0.0   285   313    94   123    85   131 0.76 -
ptg000250l:1861398-1892629   -            787 33907at33392         -            513   4.7e-23   81.8   4.9   2   6   1.4e-07   3.6e-05   22.7   0.0   399   480   137   218   130   258 0.80 -
ptg000250l:1861398-1892629   -            787 33907at33392         -            513   4.7e-23   81.8   4.9   3   6     0.026       6.5    5.4   0.2   368   468   295   395   267   398 0.77 -
ptg000250l:1861398-1892629   -            787 33907at33392         -            513   4.7e-23   81.8   4.9   4   6    0.0022      0.56    8.9   0.0   230   267   399   437   397   443 0.82 -
ptg000250l:1861398-1892629   -            787 33907at33392         -            513   4.7e-23   81.8   4.9   5   6   6.7e-14   1.7e-11   43.6   0.1   340   512   417   585   413   586 0.86 -
ptg000250l:1861398-1892629   -            787 33907at33392         -            513   4.7e-23   81.8   4.9   6   6         1   2.7e+02    0.1   0.0   224   261   591   628   587   642 0.75 -
ptg000050l:3603959-3604570   -            204 33907at33392         -            513   2.3e-20   72.8   1.3   1   2   4.9e-14   1.3e-11   44.0   0.0   410   506    19   111     3   111 0.90 -
ptg000050l:3603959-3604570   -            204 33907at33392         -            513   2.3e-20   72.8   1.3   2   2   3.5e-11   8.9e-09   34.6   0.3   399   478    92   171    89   201 0.92 -
ptg000025l:10283065-10284054 -            330 33907at33392         -            513   1.6e-19   70.1   2.6   1   3   3.9e-06   0.00098   18.0   0.0   228   310     3    81     1    82 0.84 -
ptg000025l:10283065-10284054 -            330 33907at33392         -            513   1.6e-19   70.1   2.6   2   3   1.3e-09   3.3e-07   29.4   0.1   407   480    64   137    62   153 0.91 -
ptg000025l:10283065-10284054 -            330 33907at33392         -            513   1.6e-19   70.1   2.6   3   3   5.4e-08   1.4e-05   24.1   0.8   405   504   186   281   166   288 0.82 -
ptg000165l:6621938-6623854   -            639 33907at33392         -            513     3e-18   65.9   4.7   1   4   1.3e-08   3.4e-06   26.1   0.6   374   507     8   132     4   138 0.86 -
ptg000165l:6621938-6623854   -            639 33907at33392         -            513     3e-18   65.9   4.7   2   4      0.02       5.1    5.7   0.0   227   263   104   140    99   152 0.81 -
ptg000165l:6621938-6623854   -            639 33907at33392         -            513     3e-18   65.9   4.7   3   4   2.8e-12   7.2e-10   38.2   0.0   392   481   156   245   149   269 0.91 -
ptg000165l:6621938-6623854   -            639 33907at33392         -            513     3e-18   65.9   4.7   4   4       1.2   3.1e+02   -0.2   0.1   291   315   294   319   283   326 0.72 -
ptg000295l:115334-115933     -            200 33907at33392         -            513     5e-18   65.2   0.3   1   3   3.1e-09   7.8e-07   28.2   0.0   403   470     8    75     2    80 0.88 -
ptg000295l:115334-115933     -            200 33907at33392         -            513     5e-18   65.2   0.3   2   3   2.3e-08   5.9e-06   25.3   0.1   429   503    76   146    74   147 0.91 -
ptg000295l:115334-115933     -            200 33907at33392         -            513     5e-18   65.2   0.3   3   3    0.0001     0.027   13.3   0.0   403   468   134   199   132   200 0.80 -
ptg000062l:10796551-10808865 -            176 33907at33392         -            513   1.3e-17   63.7   0.8   1   3     0.026       6.6    5.4   0.0   228   263     4    39     1    49 0.84 -
ptg000062l:10796551-10808865 -            176 33907at33392         -            513   1.3e-17   63.7   0.8   2   3   1.4e-06   0.00035   19.5   0.2   441   484    44    87    38    90 0.91 -
ptg000062l:10796551-10808865 -            176 33907at33392         -            513   1.3e-17   63.7   0.8   3   3   7.4e-12   1.9e-09   36.9   0.0   407   469   102   165    99   173 0.89 -
ptg000985l:208800-278179     -            182 33907at33392         -            513   1.3e-15   57.2   0.1   1   3   3.8e-10   9.6e-08   31.2   0.0   413   481     1    69     1    93 0.92 -
ptg000985l:208800-278179     -            182 33907at33392         -            513   1.3e-15   57.2   0.1   2   3    0.0018      0.47    9.2   0.0   441   482    92   133    64   142 0.79 -
ptg000985l:208800-278179     -            182 33907at33392         -            513   1.3e-15   57.2   0.1   3   3   1.1e-07   2.8e-05   23.1   0.0   407   483   100   179    91   182 0.85 -
ptg000061l:16482016-16485883 -            644 33907at33392         -            513   3.2e-15   55.9   0.1   1   4   4.9e-07   0.00013   20.9   0.0   435   477   302   344   294   349 0.88 -
ptg000061l:16482016-16485883 -            644 33907at33392         -            513   3.2e-15   55.9   0.1   2   4   8.5e-05     0.021   13.6   0.0   400   471   479   549   471   554 0.90 -
ptg000061l:16482016-16485883 -            644 33907at33392         -            513   3.2e-15   55.9   0.1   3   4    0.0093       2.4    6.8   0.0   227   257   554   584   548   589 0.90 -
ptg000061l:16482016-16485883 -            644 33907at33392         -            513   3.2e-15   55.9   0.1   4   4    0.0016      0.41    9.4   0.0   485   512   615   642   604   643 0.86 -
ptg000122l:27110314-27116978 -            497 33907at33392         -            513   5.2e-15   55.2   1.2   1   3   1.3e-09   3.3e-07   29.5   0.1   384   462   240   322   234   331 0.90 -
ptg000122l:27110314-27116978 -            497 33907at33392         -            513   5.2e-15   55.2   1.2   2   3   1.2e-07     3e-05   23.0   0.0   405   506   350   448   325   455 0.83 -
ptg000122l:27110314-27116978 -            497 33907at33392         -            513   5.2e-15   55.2   1.2   3   3       3.1   7.8e+02   -1.5   0.0   220   262   454   496   449   497 0.80 -
ptg000024l:27861126-27886824 -            495 33907at33392         -            513   6.7e-15   54.8   1.0   1   3      0.34        87    1.7   0.0   225   247   237   259   233   266 0.88 -
ptg000024l:27861126-27886824 -            495 33907at33392         -            513   6.7e-15   54.8   1.0   2   3   2.4e-12     6e-10   38.5   0.3   341   510   268   448   260   451 0.78 -
ptg000024l:27861126-27886824 -            495 33907at33392         -            513   6.7e-15   54.8   1.0   3   3    0.0014      0.35    9.6   0.1   209   261   441   493   423   495 0.86 -
ptg000062l:29760089-29765008 -            430 33907at33392         -            513   2.6e-14   52.9   1.5   1   5       0.6   1.5e+02    0.9   0.0   229   278   107   154    84   167 0.77 -
ptg000062l:29760089-29765008 -            430 33907at33392         -            513   2.6e-14   52.9   1.5   2   5   1.6e-08     4e-06   25.9   0.0   227   285   167   225   151   229 0.91 -
ptg000062l:29760089-29765008 -            430 33907at33392         -            513   2.6e-14   52.9   1.5   3   5   6.2e-05     0.016   14.0   0.2   406   511   225   331   222   332 0.81 -
ptg000062l:29760089-29765008 -            430 33907at33392         -            513   2.6e-14   52.9   1.5   4   5   8.9e-05     0.023   13.5   0.1   417   476   281   342   278   367 0.87 -
ptg000062l:29760089-29765008 -            430 33907at33392         -            513   2.6e-14   52.9   1.5   5   5     0.023       5.9    5.5   0.0   222   261   379   424   345   429 0.69 -
ptg000062l:43949896-44114443 -            786 33907at33392         -            513   3.9e-14   52.3   0.6   1   4     0.087        22    3.6   0.0   282   314     3    39     2    45 0.56 -
ptg000062l:43949896-44114443 -            786 33907at33392         -            513   3.9e-14   52.3   0.6   2   4   3.9e-09   9.9e-07   27.9   0.0   412   512    65   161    51   162 0.89 -
ptg000062l:43949896-44114443 -            786 33907at33392         -            513   3.9e-14   52.3   0.6   3   4   1.5e-07   3.9e-05   22.6   0.0   411   472   148   209   136   221 0.88 -
ptg000062l:43949896-44114443 -            786 33907at33392         -            513   3.9e-14   52.3   0.6   4   4   1.9e-05    0.0047   15.8   0.0   423   472   160   209   159   246 0.76 -
ptg000465l:244226-251306     -            889 33907at33392         -            513   4.1e-13   49.0   2.0   1   4    0.0051       1.3    7.7   0.1   430   489    91   148    74   171 0.82 -
ptg000465l:244226-251306     -            889 33907at33392         -            513   4.1e-13   49.0   2.0   2   4   0.00042      0.11   11.3   0.0   228   261   266   299   255   308 0.89 -
ptg000465l:244226-251306     -            889 33907at33392         -            513   4.1e-13   49.0   2.0   3   4   4.3e-05     0.011   14.5   0.0   229   294   479   545   463   549 0.82 -
ptg000465l:244226-251306     -            889 33907at33392         -            513   4.1e-13   49.0   2.0   4   4   4.9e-06    0.0012   17.7   0.1   395   471   524   600   523   635 0.90 -
ptg000058l:657538-657864     -            109 33907at33392         -            513   7.1e-13   48.2   4.4   1   2   8.2e-11   2.1e-08   33.4   0.3   418   483     2    67     1    69 0.97 -
ptg000058l:657538-657864     -            109 33907at33392         -            513   7.1e-13   48.2   4.4   2   2   1.9e-07   4.8e-05   22.3   0.5   424   470    50    96    49   104 0.94 -
ptg000234l:887257-890180     -            321 33907at33392         -            513   3.9e-12   45.7   6.1   1   6    0.0039      0.98    8.1   0.1   439   470    63    94    49   100 0.82 -
ptg000234l:887257-890180     -            321 33907at33392         -            513   3.9e-12   45.7   6.1   2   6    0.0025      0.63    8.7   0.0   229   262   101   134    93   142 0.82 -
ptg000234l:887257-890180     -            321 33907at33392         -            513   3.9e-12   45.7   6.1   3   6     0.004         1    8.0   0.0   225   264   138   181   134   190 0.84 -
ptg000234l:887257-890180     -            321 33907at33392         -            513   3.9e-12   45.7   6.1   4   6   3.5e-06   0.00089   18.1   0.1   408   470   161   223   150   230 0.91 -
ptg000234l:887257-890180     -            321 33907at33392         -            513   3.9e-12   45.7   6.1   5   6     8e-06     0.002   17.0   0.0   401   477   196   270   194   276 0.89 -
ptg000234l:887257-890180     -            321 33907at33392         -            513   3.9e-12   45.7   6.1   6   6       1.4   3.5e+02   -0.3   0.0   444   468   292   316   285   320 0.65 -
ptg000044l:1353461-1366873   -            484 33907at33392         -            513     4e-12   45.7   6.0   1   3   0.00011     0.028   13.2   0.0   404   467   160   223   106   228 0.87 -
ptg000044l:1353461-1366873   -            484 33907at33392         -            513     4e-12   45.7   6.0   2   3   3.5e-09     9e-07   28.0   0.8   383   470   300   391   288   394 0.82 -
ptg000044l:1353461-1366873   -            484 33907at33392         -            513     4e-12   45.7   6.0   3   3     0.024         6    5.5   0.1   393   432   398   436   392   479 0.83 -
ptg000096l:2923997-2930953   -            888 33907at33392         -            513   3.6e-11   42.5   0.8   1   4     0.005       1.3    7.7   0.1   430   489    91   148    74   175 0.82 -
ptg000096l:2923997-2930953   -            888 33907at33392         -            513   3.6e-11   42.5   0.8   2   4   8.5e-05     0.022   13.6   0.0   414   511   245   343   209   347 0.74 -
ptg000096l:2923997-2930953   -            888 33907at33392         -            513   3.6e-11   42.5   0.8   3   4     8e-05      0.02   13.7   0.0   229   294   478   544   461   549 0.81 -
ptg000096l:2923997-2930953   -            888 33907at33392         -            513   3.6e-11   42.5   0.8   4   4   0.00046      0.12   11.1   0.0   394   471   522   599   515   634 0.90 -
ptg000270l:1108589-1115012   -            576 33907at33392         -            513   5.8e-11   41.9   1.2   1   3    0.0002     0.052   12.3   0.1   432   504   278   348   274   351 0.73 -
ptg000270l:1108589-1115012   -            576 33907at33392         -            513   5.8e-11   41.9   1.2   2   3   4.7e-08   1.2e-05   24.3   0.0   382   469   352   445   346   456 0.80 -
ptg000270l:1108589-1115012   -            576 33907at33392         -            513   5.8e-11   41.9   1.2   3   3      0.17        42    2.7   0.1   434   510   502   573   487   576 0.68 -
ptg000083l:5654212-5657144   -            501 33907at33392         -            513   6.8e-11   41.6   1.9   1   2   0.00016      0.04   12.7   0.0   222   314   197   286   181   293 0.79 -
ptg000083l:5654212-5657144   -            501 33907at33392         -            513   6.8e-11   41.6   1.9   2   2   8.1e-08   2.1e-05   23.5   1.2   284   467   296   500   295   501 0.67 -
ptg000177l:3005450-3019675   -            593 33907at33392         -            513   1.3e-10   40.7   0.0   1   3   2.5e-05    0.0063   15.3   0.0   398   477   181   262   173   274 0.90 -
ptg000177l:3005450-3019675   -            593 33907at33392         -            513   1.3e-10   40.7   0.0   2   3   4.7e-05     0.012   14.4   0.0   277   467   301   502   292   512 0.77 -
ptg000177l:3005450-3019675   -            593 33907at33392         -            513   1.3e-10   40.7   0.0   3   3     0.016       4.1    6.1   0.6   285   354   517   589   513   592 0.73 -
ptg000034l:1830036-1844023   -            593 33907at33392         -            513   1.3e-10   40.7   0.0   1   3   2.5e-05    0.0063   15.3   0.0   398   477   181   262   173   274 0.90 -
ptg000034l:1830036-1844023   -            593 33907at33392         -            513   1.3e-10   40.7   0.0   2   3   4.7e-05     0.012   14.4   0.0   277   467   301   502   292   512 0.77 -
ptg000034l:1830036-1844023   -            593 33907at33392         -            513   1.3e-10   40.7   0.0   3   3     0.016       4.1    6.1   0.6   285   354   517   589   513   592 0.73 -
ptg000026l:638777-640713     -            338 33907at33392         -            513   2.7e-10   39.6   2.7   1   4      0.01       2.6    6.7   0.0   400   467    17    88     4    90 0.78 -
ptg000026l:638777-640713     -            338 33907at33392         -            513   2.7e-10   39.6   2.7   2   4     1e-07   2.7e-05   23.2   0.3   398   512    61   176    57   177 0.84 -
ptg000026l:638777-640713     -            338 33907at33392         -            513   2.7e-10   39.6   2.7   3   4   3.9e-06     0.001   18.0   0.2   397   512   149   282   138   283 0.75 -
ptg000026l:638777-640713     -            338 33907at33392         -            513   2.7e-10   39.6   2.7   4   4   0.00051      0.13   11.0   0.1   328   468   190   336   179   338 0.71 -
ptg000314l:1168299-1170253   -            336 33907at33392         -            513   5.7e-10   38.6   3.3   1   3    0.0053       1.3    7.6   0.0   400   467    17    88     4    92 0.75 -
ptg000314l:1168299-1170253   -            336 33907at33392         -            513   5.7e-10   38.6   3.3   2   3     1e-07   2.6e-05   23.2   0.4   398   512    61   176    52   177 0.84 -
ptg000314l:1168299-1170253   -            336 33907at33392         -            513   5.7e-10   38.6   3.3   3   3    0.0029      0.73    8.5   0.1   328   468   190   334   185   336 0.62 -
ptg000232l:5962649-5964866   -            317 33907at33392         -            513   9.8e-10   37.8   0.2   1   3   2.5e-08   6.3e-06   25.2   0.2   347   473     7   143     4   150 0.79 -
ptg000232l:5962649-5964866   -            317 33907at33392         -            513   9.8e-10   37.8   0.2   2   3       4.7   1.2e+03   -2.1   0.0   438   468   148   178   144   180 0.85 -
ptg000232l:5962649-5964866   -            317 33907at33392         -            513   9.8e-10   37.8   0.2   3   3    0.0012      0.32    9.7   0.0   419   475   218   280   209   306 0.82 -
ptg000553l:1402168-1402497   -            110 33907at33392         -            513   5.8e-09   35.2   0.0   1   2   7.2e-05     0.018   13.8   0.0   453   478     3    28     1    33 0.89 -
ptg000553l:1402168-1402497   -            110 33907at33392         -            513   5.8e-09   35.2   0.0   2   2   9.5e-07   0.00024   20.0   0.0   400   467    41   108    30   110 0.89 -
ptg000610l:426391-426720     -            110 33907at33392         -            513   5.8e-09   35.2   0.0   1   2   7.2e-05     0.018   13.8   0.0   453   478     3    28     1    33 0.89 -
ptg000610l:426391-426720     -            110 33907at33392         -            513   5.8e-09   35.2   0.0   2   2   9.5e-07   0.00024   20.0   0.0   400   467    41   108    30   110 0.89 -
ptg000020l:16985256-17039617 -           2915 33907at33392         -            513   8.3e-09   34.7   1.3   1   5       7.5   1.9e+03   -2.7   0.0   235   268   112   143   101   147 0.83 -
ptg000020l:16985256-17039617 -           2915 33907at33392         -            513   8.3e-09   34.7   1.3   2   5       1.3   3.4e+02   -0.3   0.0   222   273   175   226   158   244 0.75 -
ptg000020l:16985256-17039617 -           2915 33907at33392         -            513   8.3e-09   34.7   1.3   3   5      0.71   1.8e+02    0.6   0.2   399   415   613   629   528   662 0.72 -
ptg000020l:16985256-17039617 -           2915 33907at33392         -            513   8.3e-09   34.7   1.3   4   5      0.18        45    2.6   0.0   398   425  2646  2673  2635  2682 0.74 -
ptg000020l:16985256-17039617 -           2915 33907at33392         -            513   8.3e-09   34.7   1.3   5   5   4.6e-08   1.2e-05   24.3   0.1   398   468  2784  2854  2756  2903 0.88 -
ptg000024l:28174302-28194330 -            445 33907at33392         -            513   2.2e-08   33.3   0.0   1   4    0.0001     0.025   13.3   0.0   437   480    64   108    58   110 0.91 -
ptg000024l:28174302-28194330 -            445 33907at33392         -            513   2.2e-08   33.3   0.0   2   4    0.0089       2.3    6.9   0.0   232   262   108   138   107   142 0.93 -
ptg000024l:28174302-28194330 -            445 33907at33392         -            513   2.2e-08   33.3   0.0   3   4    0.0027      0.68    8.6   0.0   384   466   222   309   172   312 0.79 -
ptg000024l:28174302-28194330 -            445 33907at33392         -            513   2.2e-08   33.3   0.0   4   4      0.85   2.2e+02    0.4   0.0   450   467   336   353   319   359 0.79 -
ptg000062l:6182778-6184080   -            374 33907at33392         -            513   2.3e-08   33.3   0.6   1   3   1.3e-06   0.00033   19.6   0.1   409   471    69   131    41   138 0.86 -
ptg000062l:6182778-6184080   -            374 33907at33392         -            513   2.3e-08   33.3   0.6   2   3      0.01       2.6    6.7   0.0   404   475   146   217   139   236 0.81 -
ptg000062l:6182778-6184080   -            374 33907at33392         -            513   2.3e-08   33.3   0.6   3   3      0.11        28    3.3   0.0   418   468   323   373   315   374 0.85 -
ptg000021l:5600304-5747647   -            921 33907at33392         -            513   9.3e-08   31.3   0.8   1   5       3.3   8.5e+02   -1.6   0.0   212   261   162   211   157   215 0.78 -
ptg000021l:5600304-5747647   -            921 33907at33392         -            513   9.3e-08   31.3   0.8   2   5     0.047        12    4.5   0.0   402   482   302   383   289   392 0.80 -
ptg000021l:5600304-5747647   -            921 33907at33392         -            513   9.3e-08   31.3   0.8   3   5   0.00029     0.072   11.8   0.0   411   470   396   455   388   490 0.84 -
ptg000021l:5600304-5747647   -            921 33907at33392         -            513   9.3e-08   31.3   0.8   4   5    0.0034      0.87    8.3   0.0   399   475   512   590   464   596 0.66 -
ptg000021l:5600304-5747647   -            921 33907at33392         -            513   9.3e-08   31.3   0.8   5   5       1.6     4e+02   -0.5   0.0   440   472   617   649   608   665 0.83 -
ptg000062l:12312921-12314967 -            292 33907at33392         -            513   9.5e-08   31.2   4.9   1   4     0.086        22    3.6   0.0   236   265    16    43     2    58 0.59 -
ptg000062l:12312921-12314967 -            292 33907at33392         -            513   9.5e-08   31.2   4.9   2   4     7e-05     0.018   13.8   0.2   412   471    68   127    64   148 0.82 -
ptg000062l:12312921-12314967 -            292 33907at33392         -            513   9.5e-08   31.2   4.9   3   4     0.041        10    4.7   0.0   447   476   147   174   132   178 0.79 -
ptg000062l:12312921-12314967 -            292 33907at33392         -            513   9.5e-08   31.2   4.9   4   4    0.0057       1.4    7.6   0.2   413   504   194   283   182   290 0.75 -
ptg000234l:878175-880795     -            420 33907at33392         -            513   4.1e-07   29.1   0.4   1   3     0.014       3.5    6.3   0.0   229   265   168   205   160   223 0.73 -
ptg000234l:878175-880795     -            420 33907at33392         -            513   4.1e-07   29.1   0.4   2   3   5.4e-06    0.0014   17.5   0.3   414   507   240   335   223   341 0.75 -
ptg000234l:878175-880795     -            420 33907at33392         -            513   4.1e-07   29.1   0.4   3   3      0.69   1.8e+02    0.7   0.0   232   266   368   403   363   408 0.77 -
ptg000265l:15167771-15170113 -            504 33907at33392         -            513     5e-07   28.9   0.4   1   2     3e-06   0.00075   18.4   0.0   385   471   106   197   100   233 0.85 -
ptg000265l:15167771-15170113 -            504 33907at33392         -            513     5e-07   28.9   0.4   2   2    0.0032      0.82    8.4   0.1   429   485   238   289   228   316 0.69 -
ptg000034l:6757057-6758510   -            342 33907at33392         -            513   1.1e-06   27.8   0.1   1   4      0.64   1.6e+02    0.8   0.0   245   264    10    29     6    36 0.76 -
ptg000034l:6757057-6758510   -            342 33907at33392         -            513   1.1e-06   27.8   0.1   2   4   0.00046      0.12   11.1   0.0   394   472    37   116    19   126 0.75 -
ptg000034l:6757057-6758510   -            342 33907at33392         -            513   1.1e-06   27.8   0.1   3   4    0.0017      0.43    9.3   0.0   221   264   232   275   183   282 0.73 -
ptg000034l:6757057-6758510   -            342 33907at33392         -            513   1.1e-06   27.8   0.1   4   4      0.32        81    1.8   0.0   415   447   305   337   296   341 0.81 -
ptg000393l:939676-951875     -            873 33907at33392         -            513   1.9e-06   26.9   9.0   1   5     0.015       3.8    6.2   0.3   426   469    46    89    42    96 0.91 -
ptg000393l:939676-951875     -            873 33907at33392         -            513   1.9e-06   26.9   9.0   2   5   0.00014     0.036   12.8   0.0   218   264   102   148    90   157 0.86 -
ptg000393l:939676-951875     -            873 33907at33392         -            513   1.9e-06   26.9   9.0   3   5    0.0079         2    7.1   0.0   437   470   158   191   150   228 0.83 -
ptg000393l:939676-951875     -            873 33907at33392         -            513   1.9e-06   26.9   9.0   4   5       1.3   3.4e+02   -0.3   0.0   457   507   287   334   283   340 0.79 -
ptg000393l:939676-951875     -            873 33907at33392         -            513   1.9e-06   26.9   9.0   5   5      0.22        55    2.3   0.0   410   477   615   681   604   688 0.83 -
ptg000082l:9433196-9442375   -            767 33907at33392         -            513     3e-06   26.3   2.4   1   4      0.55   1.4e+02    1.0   0.0   429   470    45    91    32   112 0.69 -
ptg000082l:9433196-9442375   -            767 33907at33392         -            513     3e-06   26.3   2.4   2   4   3.3e-05    0.0085   14.9   0.1   210   313   182   294   169   298 0.77 -
ptg000082l:9433196-9442375   -            767 33907at33392         -            513     3e-06   26.3   2.4   3   4     0.067        17    4.0   0.0   322   360   347   392   325   398 0.67 -
ptg000082l:9433196-9442375   -            767 33907at33392         -            513     3e-06   26.3   2.4   4   4      0.26        66    2.1   0.2   420   471   552   600   538   641 0.83 -
ptg000054l:968792-985771     -            821 33907at33392         -            513   3.6e-06   26.0   0.7   1   5       1.9   4.9e+02   -0.8   0.0   231   263   406   438   366   443 0.81 -
ptg000054l:968792-985771     -            821 33907at33392         -            513   3.6e-06   26.0   0.7   2   5    0.0046       1.2    7.9   0.2   451   474   515   538   504   542 0.89 -
ptg000054l:968792-985771     -            821 33907at33392         -            513   3.6e-06   26.0   0.7   3   5     5e-06    0.0013   17.6   0.1   413   472   519   578   517   590 0.82 -
ptg000054l:968792-985771     -            821 33907at33392         -            513   3.6e-06   26.0   0.7   4   5      0.95   2.4e+02    0.2   0.0   416   469   658   715   638   735 0.66 -
ptg000054l:968792-985771     -            821 33907at33392         -            513   3.6e-06   26.0   0.7   5   5       4.7   1.2e+03   -2.1   0.0   328   360   779   811   768   819 0.81 -
ptg000355l:235042-253532     -           1244 33907at33392         -            513   1.7e-05   23.8   1.3   1   4     0.033       8.5    5.0   0.1   430   469    70   110    64   127 0.70 -
ptg000355l:235042-253532     -           1244 33907at33392         -            513   1.7e-05   23.8   1.3   2   4     0.046        12    4.6   0.1   397   481   129   214   118   227 0.73 -
ptg000355l:235042-253532     -           1244 33907at33392         -            513   1.7e-05   23.8   1.3   3   4    0.0063       1.6    7.4   0.0   222   263   886   928   859   932 0.79 -
ptg000355l:235042-253532     -           1244 33907at33392         -            513   1.7e-05   23.8   1.3   4   4      0.27        68    2.0   0.0   325   359   932   973   928   984 0.67 -
ptg000080l:26771020-26771292 -             91 33907at33392         -            513   2.9e-05   23.0   0.3   1   2   3.4e-06   0.00087   18.2   0.1   437   470     3    36     1    46 0.88 -
ptg000080l:26771020-26771292 -             91 33907at33392         -            513   2.9e-05   23.0   0.3   2   2     0.094        24    3.5   0.0   284   314    45    78    40    88 0.71 -
ptg000025l:11457917-11461702 -            612 33907at33392         -            513   3.2e-05   22.9   0.2   1   1   2.8e-07   7.1e-05   21.8   0.1   361   470    15   131     5   141 0.69 -
ptg000016l:3352281-3366932   -           1210 33907at33392         -            513   3.7e-05   22.7   1.4   1   3     0.043        11    4.6   0.1   431   468    71   109    64   126 0.70 -
ptg000016l:3352281-3366932   -           1210 33907at33392         -            513   3.7e-05   22.7   1.4   2   3      0.05        13    4.4   0.1   397   481   129   214   120   227 0.77 -
ptg000016l:3352281-3366932   -           1210 33907at33392         -            513   3.7e-05   22.7   1.4   3   3    0.0056       1.4    7.6   0.0   222   263   851   893   825   898 0.79 -
ptg000062l:60133976-60154461 -            419 33907at33392         -            513   0.00013   20.9   8.4   1   4       1.8   4.5e+02   -0.7   0.1   448   471   114   137   103   148 0.75 -
ptg000062l:60133976-60154461 -            419 33907at33392         -            513   0.00013   20.9   8.4   2   4     0.048        12    4.5   0.1   222   262   248   287   223   294 0.76 -
ptg000062l:60133976-60154461 -            419 33907at33392         -            513   0.00013   20.9   8.4   3   4   0.00013     0.032   13.0   0.2   412   467   314   373   295   379 0.73 -
ptg000062l:60133976-60154461 -            419 33907at33392         -            513   0.00013   20.9   8.4   4   4     0.062        16    4.1   0.0   278   310   380   414   376   418 0.88 -
ptg000328l:2596100-2608001   -            790 33907at33392         -            513   0.00014   20.8   0.1   1   1   1.1e-05    0.0028   16.5   0.1   397   511   103   217    94   219 0.84 -
ptg000635l:344894-361938     -            792 33907at33392         -            513   0.00014   20.8   0.1   1   1   1.1e-05    0.0029   16.5   0.1   397   511   103   217    94   219 0.84 -
ptg000480l:74860-76218       -            453 33907at33392         -            513   0.00015   20.7   5.5   1   5         2   5.1e+02   -0.8   0.2    72   115    36    82    14   114 0.63 -
ptg000480l:74860-76218       -            453 33907at33392         -            513   0.00015   20.7   5.5   2   5       1.1   2.9e+02   -0.0   0.0   440   470   138   168   117   205 0.69 -
ptg000480l:74860-76218       -            453 33907at33392         -            513   0.00015   20.7   5.5   3   5   8.8e-05     0.022   13.5   0.1   420   481   212   273   200   282 0.86 -
ptg000480l:74860-76218       -            453 33907at33392         -            513   0.00015   20.7   5.5   4   5     0.022       5.5    5.6   0.0   295   358   323   394   306   401 0.61 -
ptg000480l:74860-76218       -            453 33907at33392         -            513   0.00015   20.7   5.5   5   5      0.12        30    3.2   0.0   443   471   366   394   360   412 0.79 -
ptg000367l:2983294-2984652   -            453 33907at33392         -            513   0.00016   20.6   5.2   1   5       2.1   5.4e+02   -0.9   0.1    69   114    33    81    13   107 0.64 -
ptg000367l:2983294-2984652   -            453 33907at33392         -            513   0.00016   20.6   5.2   2   5       1.2     3e+02   -0.1   0.0   440   470   138   168   102   204 0.63 -
ptg000367l:2983294-2984652   -            453 33907at33392         -            513   0.00016   20.6   5.2   3   5   0.00011     0.028   13.2   0.1   420   481   212   273   202   280 0.85 -
ptg000367l:2983294-2984652   -            453 33907at33392         -            513   0.00016   20.6   5.2   4   5     0.022       5.5    5.6   0.0   295   358   323   394   306   401 0.61 -
ptg000367l:2983294-2984652   -            453 33907at33392         -            513   0.00016   20.6   5.2   5   5      0.12        30    3.2   0.0   443   471   366   394   360   412 0.79 -
ptg000049l:6083318-6083923   -            202 33907at33392         -            513   0.00021   20.2   3.1   1   3    0.0015      0.39    9.4   0.6   440   502     4    65     1    74 0.74 -
ptg000049l:6083318-6083923   -            202 33907at33392         -            513   0.00021   20.2   3.1   2   3      0.28        70    2.0   0.1   342   377    61   101    58   105 0.58 -
ptg000049l:6083318-6083923   -            202 33907at33392         -            513   0.00021   20.2   3.1   3   3    0.0011      0.28    9.9   0.1   410   471   101   164    88   201 0.79 -
ptg000685l:258211-358087     -           1915 33907at33392         -            513   0.00022   20.2   0.6   1   2   5.2e-05     0.013   14.3   0.1   279   356  1609  1693  1596  1745 0.76 -
ptg000685l:258211-358087     -           1915 33907at33392         -            513   0.00022   20.2   0.6   2   2     0.077        20    3.8   0.0   281   319  1789  1829  1785  1862 0.82 -
ptg000122l:13186778-13204717 -            754 33907at33392         -            513   0.00025   20.0   0.3   1   2      0.62   1.6e+02    0.8   0.0   226   263     6    42     1    52 0.75 -
ptg000122l:13186778-13204717 -            754 33907at33392         -            513   0.00025   20.0   0.3   2   2   0.00047      0.12   11.1   0.1   412   468   158   213   137   314 0.61 -
ptg000528l:2084538-2099073   -            406 33907at33392         -            513   0.00031   19.7   0.5   1   4      0.38        98    1.5   0.0   247   355    45    60    13    81 0.73 -
ptg000528l:2084538-2099073   -            406 33907at33392         -            513   0.00031   19.7   0.5   2   4     0.034       8.6    5.0   0.0   228   262   201   235   196   239 0.82 -
ptg000528l:2084538-2099073   -            406 33907at33392         -            513   0.00031   19.7   0.5   3   4     0.011       2.8    6.6   0.0   226   264   242   280   237   285 0.91 -
ptg000528l:2084538-2099073   -            406 33907at33392         -            513   0.00031   19.7   0.5   4   4      0.99   2.5e+02    0.2   0.0   233   262   373   402   356   405 0.77 -
ptg000061l:7183468-7185007   -            410 33907at33392         -            513   0.00032   19.6   0.1   1   3     0.012       3.1    6.5   0.0   230   296   119   190   112   195 0.83 -
ptg000061l:7183468-7185007   -            410 33907at33392         -            513   0.00032   19.6   0.1   2   3      0.96   2.5e+02    0.2   0.0   414   470   199   254   195   269 0.82 -
ptg000061l:7183468-7185007   -            410 33907at33392         -            513   0.00032   19.6   0.1   3   3    0.0042       1.1    8.0   0.0   231   264   273   306   261   315 0.88 -
ptg000011l:1774073-1777958   -            359 33907at33392         -            513    0.0006   18.7   1.3   1   3    0.0034      0.85    8.3   0.0   440   511    33   105    27   106 0.84 -
ptg000011l:1774073-1777958   -            359 33907at33392         -            513    0.0006   18.7   1.3   2   3     0.005       1.3    7.7   0.9   287   360    80   156    73   191 0.86 -
ptg000011l:1774073-1777958   -            359 33907at33392         -            513    0.0006   18.7   1.3   3   3      0.14        34    3.0   0.0   235   270   266   301   248   334 0.65 -
ptg000398l:1092748-1199715   -           1954 33907at33392         -            513   0.00063   18.6   0.3   1   2   0.00019     0.047   12.4   0.1   279   356  1648  1732  1589  1790 0.79 -
ptg000398l:1092748-1199715   -           1954 33907at33392         -            513   0.00063   18.6   0.3   2   2     0.077        20    3.8   0.0   281   319  1828  1868  1823  1901 0.82 -
ptg000097l:4384630-4404514   -            462 33907at33392         -            513   0.00068   18.5   0.0   1   2   0.00023     0.058   12.1   0.0   416   476    28    88    20   104 0.89 -
ptg000097l:4384630-4404514   -            462 33907at33392         -            513   0.00068   18.5   0.0   2   2     0.085        21    3.7   0.0   486   505   280   299   245   305 0.84 -
ptg000262l:327520-340707     -            588 33907at33392         -            513    0.0007   18.5   0.1   1   2    0.0004       0.1   11.4   0.0   439   468   157   186   148   191 0.85 -
ptg000262l:327520-340707     -            588 33907at33392         -            513    0.0007   18.5   0.1   2   2     0.038       9.7    4.8   0.0   237   264   318   345   296   377 0.72 -
ptg000322l:615548-629199     -            588 33907at33392         -            513    0.0007   18.5   0.1   1   2    0.0004       0.1   11.4   0.0   439   468   157   186   148   191 0.85 -
ptg000322l:615548-629199     -            588 33907at33392         -            513    0.0007   18.5   0.1   2   2     0.038       9.7    4.8   0.0   237   264   318   345   296   377 0.72 -
ptg000026l:1960577-1972463   -            487 33907at33392         -            513    0.0011   17.8   0.2   1   2   0.00034     0.085   11.6   0.1   411   473    58   121    56   129 0.81 -
ptg000026l:1960577-1972463   -            487 33907at33392         -            513    0.0011   17.8   0.2   2   2     0.028         7    5.3   0.0   226   264   122   160   116   165 0.89 -
ptg000302l:167032-176310     -            487 33907at33392         -            513    0.0011   17.8   0.2   1   2   0.00034     0.085   11.6   0.1   411   473    58   121    56   129 0.81 -
ptg000302l:167032-176310     -            487 33907at33392         -            513    0.0011   17.8   0.2   2   2     0.028         7    5.3   0.0   226   264   122   160   116   165 0.89 -
ptg000158l:11559299-11561431 -            325 33907at33392         -            513    0.0016   17.3   0.0   1   3      0.03       7.5    5.2   0.0   273   312    38    80     8    97 0.70 -
ptg000158l:11559299-11561431 -            325 33907at33392         -            513    0.0016   17.3   0.0   2   3    0.0071       1.8    7.2   0.0   224   263   179   218   147   230 0.71 -
ptg000158l:11559299-11561431 -            325 33907at33392         -            513    0.0016   17.3   0.0   3   3      0.67   1.7e+02    0.7   0.0   437   468   283   314   260   317 0.66 -
ptg000281l:4092285-4094572   -            331 33907at33392         -            513    0.0016   17.3   0.6   1   2   0.00036     0.092   11.5   0.4   284   364    55   135    43   156 0.87 -
ptg000281l:4092285-4094572   -            331 33907at33392         -            513    0.0016   17.3   0.6   2   2      0.12        31    3.2   0.0   400   454   238   292   210   298 0.79 -
ptg000707l:733556-735859     -            331 33907at33392         -            513    0.0016   17.3   0.6   1   2   0.00036     0.092   11.5   0.4   284   364    55   135    43   156 0.87 -
ptg000707l:733556-735859     -            331 33907at33392         -            513    0.0016   17.3   0.6   2   2      0.12        31    3.2   0.0   400   454   238   292   210   298 0.79 -
ptg000004l:6928355-6962062   -            549 33907at33392         -            513    0.0031   16.4   3.2   1   3      0.03       7.7    5.1   0.2   433   473   243   283   197   291 0.63 -
ptg000004l:6928355-6962062   -            549 33907at33392         -            513    0.0031   16.4   3.2   2   3       3.9   9.8e+02   -1.8   0.0   441   474   423   456   391   464 0.72 -
ptg000004l:6928355-6962062   -            549 33907at33392         -            513    0.0031   16.4   3.2   3   3   0.00076      0.19   10.4   0.1   300   360   483   543   476   548 0.61 -
ptg000003l:3832709-3993748   -            484 33907at33392         -            513    0.0033   16.3   0.1   1   2       5.6   1.4e+03   -2.3   0.1   414   458   160   202   129   211 0.69 -
ptg000003l:3832709-3993748   -            484 33907at33392         -            513    0.0033   16.3   0.1   2   2   3.7e-05    0.0093   14.8   0.0   418   469   246   297   227   306 0.87 -
ptg000275l:3791892-3792059   -             56 33907at33392         -            513    0.0055   15.5   0.0   1   2      0.94   2.4e+02    0.2   0.0   297   314     6    23     2    28 0.62 -
ptg000275l:3791892-3792059   -             56 33907at33392         -            513    0.0055   15.5   0.0   2   2   7.1e-05     0.018   13.8   0.0   226   254    27    55    20    56 0.90 -
ptg000397l:1399927-1406048   -            478 33907at33392         -            513    0.0059   15.4   0.0   1   2       2.5   6.3e+02   -1.2   0.0   449   475   161   187   160   227 0.67 -
ptg000397l:1399927-1406048   -            478 33907at33392         -            513    0.0059   15.4   0.0   2   2    0.0011      0.27    9.9   0.0   343   473   259   403   256   442 0.61 -
ptg000098l:4338511-4342203   -            386 33907at33392         -            513     0.007   15.2   0.0   1   1   5.8e-05     0.015   14.1   0.0   399   467   131   199   107   215 0.83 -
ptg000062l:60922328-60983260 -           1260 33907at33392         -            513     0.014   14.2   0.1   1   1   0.00019     0.048   12.4   0.1   277   314  1088  1129  1049  1169 0.83 -
ptg000467l:2739260-2745612   -            588 33907at33392         -            513     0.032   13.0   1.8   1   3     0.012       3.1    6.4   0.1   430   470    56    96    36   100 0.86 -
ptg000467l:2739260-2745612   -            588 33907at33392         -            513     0.032   13.0   1.8   2   3       0.1        26    3.4   0.0   437   511   120   190   105   194 0.59 -
ptg000467l:2739260-2745612   -            588 33907at33392         -            513     0.032   13.0   1.8   3   3       2.4   6.1e+02   -1.1   0.0   412   464   313   368   306   375 0.73 -
ptg000283l:2621155-2623464   -            409 33907at33392         -            513     0.043   12.6   6.1   1   4       2.1   5.2e+02   -0.9   0.4   157   252     7   106     3   109 0.52 -
ptg000283l:2621155-2623464   -            409 33907at33392         -            513     0.043   12.6   6.1   2   4      0.12        30    3.2   0.0   228   310   123   197   108   202 0.49 -
ptg000283l:2621155-2623464   -            409 33907at33392         -            513     0.043   12.6   6.1   3   4     0.086        22    3.7   0.0   412   474   185   246   179   258 0.78 -
ptg000283l:2621155-2623464   -            409 33907at33392         -            513     0.043   12.6   6.1   4   4    0.0062       1.6    7.4   0.1   408   480   307   379   297   390 0.82 -
ptg000010l:6630297-6632891   -            368 33907at33392         -            513     0.043   12.6   0.0   1   1   0.00025     0.063   12.0   0.0   412   485   153   227   134   256 0.77 -
#
# Program:         hmmsearch
# Version:         3.2.1 (June 2018)
# Pipeline mode:   SEARCH
# Query file:      /home/tpsylvst/projects/diaprepes_assembly/busco/busco_downloads/lineages/endopterygota_odb10/hmms/33907at33392.hmm
# Target file:     /home/tpsylvst/projects/diaprepes_assembly/busco/diaprepes_busco/run_endopterygota_odb10/metaeuk_output/initial_results/diaprepes.fa.modified.fas
# Option settings: hmmsearch --domtblout /home/tpsylvst/projects/diaprepes_assembly/busco/diaprepes_busco/run_endopterygota_odb10/hmmer_output/initial_run_results/33907at33392.out --cpu 1 /home/tpsylvst/projects/diaprepes_assembly/busco/busco_downloads/lineages/endopterygota_odb10/hmms/33907at33392.hmm /home/tpsylvst/projects/diaprepes_assembly/busco/diaprepes_busco/run_endopterygota_odb10/metaeuk_output/initial_results/diaprepes.fa.modified.fas 
# Current dir:     /home/tpsylvst/projects/diaprepes_assembly/busco
# Date:            Mon Nov 28 14:23:05 2022
# [ok]
