#                                                                                    --- full sequence --- -------------- this domain -------------   hmm coord   ali coord   env coord
# target name                accession   tlen query name           accession   qlen   E-value  score  bias   #  of  c-Evalue  i-Evalue  score  bias  from    to  from    to  from    to  acc description of target
#        ------------------- ---------- ----- -------------------- ---------- ----- --------- ------ ----- --- --- --------- --------- ------ ----- ----- ----- ----- ----- ----- ----- ---- ---------------------
ptg000045l:6804669-6881342   -           1024 35524at33392         -            346   6.4e-66  223.0 123.3   1  10         1        91    2.2   0.1   228   257     9    38     4    43 0.79 -
ptg000045l:6804669-6881342   -           1024 35524at33392         -            346   6.4e-66  223.0 123.3   2  10    0.0018      0.16   11.2   0.0    11    36    55    82    52    86 0.83 -
ptg000045l:6804669-6881342   -           1024 35524at33392         -            346   6.4e-66  223.0 123.3   3  10      0.18        16    4.6   0.0    25    41   183   199   170   206 0.79 -
ptg000045l:6804669-6881342   -           1024 35524at33392         -            346   6.4e-66  223.0 123.3   4  10       3.9   3.5e+02    0.2   0.5    31    42   235   246   230   253 0.86 -
ptg000045l:6804669-6881342   -           1024 35524at33392         -            346   6.4e-66  223.0 123.3   5  10   3.2e-13   2.8e-11   43.3   4.4    46    80   309   343   276   347 0.78 -
ptg000045l:6804669-6881342   -           1024 35524at33392         -            346   6.4e-66  223.0 123.3   6  10   7.6e-38   6.7e-36  124.3  30.8    79   251   362   562   357   564 0.85 -
ptg000045l:6804669-6881342   -           1024 35524at33392         -            346   6.4e-66  223.0 123.3   7  10   6.9e-09   6.1e-07   29.0  10.1   224   288   563   634   561   637 0.83 -
ptg000045l:6804669-6881342   -           1024 35524at33392         -            346   6.4e-66  223.0 123.3   8  10   1.6e-07   1.4e-05   24.6   4.6   259   309   633   698   626   707 0.75 -
ptg000045l:6804669-6881342   -           1024 35524at33392         -            346   6.4e-66  223.0 123.3   9  10   3.1e-06   0.00027   20.3   2.6   309   345   718   761   712   762 0.88 -
ptg000045l:6804669-6881342   -           1024 35524at33392         -            346   6.4e-66  223.0 123.3  10  10       6.1   5.4e+02   -0.4  12.2   254   317   776   847   762   891 0.68 -
ptg000142l:674579-675565     -            329 35524at33392         -            346   1.6e-12   47.4  38.4   1   3   1.1e-05     0.001   18.5   7.8   252   334     8   105     1   107 0.78 -
ptg000142l:674579-675565     -            329 35524at33392         -            346   1.6e-12   47.4  38.4   2   3   2.2e-10   1.9e-08   34.0  14.3   227   345   101   241   100   242 0.80 -
ptg000142l:674579-675565     -            329 35524at33392         -            346   1.6e-12   47.4  38.4   3   3    0.0016      0.14   11.4   2.0    46   110   251   322   242   328 0.64 -
ptg000170l:5216197-5217012   -            272 35524at33392         -            346   2.7e-12   46.7  55.9   1   4     0.002      0.17   11.1   3.0   192   249     2    55     1    62 0.68 -
ptg000170l:5216197-5217012   -            272 35524at33392         -            346   2.7e-12   46.7  55.9   2   4   2.4e-09   2.1e-07   30.5  32.7   206   338    58   200    54   210 0.79 -
ptg000170l:5216197-5217012   -            272 35524at33392         -            346   2.7e-12   46.7  55.9   3   4   0.00029     0.025   13.9   5.5   227   285   192   244   188   251 0.80 -
ptg000170l:5216197-5217012   -            272 35524at33392         -            346   2.7e-12   46.7  55.9   4   4     0.025       2.2    7.5   0.8   263   283   250   270   243   272 0.88 -
ptg000142l:470136-471245     -            370 35524at33392         -            346   7.9e-12   45.1  42.4   1   2   3.5e-07   3.1e-05   23.4  19.6   187   341    38   206    31   211 0.74 -
ptg000142l:470136-471245     -            370 35524at33392         -            346   7.9e-12   45.1  42.4   2   2   2.6e-08   2.3e-06   27.1  13.0   231   343   231   361   225   364 0.80 -
ptg000142l:927631-928464     -            278 35524at33392         -            346   2.6e-10   40.1  59.5   1   4     0.006      0.53    9.5   9.0   229   283     3    50     1    57 0.84 -
ptg000142l:927631-928464     -            278 35524at33392         -            346   2.6e-10   40.1  59.5   2   4     0.057         5    6.3  23.6   227   336    57   179    50   180 0.72 -
ptg000142l:927631-928464     -            278 35524at33392         -            346   2.6e-10   40.1  59.5   3   4   6.3e-08   5.5e-06   25.9  25.2   228   345   115   247   108   248 0.83 -
ptg000142l:927631-928464     -            278 35524at33392         -            346   2.6e-10   40.1  59.5   4   4   0.00012     0.011   15.1   4.1   302   343   221   273   219   276 0.74 -
ptg000127l:1971002-1972018   -            339 35524at33392         -            346   2.8e-10   40.0  52.7   1   4     0.059       5.2    6.2   1.4   231   283    10    56     6    59 0.80 -
ptg000127l:1971002-1972018   -            339 35524at33392         -            346   2.8e-10   40.0  52.7   2   4    0.0015      0.13   11.5   7.4   216   281    52   110    47   115 0.80 -
ptg000127l:1971002-1972018   -            339 35524at33392         -            346   2.8e-10   40.0  52.7   3   4   1.6e-08   1.4e-06   27.9  16.9   228   345   119   249   109   250 0.81 -
ptg000127l:1971002-1972018   -            339 35524at33392         -            346   2.8e-10   40.0  52.7   4   4     0.001      0.09   12.0  11.5   264   345   235   333   234   334 0.74 -
ptg000142l:1021264-1021809   -            182 35524at33392         -            346   1.2e-08   34.7  23.5   1   2   3.9e-07   3.4e-05   23.3  19.5   225   345    16   151     1   152 0.77 -
ptg000142l:1021264-1021809   -            182 35524at33392         -            346   1.2e-08   34.7  23.5   2   2   0.00019     0.017   14.4   3.8   302   343   125   177   123   180 0.73 -
ptg000127l:1984494-1985183   -            230 35524at33392         -            346   1.7e-08   34.1  35.6   1   3   0.00029     0.026   13.8  18.2   251   345     3   115     1   116 0.80 -
ptg000127l:1984494-1985183   -            230 35524at33392         -            346   1.7e-08   34.1  35.6   2   3   0.00012     0.011   15.1  16.8   227   341    70   195    61   197 0.67 -
ptg000127l:1984494-1985183   -            230 35524at33392         -            346   1.7e-08   34.1  35.6   3   3   4.8e-06   0.00042   19.7  11.7   216   345   114   227   106   228 0.70 -
ptg000024l:25310870-25311199 -            110 35524at33392         -            346   1.8e-08   34.0  16.8   1   3   8.5e-05    0.0075   15.6   4.3   308   346     6    52     2    52 0.83 -
ptg000024l:25310870-25311199 -            110 35524at33392         -            346   1.8e-08   34.0  16.8   2   3   0.00071     0.062   12.6   1.3   317   345    49    79    48    80 0.87 -
ptg000024l:25310870-25311199 -            110 35524at33392         -            346   1.8e-08   34.0  16.8   3   3   2.1e-05    0.0019   17.6   0.2   318   345    78   107    74   108 0.89 -
ptg000142l:765766-766608     -            281 35524at33392         -            346   3.3e-08   33.2  46.3   1   4     0.084       7.4    5.7   4.5   314   345     7    42     1    44 0.80 -
ptg000142l:765766-766608     -            281 35524at33392         -            346   3.3e-08   33.2  46.3   2   4      0.16        14    4.9  21.2   226   327    24   137    14   138 0.73 -
ptg000142l:765766-766608     -            281 35524at33392         -            346   3.3e-08   33.2  46.3   3   4   1.7e-08   1.5e-06   27.7  15.8   227   343   112   244   107   247 0.82 -
ptg000142l:765766-766608     -            281 35524at33392         -            346   3.3e-08   33.2  46.3   4   4     0.048       4.2    6.5   0.0   319   345   246   274   243   275 0.87 -
ptg000142l:829072-830019     -            316 35524at33392         -            346   4.9e-08   32.6  49.5   1   3   0.00016     0.014   14.7  16.6   261   343     1   101     1   104 0.79 -
ptg000142l:829072-830019     -            316 35524at33392         -            346   4.9e-08   32.6  49.5   2   3   0.00031     0.027   13.7  17.1   227   342   118   248    98   251 0.76 -
ptg000142l:829072-830019     -            316 35524at33392         -            346   4.9e-08   32.6  49.5   3   3   0.00033     0.029   13.6  10.4   231   343   179   307   178   310 0.66 -
ptg000142l:550603-550899     -             99 35524at33392         -            346   7.7e-08   32.0   2.8   1   2    0.0004     0.035   13.4   0.2   318   343     9    36     4    39 0.87 -
ptg000142l:550603-550899     -             99 35524at33392         -            346   7.7e-08   32.0   2.8   2   2   3.8e-06   0.00033   20.0   0.2   300   335    38    82    34    94 0.80 -
ptg000142l:857714-858298     -            195 35524at33392         -            346   7.9e-08   31.9  32.6   1   2    0.0066      0.58    9.4   7.5   228   285    18    69     2    76 0.73 -
ptg000142l:857714-858298     -            195 35524at33392         -            346   7.9e-08   31.9  32.6   2   2     4e-07   3.5e-05   23.2  17.2   228   334    78   194    74   195 0.75 -
ptg000142l:594568-595158     -            197 35524at33392         -            346   1.7e-07   30.8  32.8   1   3    0.0043      0.38   10.0   7.3   231   286     1    48     1    58 0.80 -
ptg000142l:594568-595158     -            197 35524at33392         -            346   1.7e-07   30.8  32.8   2   3     0.049       4.3    6.5   5.0   229   282    25    72    24    79 0.44 -
ptg000142l:594568-595158     -            197 35524at33392         -            346   1.7e-07   30.8  32.8   3   3   1.6e-06   0.00014   21.3  16.5   223   343    72   187    64   190 0.71 -
ptg000042l:3071880-3072182   -            101 35524at33392         -            346   1.8e-07   30.8   8.6   1   2   0.00047     0.041   13.2   0.3   316   342     7    35     3    39 0.89 -
ptg000042l:3071880-3072182   -            101 35524at33392         -            346   1.8e-07   30.8   8.6   2   2   1.5e-05    0.0013   18.1   2.9   303   345    41    94    38    95 0.73 -
ptg000142l:438529-439434     -            302 35524at33392         -            346   2.4e-07   30.4  47.2   1   3      0.25        22    4.2  17.3   192   289     6   113     3   118 0.67 -
ptg000142l:438529-439434     -            302 35524at33392         -            346   2.4e-07   30.4  47.2   2   3   4.8e-07   4.2e-05   23.0  19.9   195   345   123   287   120   288 0.69 -
ptg000142l:438529-439434     -            302 35524at33392         -            346   2.4e-07   30.4  47.2   3   3      0.14        12    5.0   0.6   228   251   271   294   266   299 0.73 -
ptg000208l:1270353-1271168   -            272 35524at33392         -            346   2.6e-07   30.3   8.5   1   1   8.4e-09   7.4e-07   28.8   8.4   254   336   167   265   139   272 0.77 -
ptg000012l:5524307-5524996   -            230 35524at33392         -            346   2.7e-07   30.2  36.6   1   4   4.3e-06   0.00038   19.8  10.3   213   304    15   106     8   117 0.76 -
ptg000012l:5524307-5524996   -            230 35524at33392         -            346   2.7e-07   30.2  36.6   2   4     0.032       2.8    7.1   0.3    48    70   117   139   110   144 0.86 -
ptg000012l:5524307-5524996   -            230 35524at33392         -            346   2.7e-07   30.2  36.6   3   4    0.0054      0.48    9.7   7.9   225   284   142   195   137   201 0.83 -
ptg000012l:5524307-5524996   -            230 35524at33392         -            346   2.7e-07   30.2  36.6   4   4      0.29        25    4.0   6.6   227   282   172   230   163   230 0.75 -
ptg000142l:749597-750376     -            260 35524at33392         -            346   3.2e-07   30.0  45.4   1   3      0.04       3.5    6.8  16.7   228   329    11   121     4   124 0.50 -
ptg000142l:749597-750376     -            260 35524at33392         -            346   3.2e-07   30.0  45.4   2   3    0.0015      0.13   11.5   9.4   220   285    84   146    73   149 0.81 -
ptg000142l:749597-750376     -            260 35524at33392         -            346   3.2e-07   30.0  45.4   3   3   2.9e-08   2.5e-06   27.0  23.1   225   345   120   256   107   257 0.76 -
ptg000057l:9124154-9124744   -            197 35524at33392         -            346     5e-07   29.3  40.0   1   3    0.0013      0.12   11.7  20.5   227   322     6   105     2   114 0.73 -
ptg000057l:9124154-9124744   -            197 35524at33392         -            346     5e-07   29.3  40.0   2   3   1.6e-05    0.0014   17.9   7.7   225   283   117   169   114   173 0.85 -
ptg000057l:9124154-9124744   -            197 35524at33392         -            346     5e-07   29.3  40.0   3   3     0.051       4.5    6.4   0.2   225   251   170   196   168   197 0.91 -
ptg000142l:1121847-1122176   -            110 35524at33392         -            346     6e-07   29.0  11.8   1   2   1.7e-05    0.0015   17.9   7.5   265   345     2    74     1    75 0.63 -
ptg000142l:1121847-1122176   -            110 35524at33392         -            346     6e-07   29.0  11.8   2   2   0.00014     0.012   14.9   0.6   315   345    70   102    63   103 0.86 -
ptg000054l:1692553-1692789   -             79 35524at33392         -            346   7.2e-07   28.8   5.2   1   2   7.7e-05    0.0068   15.7   1.2   317   345    18    48     3    49 0.87 -
ptg000054l:1692553-1692789   -             79 35524at33392         -            346   7.2e-07   28.8   5.2   2   2   4.4e-05    0.0039   16.5   2.7   312   344    35    75    34    77 0.75 -
ptg000927l:176147-176383     -             79 35524at33392         -            346   7.2e-07   28.8   5.2   1   2   7.7e-05    0.0068   15.7   1.2   317   345    18    48     3    49 0.87 -
ptg000927l:176147-176383     -             79 35524at33392         -            346   7.2e-07   28.8   5.2   2   2   4.4e-05    0.0039   16.5   2.7   312   344    35    75    34    77 0.75 -
ptg000062l:40567504-40567743 -             80 35524at33392         -            346   2.1e-06   27.2   8.1   1   1     5e-08   4.4e-06   26.2   8.1   225   284    16    78     3    80 0.84 -
ptg000170l:11818121-11818972 -            284 35524at33392         -            346   6.3e-06   25.7  27.1   1   2   7.1e-08   6.3e-06   25.7  27.1   108   346     1   253     1   253 0.81 -
ptg000170l:11818121-11818972 -            284 35524at33392         -            346   6.3e-06   25.7  27.1   2   2      0.63        56    2.8   1.7   228   247   263   282   252   284 0.53 -
ptg000142l:908119-908364     -             82 35524at33392         -            346   6.5e-06   25.6   8.9   1   2   0.00023      0.02   14.2   3.1   310   339     6    43     3    48 0.74 -
ptg000142l:908119-908364     -             82 35524at33392         -            346   6.5e-06   25.6   8.9   2   2     9e-05    0.0079   15.5   1.2   318   345    48    77    36    78 0.69 -
ptg000014l:7428513-7429214   -            234 35524at33392         -            346   7.5e-06   25.5  12.0   1   2   5.9e-07   5.2e-05   22.7   6.4   264   345   120   199   115   200 0.83 -
ptg000014l:7428513-7429214   -            234 35524at33392         -            346   7.5e-06   25.5  12.0   2   2     0.025       2.2    7.5   0.3   318   340   198   220   195   228 0.80 -
ptg000444l:64919-65620       -            234 35524at33392         -            346   7.5e-06   25.5  12.0   1   2   5.9e-07   5.2e-05   22.7   6.4   264   345   120   199   115   200 0.83 -
ptg000444l:64919-65620       -            234 35524at33392         -            346   7.5e-06   25.5  12.0   2   2     0.025       2.2    7.5   0.3   318   340   198   220   195   228 0.80 -
ptg000138l:796388-824175     -           1785 35524at33392         -            346   7.9e-06   25.4  32.7   1   6      0.61        53    2.9   0.7    26    70   170   214   164   216 0.86 -
ptg000138l:796388-824175     -           1785 35524at33392         -            346   7.9e-06   25.4  32.7   2   6   0.00024     0.021   14.1   1.8   314   344   201   235   190   237 0.67 -
ptg000138l:796388-824175     -           1785 35524at33392         -            346   7.9e-06   25.4  32.7   3   6      0.76        67    2.6   0.0   257   290   422   454   403   471 0.73 -
ptg000138l:796388-824175     -           1785 35524at33392         -            346   7.9e-06   25.4  32.7   4   6     0.011      0.93    8.7   2.6   238   340  1105  1132  1092  1172 0.55 -
ptg000138l:796388-824175     -           1785 35524at33392         -            346   7.9e-06   25.4  32.7   5   6    0.0049      0.43    9.8   2.8   227   290  1617  1674  1594  1683 0.77 -
ptg000138l:796388-824175     -           1785 35524at33392         -            346   7.9e-06   25.4  32.7   6   6    0.0012       0.1   11.8   6.7   227   285  1645  1711  1627  1722 0.64 -
ptg000034l:7338236-7338508   -             91 35524at33392         -            346   7.9e-06   25.4   9.5   1   1   1.1e-05   0.00096   18.5   9.5   260   319     6    75     2    88 0.58 -
ptg000042l:2877530-2877721   -             64 35524at33392         -            346   9.2e-06   25.1   5.4   1   2   3.4e-05     0.003   16.9   0.6   318   345     2    31     1    32 0.90 -
ptg000042l:2877530-2877721   -             64 35524at33392         -            346   9.2e-06   25.1   5.4   2   2   0.00064     0.057   12.7   0.5   316   345    28    59    25    60 0.84 -
ptg000032l:11524334-11524555 -             74 35524at33392         -            346     1e-05   25.0   5.6   1   2     8e-06    0.0007   19.0   0.4   312   345     2    43     1    44 0.78 -
ptg000032l:11524334-11524555 -             74 35524at33392         -            346     1e-05   25.0   5.6   2   2    0.0013      0.11   11.7   0.7   317   343    41    69    38    72 0.86 -
ptg000127l:5038974-5066812   -           1785 35524at33392         -            346   1.1e-05   24.9  33.1   1   6      0.57        50    3.0   1.1    26    71   170   215   164   218 0.84 -
ptg000127l:5038974-5066812   -           1785 35524at33392         -            346   1.1e-05   24.9  33.1   2   6   0.00029     0.025   13.8   2.0   314   344   201   235   190   237 0.67 -
ptg000127l:5038974-5066812   -           1785 35524at33392         -            346   1.1e-05   24.9  33.1   3   6      0.76        67    2.6   0.0   257   290   422   454   403   471 0.73 -
ptg000127l:5038974-5066812   -           1785 35524at33392         -            346   1.1e-05   24.9  33.1   4   6     0.011      0.93    8.7   2.6   238   340  1105  1132  1091  1171 0.55 -
ptg000127l:5038974-5066812   -           1785 35524at33392         -            346   1.1e-05   24.9  33.1   5   6    0.0049      0.43    9.8   2.8   227   290  1617  1674  1594  1683 0.77 -
ptg000127l:5038974-5066812   -           1785 35524at33392         -            346   1.1e-05   24.9  33.1   6   6    0.0012       0.1   11.8   6.7   227   285  1645  1711  1627  1722 0.64 -
ptg000099l:5281058-5281261   -             68 35524at33392         -            346   1.3e-05   24.7   1.9   1   2   0.00026     0.023   14.0   0.1   318   340     6    30     2    36 0.80 -
ptg000099l:5281058-5281261   -             68 35524at33392         -            346   1.3e-05   24.7   1.9   2   2    0.0019      0.17   11.2   0.1   319   345    35    63    29    64 0.84 -
ptg000172l:7972031-7972360   -            110 35524at33392         -            346   1.4e-05   24.6  10.3   1   2   4.3e-05    0.0038   16.6   4.2   227   284     6    57     1    66 0.83 -
ptg000172l:7972031-7972360   -            110 35524at33392         -            346   1.4e-05   24.6  10.3   2   2    0.0011     0.094   12.0   0.6    47    76    65    94    59   108 0.81 -
ptg000281l:3913769-3914011   -             81 35524at33392         -            346   1.4e-05   24.6   5.6   1   1   3.2e-06   0.00028   20.3   5.6   286   344     7    77     3    79 0.78 -
ptg000658l:1455302-1455544   -             81 35524at33392         -            346   1.4e-05   24.6   5.6   1   1   3.2e-06   0.00028   20.3   5.6   286   344     7    77     3    79 0.78 -
ptg000142l:632206-632439     -             78 35524at33392         -            346   1.5e-05   24.5   1.8   1   2   9.3e-05    0.0082   15.5   0.7   311   345     7    43     1    44 0.85 -
ptg000142l:632206-632439     -             78 35524at33392         -            346   1.5e-05   24.5   1.8   2   2    0.0025      0.22   10.8   0.0   317   345    41    71    38    72 0.85 -
ptg000121l:3371643-3371900   -             86 35524at33392         -            346   1.7e-05   24.3  11.5   1   2     7e-05    0.0061   15.9   0.8   315   344     3    34     1    36 0.87 -
ptg000121l:3371643-3371900   -             86 35524at33392         -            346   1.7e-05   24.3  11.5   2   2     5e-05    0.0044   16.3   9.3   286   336    21    82    21    86 0.80 -
ptg000168l:10719920-10720168 -             83 35524at33392         -            346   2.6e-05   23.7  15.4   1   2   5.7e-05     0.005   16.1   5.1   311   345     6    48     2    49 0.76 -
ptg000168l:10719920-10720168 -             83 35524at33392         -            346   2.6e-05   23.7  15.4   2   2   0.00012      0.01   15.1   3.5   317   345    46    76    45    77 0.92 -
ptg000008l:1241946-1242131   -             62 35524at33392         -            346   3.2e-05   23.4   2.8   1   2   0.00015     0.013   14.8   0.1   264   286     4    26     1    30 0.89 -
ptg000008l:1241946-1242131   -             62 35524at33392         -            346   3.2e-05   23.4   2.8   2   2    0.0041      0.36   10.1   0.4   227   249    29    51    26    61 0.87 -
ptg000172l:7890949-7891344   -            132 35524at33392         -            346   3.2e-05   23.4  19.7   1   2     0.049       4.3    6.5   3.0   262   285    21    44     3    48 0.61 -
ptg000172l:7890949-7891344   -            132 35524at33392         -            346   3.2e-05   23.4  19.7   2   2   1.2e-06    0.0001   21.7  11.8   221   295    39   113    37   129 0.84 -
ptg000034l:7960855-7961169   -            105 35524at33392         -            346   3.3e-05   23.3   8.9   1   2    0.0049      0.43    9.8   0.1   264   287     1    24     1    27 0.89 -
ptg000034l:7960855-7961169   -            105 35524at33392         -            346   3.3e-05   23.3   8.9   2   2   6.7e-05    0.0059   15.9   4.9   227   289    26    83    23    91 0.86 -
ptg000076l:1070851-1071078   -             76 35524at33392         -            346   3.8e-05   23.1   3.6   1   1   1.2e-06    0.0001   21.7   3.6   287   345     2    71     1    72 0.80 -
ptg000042l:3059450-3059686   -             79 35524at33392         -            346   4.3e-05   23.0   7.7   1   2    0.0043      0.38   10.0   0.1   264   286     4    26     1    30 0.85 -
ptg000042l:3059450-3059686   -             79 35524at33392         -            346   4.3e-05   23.0   7.7   2   2   7.5e-05    0.0066   15.8   3.1   227   283    29    79    24    79 0.84 -
ptg000142l:1128207-1128926   -            240 35524at33392         -            346     5e-05   22.7  46.1   1   3     0.027       2.4    7.4   2.3   227   261     5    36     1    54 0.51 -
ptg000142l:1128207-1128926   -            240 35524at33392         -            346     5e-05   22.7  46.1   2   3    0.0048      0.42    9.8  13.3   205   293    57   136    39   138 0.82 -
ptg000142l:1128207-1128926   -            240 35524at33392         -            346     5e-05   22.7  46.1   3   3   9.8e-05    0.0086   15.4  21.4   246   344   124   236   109   238 0.71 -
ptg000142l:720696-721562     -            289 35524at33392         -            346   5.2e-05   22.7  45.3   1   3    0.0045       0.4    9.9   1.8   311   344    24    65    20    67 0.72 -
ptg000142l:720696-721562     -            289 35524at33392         -            346   5.2e-05   22.7  45.3   2   3    0.0008      0.07   12.4  13.0   225   302    82   153    64   175 0.70 -
ptg000142l:720696-721562     -            289 35524at33392         -            346   5.2e-05   22.7  45.3   3   3    0.0081      0.71    9.1  20.6   227   344   147   282   139   286 0.74 -
ptg000073l:4644864-4669619   -             85 35524at33392         -            346   5.8e-05   22.5   6.3   1   2      0.03       2.7    7.2   0.3   261   287     3    29     1    33 0.74 -
ptg000073l:4644864-4669619   -             85 35524at33392         -            346   5.8e-05   22.5   6.3   2   2   7.3e-06   0.00064   19.1   1.5   227   283    32    85    27    85 0.88 -
ptg000045l:6768317-6768682   -            122 35524at33392         -            346   7.6e-05   22.1  16.5   1   2    0.0018      0.16   11.2   5.1   229   287    11    64     1    68 0.79 -
ptg000045l:6768317-6768682   -            122 35524at33392         -            346   7.6e-05   22.1  16.5   2   2   6.6e-05    0.0058   15.9   4.4   225   284    66   121    62   122 0.89 -
ptg000734l:72026-105167      -            835 35524at33392         -            346   7.7e-05   22.1  22.1   1   2   4.3e-05    0.0038   16.6  16.1   258   345   592   696   577   697 0.81 -
ptg000734l:72026-105167      -            835 35524at33392         -            346   7.7e-05   22.1  22.1   2   2   0.00017     0.015   14.6   1.9   227   290   679   736   678   744 0.84 -
ptg000405l:1089787-1133143   -            840 35524at33392         -            346     8e-05   22.1  22.1   1   2   4.3e-05    0.0038   16.6  16.1   258   345   597   701   582   702 0.81 -
ptg000405l:1089787-1133143   -            840 35524at33392         -            346     8e-05   22.1  22.1   2   2   0.00017     0.015   14.6   1.9   227   290   684   741   683   749 0.84 -
ptg000142l:845898-846989     -            364 35524at33392         -            346   8.7e-05   22.0  58.0   1   5     0.012       1.1    8.5   2.5   228   282    55   103    50   110 0.78 -
ptg000142l:845898-846989     -            364 35524at33392         -            346   8.7e-05   22.0  58.0   2   5     0.023       2.1    7.6   7.6   230   284   113   164   108   171 0.88 -
ptg000142l:845898-846989     -            364 35524at33392         -            346   8.7e-05   22.0  58.0   3   5    0.0077      0.68    9.1  17.5   216   336   130   264   122   274 0.70 -
ptg000142l:845898-846989     -            364 35524at33392         -            346   8.7e-05   22.0  58.0   4   5   9.4e-06   0.00083   18.7   9.1   227   344   197   330   192   332 0.75 -
ptg000142l:845898-846989     -            364 35524at33392         -            346   8.7e-05   22.0  58.0   5   5     0.051       4.5    6.4   2.1   315   344   326   358   317   361 0.74 -
ptg000049l:8542843-8543121   -             93 35524at33392         -            346   8.8e-05   21.9  18.5   1   1   1.2e-06   0.00011   21.6  18.5   231   317     2    93     1    93 0.79 -
ptg000258l:77736-78014       -             93 35524at33392         -            346   8.8e-05   21.9  18.5   1   1   1.2e-06   0.00011   21.6  18.5   231   317     2    93     1    93 0.79 -
ptg000062l:41881048-41881290 -             81 35524at33392         -            346   8.8e-05   21.9   9.5   1   2   9.1e-05     0.008   15.5   0.6   316   345     4    35     2    36 0.90 -
ptg000062l:41881048-41881290 -             81 35524at33392         -            346   8.8e-05   21.9   9.5   2   2   0.00041     0.036   13.3   2.0   318   342    34    60    29    64 0.82 -
ptg000165l:6615452-6615649   -             66 35524at33392         -            346   9.1e-05   21.9  10.7   1   2   1.1e-05     0.001   18.5   4.3   308   338     9    39     2    48 0.64 -
ptg000165l:6615452-6615649   -             66 35524at33392         -            346   9.1e-05   21.9  10.7   2   2     0.015       1.3    8.2   2.0   314   334    42    63    37    66 0.74 -
ptg000092l:1846559-1846816   -             86 35524at33392         -            346   9.8e-05   21.8  13.2   1   2     0.009      0.79    8.9   0.5   264   285     4    25     1    29 0.86 -
ptg000092l:1846559-1846816   -             86 35524at33392         -            346   9.8e-05   21.8  13.2   2   2   0.00013     0.012   14.9   7.6   226   290    28    86    25    86 0.84 -
ptg000303l:626630-626887     -             86 35524at33392         -            346   9.8e-05   21.8  13.2   1   2     0.009      0.79    8.9   0.5   264   285     4    25     1    29 0.86 -
ptg000303l:626630-626887     -             86 35524at33392         -            346   9.8e-05   21.8  13.2   2   2   0.00013     0.012   14.9   7.6   226   290    28    86    25    86 0.84 -
ptg000142l:484867-485238     -            124 35524at33392         -            346   9.9e-05   21.8  19.2   1   1   5.1e-06   0.00045   19.6  19.2   229   336     1   120     1   124 0.72 -
ptg000385l:865687-866022     -            112 35524at33392         -            346    0.0001   21.7  12.9   1   1   1.6e-05    0.0014   18.0  12.9   223   289    15    91     1   111 0.58 -
ptg000021l:3142632-3142865   -             78 35524at33392         -            346   0.00011   21.6   4.6   1   2     0.002      0.17   11.1   0.3   318   345    13    42     1    43 0.75 -
ptg000021l:3142632-3142865   -             78 35524at33392         -            346   0.00011   21.6   4.6   2   2   0.00063     0.055   12.7   2.7   317   345    40    70    32    71 0.86 -
ptg000142l:1080691-1081479   -            263 35524at33392         -            346   0.00012   21.5  37.2   1   2    0.0038      0.34   10.2  19.1   218   336    22   158     4   166 0.70 -
ptg000142l:1080691-1081479   -            263 35524at33392         -            346   0.00012   21.5  37.2   2   2      0.46        41    3.3  27.3   228   339    92   221    86   256 0.73 -
ptg000149l:25701648-25718246 -           1576 35524at33392         -            346   0.00013   21.4  74.3   1   8    0.0015      0.13   11.5   2.4   211   282    62   135    52   143 0.62 -
ptg000149l:25701648-25718246 -           1576 35524at33392         -            346   0.00013   21.4  74.3   2   8    0.0012      0.11   11.8   1.5   226   299   113   180   110   193 0.81 -
ptg000149l:25701648-25718246 -           1576 35524at33392         -            346   0.00013   21.4  74.3   3   8      0.81        71    2.5   1.7   219   285   219   280   195   306 0.74 -
ptg000149l:25701648-25718246 -           1576 35524at33392         -            346   0.00013   21.4  74.3   4   8       7.3   6.4e+02   -0.6   7.3   191   284   261   348   258   354 0.78 -
ptg000149l:25701648-25718246 -           1576 35524at33392         -            346   0.00013   21.4  74.3   5   8    0.0028      0.25   10.6   4.1   220   303   501   576   455   587 0.66 -
ptg000149l:25701648-25718246 -           1576 35524at33392         -            346   0.00013   21.4  74.3   6   8      0.19        17    4.6   0.6   259   286   968   995   956  1005 0.76 -
ptg000149l:25701648-25718246 -           1576 35524at33392         -            346   0.00013   21.4  74.3   7   8    0.0029      0.26   10.5   1.5   309   344  1208  1251  1200  1253 0.76 -
ptg000149l:25701648-25718246 -           1576 35524at33392         -            346   0.00013   21.4  74.3   8   8     0.012         1    8.6  10.6   226   344  1375  1488  1271  1490 0.74 -
ptg000007l:5961494-5962423   -            310 35524at33392         -            346   0.00013   21.4  68.8   1   4     8e-05    0.0071   15.7  19.1   208   310     2   113     1   116 0.82 -
ptg000007l:5961494-5962423   -            310 35524at33392         -            346   0.00013   21.4  68.8   2   4   9.4e-05    0.0082   15.4  25.4   228   344    87   220    80   222 0.77 -
ptg000007l:5961494-5962423   -            310 35524at33392         -            346   0.00013   21.4  68.8   3   4   5.8e-05    0.0051   16.1  26.2   231   345   121   249   115   250 0.77 -
ptg000007l:5961494-5962423   -            310 35524at33392         -            346   0.00013   21.4  68.8   4   4     0.078       6.8    5.8  21.4   253   341   196   299   189   304 0.73 -
ptg000018l:197117-197386     -             90 35524at33392         -            346   0.00014   21.3  11.1   1   2     2e-05    0.0017   17.7   3.5   226   286     4    60     1    63 0.87 -
ptg000018l:197117-197386     -             90 35524at33392         -            346   0.00014   21.3  11.1   2   2   0.00042     0.037   13.3   5.3   226   286    34    88    30    90 0.86 -
ptg000618l:565122-565391     -             90 35524at33392         -            346   0.00014   21.3  11.1   1   2     2e-05    0.0017   17.7   3.5   226   286     4    60     1    63 0.87 -
ptg000618l:565122-565391     -             90 35524at33392         -            346   0.00014   21.3  11.1   2   2   0.00042     0.037   13.3   5.3   226   286    34    88    30    90 0.86 -
ptg000127l:2004978-2005229   -             84 35524at33392         -            346   0.00016   21.0   7.0   1   2   0.00042     0.037   13.3   0.9   315   344    19    50     2    52 0.80 -
ptg000127l:2004978-2005229   -             84 35524at33392         -            346   0.00016   21.0   7.0   2   2   0.00071     0.062   12.6   3.0   312   344    38    78    37    82 0.67 -
ptg000247l:1555295-1555534   -             80 35524at33392         -            346    0.0002   20.7   4.5   1   3   0.00019     0.017   14.4   0.2   319   345     2    30     1    31 0.85 -
ptg000247l:1555295-1555534   -             80 35524at33392         -            346    0.0002   20.7   4.5   2   3     0.014       1.2    8.3   0.2   317   339    28    51    22    54 0.78 -
ptg000247l:1555295-1555534   -             80 35524at33392         -            346    0.0002   20.7   4.5   3   3     0.062       5.4    6.2   0.9   261   285    40    64    31    77 0.64 -
ptg000067l:6263149-6263361   -             71 35524at33392         -            346    0.0002   20.7   5.5   1   2   0.00012     0.011   15.1   2.0   250   286     7    43     2    47 0.89 -
ptg000067l:6263149-6263361   -             71 35524at33392         -            346    0.0002   20.7   5.5   2   2     0.026       2.3    7.4   0.1   227   249    47    69    43    71 0.81 -
ptg000121l:3365248-3365493   -             82 35524at33392         -            346   0.00022   20.6   7.9   1   1   2.8e-06   0.00025   20.5   7.9   223   282    20    72     3    81 0.79 -
ptg000062l:35201244-35202311 -            356 35524at33392         -            346   0.00023   20.6   3.4   1   1   4.6e-06   0.00041   19.7   3.4    46   110   277   341   269   350 0.57 -
ptg000057l:9119470-9119715   -             82 35524at33392         -            346   0.00028   20.3   9.4   1   1   0.00017     0.015   14.6   3.7   227   283    30    80    28    82 0.84 -
ptg000570l:215505-216302     -            266 35524at33392         -            346   0.00028   20.3  23.7   1   2   3.2e-06   0.00028   20.3  23.7   211   344    13   164     3   166 0.72 -
ptg000570l:215505-216302     -            266 35524at33392         -            346   0.00028   20.3  23.7   2   2       1.1        97    2.1  12.0   224   308   176   266   170   266 0.68 -
ptg000232l:4445485-4445757   -             91 35524at33392         -            346   0.00029   20.2   0.8   1   1   4.3e-06   0.00038   19.8   0.4   268   346     3    81     1    81 0.84 -
ptg000385l:908533-908787     -             85 35524at33392         -            346   0.00033   20.0   8.6   1   1   1.1e-05   0.00099   18.5   8.6   256   325     4    82     1    85 0.80 -
ptg000149l:2377961-2378638   -            226 35524at33392         -            346   0.00037   19.9  42.2   1   4     0.025       2.2    7.5  23.1   254   338     9   109     3   116 0.72 -
ptg000149l:2377961-2378638   -            226 35524at33392         -            346   0.00037   19.9  42.2   2   4       1.1        96    2.1   0.4    52    70   108   126   100   133 0.80 -
ptg000149l:2377961-2378638   -            226 35524at33392         -            346   0.00037   19.9  42.2   3   4   0.00014     0.013   14.8   4.7   209   282   114   189   109   196 0.76 -
ptg000149l:2377961-2378638   -            226 35524at33392         -            346   0.00037   19.9  42.2   4   4     0.038       3.3    6.9   1.5   228   255   197   224   190   226 0.86 -
ptg000245l:1952449-1953468   -            340 35524at33392         -            346   0.00037   19.9  23.5   1   4      0.13        12    5.1  14.3   263   326    14    91     4    97 0.63 -
ptg000245l:1952449-1953468   -            340 35524at33392         -            346   0.00037   19.9  23.5   2   4   4.2e-06   0.00037   19.9  23.5   211   344    86   237    79   239 0.73 -
ptg000245l:1952449-1953468   -            340 35524at33392         -            346   0.00037   19.9  23.5   3   4       2.4   2.1e+02    1.0  17.4   237   318   201   293   197   311 0.56 -
ptg000245l:1952449-1953468   -            340 35524at33392         -            346   0.00037   19.9  23.5   4   4       2.1   1.8e+02    1.1  12.4   225   308   250   339   245   340 0.68 -
ptg000122l:6098386-6098568   -             61 35524at33392         -            346   0.00045   19.6   3.5   1   2   9.8e-06   0.00086   18.7   0.7   317   346    13    44     2    44 0.84 -
ptg000122l:6098386-6098568   -             61 35524at33392         -            346   0.00045   19.6   3.5   2   2      0.12        10    5.2   0.1   317   335    41    59    39    61 0.87 -
ptg000247l:1561080-1561316   -             79 35524at33392         -            346   0.00059   19.2   9.7   1   2   0.00021     0.018   14.3   1.6   317   345    12    42     1    43 0.81 -
ptg000247l:1561080-1561316   -             79 35524at33392         -            346   0.00059   19.2   9.7   2   2    0.0026      0.23   10.7   1.6   251   284    43    76    40    79 0.90 -
ptg000383l:395286-396009     -             79 35524at33392         -            346   0.00063   19.1   7.4   1   1   9.6e-06   0.00084   18.7   7.4   215   285     7    78     3    79 0.85 -
ptg000402l:543417-546842     -             79 35524at33392         -            346   0.00063   19.1   7.4   1   1   9.6e-06   0.00084   18.7   7.4   215   285     7    78     3    79 0.85 -
ptg000383l:395506-395634     -             43 35524at33392         -            346   0.00071   18.9   0.0   1   1   8.3e-06   0.00073   18.9   0.0   315   346     7    40     2    40 0.89 -
ptg000402l:546494-546622     -             43 35524at33392         -            346   0.00071   18.9   0.0   1   1   8.3e-06   0.00073   18.9   0.0   315   346     7    40     2    40 0.89 -
ptg000199l:2279613-2407130   -             99 35524at33392         -            346   0.00073   18.9   6.5   1   1     9e-06   0.00079   18.8   6.5   220   303     5    91     1    99 0.72 -
ptg000168l:10709085-10709330 -             82 35524at33392         -            346   0.00075   18.9  13.8   1   3    0.0008     0.071   12.4   2.2   316   345    11    42     1    43 0.83 -
ptg000168l:10709085-10709330 -             82 35524at33392         -            346   0.00075   18.9  13.8   2   3   0.00013     0.012   14.9   2.4   317   345    40    70    39    71 0.91 -
ptg000168l:10709085-10709330 -             82 35524at33392         -            346   0.00075   18.9  13.8   3   3         6   5.3e+02   -0.4   0.1   318   328    69    79    68    81 0.82 -
ptg000032l:7493025-7494653   -            543 35524at33392         -            346   0.00077   18.8   2.7   1   1   1.4e-05    0.0012   18.2   2.7   197   290   444   528   418   539 0.66 -
ptg000279l:11962776-11964281 -            502 35524at33392         -            346   0.00077   18.8 103.9   1   5    0.0023       0.2   10.9  10.6   206   287     5    83     2    90 0.82 -
ptg000279l:11962776-11964281 -            502 35524at33392         -            346   0.00077   18.8 103.9   2   5    0.0085      0.75    9.0  26.2   230   337    60   185    59   193 0.78 -
ptg000279l:11962776-11964281 -            502 35524at33392         -            346   0.00077   18.8 103.9   3   5     0.035       3.1    7.0   0.6   285   309   208   232   192   236 0.87 -
ptg000279l:11962776-11964281 -            502 35524at33392         -            346   0.00077   18.8 103.9   4   5     0.024       2.2    7.5  23.9   227   326   237   346   234   353 0.77 -
ptg000279l:11962776-11964281 -            502 35524at33392         -            346   0.00077   18.8 103.9   5   5       4.8   4.3e+02   -0.1  26.1   225   327   355   475   335   502 0.58 -
ptg000283l:2739517-2739783   -             89 35524at33392         -            346   0.00077   18.8  13.3   1   1   7.3e-05    0.0064   15.8  13.3   231   327     1    82     1    88 0.71 -
ptg000232l:5931521-5939706   -             62 35524at33392         -            346   0.00081   18.8   1.6   1   2    0.0013      0.11   11.7   0.1   261   287     8    34     2    37 0.77 -
ptg000232l:5931521-5939706   -             62 35524at33392         -            346   0.00081   18.8   1.6   2   2     0.033       2.9    7.1   0.2   227   249    36    58    32    62 0.49 -
ptg000032l:23670801-23671025 -             75 35524at33392         -            346   0.00086   18.7   9.2   1   1     3e-05    0.0027   17.1   8.6   287   342     1    67     1    71 0.74 -
ptg000110l:2491994-2492332   -            113 35524at33392         -            346   0.00088   18.6  11.5   1   1   0.00015     0.013   14.8  11.5   265   340     2   104     1   112 0.56 -
ptg000244l:7981925-7982179   -             85 35524at33392         -            346    0.0009   18.6   7.8   1   1   3.7e-05    0.0032   16.8   7.8   222   295    12    78     2    85 0.66 -
ptg000393l:895355-895507     -             51 35524at33392         -            346   0.00095   18.5   2.7   1   1   1.1e-05     0.001   18.4   2.7   231   284     1    49     1    51 0.90 -
ptg000062l:7180839-7181457   -            125 35524at33392         -            346   0.00095   18.5  20.0   1   2   0.00058     0.051   12.8   6.5   287   345    17    80     3    81 0.66 -
ptg000062l:7180839-7181457   -            125 35524at33392         -            346   0.00095   18.5  20.0   2   2   0.00027     0.024   13.9   6.9   233   288    69   118    67   123 0.85 -
ptg000570l:153716-154651     -            312 35524at33392         -            346   0.00099   18.5  67.5   1   3   5.5e-05    0.0048   16.2  24.7   195   316    16   142     6   143 0.80 -
ptg000570l:153716-154651     -            312 35524at33392         -            346   0.00099   18.5  67.5   2   3    0.0012       0.1   11.9  26.5   206   329   113   221   109   226 0.85 -
ptg000570l:153716-154651     -            312 35524at33392         -            346   0.00099   18.5  67.5   3   3       2.6   2.3e+02    0.8  12.4   230   290   229   287   227   312 0.45 -
ptg000172l:7902503-7902751   -             83 35524at33392         -            346     0.001   18.4   6.1   1   2     0.044       3.9    6.7   0.4   264   286     5    27     1    32 0.75 -
ptg000172l:7902503-7902751   -             83 35524at33392         -            346     0.001   18.4   6.1   2   2   0.00014     0.012   14.9   1.4   227   282    30    82    26    83 0.87 -
ptg000245l:2006946-2007821   -            292 35524at33392         -            346    0.0011   18.3  62.0   1   4     0.031       2.7    7.2   7.5   285   331     6    62     2    64 0.79 -
ptg000245l:2006946-2007821   -            292 35524at33392         -            346    0.0011   18.3  62.0   2   4   0.00077     0.068   12.4  25.5   206   329    39   147    34   152 0.86 -
ptg000245l:2006946-2007821   -            292 35524at33392         -            346    0.0011   18.3  62.0   3   4     0.099       8.7    5.5   5.2   231   285   156   208   153   219 0.42 -
ptg000245l:2006946-2007821   -            292 35524at33392         -            346    0.0011   18.3  62.0   4   4    0.0063      0.56    9.4  11.1   206   276   220   287   214   292 0.87 -
ptg000501l:3267305-3267523   -             73 35524at33392         -            346    0.0012   18.2   7.4   1   2   5.8e-05    0.0051   16.1   2.3   231   284     1    48     1    54 0.84 -
ptg000501l:3267305-3267523   -             73 35524at33392         -            346    0.0012   18.2   7.4   2   2     0.091         8    5.6   0.4   227   244    53    70    48    73 0.55 -
ptg000142l:1159814-1159963   -             50 35524at33392         -            346    0.0012   18.2   1.6   1   2    0.0048      0.43    9.8   0.0   265   286     1    22     1    27 0.89 -
ptg000142l:1159814-1159963   -             50 35524at33392         -            346    0.0012   18.2   1.6   2   2    0.0085      0.75    9.0   0.9   224   250    22    48    20    50 0.83 -
ptg000279l:12697160-12697849 -            230 35524at33392         -            346    0.0012   18.1  39.9   1   3     0.012         1    8.5  20.7   225   316    12   115     3   134 0.75 -
ptg000279l:12697160-12697849 -            230 35524at33392         -            346    0.0012   18.1  39.9   2   3     0.049       4.3    6.5  17.8   225   325   105   216   102   218 0.70 -
ptg000279l:12697160-12697849 -            230 35524at33392         -            346    0.0012   18.1  39.9   3   3      0.23        20    4.3   0.8   286   310   200   224   198   228 0.92 -
ptg000180l:6850154-6860006   -            303 35524at33392         -            346    0.0013   18.1  36.4   1   2       3.4     3e+02    0.5  16.3   268   345   121   187   114   188 0.59 -
ptg000180l:6850154-6860006   -            303 35524at33392         -            346    0.0013   18.1  36.4   2   2    0.0002     0.018   14.4  14.1   251   342   188   295   182   303 0.45 -
ptg000287l:426699-426851     -             51 35524at33392         -            346    0.0014   18.0   2.3   1   1   0.00012      0.01   15.1   2.3   229   283     1    49     1    51 0.80 -
ptg000492l:434688-434840     -             51 35524at33392         -            346    0.0014   18.0   2.3   1   1   0.00012      0.01   15.1   2.3   229   283     1    49     1    51 0.80 -
ptg000142l:428078-428257     -             60 35524at33392         -            346    0.0014   18.0   2.1   1   1   2.5e-05    0.0022   17.4   2.1   287   335     1    58     1    60 0.82 -
ptg000233l:227448-227708     -             87 35524at33392         -            346    0.0015   17.9  11.9   1   2      0.11       9.6    5.4   1.6    49    67     2    20     1    25 0.64 -
ptg000233l:227448-227708     -             87 35524at33392         -            346    0.0015   17.9  11.9   2   2   7.3e-05    0.0064   15.8   4.1   227   284    28    79    24    82 0.85 -
ptg000420l:234079-234339     -             87 35524at33392         -            346    0.0015   17.9  11.9   1   2      0.11       9.6    5.4   1.6    49    67     2    20     1    25 0.64 -
ptg000420l:234079-234339     -             87 35524at33392         -            346    0.0015   17.9  11.9   2   2   7.3e-05    0.0064   15.8   4.1   227   284    28    79    24    82 0.85 -
ptg000074l:3479497-3479745   -             83 35524at33392         -            346    0.0016   17.8  12.3   1   2   0.00018     0.015   14.6   0.6   317   345    12    42     1    43 0.88 -
ptg000074l:3479497-3479745   -             83 35524at33392         -            346    0.0016   17.8  12.3   2   2     0.001     0.088   12.1   9.9   228   290    26    81    25    83 0.78 -
ptg000507l:242529-242777     -             83 35524at33392         -            346    0.0016   17.8  12.3   1   2   0.00018     0.015   14.6   0.6   317   345    12    42     1    43 0.88 -
ptg000507l:242529-242777     -             83 35524at33392         -            346    0.0016   17.8  12.3   2   2     0.001     0.088   12.1   9.9   228   290    26    81    25    83 0.78 -
ptg000122l:38404361-38489582 -            467 35524at33392         -            346    0.0018   17.6  11.0   1   2    0.0025      0.22   10.8   2.0   317   345   340   372   292   373 0.84 -
ptg000122l:38404361-38489582 -            467 35524at33392         -            346    0.0018   17.6  11.0   2   2   0.00076     0.067   12.5   3.1   234   291   362   413   359   427 0.58 -
ptg000093l:4044008-4044172   -             55 35524at33392         -            346    0.0018   17.6   2.2   1   1     3e-05    0.0027   17.0   1.6   316   345    13    44     1    45 0.79 -
ptg000142l:989217-989888     -            224 35524at33392         -            346    0.0019   17.6  19.5   1   3     0.064       5.6    6.1   0.3   124   163    19    57     6    61 0.83 -
ptg000142l:989217-989888     -            224 35524at33392         -            346    0.0019   17.6  19.5   2   3     0.062       5.4    6.2   2.1   227   290    70   129    63   143 0.76 -
ptg000142l:989217-989888     -            224 35524at33392         -            346    0.0019   17.6  19.5   3   3     0.027       2.4    7.4   0.2   263   284   201   222   189   224 0.87 -
ptg000046l:828229-829269     -            347 35524at33392         -            346     0.002   17.5  65.3   1   4    0.0081      0.71    9.1   5.1   286   334     3    63     1    68 0.65 -
ptg000046l:828229-829269     -            347 35524at33392         -            346     0.002   17.5  65.3   2   4     0.096       8.4    5.5  10.3   223   288    64   128    57   136 0.74 -
ptg000046l:828229-829269     -            347 35524at33392         -            346     0.002   17.5  65.3   3   4    0.0043      0.37   10.0  19.0   228   326   134   250   130   252 0.73 -
ptg000046l:828229-829269     -            347 35524at33392         -            346     0.002   17.5  65.3   4   4     0.022       1.9    7.6  14.1   229   327   228   340   223   346 0.73 -
ptg000008l:1253001-1253222   -             74 35524at33392         -            346    0.0024   17.2   7.5   1   1   4.1e-05    0.0036   16.6   7.5   264   316     2    60     1    69 0.77 -
ptg000086l:2797191-2797433   -             81 35524at33392         -            346    0.0026   17.1   9.1   1   1   4.6e-05    0.0041   16.5   8.7   286   343     7    75     3    78 0.64 -
ptg000049l:8535565-8535813   -             83 35524at33392         -            346    0.0026   17.1   3.2   1   2     3e-05    0.0026   17.1   3.2   310   345     8    45     1    46 0.83 -
ptg000049l:8535565-8535813   -             83 35524at33392         -            346    0.0026   17.1   3.2   2   2     0.096       8.4    5.5   1.5   218   247    48    76    39    83 0.41 -
ptg000096l:1387053-1387298   -             82 35524at33392         -            346    0.0034   16.7   8.5   1   2   0.00031     0.027   13.8   7.0   297   342     2    56     1    64 0.70 -
ptg000096l:1387053-1387298   -             82 35524at33392         -            346    0.0034   16.7   8.5   2   2      0.58        51    3.0   0.1   267   286    52    71    49    78 0.79 -
ptg000024l:30234053-30234322 -             90 35524at33392         -            346    0.0035   16.6   7.1   1   1   0.00022     0.019   14.2   7.1   246   319    11    81     2    90 0.85 -
ptg000082l:7479700-7479879   -             60 35524at33392         -            346    0.0039   16.5   1.4   1   1   5.9e-05    0.0051   16.1   1.4   227   304     8    57     2    60 0.51 -
ptg000606l:258754-259683     -            310 35524at33392         -            346    0.0041   16.4  62.3   1   3     0.077       6.8    5.9   0.9   311   335     2    33     1    44 0.73 -
ptg000606l:258754-259683     -            310 35524at33392         -            346    0.0041   16.4  62.3   2   3     0.021       1.8    7.7  23.9   228   326    86   193    73   197 0.76 -
ptg000606l:258754-259683     -            310 35524at33392         -            346    0.0041   16.4  62.3   3   3    0.0069      0.61    9.3  18.8   229   326   195   309   189   310 0.65 -
ptg000258l:65562-65819       -             86 35524at33392         -            346    0.0043   16.4   4.3   1   2   4.8e-05    0.0043   16.4   4.3   310   345    11    48     2    49 0.78 -
ptg000258l:65562-65819       -             86 35524at33392         -            346    0.0043   16.4   4.3   2   2       0.1         9    5.5   1.5   218   247    51    79    42    86 0.41 -
ptg000172l:6213608-6219628   -            373 35524at33392         -            346    0.0045   16.3  16.5   1   4     0.028       2.5    7.3   0.6   227   260     9    42     6    58 0.87 -
ptg000172l:6213608-6219628   -            373 35524at33392         -            346    0.0045   16.3  16.5   2   4   0.00084     0.074   12.3   1.2    46    78    71   103    56   120 0.68 -
ptg000172l:6213608-6219628   -            373 35524at33392         -            346    0.0045   16.3  16.5   3   4      0.36        32    3.6   0.1    41    78   197   234   182   238 0.86 -
ptg000172l:6213608-6219628   -            373 35524at33392         -            346    0.0045   16.3  16.5   4   4         2   1.8e+02    1.2   0.1   293   326   335   370   312   372 0.79 -
ptg000082l:6657304-6657570   -             89 35524at33392         -            346    0.0047   16.3   6.0   1   2       1.1     1e+02    2.0   0.1   318   331    10    23     3    27 0.85 -
ptg000082l:6657304-6657570   -             89 35524at33392         -            346    0.0047   16.3   6.0   2   2    0.0001    0.0092   15.3   2.6   227   281    31    88    26    89 0.75 -
ptg000199l:2311926-2312093   -             56 35524at33392         -            346    0.0047   16.2   4.0   1   2    0.0055      0.48    9.6   0.6   261   288     2    28     1    32 0.84 -
ptg000199l:2311926-2312093   -             56 35524at33392         -            346    0.0047   16.2   4.0   2   2    0.0084      0.74    9.0   0.2   261   284    31    54    28    56 0.81 -
ptg000509l:6036296-6036463   -             56 35524at33392         -            346    0.0047   16.2   4.0   1   2    0.0055      0.48    9.6   0.6   261   288     2    28     1    32 0.84 -
ptg000509l:6036296-6036463   -             56 35524at33392         -            346    0.0047   16.2   4.0   2   2    0.0084      0.74    9.0   0.2   261   284    31    54    28    56 0.81 -
ptg000232l:5931738-5937015   -             85 35524at33392         -            346    0.0048   16.2   3.7   1   2   5.5e-05    0.0048   16.2   3.7   314   345    15    48     2    49 0.82 -
ptg000232l:5931738-5937015   -             85 35524at33392         -            346    0.0048   16.2   3.7   2   2     0.017       1.5    8.0   5.9   229   284    33    82    33    85 0.81 -
ptg000067l:6190581-6190778   -             66 35524at33392         -            346    0.0053   16.1   8.6   1   1   0.00013     0.012   14.9   8.6   231   293     1    58     1    66 0.65 -
ptg000142l:1040336-1041043   -            236 35524at33392         -            346    0.0054   16.1  33.3   1   3    0.0039      0.34   10.1   4.5   231   286     1    51     1    91 0.87 -
ptg000142l:1040336-1041043   -            236 35524at33392         -            346    0.0054   16.1  33.3   2   3     0.012       1.1    8.5   6.5   263   343    75   167    59   170 0.67 -
ptg000142l:1040336-1041043   -            236 35524at33392         -            346    0.0054   16.1  33.3   3   3     0.072       6.3    6.0  20.7   225   326   121   230   116   235 0.62 -
ptg000183l:2596491-2596775   -             95 35524at33392         -            346    0.0057   16.0   8.5   1   3   0.00052     0.045   13.0   1.4   320   346     4    32     1    32 0.90 -
ptg000183l:2596491-2596775   -             95 35524at33392         -            346    0.0057   16.0   8.5   2   3     0.084       7.4    5.7   0.0   317   340    29    56    27    62 0.78 -
ptg000183l:2596491-2596775   -             95 35524at33392         -            346    0.0057   16.0   8.5   3   3      0.23        20    4.3   0.4   320   335    62    77    50    92 0.73 -
ptg000606l:378074-378358     -             95 35524at33392         -            346    0.0057   16.0   8.5   1   3   0.00052     0.045   13.0   1.4   320   346     4    32     1    32 0.90 -
ptg000606l:378074-378358     -             95 35524at33392         -            346    0.0057   16.0   8.5   2   3     0.084       7.4    5.7   0.0   317   340    29    56    27    62 0.78 -
ptg000606l:378074-378358     -             95 35524at33392         -            346    0.0057   16.0   8.5   3   3      0.23        20    4.3   0.4   320   335    62    77    50    92 0.73 -
ptg000035l:13331198-13331506 -            103 35524at33392         -            346    0.0059   15.9   3.3   1   1   0.00017     0.015   14.6   3.3   255   327    18    92    12   102 0.74 -
ptg000385l:868362-868535     -             58 35524at33392         -            346    0.0059   15.9   6.3   1   1    0.0011     0.099   11.9   0.2   319   343     2    28     1    31 0.76 -
ptg000012l:5490547-5490744   -             66 35524at33392         -            346    0.0066   15.8   0.7   1   1   9.5e-05    0.0084   15.4   0.7   311   342    18    57     9    65 0.74 -
ptg000010l:4156956-4157714   -            253 35524at33392         -            346     0.007   15.7  13.4   1   3     8e-05     0.007   15.7  13.4   229   311    14   102     3   106 0.79 -
ptg000010l:4156956-4157714   -            253 35524at33392         -            346     0.007   15.7  13.4   2   3    0.0064      0.56    9.4  27.9   228   345    75   215    71   216 0.72 -
ptg000010l:4156956-4157714   -            253 35524at33392         -            346     0.007   15.7  13.4   3   3      0.32        28    3.8  12.4   229   296   169   235   166   253 0.70 -
ptg000096l:1387455-1387637   -             61 35524at33392         -            346    0.0075   15.6   7.1   1   1   0.00097     0.086   12.1   0.4   316   336    39    59    35    61 0.87 -
ptg000538l:234577-234759     -             61 35524at33392         -            346    0.0075   15.6   7.1   1   1   0.00097     0.086   12.1   0.4   316   336    39    59    35    61 0.87 -
ptg000136l:232291-232440     -             50 35524at33392         -            346    0.0076   15.6   2.3   1   2     0.077       6.8    5.9   0.1   265   285     1    21     1    25 0.76 -
ptg000136l:232291-232440     -             50 35524at33392         -            346    0.0076   15.6   2.3   2   2    0.0044      0.39   10.0   0.3   227   250    25    48    20    50 0.84 -
ptg000361l:821471-821620     -             50 35524at33392         -            346    0.0076   15.6   2.3   1   2     0.077       6.8    5.9   0.1   265   285     1    21     1    25 0.76 -
ptg000361l:821471-821620     -             50 35524at33392         -            346    0.0076   15.6   2.3   2   2    0.0044      0.39   10.0   0.3   227   250    25    48    20    50 0.84 -
ptg000080l:864434-891304     -            568 35524at33392         -            346    0.0078   15.5   4.4   1   2   0.00015     0.013   14.8   1.0   308   345   465   510   444   512 0.80 -
ptg000080l:864434-891304     -            568 35524at33392         -            346    0.0078   15.5   4.4   2   2       2.4   2.1e+02    0.9   0.1   228   255   531   557   511   566 0.70 -
ptg000649l:398428-398598     -             57 35524at33392         -            346    0.0079   15.5   4.7   1   2   0.00012      0.01   15.1   1.6   316   345    11    42     1    43 0.81 -
ptg000649l:398428-398598     -             57 35524at33392         -            346    0.0079   15.5   4.7   2   2      0.57        50    3.0   0.0   317   334    40    57    37    57 0.88 -
ptg000234l:2983844-2984053   -             70 35524at33392         -            346    0.0081   15.5   4.3   1   1    0.0019      0.17   11.1   4.1   311   345    24    66    21    67 0.64 -
ptg000229l:323397-323594     -             66 35524at33392         -            346    0.0082   15.5   4.2   1   1   0.00014     0.012   14.9   4.2   263   312     3    58     1    64 0.53 -
ptg000384l:1420214-1456883   -             48 35524at33392         -            346    0.0084   15.4   0.3   1   1   0.00011    0.0093   15.3   0.3   259   286    20    46    16    48 0.91 -
ptg000110l:2491656-2491850   -             65 35524at33392         -            346    0.0085   15.4   6.9   1   1   0.00029     0.026   13.8   6.9   231   294     1    57     1    65 0.63 -
ptg000183l:2696914-2697843   -            310 35524at33392         -            346    0.0085   15.4  63.2   1   4     0.084       7.4    5.7   0.9   311   335     2    31     1    43 0.74 -
ptg000183l:2696914-2697843   -            310 35524at33392         -            346    0.0085   15.4  63.2   2   4       0.4        35    3.5   1.0   319   344    43    71    35    73 0.74 -
ptg000183l:2696914-2697843   -            310 35524at33392         -            346    0.0085   15.4  63.2   3   4    0.0096      0.84    8.8  22.6   228   318    86   183    73   196 0.77 -
ptg000183l:2696914-2697843   -            310 35524at33392         -            346    0.0085   15.4  63.2   4   4    0.0088      0.78    8.9  18.9   229   326   195   309   190   310 0.65 -
ptg000074l:3531391-3531630   -             80 35524at33392         -            346    0.0089   15.3  12.1   1   2     0.024       2.1    7.5   2.4   286   322     1    40     1    43 0.81 -
ptg000074l:3531391-3531630   -             80 35524at33392         -            346    0.0089   15.3  12.1   2   2   0.00035     0.031   13.6   6.6   227   285    26    78    20    80 0.82 -
ptg000315l:361363-361845     -            161 35524at33392         -            346    0.0091   15.3  18.5   1   3      0.27        24    4.0   0.1   227   247     2    22     1    30 0.81 -
ptg000315l:361363-361845     -            161 35524at33392         -            346    0.0091   15.3  18.5   2   3    0.0073      0.64    9.2   5.1    51    99    32    84    25    92 0.68 -
ptg000315l:361363-361845     -            161 35524at33392         -            346    0.0091   15.3  18.5   3   3      0.69        61    2.7   0.5   260   281   140   161   120   161 0.81 -
ptg000234l:3465082-3465246   -             55 35524at33392         -            346    0.0099   15.2   4.3   1   1   0.00096     0.085   12.1   4.1   311   345    10    52     7    53 0.64 -
ptg000153l:1302876-1303058   -             61 35524at33392         -            346      0.01   15.2   4.4   1   1   0.00017     0.015   14.6   4.4   229   310     3    56     1    60 0.46 -
ptg000067l:6234472-6234663   -             64 35524at33392         -            346      0.01   15.2   6.4   1   1   0.00017     0.015   14.6   6.4   287   337     1    62     1    64 0.63 -
ptg000201l:3020840-3021094   -             85 35524at33392         -            346     0.011   15.0  10.0   1   1     0.015       1.3    8.2   6.0   227   283    34    85    30    85 0.85 -
ptg000254l:8392058-8392435   -            126 35524at33392         -            346     0.011   15.0  10.6   1   2    0.0049      0.43    9.8   2.8   254   290    31    67    18    69 0.80 -
ptg000254l:8392058-8392435   -            126 35524at33392         -            346     0.011   15.0  10.6   2   2     0.011         1    8.6   1.8   193   246    69   125    65   126 0.78 -
ptg000131l:205570-313125     -             49 35524at33392         -            346     0.012   15.0   4.2   1   1   0.00019     0.017   14.4   4.2   260   297     3    43     1    49 0.71 -
ptg000344l:955042-955221     -             60 35524at33392         -            346     0.012   15.0   3.5   1   1   0.00018     0.015   14.5   3.0   308   336     8    44     1    54 0.59 -
ptg000067l:6022971-6023171   -             67 35524at33392         -            346     0.012   15.0   9.9   1   1   0.00026     0.023   14.0   9.9   287   338     3    65     1    67 0.45 -
ptg000199l:2460188-2515252   -             80 35524at33392         -            346     0.012   14.9  12.4   1   1   0.00022     0.019   14.3  12.4   191   250     5    69     1    77 0.60 -
ptg000279l:12066299-12067396 -            366 35524at33392         -            346     0.012   14.9  72.2   1   5   0.00051     0.044   13.0   3.1   263   309     9    64     5    68 0.85 -
ptg000279l:12066299-12067396 -            366 35524at33392         -            346     0.012   14.9  72.2   2   5    0.0061      0.53    9.5  10.7   282   342    68   138    65   140 0.82 -
ptg000279l:12066299-12067396 -            366 35524at33392         -            346     0.012   14.9  72.2   3   5       2.7   2.4e+02    0.8  20.5   231   316   130   227   125   243 0.54 -
ptg000279l:12066299-12067396 -            366 35524at33392         -            346     0.012   14.9  72.2   4   5       0.2        18    4.5  21.6   228   339   189   307   186   309 0.70 -
ptg000279l:12066299-12067396 -            366 35524at33392         -            346     0.012   14.9  72.2   5   5      0.58        51    3.0  12.3   213   288   283   356   278   366 0.73 -
ptg000402l:921986-922279     -             98 35524at33392         -            346     0.012   14.9  19.1   1   1     0.001     0.092   12.0  19.1   263   336     4    94     2    98 0.75 -
ptg000273l:1057062-1067948   -             54 35524at33392         -            346     0.013   14.8   2.7   1   2   0.00019     0.017   14.4   0.7   318   345     8    37     4    38 0.90 -
ptg000273l:1057062-1067948   -             54 35524at33392         -            346     0.013   14.8   2.7   2   2      0.02       1.8    7.8   0.6   191   215    25    49    23    53 0.85 -
ptg000247l:1559091-1559333   -             81 35524at33392         -            346     0.013   14.8  12.8   1   2     0.001      0.09   12.0   9.3   227   291     3    61     2    63 0.79 -
ptg000247l:1559091-1559333   -             81 35524at33392         -            346     0.013   14.8  12.8   2   2   0.00073     0.064   12.5   5.6   227   281    31    80    29    81 0.85 -
ptg000507l:301985-302224     -             80 35524at33392         -            346     0.014   14.7  11.5   1   2     0.064       5.6    6.1   3.0   287   322     2    40     1    46 0.78 -
ptg000507l:301985-302224     -             80 35524at33392         -            346     0.014   14.7  11.5   2   2   0.00034      0.03   13.6   6.8   227   285    26    78    19    80 0.81 -
ptg000062l:19992964-19993209 -             82 35524at33392         -            346     0.015   14.6  14.8   1   2     0.002      0.18   11.1  10.9   228   287     4    57     2    63 0.85 -
ptg000062l:19992964-19993209 -             82 35524at33392         -            346     0.015   14.6  14.8   2   2   0.00033     0.029   13.6   6.0   228   283    32    82    30    82 0.88 -
ptg000185l:5148142-5148810   -            223 35524at33392         -            346     0.015   14.6  39.6   1   2    0.0024      0.21   10.8  19.4   227   328    10   128     5   137 0.77 -
ptg000185l:5148142-5148810   -            223 35524at33392         -            346     0.015   14.6  39.6   2   2     0.019       1.6    7.9  19.0   231   328   106   220   101   223 0.67 -
ptg000022l:374451-374684     -             78 35524at33392         -            346     0.015   14.6  10.3   1   1   0.00038     0.033   13.5  10.3   217   331     9    76     1    78 0.46 -
ptg000363l:131203-131436     -             78 35524at33392         -            346     0.015   14.6  10.3   1   1   0.00038     0.033   13.5  10.3   217   331     9    76     1    78 0.46 -
ptg000383l:92619-92912       -             98 35524at33392         -            346     0.018   14.3  19.2   1   1    0.0014      0.12   11.6  19.2   263   336     4    94     2    98 0.75 -
ptg000042l:2881919-2882152   -             78 35524at33392         -            346     0.018   14.3   5.7   1   2   0.00025     0.022   14.0   1.7   307   339    14    54     2    61 0.73 -
ptg000042l:2881919-2882152   -             78 35524at33392         -            346     0.018   14.3   5.7   2   2      0.33        29    3.8   0.7   272   334    54    75    46    78 0.48 -
ptg000570l:123707-124648     -            314 35524at33392         -            346     0.018   14.3  61.6   1   3       0.1       8.9    5.5  24.2   227   341    15   119     2   137 0.66 -
ptg000570l:123707-124648     -            314 35524at33392         -            346     0.018   14.3  61.6   2   3     0.083       7.3    5.7   5.4   283   327   139   195   129   195 0.76 -
ptg000570l:123707-124648     -            314 35524at33392         -            346     0.018   14.3  61.6   3   3    0.0011     0.092   12.0  23.7   208   316   178   298   172   314 0.76 -
ptg000344l:950531-950707     -             59 35524at33392         -            346     0.019   14.2   8.8   1   1   0.00024     0.021   14.1   8.8   229   286     1    52     1    58 0.86 -
ptg000054l:58279-58548       -             90 35524at33392         -            346     0.019   14.2  20.9   1   2    0.0052      0.46    9.7   1.9   258   286     4    32     1    36 0.79 -
ptg000054l:58279-58548       -             90 35524at33392         -            346     0.019   14.2  20.9   2   2    0.0077      0.67    9.2  12.4   225   288    33    90    31    90 0.81 -
ptg000292l:886361-886630     -             90 35524at33392         -            346     0.019   14.2  20.9   1   2    0.0052      0.46    9.7   1.9   258   286     4    32     1    36 0.79 -
ptg000292l:886361-886630     -             90 35524at33392         -            346     0.019   14.2  20.9   2   2    0.0077      0.67    9.2  12.4   225   288    33    90    31    90 0.81 -
ptg000007l:5841034-5841879   -            282 35524at33392         -            346     0.019   14.2  56.2   1   4      0.27        23    4.1   0.8   277   311     9    43     2    47 0.75 -
ptg000007l:5841034-5841879   -            282 35524at33392         -            346     0.019   14.2  56.2   2   4     0.002      0.18   11.1  20.6   227   327    46   160    42   166 0.73 -
ptg000007l:5841034-5841879   -            282 35524at33392         -            346     0.019   14.2  56.2   3   4      0.33        29    3.8  14.3   229   311   110   198   107   204 0.78 -
ptg000007l:5841034-5841879   -            282 35524at33392         -            346     0.019   14.2  56.2   4   4    0.0065      0.57    9.4  12.9   229   303   203   280   192   282 0.72 -
ptg000082l:14168334-14168495 -             54 35524at33392         -            346     0.021   14.1   9.2   1   1     0.003      0.27   10.5   9.2   229   284     2    52     1    54 0.77 -
ptg000234l:3173414-3173578   -             55 35524at33392         -            346     0.021   14.1   4.8   1   1    0.0011     0.095   12.0   4.3   311   345     7    49     3    50 0.64 -
ptg000150l:1012690-1012830   -             47 35524at33392         -            346     0.021   14.1   3.3   1   1    0.0003     0.026   13.8   3.3   229   281     1    47     1    47 0.73 -
ptg000393l:896239-896442     -             68 35524at33392         -            346     0.022   14.1   5.7   1   1   0.00049     0.043   13.1   5.7   287   343     1    66     1    68 0.71 -
ptg000749l:286699-299096     -             66 35524at33392         -            346     0.022   14.0   2.6   1   2   0.00031     0.027   13.7   0.8   318   345    20    49    15    50 0.90 -
ptg000749l:286699-299096     -             66 35524at33392         -            346     0.022   14.0   2.6   2   2     0.032       2.8    7.1   0.5   191   215    37    61    35    65 0.85 -
ptg000569l:658572-658748     -             59 35524at33392         -            346     0.029   13.7   4.8   1   1   0.00038     0.034   13.4   4.8   229   282     1    55     1    59 0.86 -
ptg000030l:8934119-8991775   -             77 35524at33392         -            346     0.029   13.6   7.1   1   1    0.0041      0.36   10.0   7.1   230   287     5    51     1    68 0.59 -
ptg000165l:6615881-6616078   -             66 35524at33392         -            346     0.029   13.6   6.7   1   1    0.0013      0.11   11.7   6.7   227   284    12    63     2    66 0.78 -
ptg000207l:392702-392941     -             80 35524at33392         -            346     0.032   13.5   1.0   1   2   0.00037     0.032   13.5   1.0   316   345     6    37     1    38 0.87 -
ptg000207l:392702-392941     -             80 35524at33392         -            346     0.032   13.5   1.0   2   2     0.041       3.6    6.8   4.4   228   286    21    76    20    80 0.68 -
ptg000080l:29125689-29125940 -             84 35524at33392         -            346     0.034   13.4  11.7   1   2       1.7   1.5e+02    1.5   0.1    51   248     1    18     1    25 0.55 -
ptg000080l:29125689-29125940 -             84 35524at33392         -            346     0.034   13.4  11.7   2   2   0.00082     0.072   12.3  10.4   221   284    19    76    14    83 0.82 -
ptg000234l:3349602-3349790   -             63 35524at33392         -            346     0.041   13.2   4.4   1   1   0.00076     0.067   12.5   4.4   231   281     1    45     1    54 0.48 -
ptg000069l:69761-69964       -             68 35524at33392         -            346     0.045   13.0   3.5   1   1    0.0035      0.31   10.3   3.5   234   284    13    57     3    65 0.67 -
ptg000417l:869631-869834     -             68 35524at33392         -            346     0.045   13.0   3.5   1   1    0.0035      0.31   10.3   3.5   234   284    13    57     3    65 0.67 -
ptg000032l:25621434-25621625 -             64 35524at33392         -            346     0.046   13.0   6.0   1   1    0.0011     0.095   12.0   6.0   257   308     4    61     1    63 0.79 -
ptg000274l:1389573-1389728   -             52 35524at33392         -            346     0.047   13.0   8.2   1   1    0.0029      0.25   10.6   8.2   229   284     1    50     1    51 0.79 -
ptg000649l:395706-395861     -             52 35524at33392         -            346     0.047   13.0   8.2   1   1    0.0029      0.25   10.6   8.2   229   284     1    50     1    51 0.79 -
ptg000098l:4568881-4571596   -            379 35524at33392         -            346      0.06   12.6  11.2   1   2    0.0079       0.7    9.1   0.6   315   344   285   318   268   320 0.78 -
ptg000098l:4568881-4571596   -            379 35524at33392         -            346      0.06   12.6  11.2   2   2     0.028       2.4    7.3   5.7   250   288   319   357   309   366 0.76 -
ptg000509l:5156670-5156846   -             59 35524at33392         -            346      0.06   12.6   4.8   1   1   0.00088     0.077   12.3   4.8   229   282     1    55     1    59 0.85 -
ptg000172l:8008645-8008878   -             78 35524at33392         -            346     0.071   12.4  10.2   1   1    0.0013      0.11   11.7  10.2   220   284     5    63     1    78 0.81 -
ptg000281l:3911548-3911850   -            101 35524at33392         -            346     0.072   12.3  12.0   1   2     0.083       7.3    5.7   0.1    51    68     6    23     2    31 0.65 -
ptg000281l:3911548-3911850   -            101 35524at33392         -            346     0.072   12.3  12.0   2   2     0.012       1.1    8.5   8.2   227   289    30    89    25   101 0.83 -
ptg000658l:1453036-1453338   -            101 35524at33392         -            346     0.072   12.3  12.0   1   2     0.083       7.3    5.7   0.1    51    68     6    23     2    31 0.65 -
ptg000658l:1453036-1453338   -            101 35524at33392         -            346     0.072   12.3  12.0   2   2     0.012       1.1    8.5   8.2   227   289    30    89    25   101 0.83 -
ptg000168l:10701387-10701626 -             80 35524at33392         -            346     0.075   12.3  10.0   1   1    0.0024      0.21   10.8  10.0   227   285    21    73     1    80 0.51 -
ptg000061l:17004240-17004413 -             58 35524at33392         -            346     0.088   12.1   6.8   1   1    0.0011       0.1   11.9   5.3   316   345    13    44     1    45 0.79 -
ptg000142l:501876-502118     -             81 35524at33392         -            346      0.09   12.0  11.1   1   2    0.0016      0.14   11.4   3.1   316   344    15    45     1    47 0.80 -
ptg000142l:501876-502118     -             81 35524at33392         -            346      0.09   12.0  11.1   2   2      0.12        10    5.3   4.2   311   342    38    71    34    75 0.80 -
ptg000023l:1628942-1629247   -            102 35524at33392         -            346     0.092   12.0   9.4   1   2     0.011      0.99    8.6   0.3   318   345    13    42     1    43 0.80 -
ptg000023l:1628942-1629247   -            102 35524at33392         -            346     0.092   12.0   9.4   2   2     0.079       6.9    5.8   3.8   227   248    53    74    43   100 0.51 -
ptg000279l:11816856-11817938 -            361 35524at33392         -            346      0.11   11.7  68.4   1   5    0.0082      0.72    9.1   6.5   284   333     4    61     1    74 0.75 -
ptg000279l:11816856-11817938 -            361 35524at33392         -            346      0.11   11.7  68.4   2   5       3.3   2.9e+02    0.5  14.7   229   309    93   179    66   184 0.66 -
ptg000279l:11816856-11817938 -            361 35524at33392         -            346      0.11   11.7  68.4   3   5      0.69        61    2.7  20.3   227   328   122   241   106   244 0.70 -
ptg000279l:11816856-11817938 -            361 35524at33392         -            346      0.11   11.7  68.4   4   5    0.0048      0.42    9.8  23.9   227   340   184   315   177   319 0.77 -
ptg000279l:11816856-11817938 -            361 35524at33392         -            346      0.11   11.7  68.4   5   5    0.0029      0.26   10.5  11.9   228   308   278   356   274   359 0.69 -
ptg000086l:2905015-2931270   -            883 35524at33392         -            346      0.12   11.6   9.6   1   3     0.021       1.9    7.7   2.4    46    83   233   270   218   292 0.73 -
ptg000086l:2905015-2931270   -            883 35524at33392         -            346      0.12   11.6   9.6   2   3      0.95        84    2.3   0.1   154   178   287   314   273   323 0.69 -
ptg000086l:2905015-2931270   -            883 35524at33392         -            346      0.12   11.6   9.6   3   3      0.12        11    5.2   0.2   228   258   401   431   393   438 0.86 -
ptg000279l:11942370-12051365 -            411 35524at33392         -            346      0.13   11.5  82.7   1   4       1.1     1e+02    2.0   9.8   283   336    27    90    16    99 0.75 -
ptg000279l:11942370-12051365 -            411 35524at33392         -            346      0.13   11.5  82.7   2   4    0.0052      0.46    9.7  22.4   228   326   116   227    96   233 0.71 -
ptg000279l:11942370-12051365 -            411 35524at33392         -            346      0.13   11.5  82.7   3   4    0.0013      0.11   11.7   5.2   226   288   233   292   229   297 0.77 -
ptg000279l:11942370-12051365 -            411 35524at33392         -            346      0.13   11.5  82.7   4   4     0.037       3.2    6.9  20.8   228   315   297   396   293   411 0.74 -
ptg000279l:11894868-11895884 -            339 35524at33392         -            346      0.21   10.8  58.8   1   3       0.7        62    2.7  22.7   231   339    16   142     9   151 0.76 -
ptg000279l:11894868-11895884 -            339 35524at33392         -            346      0.21   10.8  58.8   2   3      0.11       9.4    5.4  14.2   283   339   164   235   133   237 0.66 -
ptg000279l:11894868-11895884 -            339 35524at33392         -            346      0.21   10.8  58.8   3   3     0.021       1.8    7.7  12.1   228   310   227   315   223   333 0.73 -
ptg000279l:8495460-8496440   -            327 35524at33392         -            346      0.34   10.1  56.2   1   4       5.5   4.9e+02   -0.2  16.5   241   329    25   139     3   145 0.43 -
ptg000279l:8495460-8496440   -            327 35524at33392         -            346      0.34   10.1  56.2   2   4       1.9   1.6e+02    1.3   0.1   285   308   151   174   145   180 0.81 -
ptg000279l:8495460-8496440   -            327 35524at33392         -            346      0.34   10.1  56.2   3   4    0.0022       0.2   10.9   5.1   228   285   181   236   173   242 0.86 -
ptg000279l:8495460-8496440   -            327 35524at33392         -            346      0.34   10.1  56.2   4   4    0.0044      0.38   10.0  14.5   228   303   244   326   240   327 0.79 -
ptg000007l:6639620-6640375   -            252 35524at33392         -            346      0.49    9.6  48.9   1   3      0.33        29    3.8   8.3   251   311     7    75     3    79 0.71 -
ptg000007l:6639620-6640375   -            252 35524at33392         -            346      0.49    9.6  48.9   2   3     0.056       4.9    6.3   0.4   286   309    81   104    77   110 0.92 -
ptg000007l:6639620-6640375   -            252 35524at33392         -            346      0.49    9.6  48.9   3   3     0.018       1.6    7.9  24.9   228   345   110   249   107   250 0.77 -
ptg000201l:2991159-2991839   -            227 35524at33392         -            346      0.52    9.5  40.1   1   5      0.29        26    4.0   1.7   224   253    22    50     9    66 0.71 -
ptg000201l:2991159-2991839   -            227 35524at33392         -            346      0.52    9.5  40.1   2   5    0.0031      0.27   10.5  13.5   227   320    78   156    75   158 0.80 -
ptg000201l:2991159-2991839   -            227 35524at33392         -            346      0.52    9.5  40.1   3   5      0.17        15    4.7   0.1    47    69   144   166   132   171 0.80 -
ptg000201l:2991159-2991839   -            227 35524at33392         -            346      0.52    9.5  40.1   4   5      0.24        21    4.2   0.9    47    70   172   195   166   201 0.73 -
ptg000201l:2991159-2991839   -            227 35524at33392         -            346      0.52    9.5  40.1   5   5      0.17        15    4.7   0.6   227   250   201   225   194   227 0.82 -
ptg000142l:971995-972945     -            317 35524at33392         -            346      0.86    8.8  49.0   1   4      0.34        30    3.7   3.7   259   313    14    70     5    76 0.68 -
ptg000142l:971995-972945     -            317 35524at33392         -            346      0.86    8.8  49.0   2   4       0.2        18    4.5   3.9   228   295   151   217   131   224 0.76 -
ptg000142l:971995-972945     -            317 35524at33392         -            346      0.86    8.8  49.0   3   4     0.009      0.79    8.9   9.3   186   280   181   276   169   279 0.80 -
ptg000142l:971995-972945     -            317 35524at33392         -            346      0.86    8.8  49.0   4   4     0.016       1.4    8.1   4.0    72   110   275   313   272   315 0.94 -
ptg000279l:13600101-13600769 -            223 35524at33392         -            346       1.2    8.4  37.3   1   2   0.00089     0.078   12.2   8.5   263   310     4    51     1    54 0.83 -
ptg000279l:13600101-13600769 -            223 35524at33392         -            346       1.2    8.4  37.3   2   2     0.024       2.1    7.6   0.3   284   309    56    81    52    88 0.87 -
ptg000279l:12245126-12246088 -            321 35524at33392         -            346       1.7    7.8  52.9   1   4       1.3   1.1e+02    1.8  14.3   262   339    25   126     3   128 0.65 -
ptg000279l:12245126-12246088 -            321 35524at33392         -            346       1.7    7.8  52.9   2   4      0.43        38    3.4  16.2   227   310    86   175    80   187 0.75 -
ptg000279l:12245126-12246088 -            321 35524at33392         -            346       1.7    7.8  52.9   3   4    0.0061      0.54    9.5  16.6   228   326   149   261   142   269 0.75 -
ptg000279l:12245126-12246088 -            321 35524at33392         -            346       1.7    7.8  52.9   4   4       0.3        27    3.9  10.6   261   326   237   319   235   321 0.65 -
ptg000279l:12226332-12227459 -            376 35524at33392         -            346       2.7    7.2  69.8   1   5      0.21        19    4.4  17.8   226   309    17   108     7   112 0.80 -
ptg000279l:12226332-12227459 -            376 35524at33392         -            346       2.7    7.2  69.8   2   5       0.7        62    2.7  27.4   227   339    49   179    46   183 0.76 -
ptg000279l:12226332-12227459 -            376 35524at33392         -            346       2.7    7.2  69.8   3   5     0.054       4.7    6.4  10.7   229   310   203   290   188   295 0.78 -
ptg000279l:12226332-12227459 -            376 35524at33392         -            346       2.7    7.2  69.8   4   5     0.044       3.9    6.6   0.5   285   309   296   320   290   324 0.86 -
ptg000279l:12226332-12227459 -            376 35524at33392         -            346       2.7    7.2  69.8   5   5      0.12        10    5.3   3.0   227   281   325   376   322   376 0.79 -
ptg000393l:903822-904790     -            323 35524at33392         -            346       2.9    7.1  56.0   1   4      0.34        30    3.8  10.8   129   207    15    99     5   101 0.67 -
ptg000393l:903822-904790     -            323 35524at33392         -            346       2.9    7.1  56.0   2   4     0.025       2.2    7.5  22.0   228   334    45   175    32   183 0.74 -
ptg000393l:903822-904790     -            323 35524at33392         -            346       2.9    7.1  56.0   3   4     0.038       3.3    6.9  16.4   213   315   188   292   179   299 0.80 -
ptg000393l:903822-904790     -            323 35524at33392         -            346       2.9    7.1  56.0   4   4         2   1.8e+02    1.2   0.1   286   308   300   322   294   323 0.78 -
ptg000254l:1069299-1070534   -            412 35524at33392         -            346       4.1    6.6  71.3   1   2      0.24        21    4.3  15.9   237   320   188   281   182   290 0.75 -
ptg000254l:1069299-1070534   -            412 35524at33392         -            346       4.1    6.6  71.3   2   2     0.012         1    8.6  22.0   224   335   291   389   287   411 0.77 -
ptg000142l:1135516-1136412   -            299 35524at33392         -            346       4.5    6.5  57.4   1   2       1.4   1.2e+02    1.8   3.9   251   285    12    46     2    56 0.76 -
ptg000142l:1135516-1136412   -            299 35524at33392         -            346       4.5    6.5  57.4   2   2    0.0002     0.018   14.3  21.3   234   344   168   294   165   296 0.76 -
ptg000099l:6718258-6719295   -            346 35524at33392         -            346       4.6    6.4  69.5   1   4     0.074       6.5    5.9  11.1   279   339     6    78     3    79 0.72 -
ptg000099l:6718258-6719295   -            346 35524at33392         -            346       4.6    6.4  69.5   2   4       1.5   1.3e+02    1.7  13.2   225   319    98   199    91   202 0.69 -
ptg000099l:6718258-6719295   -            346 35524at33392         -            346       4.6    6.4  69.5   3   4       3.1   2.7e+02    0.6  24.2   244   340   149   266   133   274 0.67 -
ptg000099l:6718258-6719295   -            346 35524at33392         -            346       4.6    6.4  69.5   4   4     0.028       2.5    7.3   5.7   253   307   281   344   273   346 0.47 -
#
# Program:         hmmsearch
# Version:         3.2.1 (June 2018)
# Pipeline mode:   SEARCH
# Query file:      /home/tpsylvst/projects/diaprepes_assembly/busco/busco_downloads/lineages/endopterygota_odb10/hmms/35524at33392.hmm
# Target file:     /home/tpsylvst/projects/diaprepes_assembly/busco/diaprepes_busco/run_endopterygota_odb10/metaeuk_output/initial_results/diaprepes.fa.modified.fas
# Option settings: hmmsearch --domtblout /home/tpsylvst/projects/diaprepes_assembly/busco/diaprepes_busco/run_endopterygota_odb10/hmmer_output/initial_run_results/35524at33392.out --cpu 1 /home/tpsylvst/projects/diaprepes_assembly/busco/busco_downloads/lineages/endopterygota_odb10/hmms/35524at33392.hmm /home/tpsylvst/projects/diaprepes_assembly/busco/diaprepes_busco/run_endopterygota_odb10/metaeuk_output/initial_results/diaprepes.fa.modified.fas 
# Current dir:     /home/tpsylvst/projects/diaprepes_assembly/busco
# Date:            Mon Nov 28 14:22:56 2022
# [ok]
