#                                                                                    --- full sequence --- -------------- this domain -------------   hmm coord   ali coord   env coord
# target name                accession   tlen query name           accession   qlen   E-value  score  bias   #  of  c-Evalue  i-Evalue  score  bias  from    to  from    to  from    to  acc description of target
#        ------------------- ---------- ----- -------------------- ---------- ----- --------- ------ ----- --- --- --------- --------- ------ ----- ----- ----- ----- ----- ----- ----- ---- ---------------------
ptg000244l:4302208-4333769   -            575 37070at33392         -            340  1.9e-120  402.0  10.1   1   3   3.7e-56   3.3e-53  180.9   0.2     6   144    54   213    49   219 0.84 -
ptg000244l:4302208-4333769   -            575 37070at33392         -            340  1.9e-120  402.0  10.1   2   3   4.4e-60   3.9e-57  193.8   2.5   146   291   283   453   256   506 0.88 -
ptg000244l:4302208-4333769   -            575 37070at33392         -            340  1.9e-120  402.0  10.1   3   3   1.9e-10   1.7e-07   30.6   0.0   303   340   536   574   515   574 0.86 -
ptg000007l:6712593-6819740   -            402 37070at33392         -            340   1.6e-25   89.9   2.9   1   2   3.1e-06    0.0027   16.8   0.2     7    46    95   131    92   154 0.80 -
ptg000007l:6712593-6819740   -            402 37070at33392         -            340   1.6e-25   89.9   2.9   2   2   1.8e-23   1.6e-20   73.4   0.3   117   320   179   375   142   385 0.81 -
ptg000168l:10146573-10188878 -            853 37070at33392         -            340     2e-24   86.2   2.9   1   3   6.7e-14   5.9e-11   42.0   0.0     9   138   195   320   191   330 0.83 -
ptg000168l:10146573-10188878 -            853 37070at33392         -            340     2e-24   86.2   2.9   2   3   9.8e-07   0.00086   18.4   0.1   157   196   367   406   343   441 0.79 -
ptg000168l:10146573-10188878 -            853 37070at33392         -            340     2e-24   86.2   2.9   3   3   6.7e-08   5.9e-05   22.2   1.0   200   293   665   785   654   808 0.74 -
ptg000155l:853087-856790     -            699 37070at33392         -            340   1.8e-23   83.1   5.7   1   2   4.4e-06    0.0039   16.3   0.2     7    50   112   152   109   170 0.81 -
ptg000155l:853087-856790     -            699 37070at33392         -            340   1.8e-23   83.1   5.7   2   2   5.3e-22   4.7e-19   68.6   1.7    91   320   170   402   157   411 0.77 -
ptg000048l:756775-837211     -            464 37070at33392         -            340   5.8e-20   71.6   6.3   1   2   0.00055      0.49    9.4   0.4     8    30   154   176   150   192 0.84 -
ptg000048l:756775-837211     -            464 37070at33392         -            340   5.8e-20   71.6   6.3   2   2   1.8e-20   1.6e-17   63.6   1.0    83   320   200   459   189   463 0.75 -
ptg000296l:7310385-7336919   -            848 37070at33392         -            340   1.1e-18   67.4   6.1   1   4      0.13   1.2e+02    1.6   0.1     6    32   179   207   174   239 0.69 -
ptg000296l:7310385-7336919   -            848 37070at33392         -            340   1.1e-18   67.4   6.1   2   4    0.0003      0.27   10.2   0.0    94   138   245   289   231   298 0.85 -
ptg000296l:7310385-7336919   -            848 37070at33392         -            340   1.1e-18   67.4   6.1   3   4   8.3e-08   7.3e-05   21.9   0.0   144   192   398   446   383   457 0.84 -
ptg000296l:7310385-7336919   -            848 37070at33392         -            340   1.1e-18   67.4   6.1   4   4     3e-11   2.6e-08   33.3   0.7   197   323   501   629   493   638 0.80 -
ptg000087l:80159-106448      -            847 37070at33392         -            340   1.1e-18   67.4   6.1   1   4      0.13   1.2e+02    1.6   0.1     6    32   178   206   173   238 0.69 -
ptg000087l:80159-106448      -            847 37070at33392         -            340   1.1e-18   67.4   6.1   2   4    0.0003      0.27   10.2   0.0    94   138   244   288   230   297 0.85 -
ptg000087l:80159-106448      -            847 37070at33392         -            340   1.1e-18   67.4   6.1   3   4   8.3e-08   7.3e-05   21.9   0.0   144   192   397   445   382   456 0.84 -
ptg000087l:80159-106448      -            847 37070at33392         -            340   1.1e-18   67.4   6.1   4   4     3e-11   2.6e-08   33.3   0.7   197   323   500   628   492   637 0.80 -
ptg000828l:306169-354130     -           2078 37070at33392         -            340   2.8e-17   62.7   3.7   1   3    0.0051       4.5    6.2   0.0     8    27  1163  1182  1159  1192 0.85 -
ptg000828l:306169-354130     -           2078 37070at33392         -            340   2.8e-17   62.7   3.7   2   3   2.2e-12     2e-09   37.0   0.1    85   249  1240  1399  1223  1415 0.83 -
ptg000828l:306169-354130     -           2078 37070at33392         -            340   2.8e-17   62.7   3.7   3   3   1.1e-06     0.001   18.2   0.1   263   321  1441  1495  1421  1500 0.87 -
ptg000359l:1080364-1127330   -           2438 37070at33392         -            340   5.1e-17   61.9   3.8   1   3    0.0059       5.2    6.0   0.0     8    27  1526  1545  1522  1557 0.86 -
ptg000359l:1080364-1127330   -           2438 37070at33392         -            340   5.1e-17   61.9   3.8   2   3   2.8e-12   2.5e-09   36.6   0.2    85   249  1603  1762  1582  1778 0.83 -
ptg000359l:1080364-1127330   -           2438 37070at33392         -            340   5.1e-17   61.9   3.8   3   3   1.4e-06    0.0012   18.0   0.1   263   321  1804  1858  1784  1863 0.87 -
ptg000695l:372845-385273     -            481 37070at33392         -            340   1.2e-15   57.4   1.3   1   3     2e-05     0.018   14.1   0.2     7    31   100   124    95   136 0.87 -
ptg000695l:372845-385273     -            481 37070at33392         -            340   1.2e-15   57.4   1.3   2   3   2.6e-07   0.00023   20.3   0.0    76   242   142   314   132   338 0.75 -
ptg000695l:372845-385273     -            481 37070at33392         -            340   1.2e-15   57.4   1.3   3   3   2.1e-07   0.00019   20.6   0.0   263   322   394   446   375   462 0.77 -
ptg000186l:486241-498677     -            483 37070at33392         -            340   1.2e-15   57.4   1.3   1   3     2e-05     0.018   14.1   0.2     7    31   102   126    97   138 0.87 -
ptg000186l:486241-498677     -            483 37070at33392         -            340   1.2e-15   57.4   1.3   2   3   2.6e-07   0.00023   20.3   0.0    76   242   144   316   134   340 0.75 -
ptg000186l:486241-498677     -            483 37070at33392         -            340   1.2e-15   57.4   1.3   3   3   2.1e-07   0.00019   20.6   0.0   263   322   396   448   377   464 0.77 -
ptg000023l:127478-204165     -            957 37070at33392         -            340   6.7e-13   48.4  14.1   1   3     4e-07   0.00035   19.7   6.3     6   146   129   252   127   333 0.83 -
ptg000023l:127478-204165     -            957 37070at33392         -            340   6.7e-13   48.4  14.1   2   3   0.00012       0.1   11.6   0.0   207   243   579   615   562   630 0.87 -
ptg000023l:127478-204165     -            957 37070at33392         -            340   6.7e-13   48.4  14.1   3   3   4.1e-06    0.0037   16.4   0.4   266   340   685   751   679   751 0.81 -
ptg000371l:49274-129119      -            957 37070at33392         -            340   6.7e-13   48.4  14.1   1   3     4e-07   0.00035   19.7   6.3     6   146   129   252   127   333 0.83 -
ptg000371l:49274-129119      -            957 37070at33392         -            340   6.7e-13   48.4  14.1   2   3   0.00012       0.1   11.6   0.0   207   243   579   615   562   630 0.87 -
ptg000371l:49274-129119      -            957 37070at33392         -            340   6.7e-13   48.4  14.1   3   3   4.1e-06    0.0037   16.4   0.4   266   340   685   751   679   751 0.81 -
ptg000265l:6693581-6716155   -            457 37070at33392         -            340   5.7e-11   42.0   5.7   1   4   6.8e-07    0.0006   18.9   0.1     4    35    35    66    32    80 0.90 -
ptg000265l:6693581-6716155   -            457 37070at33392         -            340   5.7e-11   42.0   5.7   2   4   0.00039      0.34    9.9   0.0    92   143    92   142    84   148 0.88 -
ptg000265l:6693581-6716155   -            457 37070at33392         -            340   5.7e-11   42.0   5.7   3   4       0.5   4.4e+02   -0.3   0.1   220   258   298   339   216   351 0.59 -
ptg000265l:6693581-6716155   -            457 37070at33392         -            340   5.7e-11   42.0   5.7   4   4     5e-05     0.045   12.8   0.1   266   339   391   449   381   450 0.82 -
ptg000122l:33886982-33887830 -            283 37070at33392         -            340   7.1e-10   38.4  14.0   1   2   5.8e-05     0.051   12.6   0.2     9    36     1    28     1    39 0.78 -
ptg000122l:33886982-33887830 -            283 37070at33392         -            340   7.1e-10   38.4  14.0   2   2   5.6e-10     5e-07   29.1   8.6    95   290    61   271    41   277 0.73 -
ptg000160l:5869532-5931430   -           3234 37070at33392         -            340   2.2e-09   36.8  15.6   1   4       3.6   3.2e+03   -3.2   0.1   100   144  1072  1116  1064  1123 0.83 -
ptg000160l:5869532-5931430   -           3234 37070at33392         -            340   2.2e-09   36.8  15.6   2   4     0.075        66    2.4   0.2     8    29  1796  1817  1792  1824 0.85 -
ptg000160l:5869532-5931430   -           3234 37070at33392         -            340   2.2e-09   36.8  15.6   3   4   9.4e-12   8.3e-09   34.9   5.5    80   259  1837  2014  1824  2029 0.87 -
ptg000160l:5869532-5931430   -           3234 37070at33392         -            340   2.2e-09   36.8  15.6   4   4     0.028        25    3.8   0.0   266   319  2042  2091  2033  2106 0.81 -
ptg000696l:868434-932233     -           3173 37070at33392         -            340   2.4e-09   36.7  15.6   1   4       3.6   3.1e+03   -3.2   0.1   100   144  1034  1078  1026  1085 0.83 -
ptg000696l:868434-932233     -           3173 37070at33392         -            340   2.4e-09   36.7  15.6   2   4     0.075        66    2.4   0.2     8    29  1760  1781  1756  1787 0.84 -
ptg000696l:868434-932233     -           3173 37070at33392         -            340   2.4e-09   36.7  15.6   3   4   9.4e-12   8.3e-09   34.9   5.6    80   259  1801  1978  1788  1993 0.87 -
ptg000696l:868434-932233     -           3173 37070at33392         -            340   2.4e-09   36.7  15.6   4   4     0.027        24    3.8   0.0   266   319  2006  2055  1997  2070 0.81 -
ptg000322l:1805019-1830512   -            802 37070at33392         -            340   3.5e-06   26.3   3.6   1   4   1.3e-05     0.012   14.7   0.1     9    33   322   346   318   355 0.88 -
ptg000322l:1805019-1830512   -            802 37070at33392         -            340   3.5e-06   26.3   3.6   2   4     0.039        34    3.3   0.0   109   141   411   443   398   494 0.76 -
ptg000322l:1805019-1830512   -            802 37070at33392         -            340   3.5e-06   26.3   3.6   3   4     0.075        67    2.3   0.0   208   242   533   567   520   583 0.82 -
ptg000322l:1805019-1830512   -            802 37070at33392         -            340   3.5e-06   26.3   3.6   4   4     0.037        33    3.4   0.1   270   290   749   769   745   775 0.84 -
ptg000497l:508493-509023     -            177 37070at33392         -            340   1.5e-05   24.2   0.2   1   2   0.00021      0.19   10.7   0.1   169   261     1    97     1   105 0.69 -
ptg000497l:508493-509023     -            177 37070at33392         -            340   1.5e-05   24.2   0.2   2   2   8.5e-05     0.075   12.0   0.0   232   289   108   175    96   177 0.75 -
ptg000505l:1002916-1003224   -            103 37070at33392         -            340    0.0014   17.7   0.1   1   1   1.8e-06    0.0016   17.6   0.1   266   323     5    55     2    81 0.85 -
ptg000580l:239450-239758     -            103 37070at33392         -            340    0.0014   17.7   0.1   1   1   1.8e-06    0.0016   17.6   0.1   266   323     5    55     2    81 0.85 -
#
# Program:         hmmsearch
# Version:         3.2.1 (June 2018)
# Pipeline mode:   SEARCH
# Query file:      /home/tpsylvst/projects/diaprepes_assembly/busco/busco_downloads/lineages/endopterygota_odb10/hmms/37070at33392.hmm
# Target file:     /home/tpsylvst/projects/diaprepes_assembly/busco/diaprepes_busco/run_endopterygota_odb10/metaeuk_output/initial_results/diaprepes.fa.modified.fas
# Option settings: hmmsearch --domtblout /home/tpsylvst/projects/diaprepes_assembly/busco/diaprepes_busco/run_endopterygota_odb10/hmmer_output/initial_run_results/37070at33392.out --cpu 1 /home/tpsylvst/projects/diaprepes_assembly/busco/busco_downloads/lineages/endopterygota_odb10/hmms/37070at33392.hmm /home/tpsylvst/projects/diaprepes_assembly/busco/diaprepes_busco/run_endopterygota_odb10/metaeuk_output/initial_results/diaprepes.fa.modified.fas 
# Current dir:     /home/tpsylvst/projects/diaprepes_assembly/busco
# Date:            Mon Nov 28 14:23:06 2022
# [ok]
