#                                                                                  --- full sequence --- -------------- this domain -------------   hmm coord   ali coord   env coord
# target name              accession   tlen query name           accession   qlen   E-value  score  bias   #  of  c-Evalue  i-Evalue  score  bias  from    to  from    to  from    to  acc description of target
#      ------------------- ---------- ----- -------------------- ---------- ----- --------- ------ ----- --- --- --------- --------- ------ ----- ----- ----- ----- ----- ----- ----- ---- ---------------------
ptg000057l:9767151-9795938 -            891 40346at33392         -            323  4.9e-146  486.1   8.6   1   4   3.3e-29   3.1e-25   89.1   0.0     1    68    92   180    92   189 0.80 -
ptg000057l:9767151-9795938 -            891 40346at33392         -            323  4.9e-146  486.1   8.6   2   4   5.1e-55   4.7e-51  174.0   0.2    63   183   195   318   192   327 0.94 -
ptg000057l:9767151-9795938 -            891 40346at33392         -            323  4.9e-146  486.1   8.6   3   4   5.6e-63   5.2e-59  200.1   0.1   120   300   511   715   491   720 0.84 -
ptg000057l:9767151-9795938 -            891 40346at33392         -            323  4.9e-146  486.1   8.6   4   4   7.2e-10   6.7e-06   25.6   0.1   294   323   729   758   714   758 0.80 -
ptg000011l:3995040-3996869 -            610 40346at33392         -            323   1.5e-07   31.0   3.6   1   3      0.14   1.3e+03   -1.7   0.1    82   122   204   242   190   299 0.69 -
ptg000011l:3995040-3996869 -            610 40346at33392         -            323   1.5e-07   31.0   3.6   2   3   3.3e-10     3e-06   26.7   0.0   221   309   372   463   332   481 0.77 -
ptg000011l:3995040-3996869 -            610 40346at33392         -            323   1.5e-07   31.0   3.6   3   3    0.0028        26    3.9   0.2   260   279   584   603   547   610 0.79 -
#
# Program:         hmmsearch
# Version:         3.2.1 (June 2018)
# Pipeline mode:   SEARCH
# Query file:      /home/tpsylvst/projects/diaprepes_assembly/busco/busco_downloads/lineages/endopterygota_odb10/hmms/40346at33392.hmm
# Target file:     /home/tpsylvst/projects/diaprepes_assembly/busco/diaprepes_busco/run_endopterygota_odb10/metaeuk_output/initial_results/diaprepes.fa.modified.fas
# Option settings: hmmsearch --domtblout /home/tpsylvst/projects/diaprepes_assembly/busco/diaprepes_busco/run_endopterygota_odb10/hmmer_output/initial_run_results/40346at33392.out --cpu 1 /home/tpsylvst/projects/diaprepes_assembly/busco/busco_downloads/lineages/endopterygota_odb10/hmms/40346at33392.hmm /home/tpsylvst/projects/diaprepes_assembly/busco/diaprepes_busco/run_endopterygota_odb10/metaeuk_output/initial_results/diaprepes.fa.modified.fas 
# Current dir:     /home/tpsylvst/projects/diaprepes_assembly/busco
# Date:            Mon Nov 28 14:23:04 2022
# [ok]
