#                                                                                    --- full sequence --- -------------- this domain -------------   hmm coord   ali coord   env coord
# target name                accession   tlen query name           accession   qlen   E-value  score  bias   #  of  c-Evalue  i-Evalue  score  bias  from    to  from    to  from    to  acc description of target
#        ------------------- ---------- ----- -------------------- ---------- ----- --------- ------ ----- --- --- --------- --------- ------ ----- ----- ----- ----- ----- ----- ----- ---- ---------------------
ptg000143l:192439-210835     -            415 40735at33392         -            315   2.9e-92  308.9   7.5   1   1   2.4e-93   3.9e-91  305.3   7.5     9   315    52   415    45   415 0.84 -
ptg000051l:1610292-1629575   -            415 40735at33392         -            315   3.4e-92  308.7   7.5   1   1   2.7e-93   4.5e-91  305.0   7.5     9   315    52   415    45   415 0.84 -
ptg000256l:3805124-3849456   -           1265 40735at33392         -            315   4.9e-32  111.1  27.6   1   5     0.047       7.7    5.3   1.0   180   231     5    54     2    68 0.67 -
ptg000256l:3805124-3849456   -           1265 40735at33392         -            315   4.9e-32  111.1  27.6   2   5   2.9e-15   4.8e-13   48.7   6.6    29   239    46   261    40   295 0.76 -
ptg000256l:3805124-3849456   -           1265 40735at33392         -            315   4.9e-32  111.1  27.6   3   5   7.9e-09   1.3e-06   27.6   3.1   129   239   333   465   328   473 0.67 -
ptg000256l:3805124-3849456   -           1265 40735at33392         -            315   4.9e-32  111.1  27.6   4   5     9e-07   0.00015   20.8   0.1   128   211   528   609   523   614 0.83 -
ptg000256l:3805124-3849456   -           1265 40735at33392         -            315   4.9e-32  111.1  27.6   5   5   3.4e-05    0.0056   15.6   0.1   148   238   572   655   569   661 0.83 -
ptg000215l:3138933-3181654   -           1215 40735at33392         -            315   3.6e-31  108.3  27.8   1   6      0.23        37    3.1   4.5   193   239    17    64     2   119 0.63 -
ptg000215l:3138933-3181654   -           1215 40735at33392         -            315   3.6e-31  108.3  27.8   2   6   3.9e-15   6.4e-13   48.3   7.1    29   239    46   261    40   295 0.76 -
ptg000215l:3138933-3181654   -           1215 40735at33392         -            315   3.6e-31  108.3  27.8   3   6   4.6e-07   7.6e-05   21.8   0.3   128   211   332   414   279   418 0.87 -
ptg000215l:3138933-3181654   -           1215 40735at33392         -            315   3.6e-31  108.3  27.8   4   6     4e-06   0.00065   18.7   2.5   149   239   378   465   372   473 0.83 -
ptg000215l:3138933-3181654   -           1215 40735at33392         -            315   3.6e-31  108.3  27.8   5   6   8.4e-07   0.00014   20.9   0.1   128   211   528   609   522   614 0.83 -
ptg000215l:3138933-3181654   -           1215 40735at33392         -            315   3.6e-31  108.3  27.8   6   6   0.00031     0.051   12.5   0.1   148   215   572   637   569   662 0.82 -
ptg000062l:6543932-6559568   -           1392 40735at33392         -            315   4.5e-13   48.8  25.3   1  11       2.2   3.5e+02   -0.1   0.1    27    56   181   211   131   215 0.61 -
ptg000062l:6543932-6559568   -           1392 40735at33392         -            315   4.5e-13   48.8  25.3   2  11    0.0043      0.71    8.7   0.3   148   214   258   322   245   342 0.75 -
ptg000062l:6543932-6559568   -           1392 40735at33392         -            315   4.5e-13   48.8  25.3   3  11      0.45        73    2.1   0.1   151   212   309   372   308   377 0.78 -
ptg000062l:6543932-6559568   -           1392 40735at33392         -            315   4.5e-13   48.8  25.3   4  11     0.058       9.5    5.0   0.1    27    60   380   413   364   425 0.91 -
ptg000062l:6543932-6559568   -           1392 40735at33392         -            315   4.5e-13   48.8  25.3   5  11         2   3.2e+02    0.0   0.0    28    60   429   461   425   468 0.88 -
ptg000062l:6543932-6559568   -           1392 40735at33392         -            315   4.5e-13   48.8  25.3   6  11     0.015       2.4    7.0   0.0    24    63   473   512   468   516 0.92 -
ptg000062l:6543932-6559568   -           1392 40735at33392         -            315   4.5e-13   48.8  25.3   7  11      0.51        84    1.9   0.0   194   230   545   580   518   584 0.57 -
ptg000062l:6543932-6559568   -           1392 40735at33392         -            315   4.5e-13   48.8  25.3   8  11       2.1   3.5e+02   -0.1   0.1    26    61   618   653   606   657 0.90 -
ptg000062l:6543932-6559568   -           1392 40735at33392         -            315   4.5e-13   48.8  25.3   9  11      0.17        29    3.5   0.2    26    60   666   699   661   707 0.86 -
ptg000062l:6543932-6559568   -           1392 40735at33392         -            315   4.5e-13   48.8  25.3  10  11      0.13        22    3.8   0.1    27    60   714   747   708   750 0.91 -
ptg000062l:6543932-6559568   -           1392 40735at33392         -            315   4.5e-13   48.8  25.3  11  11   2.3e-07   3.8e-05   22.7   0.0   152   238   752   839   748   847 0.85 -
ptg000024l:21686565-21688331 -            589 40735at33392         -            315   6.6e-13   48.3  37.1   1   4   0.00017     0.028   13.4   1.3   148   230    33   114     7   117 0.76 -
ptg000024l:21686565-21688331 -            589 40735at33392         -            315   6.6e-13   48.3  37.1   2   4   0.00032     0.052   12.5   1.1    25    65   126   166   112   182 0.89 -
ptg000024l:21686565-21688331 -            589 40735at33392         -            315   6.6e-13   48.3  37.1   3   4   1.4e-05    0.0023   16.9   4.6    14   211   187   384   172   390 0.72 -
ptg000024l:21686565-21688331 -            589 40735at33392         -            315   6.6e-13   48.3  37.1   4   4   0.00092      0.15   10.9   0.4    22    62   508   548   495   563 0.89 -
ptg000275l:5388806-5391370   -            855 40735at33392         -            315   6.8e-13   48.2  49.5   1  11   0.00017     0.028   13.3   0.5   121   231    36   144    29   168 0.82 -
ptg000275l:5388806-5391370   -            855 40735at33392         -            315   6.8e-13   48.2  49.5   2  11   1.2e-05     0.002   17.1   0.9   148   218   184   252   175   257 0.88 -
ptg000275l:5388806-5391370   -            855 40735at33392         -            315   6.8e-13   48.2  49.5   3  11     0.092        15    4.4   0.9   180   230   263   312   253   316 0.61 -
ptg000275l:5388806-5391370   -            855 40735at33392         -            315   6.8e-13   48.2  49.5   4  11      0.05       8.2    5.2   0.1   170   218   351   398   339   414 0.63 -
ptg000275l:5388806-5391370   -            855 40735at33392         -            315   6.8e-13   48.2  49.5   5  11    0.0063         1    8.2   0.5    13    60   435   483   426   491 0.81 -
ptg000275l:5388806-5391370   -            855 40735at33392         -            315   6.8e-13   48.2  49.5   6  11     0.083        14    4.5   2.1   174   215   546   586   489   601 0.62 -
ptg000275l:5388806-5391370   -            855 40735at33392         -            315   6.8e-13   48.2  49.5   7  11    0.0076       1.2    7.9   0.4    31   222   595   641   589   650 0.54 -
ptg000275l:5388806-5391370   -            855 40735at33392         -            315   6.8e-13   48.2  49.5   8  11    0.0058      0.95    8.3   0.1    15    60   652   696   639   708 0.80 -
ptg000275l:5388806-5391370   -            855 40735at33392         -            315   6.8e-13   48.2  49.5   9  11     0.015       2.4    7.0   0.1    28    60   664   696   662   726 0.66 -
ptg000275l:5388806-5391370   -            855 40735at33392         -            315   6.8e-13   48.2  49.5  10  11       1.3   2.1e+02    0.6   0.1   118   164   728   774   713   779 0.84 -
ptg000275l:5388806-5391370   -            855 40735at33392         -            315   6.8e-13   48.2  49.5  11  11     0.014       2.3    7.0   0.3    12    60   764   813   756   849 0.85 -
ptg000020l:19812043-19813386 -            448 40735at33392         -            315   1.6e-12   47.0  21.5   1   5   0.00041     0.067   12.1   5.4   146   231    28   110    15   113 0.80 -
ptg000020l:19812043-19813386 -            448 40735at33392         -            315   1.6e-12   47.0  21.5   2   5    0.0087       1.4    7.7   0.2    25    60   122   157   111   162 0.91 -
ptg000020l:19812043-19813386 -            448 40735at33392         -            315   1.6e-12   47.0  21.5   3   5   6.3e-05      0.01   14.8   0.0   124   162   195   233   188   275 0.80 -
ptg000020l:19812043-19813386 -            448 40735at33392         -            315   1.6e-12   47.0  21.5   4   5   3.6e-05     0.006   15.6   0.7   125   187   265   326   257   350 0.75 -
ptg000020l:19812043-19813386 -            448 40735at33392         -            315   1.6e-12   47.0  21.5   5   5      0.18        29    3.4   0.0    25    60   411   446   404   448 0.91 -
ptg000180l:6018129-6018845   -            239 40735at33392         -            315   1.8e-11   43.6   5.5   1   4       8.5   1.4e+03   -2.1   0.0    27    55    33    61    16    69 0.68 -
ptg000180l:6018129-6018845   -            239 40735at33392         -            315   1.8e-11   43.6   5.5   2   4   2.5e-05    0.0041   16.1   0.3    24    79    78   127    63   132 0.87 -
ptg000180l:6018129-6018845   -            239 40735at33392         -            315   1.8e-11   43.6   5.5   3   4   5.8e-05    0.0095   14.9   0.1   149   211   132   192   124   202 0.80 -
ptg000180l:6018129-6018845   -            239 40735at33392         -            315   1.8e-11   43.6   5.5   4   4   9.6e-05     0.016   14.2   0.1   197   236   202   239   198   239 0.86 -
ptg000488l:1140529-1141236   -            236 40735at33392         -            315   2.1e-11   43.3   7.4   1   3   0.00033     0.054   12.4   0.0   130   186    17    74     3    77 0.83 -
ptg000488l:1140529-1141236   -            236 40735at33392         -            315   2.1e-11   43.3   7.4   2   3      0.13        21    3.9   0.1    28    61    60    93    51   111 0.87 -
ptg000488l:1140529-1141236   -            236 40735at33392         -            315   2.1e-11   43.3   7.4   3   3   1.1e-09   1.8e-07   30.4   4.8   120   238    78   196    67   224 0.84 -
ptg000305l:1986401-1987243   -            281 40735at33392         -            315   4.4e-11   42.3   2.4   1   3      0.23        39    3.0   0.1    27    60     6    39     2    57 0.76 -
ptg000305l:1986401-1987243   -            281 40735at33392         -            315   4.4e-11   42.3   2.4   2   3     0.052       8.5    5.2   0.0   116   186    44   115    41   116 0.86 -
ptg000305l:1986401-1987243   -            281 40735at33392         -            315   4.4e-11   42.3   2.4   3   3   3.3e-11   5.5e-09   35.4   0.5   146   263    97   220    94   224 0.78 -
ptg000403l:371768-372610     -            281 40735at33392         -            315   4.4e-11   42.3   2.4   1   3      0.23        39    3.0   0.1    27    60     6    39     2    57 0.76 -
ptg000403l:371768-372610     -            281 40735at33392         -            315   4.4e-11   42.3   2.4   2   3     0.052       8.5    5.2   0.0   116   186    44   115    41   116 0.86 -
ptg000403l:371768-372610     -            281 40735at33392         -            315   4.4e-11   42.3   2.4   3   3   3.3e-11   5.5e-09   35.4   0.5   146   263    97   220    94   224 0.78 -
ptg000121l:6524073-6525752   -            560 40735at33392         -            315   6.1e-11   41.8  24.8   1   6   7.2e-05     0.012   14.6   1.9   124   212    79   165    68   175 0.79 -
ptg000121l:6524073-6525752   -            560 40735at33392         -            315   6.1e-11   41.8  24.8   2   6   9.1e-07   0.00015   20.8   1.6   123   212   124   211   115   213 0.87 -
ptg000121l:6524073-6525752   -            560 40735at33392         -            315   6.1e-11   41.8  24.8   3   6     1e-05    0.0017   17.3   0.5   123   232   216   322   213   324 0.87 -
ptg000121l:6524073-6525752   -            560 40735at33392         -            315   6.1e-11   41.8  24.8   4   6     0.079        13    4.6   0.1    28    60   336   368   329   376 0.88 -
ptg000121l:6524073-6525752   -            560 40735at33392         -            315   6.1e-11   41.8  24.8   5   6    0.0017      0.28   10.0   1.8   122   230   379   483   372   487 0.79 -
ptg000121l:6524073-6525752   -            560 40735at33392         -            315   6.1e-11   41.8  24.8   6   6       2.3   3.7e+02   -0.2   0.0    10    49   504   543   494   553 0.82 -
ptg000112l:1549864-1550451   -            196 40735at33392         -            315   8.8e-11   41.3   5.3   1   1   3.5e-12   5.8e-10   38.6   5.2   100   248    24   173    19   186 0.81 -
ptg000018l:517563-524951     -            438 40735at33392         -            315   2.7e-10   39.7  13.4   1   5   8.5e-06    0.0014   17.6   1.3   125   210    24   110     6   116 0.84 -
ptg000018l:517563-524951     -            438 40735at33392         -            315   2.7e-10   39.7  13.4   2   5      0.13        22    3.8   0.0    26    60   120   154   114   158 0.90 -
ptg000018l:517563-524951     -            438 40735at33392         -            315   2.7e-10   39.7  13.4   3   5      0.19        32    3.3   0.2   145   185   175   214   170   244 0.73 -
ptg000018l:517563-524951     -            438 40735at33392         -            315   2.7e-10   39.7  13.4   4   5         7   1.1e+03   -1.8   0.0    24    56   240   273   224   282 0.73 -
ptg000018l:517563-524951     -            438 40735at33392         -            315   2.7e-10   39.7  13.4   5   5   1.4e-06   0.00022   20.2   0.2   199   273   301   369   292   402 0.81 -
ptg000618l:244518-253824     -            438 40735at33392         -            315   2.7e-10   39.7  13.4   1   5   8.5e-06    0.0014   17.6   1.3   125   210    24   110     6   116 0.84 -
ptg000618l:244518-253824     -            438 40735at33392         -            315   2.7e-10   39.7  13.4   2   5      0.13        22    3.8   0.0    26    60   120   154   114   158 0.90 -
ptg000618l:244518-253824     -            438 40735at33392         -            315   2.7e-10   39.7  13.4   3   5      0.19        32    3.3   0.2   145   185   175   214   170   244 0.73 -
ptg000618l:244518-253824     -            438 40735at33392         -            315   2.7e-10   39.7  13.4   4   5         7   1.1e+03   -1.8   0.0    24    56   240   273   224   282 0.73 -
ptg000618l:244518-253824     -            438 40735at33392         -            315   2.7e-10   39.7  13.4   5   5   1.4e-06   0.00022   20.2   0.2   199   273   301   369   292   402 0.81 -
ptg000122l:7844991-7917415   -            539 40735at33392         -            315   6.5e-10   38.4  19.6   1   6       1.5   2.5e+02    0.4   0.2   122   183    86   150    81   152 0.61 -
ptg000122l:7844991-7917415   -            539 40735at33392         -            315   6.5e-10   38.4  19.6   2   6     4e-06   0.00066   18.7   0.9   122   210   135   220   113   221 0.79 -
ptg000122l:7844991-7917415   -            539 40735at33392         -            315   6.5e-10   38.4  19.6   3   6   9.3e-07   0.00015   20.8   0.6   123   211   159   245   156   247 0.85 -
ptg000122l:7844991-7917415   -            539 40735at33392         -            315   6.5e-10   38.4  19.6   4   6      0.46        75    2.1   0.0   122   166   250   296   247   323 0.71 -
ptg000122l:7844991-7917415   -            539 40735at33392         -            315   6.5e-10   38.4  19.6   5   6    0.0016      0.26   10.2   0.8   129   212   368   450   355   456 0.60 -
ptg000122l:7844991-7917415   -            539 40735at33392         -            315   6.5e-10   38.4  19.6   6   6   0.00042     0.069   12.1   0.5   148   215   459   522   443   535 0.81 -
ptg000388l:703610-705769     -            720 40735at33392         -            315   8.6e-10   38.0  43.5   1  10     0.063        10    4.9   0.0    27    60    12    45     7    49 0.92 -
ptg000388l:703610-705769     -            720 40735at33392         -            315   8.6e-10   38.0  43.5   2  10    0.0041      0.68    8.8   0.9   148   230   110   188    98   191 0.82 -
ptg000388l:703610-705769     -            720 40735at33392         -            315   8.6e-10   38.0  43.5   3  10     0.013       2.2    7.1   1.4   141   219   151   226   127   241 0.64 -
ptg000388l:703610-705769     -            720 40735at33392         -            315   8.6e-10   38.0  43.5   4  10    0.0012      0.21   10.5   0.1   150   212   255   315   250   335 0.78 -
ptg000388l:703610-705769     -            720 40735at33392         -            315   8.6e-10   38.0  43.5   5  10     0.004      0.65    8.9   0.8     9    61   355   405   348   410 0.77 -
ptg000388l:703610-705769     -            720 40735at33392         -            315   8.6e-10   38.0  43.5   6  10     0.019       3.1    6.6   0.6    26    60   418   452   406   460 0.84 -
ptg000388l:703610-705769     -            720 40735at33392         -            315   8.6e-10   38.0  43.5   7  10      0.91   1.5e+02    1.1   0.0    28    60   468   500   454   508 0.87 -
ptg000388l:703610-705769     -            720 40735at33392         -            315   8.6e-10   38.0  43.5   8  10     0.065        11    4.9   1.2    15    60   549   595   536   602 0.74 -
ptg000388l:703610-705769     -            720 40735at33392         -            315   8.6e-10   38.0  43.5   9  10      0.45        74    2.1   0.3    26    61   609   644   593   650 0.86 -
ptg000388l:703610-705769     -            720 40735at33392         -            315   8.6e-10   38.0  43.5  10  10     0.012       1.9    7.3   0.1    22    60   653   691   621   699 0.72 -
ptg000050l:4892711-4894003   -            431 40735at33392         -            315   2.3e-09   36.6  18.8   1   6     6e-05    0.0099   14.8   0.1   126   185     7    64     2    72 0.91 -
ptg000050l:4892711-4894003   -            431 40735at33392         -            315   2.3e-09   36.6  18.8   2   6   2.6e-05    0.0043   16.0   3.6   148   231    76   156    69   158 0.89 -
ptg000050l:4892711-4894003   -            431 40735at33392         -            315   2.3e-09   36.6  18.8   3   6     0.061        10    5.0   0.4   171   211   146   184   140   202 0.80 -
ptg000050l:4892711-4894003   -            431 40735at33392         -            315   2.3e-09   36.6  18.8   4   6       1.6   2.7e+02    0.3   0.2    28    60   194   226   161   230 0.60 -
ptg000050l:4892711-4894003   -            431 40735at33392         -            315   2.3e-09   36.6  18.8   5   6      0.44        72    2.1   0.0     7    65   234   293   228   304 0.73 -
ptg000050l:4892711-4894003   -            431 40735at33392         -            315   2.3e-09   36.6  18.8   6   6    0.0096       1.6    7.6   0.1   197   239   316   356   314   415 0.84 -
ptg000062l:21968090-21969028 -            313 40735at33392         -            315   2.3e-09   36.6   8.2   1   5   1.9e-05    0.0031   16.5   0.4   149   231     8    88     2    92 0.88 -
ptg000062l:21968090-21969028 -            313 40735at33392         -            315   2.3e-09   36.6   8.2   2   5       0.1        17    4.2   0.1    24    60    99   134    89   138 0.89 -
ptg000062l:21968090-21969028 -            313 40735at33392         -            315   2.3e-09   36.6   8.2   3   5     0.074        12    4.7   0.0    26    66   124   170   121   174 0.79 -
ptg000062l:21968090-21969028 -            313 40735at33392         -            315   2.3e-09   36.6   8.2   4   5       0.1        17    4.2   0.0    23    62   174   213   166   221 0.89 -
ptg000062l:21968090-21969028 -            313 40735at33392         -            315   2.3e-09   36.6   8.2   5   5   0.00097      0.16   10.9   0.0   198   239   228   269   219   275 0.92 -
ptg000183l:1139990-1140835   -            282 40735at33392         -            315   1.6e-08   33.9   0.8   1   3      0.15        24    3.7   0.1   195   220     6    31     3    41 0.71 -
ptg000183l:1139990-1140835   -            282 40735at33392         -            315   1.6e-08   33.9   0.8   2   3   0.00091      0.15   11.0   0.0   144   214    74   141    41   145 0.53 -
ptg000183l:1139990-1140835   -            282 40735at33392         -            315   1.6e-08   33.9   0.8   3   3   2.9e-08   4.8e-06   25.7   0.1   150   266   102   224    80   234 0.71 -
ptg000034l:1808775-1810714   -            236 40735at33392         -            315     2e-08   33.5  21.7   1   4    0.0069       1.1    8.1   1.0   147   211     9    67     4    71 0.71 -
ptg000034l:1808775-1810714   -            236 40735at33392         -            315     2e-08   33.5  21.7   2   4   2.3e-07   3.8e-05   22.8   2.3   158   230    73   139    68   141 0.88 -
ptg000034l:1808775-1810714   -            236 40735at33392         -            315     2e-08   33.5  21.7   3   4   0.00074      0.12   11.3   0.9   168   217   127   174   121   179 0.77 -
ptg000034l:1808775-1810714   -            236 40735at33392         -            315     2e-08   33.5  21.7   4   4    0.0038      0.63    8.9   0.5   150   183   178   211   173   213 0.91 -
ptg000180l:6084501-6085175   -            225 40735at33392         -            315   2.2e-08   33.4   6.1   1   2    0.0015      0.25   10.2   0.1    25    60    37    72    25    86 0.84 -
ptg000180l:6084501-6085175   -            225 40735at33392         -            315   2.2e-08   33.4   6.1   2   2     1e-05    0.0016   17.4   2.0   124   242    86   203    82   207 0.64 -
ptg000172l:3062941-3064674   -            578 40735at33392         -            315   2.7e-08   33.1   0.1   1   1     3e-10   4.9e-08   32.3   0.1   120   239    17   136     5   146 0.83 -
ptg000177l:3039059-3041008   -            265 40735at33392         -            315   3.1e-08   32.9  20.8   1   4    0.0071       1.2    8.0   0.9   147   211    38    96    32   101 0.72 -
ptg000177l:3039059-3041008   -            265 40735at33392         -            315   3.1e-08   32.9  20.8   2   4     3e-07   4.9e-05   22.4   2.2   158   230   102   168    97   169 0.88 -
ptg000177l:3039059-3041008   -            265 40735at33392         -            315   3.1e-08   32.9  20.8   3   4    0.0021      0.34    9.8   0.6   170   217   158   203   153   207 0.77 -
ptg000177l:3039059-3041008   -            265 40735at33392         -            315   3.1e-08   32.9  20.8   4   4    0.0046      0.76    8.6   0.5   150   183   207   240   202   242 0.91 -
ptg000308l:1316406-1316921   -            172 40735at33392         -            315   3.9e-08   32.6  12.2   1   2   0.00038     0.062   12.2   0.5    24    60    27    63     4    68 0.88 -
ptg000308l:1316406-1316921   -            172 40735at33392         -            315   3.9e-08   32.6  12.2   2   2   7.7e-08   1.3e-05   24.3   5.6   146   231    78   158    76   161 0.91 -
ptg000062l:7444531-7445487   -            319 40735at33392         -            315   5.7e-08   32.0  13.8   1   7      0.35        57    2.5   0.1   174   214     3    41     1    46 0.71 -
ptg000062l:7444531-7445487   -            319 40735at33392         -            315   5.7e-08   32.0  13.8   2   7   5.3e-05    0.0087   15.0   0.8    25    61    45    81    39    87 0.90 -
ptg000062l:7444531-7445487   -            319 40735at33392         -            315   5.7e-08   32.0  13.8   3   7     0.013       2.1    7.2   0.0   171   215    95   138    89   156 0.70 -
ptg000062l:7444531-7445487   -            319 40735at33392         -            315   5.7e-08   32.0  13.8   4   7       3.9   6.4e+02   -1.0   0.0    28    58   144   174   137   176 0.83 -
ptg000062l:7444531-7445487   -            319 40735at33392         -            315   5.7e-08   32.0  13.8   5   7     0.044       7.3    5.4   0.1   194   231   189   225   160   231 0.72 -
ptg000062l:7444531-7445487   -            319 40735at33392         -            315   5.7e-08   32.0  13.8   6   7      0.81   1.3e+02    1.3   0.0    26    59   214   247   201   260 0.71 -
ptg000062l:7444531-7445487   -            319 40735at33392         -            315   5.7e-08   32.0  13.8   7   7      0.02       3.3    6.6   0.1    26    62   264   300   243   306 0.79 -
ptg000265l:16909515-16910246 -            244 40735at33392         -            315   6.8e-08   31.8   7.1   1   4     0.058       9.6    5.0   0.0    28    60    31    63    21    69 0.92 -
ptg000265l:16909515-16910246 -            244 40735at33392         -            315   6.8e-08   31.8   7.1   2   4    0.0011      0.19   10.6   1.2   147   217    78   146    73   170 0.83 -
ptg000265l:16909515-16910246 -            244 40735at33392         -            315   6.8e-08   31.8   7.1   3   4   0.00036     0.059   12.3   0.3   149   215   163   227   148   229 0.83 -
ptg000265l:16909515-16910246 -            244 40735at33392         -            315   6.8e-08   31.8   7.1   4   4   2.8e-05    0.0046   15.9   0.9     8    60   191   241   185   244 0.83 -
ptg000062l:18149651-18150511 -            287 40735at33392         -            315   7.4e-08   31.7   9.0   1   3      0.21        34    3.2   0.1    33    62     8    37     2    56 0.54 -
ptg000062l:18149651-18150511 -            287 40735at33392         -            315   7.4e-08   31.7   9.0   2   3   7.3e-05     0.012   14.5   0.1   116   184   115   181   111   186 0.86 -
ptg000062l:18149651-18150511 -            287 40735at33392         -            315   7.4e-08   31.7   9.0   3   3   0.00073      0.12   11.3   0.4   202   242   174   214   167   228 0.76 -
ptg000308l:1330460-1330987   -            176 40735at33392         -            315   1.5e-07   30.7  15.7   1   3   0.00032     0.052   12.5   0.4    25    60    19    54     1    62 0.59 -
ptg000308l:1330460-1330987   -            176 40735at33392         -            315   1.5e-07   30.7  15.7   2   3   2.9e-07   4.7e-05   22.5   7.1   146   231    69   149    67   151 0.92 -
ptg000308l:1330460-1330987   -            176 40735at33392         -            315   1.5e-07   30.7  15.7   3   3     0.021       3.5    6.5   0.2    26    60   138   172   134   174 0.91 -
ptg000099l:5171371-5172504   -            378 40735at33392         -            315   1.9e-07   30.3  35.4   1   6   0.00028     0.046   12.6   0.5    13    61     8    56     3    62 0.89 -
ptg000099l:5171371-5172504   -            378 40735at33392         -            315   1.9e-07   30.3  35.4   2   6    0.0057      0.93    8.3   0.2    26    60    69   103    61   110 0.88 -
ptg000099l:5171371-5172504   -            378 40735at33392         -            315   1.9e-07   30.3  35.4   3   6     0.044       7.3    5.4   4.1   135   212   130   202   112   214 0.81 -
ptg000099l:5171371-5172504   -            378 40735at33392         -            315   1.9e-07   30.3  35.4   4   6     0.028       4.5    6.1   3.9   160   231   194   261   184   264 0.78 -
ptg000099l:5171371-5172504   -            378 40735at33392         -            315   1.9e-07   30.3  35.4   5   6    0.0013      0.22   10.4   0.6    20    61   267   309   260   319 0.81 -
ptg000099l:5171371-5172504   -            378 40735at33392         -            315   1.9e-07   30.3  35.4   6   6    0.0058      0.96    8.3   0.7   190   235   316   361   309   372 0.85 -
ptg000147l:7097316-7098311   -            332 40735at33392         -            315   3.1e-07   29.6  26.9   1   6      0.18        30    3.4   0.0    27    60    24    57    10    61 0.86 -
ptg000147l:7097316-7098311   -            332 40735at33392         -            315   3.1e-07   29.6  26.9   2   6    0.0025      0.41    9.5   0.8    26    60    71   105    60   118 0.87 -
ptg000147l:7097316-7098311   -            332 40735at33392         -            315   3.1e-07   29.6  26.9   3   6      0.18        30    3.4   0.1    27    68   120   163   112   170 0.59 -
ptg000147l:7097316-7098311   -            332 40735at33392         -            315   3.1e-07   29.6  26.9   4   6    0.0005     0.083   11.8   0.4    27    64   168   205   163   214 0.86 -
ptg000147l:7097316-7098311   -            332 40735at33392         -            315   3.1e-07   29.6  26.9   5   6   3.5e-05    0.0057   15.6   7.0   150   233   196   279   194   286 0.88 -
ptg000147l:7097316-7098311   -            332 40735at33392         -            315   3.1e-07   29.6  26.9   6   6       3.9   6.4e+02   -1.0   0.1   126   157   297   329   288   332 0.54 -
ptg000086l:1827205-1828050   -            282 40735at33392         -            315   3.1e-07   29.6   5.4   1   3     0.096        16    4.3   0.3    28    64     8    44     4    60 0.67 -
ptg000086l:1827205-1828050   -            282 40735at33392         -            315   3.1e-07   29.6   5.4   2   3     0.018         3    6.7   0.0   118   188    47   118    44   122 0.89 -
ptg000086l:1827205-1828050   -            282 40735at33392         -            315   3.1e-07   29.6   5.4   3   3   1.4e-07   2.3e-05   23.5   1.1   148   264   103   222   100   234 0.73 -
ptg000147l:7405931-7406926   -            332 40735at33392         -            315   3.5e-07   29.5  26.8   1   6      0.16        27    3.6   0.0    27    60    24    57    10    66 0.86 -
ptg000147l:7405931-7406926   -            332 40735at33392         -            315   3.5e-07   29.5  26.8   2   6    0.0041      0.67    8.8   1.0    25    60    70   105    58   114 0.88 -
ptg000147l:7405931-7406926   -            332 40735at33392         -            315   3.5e-07   29.5  26.8   3   6      0.03       4.9    6.0   0.2    26    69   119   164   112   170 0.78 -
ptg000147l:7405931-7406926   -            332 40735at33392         -            315   3.5e-07   29.5  26.8   4   6   0.00059     0.096   11.6   0.6    26    66   167   206   151   215 0.82 -
ptg000147l:7405931-7406926   -            332 40735at33392         -            315   3.5e-07   29.5  26.8   5   6    0.0001     0.017   14.1   3.6   170   233   217   279   206   292 0.85 -
ptg000147l:7405931-7406926   -            332 40735at33392         -            315   3.5e-07   29.5  26.8   6   6       3.8   6.3e+02   -1.0   0.1   126   157   297   329   288   332 0.54 -
ptg000147l:7238273-7239268   -            332 40735at33392         -            315   3.5e-07   29.5  27.1   1   6      0.16        26    3.6   0.0    27    60    24    57     8    65 0.86 -
ptg000147l:7238273-7239268   -            332 40735at33392         -            315   3.5e-07   29.5  27.1   2   6    0.0039      0.64    8.9   1.0    25    60    70   105    58   114 0.88 -
ptg000147l:7238273-7239268   -            332 40735at33392         -            315   3.5e-07   29.5  27.1   3   6     0.024         4    6.3   0.2    25    69   118   164   108   170 0.79 -
ptg000147l:7238273-7239268   -            332 40735at33392         -            315   3.5e-07   29.5  27.1   4   6   0.00071      0.12   11.3   0.8    26    66   167   206   152   217 0.83 -
ptg000147l:7238273-7239268   -            332 40735at33392         -            315   3.5e-07   29.5  27.1   5   6   9.9e-05     0.016   14.1   3.6   170   233   217   279   206   292 0.85 -
ptg000147l:7238273-7239268   -            332 40735at33392         -            315   3.5e-07   29.5  27.1   6   6         4   6.6e+02   -1.0   0.1   126   157   297   329   289   332 0.54 -
ptg000387l:166603-167787     -            395 40735at33392         -            315   3.5e-07   29.4   9.6   1   3   0.00058     0.095   11.6   0.2    27    69     3    47     1    52 0.83 -
ptg000387l:166603-167787     -            395 40735at33392         -            315   3.5e-07   29.4   9.6   2   3     0.013       2.1    7.2   0.7   164   230    69   133    44   135 0.66 -
ptg000387l:166603-167787     -            395 40735at33392         -            315   3.5e-07   29.4   9.6   3   3    0.0001     0.016   14.1   1.0   150   249   128   223   123   244 0.80 -
ptg000656l:743914-745098     -            395 40735at33392         -            315   3.9e-07   29.3   9.6   1   3   0.00063       0.1   11.5   0.2    27    68     3    46     1    52 0.83 -
ptg000656l:743914-745098     -            395 40735at33392         -            315   3.9e-07   29.3   9.6   2   3     0.011       1.9    7.4   0.4   165   230    70   133    45   134 0.65 -
ptg000656l:743914-745098     -            395 40735at33392         -            315   3.9e-07   29.3   9.6   3   3   0.00011     0.018   14.0   1.0   150   250   128   224   124   246 0.80 -
ptg000509l:86194-157264      -           1296 40735at33392         -            315   3.9e-07   29.3   0.9   1   1   4.2e-09   6.9e-07   28.5   0.9   149   261    23   129    18   142 0.89 -
ptg001114l:17777-18481       -            235 40735at33392         -            315   5.2e-07   28.9   8.5   1   4       0.3        49    2.7   0.0    26    59     2    35     1    37 0.89 -
ptg001114l:17777-18481       -            235 40735at33392         -            315   5.2e-07   28.9   8.5   2   4     0.011       1.8    7.4   0.1    18    62    45    93    38   101 0.76 -
ptg001114l:17777-18481       -            235 40735at33392         -            315   5.2e-07   28.9   8.5   3   4    0.0022      0.36    9.7   0.4    20    60   118   161    99   166 0.70 -
ptg001114l:17777-18481       -            235 40735at33392         -            315   5.2e-07   28.9   8.5   4   4    0.0011      0.18   10.7   0.1   196   237   178   219   169   224 0.91 -
ptg000210l:3604298-3605038   -            247 40735at33392         -            315   6.6e-07   28.5  11.2   1   3   2.7e-05    0.0045   15.9   3.2   121   215    31   123     4   138 0.76 -
ptg000210l:3604298-3605038   -            247 40735at33392         -            315   6.6e-07   28.5  11.2   2   3    0.0013      0.22   10.4   0.4   148   212   130   192   123   200 0.78 -
ptg000210l:3604298-3605038   -            247 40735at33392         -            315   6.6e-07   28.5  11.2   3   3   6.8e-05     0.011   14.6   0.9   149   237   155   240   143   244 0.85 -
ptg000157l:1540432-1541085   -            218 40735at33392         -            315   7.5e-07   28.4   7.9   1   5      0.26        43    2.9   0.0    26    59     2    35     1    38 0.89 -
ptg000157l:1540432-1541085   -            218 40735at33392         -            315   7.5e-07   28.4   7.9   2   5    0.0091       1.5    7.7   0.2    18    63    45    94    37   102 0.77 -
ptg000157l:1540432-1541085   -            218 40735at33392         -            315   7.5e-07   28.4   7.9   3   5     0.024       3.9    6.3   0.1    27    60   104   137    90   142 0.89 -
ptg000157l:1540432-1541085   -            218 40735at33392         -            315   7.5e-07   28.4   7.9   4   5    0.0022      0.35    9.7   0.3    20    60   118   161   105   169 0.77 -
ptg000157l:1540432-1541085   -            218 40735at33392         -            315   7.5e-07   28.4   7.9   5   5    0.0029      0.48    9.3   0.1   197   236   179   218   173   218 0.92 -
ptg000053l:538792-703607     -           1351 40735at33392         -            315   8.9e-07   28.1   3.9   1   2      0.12        20    4.0   0.1   128   185    40    94    33    96 0.83 -
ptg000053l:538792-703607     -           1351 40735at33392         -            315   8.9e-07   28.1   3.9   2   2   1.4e-08   2.4e-06   26.7   2.5   149   261    83   189    79   202 0.89 -
ptg000133l:3661500-3662123   -            208 40735at33392         -            315     1e-06   27.9   0.1   1   3      0.46        76    2.1   0.0    27    60     2    35     1    42 0.91 -
ptg000133l:3661500-3662123   -            208 40735at33392         -            315     1e-06   27.9   0.1   2   3    0.0031      0.51    9.2   0.1    26    60    49    83    44   100 0.81 -
ptg000133l:3661500-3662123   -            208 40735at33392         -            315     1e-06   27.9   0.1   3   3   0.00017     0.028   13.4   0.0   124   236    97   208    91   208 0.78 -
ptg000344l:681272-682228     -            319 40735at33392         -            315   1.4e-06   27.5   5.4   1   5      0.18        29    3.4   0.0    18    60    24    65     9    70 0.84 -
ptg000344l:681272-682228     -            319 40735at33392         -            315   1.4e-06   27.5   5.4   2   5     0.062        10    4.9   0.0    26    60    79   113    71   119 0.91 -
ptg000344l:681272-682228     -            319 40735at33392         -            315   1.4e-06   27.5   5.4   3   5      0.21        34    3.2   0.0    25    58   102   135    87   161 0.82 -
ptg000344l:681272-682228     -            319 40735at33392         -            315   1.4e-06   27.5   5.4   4   5       5.9   9.7e+02   -1.6   0.0    26    59   155   190   133   201 0.59 -
ptg000344l:681272-682228     -            319 40735at33392         -            315   1.4e-06   27.5   5.4   5   5   4.2e-06   0.00069   18.6   0.6   170   238   205   272   176   278 0.88 -
ptg001114l:12428-13153       -            242 40735at33392         -            315   1.5e-06   27.4   8.0   1   5      0.22        36    3.1   0.0    26    59     4    37     1    40 0.91 -
ptg001114l:12428-13153       -            242 40735at33392         -            315   1.5e-06   27.4   8.0   2   5      0.02       3.2    6.6   0.1    29    63    61    96    46   104 0.74 -
ptg001114l:12428-13153       -            242 40735at33392         -            315   1.5e-06   27.4   8.0   3   5     0.021       3.5    6.5   0.1    27    60   106   139    94   142 0.90 -
ptg001114l:12428-13153       -            242 40735at33392         -            315   1.5e-06   27.4   8.0   4   5    0.0045      0.74    8.7   0.1    26    60   129   163   124   171 0.88 -
ptg001114l:12428-13153       -            242 40735at33392         -            315   1.5e-06   27.4   8.0   5   5    0.0073       1.2    8.0   0.1   196   237   180   221   175   228 0.91 -
ptg000388l:755257-755934     -            226 40735at33392         -            315   1.5e-06   27.3   7.5   1   4         1   1.7e+02    0.9   0.0    28    58     1    31     1    35 0.90 -
ptg000388l:755257-755934     -            226 40735at33392         -            315   1.5e-06   27.3   7.5   2   4   0.00025     0.041   12.8   1.4   123   215    22   115    16   118 0.79 -
ptg000388l:755257-755934     -            226 40735at33392         -            315   1.5e-06   27.3   7.5   3   4   0.00065      0.11   11.4   0.1   149   219    99   167    92   174 0.80 -
ptg000388l:755257-755934     -            226 40735at33392         -            315   1.5e-06   27.3   7.5   4   4    0.0021      0.35    9.7   0.2   199   237   171   207   167   215 0.80 -
ptg000157l:1545206-1545931   -            242 40735at33392         -            315   1.8e-06   27.1   8.5   1   4      0.22        36    3.1   0.0    26    59     4    37     1    40 0.91 -
ptg000157l:1545206-1545931   -            242 40735at33392         -            315   1.8e-06   27.1   8.5   2   4      0.02       3.2    6.6   0.1    29    63    61    96    46   104 0.74 -
ptg000157l:1545206-1545931   -            242 40735at33392         -            315   1.8e-06   27.1   8.5   3   4     0.013       2.2    7.1   0.1    27    60   106   139    94   142 0.91 -
ptg000157l:1545206-1545931   -            242 40735at33392         -            315   1.8e-06   27.1   8.5   4   4    0.0063         1    8.2   0.0   196   237   180   221   175   228 0.92 -
ptg000103l:3389290-3389985   -            232 40735at33392         -            315     2e-06   27.0  21.8   1   3    0.0017      0.28   10.0   0.3    11    61    11    59     2    69 0.75 -
ptg000103l:3389290-3389985   -            232 40735at33392         -            315     2e-06   27.0  21.8   2   3     0.038       6.3    5.6   1.2   194   231    71   107    66   109 0.83 -
ptg000103l:3389290-3389985   -            232 40735at33392         -            315     2e-06   27.0  21.8   3   3   3.6e-06   0.00059   18.9   8.0   146   231   121   203   108   206 0.89 -
ptg000628l:1023928-1024335   -            136 40735at33392         -            315   2.1e-06   26.9   2.5   1   2    0.0015      0.25   10.2   0.2    16    63     9    56     2    67 0.83 -
ptg000628l:1023928-1024335   -            136 40735at33392         -            315   2.1e-06   26.9   2.5   2   2   1.1e-05    0.0018   17.3   0.2   175   231    75   130    56   133 0.90 -
ptg000876l:180501-181196     -            232 40735at33392         -            315   2.2e-06   26.9  21.7   1   3    0.0019      0.32    9.9   0.3    11    61    11    59     2    69 0.74 -
ptg000876l:180501-181196     -            232 40735at33392         -            315   2.2e-06   26.9  21.7   2   3     0.037       6.1    5.7   1.2   194   231    71   107    66   110 0.83 -
ptg000876l:180501-181196     -            232 40735at33392         -            315   2.2e-06   26.9  21.7   3   3   3.9e-06   0.00064   18.7   8.1   146   231   121   203   108   206 0.89 -
ptg000080l:28416713-28417534 -            274 40735at33392         -            315   6.3e-06   25.3  14.4   1   4      0.38        63    2.3   0.1    28    63     5    40     2    59 0.72 -
ptg000080l:28416713-28417534 -            274 40735at33392         -            315   6.3e-06   25.3  14.4   2   4      0.02       3.2    6.6   0.2    26    61   124   159   114   166 0.93 -
ptg000080l:28416713-28417534 -            274 40735at33392         -            315   6.3e-06   25.3  14.4   3   4     0.012         2    7.2   0.3    26    61   171   206   158   211 0.87 -
ptg000080l:28416713-28417534 -            274 40735at33392         -            315   6.3e-06   25.3  14.4   4   4   2.8e-05    0.0045   15.9   0.8   193   238   217   260   214   265 0.89 -
ptg000007l:7237905-7238381   -            159 40735at33392         -            315   9.4e-06   24.8   9.4   1   3   7.5e-05     0.012   14.5   0.7   167   230    22    83     4    83 0.76 -
ptg000007l:7237905-7238381   -            159 40735at33392         -            315   9.4e-06   24.8   9.4   2   3   0.00098      0.16   10.8   0.0    25    60    72   107    69   110 0.91 -
ptg000007l:7237905-7238381   -            159 40735at33392         -            315   9.4e-06   24.8   9.4   3   3     0.015       2.5    6.9   1.5   171   209   121   158   107   159 0.53 -
ptg000232l:3679479-3680219   -            247 40735at33392         -            315   1.1e-05   24.5   1.1   1   3     0.067        11    4.8   0.0    25    60    58    93    43    98 0.87 -
ptg000232l:3679479-3680219   -            247 40735at33392         -            315   1.1e-05   24.5   1.1   2   3    0.0022      0.37    9.7   0.1    24    60   105   141   101   159 0.82 -
ptg000232l:3679479-3680219   -            247 40735at33392         -            315   1.1e-05   24.5   1.1   3   3     0.013       2.2    7.1   0.3   172   230   157   214   141   233 0.68 -
ptg000311l:908047-908754     -            236 40735at33392         -            315   1.2e-05   24.4   8.1   1   2    0.0049       0.8    8.6   0.6    11    63     9    60     3    74 0.86 -
ptg000311l:908047-908754     -            236 40735at33392         -            315   1.2e-05   24.4   8.1   2   2   4.4e-06   0.00072   18.6   1.9   148   239    75   162    68   173 0.80 -
ptg000114l:166850-167962     -            371 40735at33392         -            315   1.4e-05   24.2  15.5   1   5    0.0042      0.69    8.8   0.1    18    64    10    56     3    60 0.88 -
ptg000114l:166850-167962     -            371 40735at33392         -            315   1.4e-05   24.2  15.5   2   5      0.77   1.3e+02    1.3   0.0   195   215    66    86    58   101 0.64 -
ptg000114l:166850-167962     -            371 40735at33392         -            315   1.4e-05   24.2  15.5   3   5   0.00047     0.077   11.9   0.3    25    66   143   184   104   187 0.87 -
ptg000114l:166850-167962     -            371 40735at33392         -            315   1.4e-05   24.2  15.5   4   5         1   1.7e+02    0.9   0.0    39    63   209   233   192   241 0.73 -
ptg000114l:166850-167962     -            371 40735at33392         -            315   1.4e-05   24.2  15.5   5   5     0.011       1.9    7.3   0.3   198   241   271   313   265   353 0.64 -
ptg000296l:6227310-6241848   -            866 40735at33392         -            315   1.6e-05   24.0   9.9   1   4   0.00024     0.039   12.9   0.4   133   205    99   167    93   175 0.83 -
ptg000296l:6227310-6241848   -            866 40735at33392         -            315   1.6e-05   24.0   9.9   2   4     0.014       2.3    7.1   0.0   171   210   176   215   170   219 0.85 -
ptg000296l:6227310-6241848   -            866 40735at33392         -            315   1.6e-05   24.0   9.9   3   4      0.27        45    2.8   0.1    28    60   224   256   216   267 0.82 -
ptg000296l:6227310-6241848   -            866 40735at33392         -            315   1.6e-05   24.0   9.9   4   4      0.13        22    3.8   0.3   149   182   272   305   267   309 0.91 -
ptg000147l:6697386-6698189   -            268 40735at33392         -            315   1.6e-05   24.0  21.1   1   6      0.42        69    2.2   0.0    29    60     2    33     1    39 0.89 -
ptg000147l:6697386-6698189   -            268 40735at33392         -            315   1.6e-05   24.0  21.1   2   6    0.0025      0.41    9.5   0.2    27    60    24    57    17    60 0.91 -
ptg000147l:6697386-6698189   -            268 40735at33392         -            315   1.6e-05   24.0  21.1   3   6     0.034       5.6    5.8   0.4   185   228    59   103    57   109 0.63 -
ptg000147l:6697386-6698189   -            268 40735at33392         -            315   1.6e-05   24.0  21.1   4   6     0.022       3.6    6.4   0.8    23    63   116   156    95   159 0.83 -
ptg000147l:6697386-6698189   -            268 40735at33392         -            315   1.6e-05   24.0  21.1   5   6     0.011       1.8    7.4   1.4    23    65   140   181   125   192 0.77 -
ptg000147l:6697386-6698189   -            268 40735at33392         -            315   1.6e-05   24.0  21.1   6   6    0.0011      0.18   10.7   1.6    26    60   193   227   180   235 0.88 -
ptg000024l:21143524-21144288 -            255 40735at33392         -            315   1.7e-05   23.9  14.8   1   3    0.0072       1.2    8.0   1.8   139   187     9    58     2    78 0.74 -
ptg000024l:21143524-21144288 -            255 40735at33392         -            315   1.7e-05   23.9  14.8   2   3     0.032       5.2    5.9   0.7    28   186    43    81    39   120 0.58 -
ptg000024l:21143524-21144288 -            255 40735at33392         -            315   1.7e-05   23.9  14.8   3   3   1.9e-06   0.00031   19.8   3.9   149   263   134   253   124   255 0.80 -
ptg000011l:1086695-1087267   -            191 40735at33392         -            315   2.1e-05   23.6   8.5   1   3    0.0044      0.72    8.7   0.2    27    62    21    56     2    65 0.87 -
ptg000011l:1086695-1087267   -            191 40735at33392         -            315   2.1e-05   23.6   8.5   2   3    0.0032      0.52    9.2   0.3    22    65    63   106    55   123 0.82 -
ptg000011l:1086695-1087267   -            191 40735at33392         -            315   2.1e-05   23.6   8.5   3   3    0.0013      0.21   10.5   0.7    13    60   125   172   116   176 0.91 -
ptg000232l:3630965-3631666   -            234 40735at33392         -            315   2.4e-05   23.4   0.3   1   3     0.065        11    4.9   0.0    25    60    55    90    39    95 0.87 -
ptg000232l:3630965-3631666   -            234 40735at33392         -            315   2.4e-05   23.4   0.3   2   3    0.0075       1.2    7.9   0.0    24    60   102   138    95   154 0.83 -
ptg000232l:3630965-3631666   -            234 40735at33392         -            315   2.4e-05   23.4   0.3   3   3     0.013       2.2    7.1   0.1   178   230   160   211   139   215 0.67 -
ptg000093l:134863-135456     -            198 40735at33392         -            315   2.5e-05   23.3   8.5   1   3   0.00051     0.084   11.8   0.3    25    69    12    58     7    62 0.85 -
ptg000093l:134863-135456     -            198 40735at33392         -            315   2.5e-05   23.3   8.5   2   3    0.0028      0.46    9.3   0.1    28    62   110   144    96   148 0.89 -
ptg000093l:134863-135456     -            198 40735at33392         -            315   2.5e-05   23.3   8.5   3   3       0.2        33    3.2   0.1    24    61   154   191   146   194 0.71 -
ptg000062l:17004640-17005404 -            255 40735at33392         -            315   2.7e-05   23.2  17.6   1   4     0.016       2.6    6.9   1.0   166   217    19    72    13    77 0.73 -
ptg000062l:17004640-17005404 -            255 40735at33392         -            315   2.7e-05   23.2  17.6   2   4    0.0012      0.19   10.6   1.9   149   208    78   136    75   156 0.85 -
ptg000062l:17004640-17005404 -            255 40735at33392         -            315   2.7e-05   23.2  17.6   3   4         1   1.6e+02    1.0   0.1    26   156   147   180   136   185 0.58 -
ptg000062l:17004640-17005404 -            255 40735at33392         -            315   2.7e-05   23.2  17.6   4   4   0.00017     0.028   13.3   1.3   179   242   178   237   169   252 0.72 -
ptg000147l:7238705-7239256   -            184 40735at33392         -            315   2.7e-05   23.2  14.0   1   2   0.00017     0.029   13.3   0.8    25    66    22    62     2    73 0.78 -
ptg000147l:7238705-7239256   -            184 40735at33392         -            315   2.7e-05   23.2  14.0   2   2   3.2e-05    0.0053   15.7   3.6   170   233    73   135    62   148 0.86 -
ptg000019l:1211827-1212408   -            194 40735at33392         -            315   2.7e-05   23.2   7.8   1   3   0.00044     0.073   12.0   0.3    25    69    12    58     7    64 0.86 -
ptg000019l:1211827-1212408   -            194 40735at33392         -            315   2.7e-05   23.2   7.8   2   3    0.0025      0.41    9.5   0.3    28    62   110   144    85   147 0.85 -
ptg000019l:1211827-1212408   -            194 40735at33392         -            315   2.7e-05   23.2   7.8   3   3      0.22        37    3.1   0.1    24    61   154   191   145   194 0.73 -
ptg000499l:1720299-1720832   -            178 40735at33392         -            315     3e-05   23.1  14.9   1   3   0.00049      0.08   11.8   2.2   151   231     3    73     1    76 0.77 -
ptg000499l:1720299-1720832   -            178 40735at33392         -            315     3e-05   23.1  14.9   2   3   0.00076      0.12   11.2   0.3    26    63    86   123    74   127 0.87 -
ptg000499l:1720299-1720832   -            178 40735at33392         -            315     3e-05   23.1  14.9   3   3    0.0068       1.1    8.1   0.7   194   235   132   173   124   176 0.91 -
ptg000232l:3600681-3601436   -            252 40735at33392         -            315   3.1e-05   23.1   2.2   1   5     0.017       2.7    6.8   0.0    24    60    24    60     7    65 0.86 -
ptg000232l:3600681-3601436   -            252 40735at33392         -            315   3.1e-05   23.1   2.2   2   5     0.077        13    4.6   0.0    27    57    75   105    70   108 0.89 -
ptg000232l:3600681-3601436   -            252 40735at33392         -            315   3.1e-05   23.1   2.2   3   5     0.056       9.1    5.1   0.0    28    61   100   133    84   137 0.89 -
ptg000232l:3600681-3601436   -            252 40735at33392         -            315   3.1e-05   23.1   2.2   4   5      0.19        32    3.3   0.1   172   230   124   181   120   183 0.73 -
ptg000232l:3600681-3601436   -            252 40735at33392         -            315   3.1e-05   23.1   2.2   5   5      0.19        31    3.3   0.2    13    72   181   233   171   241 0.76 -
ptg000341l:608081-638201     -            405 40735at33392         -            315   5.1e-05   22.4  26.7   1   7     0.022       3.6    6.4   0.2    17    64     5    54     1    65 0.67 -
ptg000341l:608081-638201     -            405 40735at33392         -            315   5.1e-05   22.4  26.7   2   7     0.017       2.8    6.8   0.3    26    60    64    98    60   105 0.88 -
ptg000341l:608081-638201     -            405 40735at33392         -            315   5.1e-05   22.4  26.7   3   7      0.11        18    4.1   1.9    26    60   112   146    99   196 0.64 -
ptg000341l:608081-638201     -            405 40735at33392         -            315   5.1e-05   22.4  26.7   4   7      0.45        74    2.1   0.1    16    56   184   225   171   231 0.75 -
ptg000341l:608081-638201     -            405 40735at33392         -            315   5.1e-05   22.4  26.7   5   7     0.047       7.8    5.3   0.1    16    64   233   283   226   296 0.74 -
ptg000341l:608081-638201     -            405 40735at33392         -            315   5.1e-05   22.4  26.7   6   7     0.018       2.9    6.7   0.2    26    60   293   327   289   336 0.90 -
ptg000341l:608081-638201     -            405 40735at33392         -            315   5.1e-05   22.4  26.7   7   7     0.081        13    4.5   0.7    25    60   340   375   328   396 0.71 -
ptg000499l:1775098-1775985   -            296 40735at33392         -            315    0.0001   21.4  22.5   1   8     0.027       4.4    6.1   0.1    15    60     6    51     3    56 0.89 -
ptg000499l:1775098-1775985   -            296 40735at33392         -            315    0.0001   21.4  22.5   2   8    0.0038      0.63    8.9   0.3    25    60    40    75    27    88 0.89 -
ptg000499l:1775098-1775985   -            296 40735at33392         -            315    0.0001   21.4  22.5   3   8     0.033       5.4    5.8   0.2    26    60    65    99    50    99 0.74 -
ptg000499l:1775098-1775985   -            296 40735at33392         -            315    0.0001   21.4  22.5   4   8     0.029       4.7    6.0   0.2    27    62    90   125    84   136 0.88 -
ptg000499l:1775098-1775985   -            296 40735at33392         -            315    0.0001   21.4  22.5   5   8      0.39        64    2.3   3.9    10    69   133   193   125   200 0.69 -
ptg000499l:1775098-1775985   -            296 40735at33392         -            315    0.0001   21.4  22.5   6   8      0.17        27    3.5   3.5    13    74   159   223   147   229 0.77 -
ptg000499l:1775098-1775985   -            296 40735at33392         -            315    0.0001   21.4  22.5   7   8    0.0056      0.92    8.4   0.3   193   227   218   252   200   255 0.68 -
ptg000499l:1775098-1775985   -            296 40735at33392         -            315    0.0001   21.4  22.5   8   8     0.035       5.8    5.7   0.2    27    60   246   279   243   283 0.91 -
ptg000228l:2511991-2512842   -            284 40735at33392         -            315   0.00011   21.2  25.9   1   4    0.0044      0.73    8.7   0.2    13    60    13    60     4    65 0.89 -
ptg000228l:2511991-2512842   -            284 40735at33392         -            315   0.00011   21.2  25.9   2   4    0.0072       1.2    8.0   0.1    25    61    73   109    63   116 0.90 -
ptg000228l:2511991-2512842   -            284 40735at33392         -            315   0.00011   21.2  25.9   3   4     0.081        13    4.6   6.8   123   215   121   208   113   216 0.64 -
ptg000228l:2511991-2512842   -            284 40735at33392         -            315   0.00011   21.2  25.9   4   4    0.0033      0.55    9.1   8.6   120   212   184   275   179   284 0.83 -
ptg000024l:19129117-19129581 -            155 40735at33392         -            315   0.00012   21.2   6.4   1   3    0.0041      0.67    8.8   0.1    18    66     8    60     3    67 0.70 -
ptg000024l:19129117-19129581 -            155 40735at33392         -            315   0.00012   21.2   6.4   2   3    0.0036      0.59    9.0   0.3    25    60    65   100    62   108 0.90 -
ptg000024l:19129117-19129581 -            155 40735at33392         -            315   0.00012   21.2   6.4   3   3     0.024       3.9    6.3   0.4    26    60   114   148   100   154 0.57 -
ptg000147l:7694318-7694797   -            160 40735at33392         -            315   0.00012   21.1   7.9   1   3      0.11        17    4.2   0.0    28    60     2    34     1    42 0.88 -
ptg000147l:7694318-7694797   -            160 40735at33392         -            315   0.00012   21.1   7.9   2   3     0.001      0.17   10.8   1.2    25    61    47    83    35   104 0.84 -
ptg000147l:7694318-7694797   -            160 40735at33392         -            315   0.00012   21.1   7.9   3   3    0.0029      0.48    9.3   0.3    24    60   118   154    97   158 0.85 -
ptg000147l:6948101-6948736   -            212 40735at33392         -            315   0.00018   20.6   9.7   1   4     0.018         3    6.7   0.1    17    60    30    73    17    78 0.85 -
ptg000147l:6948101-6948736   -            212 40735at33392         -            315   0.00018   20.6   9.7   2   4    0.0052      0.85    8.5   0.1    27    60    64    97    59   101 0.91 -
ptg000147l:6948101-6948736   -            212 40735at33392         -            315   0.00018   20.6   9.7   3   4    0.0011      0.19   10.6   0.7    26    66    87   127    75   142 0.80 -
ptg000147l:6948101-6948736   -            212 40735at33392         -            315   0.00018   20.6   9.7   4   4     0.017       2.9    6.7   1.1    23    63   156   196   135   200 0.83 -
ptg000118l:1375086-1375826   -            247 40735at33392         -            315   0.00018   20.6   6.2   1   3    0.0016      0.27   10.1   0.5   148   218    16    84     8    95 0.73 -
ptg000118l:1375086-1375826   -            247 40735at33392         -            315   0.00018   20.6   6.2   2   3    0.0057      0.93    8.3   0.3   148   215    88   154    84   168 0.80 -
ptg000118l:1375086-1375826   -            247 40735at33392         -            315   0.00018   20.6   6.2   3   3     0.036       5.9    5.7   0.5    14    75   145   200   136   218 0.66 -
ptg000174l:1624777-1625475   -            233 40735at33392         -            315   0.00023   20.2   0.5   1   1   2.5e-06   0.00041   19.4   0.2   175   239     9    72     3    83 0.83 -
ptg000228l:2500715-2501536   -            274 40735at33392         -            315   0.00023   20.2  23.7   1   4     0.022       3.6    6.4   0.2    28    60     2    34     1    44 0.94 -
ptg000228l:2500715-2501536   -            274 40735at33392         -            315   0.00023   20.2  23.7   2   4      0.38        62    2.3   0.0    27    60    49    82    35    87 0.83 -
ptg000228l:2500715-2501536   -            274 40735at33392         -            315   0.00023   20.2  23.7   3   4      0.66   1.1e+02    1.6   0.8    20    46   108   134    73   161 0.45 -
ptg000228l:2500715-2501536   -            274 40735at33392         -            315   0.00023   20.2  23.7   4   4   0.00012      0.02   13.8  13.1   142   245   157   257   131   268 0.79 -
ptg000089l:3209333-3209980   -            216 40735at33392         -            315   0.00025   20.1   5.0   1   3    0.0022      0.36    9.7   0.6   168   217    35    83    10    98 0.63 -
ptg000089l:3209333-3209980   -            216 40735at33392         -            315   0.00025   20.1   5.0   2   3     0.079        13    4.6   0.1    25    60   108   144    89   160 0.77 -
ptg000089l:3209333-3209980   -            216 40735at33392         -            315   0.00025   20.1   5.0   3   3    0.0028      0.46    9.3   0.5   150   237   114   198   109   208 0.78 -
ptg000341l:637497-638228     -            244 40735at33392         -            315   0.00026   20.0  17.6   1   3    0.0052      0.86    8.5   0.5    13    64    10    63     2    74 0.69 -
ptg000341l:637497-638228     -            244 40735at33392         -            315   0.00026   20.0  17.6   2   3    0.0091       1.5    7.7   0.3    26    60    73   107    69   112 0.89 -
ptg000341l:637497-638228     -            244 40735at33392         -            315   0.00026   20.0  17.6   3   3    0.0053      0.87    8.4   2.8   199   277   149   231   143   238 0.77 -
ptg000147l:7011513-7012550   -            346 40735at33392         -            315   0.00036   19.6  26.6   1   7       3.2   5.2e+02   -0.7   0.1    36    59    19    42     6    62 0.71 -
ptg000147l:7011513-7012550   -            346 40735at33392         -            315   0.00036   19.6  26.6   2   7       1.6   2.6e+02    0.3   0.2    26    60    56    89    31    91 0.72 -
ptg000147l:7011513-7012550   -            346 40735at33392         -            315   0.00036   19.6  26.6   3   7      0.27        45    2.8   0.1    27    60    80   113    52   118 0.78 -
ptg000147l:7011513-7012550   -            346 40735at33392         -            315   0.00036   19.6  26.6   4   7    0.0042      0.68    8.8   1.4    25    61   126   162   113   174 0.85 -
ptg000147l:7011513-7012550   -            346 40735at33392         -            315   0.00036   19.6  26.6   5   7     0.011       1.8    7.4   0.7    25    63   197   235   187   237 0.87 -
ptg000147l:7011513-7012550   -            346 40735at33392         -            315   0.00036   19.6  26.6   6   7     0.015       2.5    6.9   0.8    26    66   222   261   209   271 0.83 -
ptg000147l:7011513-7012550   -            346 40735at33392         -            315   0.00036   19.6  26.6   7   7     0.003      0.49    9.3   5.4   149   230   250   331   245   336 0.73 -
ptg000404l:641214-641861     -            216 40735at33392         -            315   0.00041   19.4   5.5   1   3    0.0026      0.42    9.5   0.6   169   217    36    83     9    97 0.63 -
ptg000404l:641214-641861     -            216 40735at33392         -            315   0.00041   19.4   5.5   2   3     0.086        14    4.5   0.1    25    60   108   144    89   158 0.77 -
ptg000404l:641214-641861     -            216 40735at33392         -            315   0.00041   19.4   5.5   3   3     0.003      0.49    9.3   0.6   150   237   114   198   109   208 0.78 -
ptg000061l:6555678-6556136   -            153 40735at33392         -            315   0.00043   19.3   7.2   1   2     0.059       9.6    5.0   0.2    27    61    13    46     1    53 0.76 -
ptg000061l:6555678-6556136   -            153 40735at33392         -            315   0.00043   19.3   7.2   2   2   4.2e-06    0.0007   18.6   5.6   120   212    31   121    22   141 0.84 -
ptg000097l:3194666-3195910   -            415 40735at33392         -            315   0.00048   19.2  44.7   1   8         1   1.7e+02    0.9   0.0    32    58     2    28     1    32 0.89 -
ptg000097l:3194666-3195910   -            415 40735at33392         -            315   0.00048   19.2  44.7   2   8     0.009       1.5    7.7   0.3    16    60    36    78    28    85 0.82 -
ptg000097l:3194666-3195910   -            415 40735at33392         -            315   0.00048   19.2  44.7   3   8     0.003       0.5    9.2   4.6    27   101    93   169    79   176 0.73 -
ptg000097l:3194666-3195910   -            415 40735at33392         -            315   0.00048   19.2  44.7   4   8      0.12        20    3.9   1.9   167   231   168   229   137   232 0.71 -
ptg000097l:3194666-3195910   -            415 40735at33392         -            315   0.00048   19.2  44.7   5   8     0.069        11    4.8   1.2    20    60   212   252   201   261 0.87 -
ptg000097l:3194666-3195910   -            415 40735at33392         -            315   0.00048   19.2  44.7   6   8    0.0043      0.71    8.7   2.1    19    64   277   323   257   330 0.73 -
ptg000097l:3194666-3195910   -            415 40735at33392         -            315   0.00048   19.2  44.7   7   8     0.029       4.8    6.0   0.7    26    62   331   369   319   376 0.81 -
ptg000097l:3194666-3195910   -            415 40735at33392         -            315   0.00048   19.2  44.7   8   8      0.02       3.3    6.5   0.7    25    60   378   413   366   415 0.79 -
ptg000080l:27679493-27680413 -            307 40735at33392         -            315   0.00059   18.8  10.5   1   2    0.0018      0.29   10.0   0.6    12    63    80   131    68   139 0.80 -
ptg000080l:27679493-27680413 -            307 40735at33392         -            315   0.00059   18.8  10.5   2   2   0.00052     0.086   11.7   3.7   142   235   161   242   135   248 0.72 -
ptg000607l:4933199-4934020   -            274 40735at33392         -            315   0.00061   18.8  26.0   1   2      0.16        26    3.6  16.5    28   231     2   195     1   197 0.80 -
ptg000607l:4933199-4934020   -            274 40735at33392         -            315   0.00061   18.8  26.0   2   2   0.00063       0.1   11.5  14.9   143   245   158   257   134   270 0.79 -
ptg000607l:4944546-4945310   -            255 40735at33392         -            315   0.00086   18.3  23.3   1   2    0.0026      0.43    9.5   0.3    26    60    21    55     3    65 0.89 -
ptg000607l:4944546-4945310   -            255 40735at33392         -            315   0.00086   18.3  23.3   2   2     0.015       2.4    7.0  17.7    28   212    71   246    60   255 0.81 -
ptg000004l:1727820-1728320   -            167 40735at33392         -            315    0.0009   18.3   8.7   1   4     0.017       2.8    6.8   0.4    28    60     2    34     1    41 0.90 -
ptg000004l:1727820-1728320   -            167 40735at33392         -            315    0.0009   18.3   8.7   2   4     0.031       5.1    5.9   0.1    26    61    48    83    38    90 0.85 -
ptg000004l:1727820-1728320   -            167 40735at33392         -            315    0.0009   18.3   8.7   3   4      0.29        48    2.7   0.1   194   214    71    90    62   107 0.74 -
ptg000004l:1727820-1728320   -            167 40735at33392         -            315    0.0009   18.3   8.7   4   4    0.0053      0.87    8.4   0.3    26    61   120   156   103   161 0.87 -
ptg000049l:9213291-9216471   -            236 40735at33392         -            315    0.0011   18.0   0.4   1   2     0.027       4.5    6.1   0.1   144   209    18    78     9    85 0.75 -
ptg000049l:9213291-9216471   -            236 40735at33392         -            315    0.0011   18.0   0.4   2   2   9.9e-05     0.016   14.1   0.2   147   214    66   132    44   146 0.62 -
ptg000706l:156307-159752     -            236 40735at33392         -            315    0.0011   18.0   0.4   1   2     0.027       4.5    6.1   0.1   144   209    18    78     9    85 0.75 -
ptg000706l:156307-159752     -            236 40735at33392         -            315    0.0011   18.0   0.4   2   2   9.9e-05     0.016   14.1   0.2   147   214    66   132    44   146 0.62 -
ptg000306l:1400979-1401608   -            210 40735at33392         -            315    0.0011   17.9   3.2   1   3       1.4   2.3e+02    0.5   0.0    27    60     3    36     1    40 0.86 -
ptg000306l:1400979-1401608   -            210 40735at33392         -            315    0.0011   17.9   3.2   2   3     0.043         7    5.5   0.0    28    60    52    84    48   100 0.86 -
ptg000306l:1400979-1401608   -            210 40735at33392         -            315    0.0011   17.9   3.2   3   3    0.0017      0.28   10.1   0.8   146   236   123   210    85   210 0.83 -
ptg000066l:17720119-17720748 -            210 40735at33392         -            315    0.0012   17.9   3.4   1   3       1.4   2.2e+02    0.5   0.0    27    60     3    36     1    40 0.86 -
ptg000066l:17720119-17720748 -            210 40735at33392         -            315    0.0012   17.9   3.4   2   3     0.031         5    5.9   0.0    28    60    52    84    36   100 0.87 -
ptg000066l:17720119-17720748 -            210 40735at33392         -            315    0.0012   17.9   3.4   3   3    0.0016      0.27   10.1   0.9   146   236   123   210    85   210 0.85 -
ptg000306l:1464687-1465385   -            233 40735at33392         -            315    0.0012   17.8   3.7   1   3      0.94   1.5e+02    1.1   0.0    26    60     2    36     1    39 0.88 -
ptg000306l:1464687-1465385   -            233 40735at33392         -            315    0.0012   17.8   3.7   2   3     0.016       2.6    6.9   0.0    28    62    52    86    46   102 0.82 -
ptg000306l:1464687-1465385   -            233 40735at33392         -            315    0.0012   17.8   3.7   3   3     0.018       2.9    6.7   0.4    22    79   156   220   133   228 0.60 -
ptg000066l:17650028-17650741 -            238 40735at33392         -            315    0.0018   17.3   3.8   1   4      0.86   1.4e+02    1.2   0.0    25    60    12    47     3    53 0.82 -
ptg000066l:17650028-17650741 -            238 40735at33392         -            315    0.0018   17.3   3.8   2   4     0.011       1.7    7.4   0.1    28    62    63    97    58   113 0.82 -
ptg000066l:17650028-17650741 -            238 40735at33392         -            315    0.0018   17.3   3.8   3   4       3.6   5.9e+02   -0.8   0.0    30    60   113   143   103   147 0.79 -
ptg000066l:17650028-17650741 -            238 40735at33392         -            315    0.0018   17.3   3.8   4   4     0.026       4.3    6.2   0.2    22    79   167   231   147   233 0.59 -
ptg000147l:6741150-6742265   -            372 40735at33392         -            315    0.0018   17.2  28.9   1   6         2   3.3e+02   -0.0   0.1    21    58    10    49     4    58 0.56 -
ptg000147l:6741150-6742265   -            372 40735at33392         -            315    0.0018   17.2  28.9   2   6       2.4   3.9e+02   -0.3   0.0    28    60    66    98    53   102 0.80 -
ptg000147l:6741150-6742265   -            372 40735at33392         -            315    0.0018   17.2  28.9   3   6    0.0012      0.19   10.6   4.0   152   228    95   167    69   173 0.77 -
ptg000147l:6741150-6742265   -            372 40735at33392         -            315    0.0018   17.2  28.9   4   6     0.012         2    7.3   0.9    25    63   182   220   164   222 0.87 -
ptg000147l:6741150-6742265   -            372 40735at33392         -            315    0.0018   17.2  28.9   5   6     0.027       4.5    6.1   0.5    27    66   208   246   203   257 0.83 -
ptg000147l:6741150-6742265   -            372 40735at33392         -            315    0.0018   17.2  28.9   6   6    0.0035      0.57    9.0   5.4   149   230   235   316   230   326 0.74 -
ptg000032l:16840238-16841143 -            302 40735at33392         -            315    0.0031   16.5  26.5   1   3     0.008       1.3    7.9   1.4    22    60    62   100    29   103 0.79 -
ptg000032l:16840238-16841143 -            302 40735at33392         -            315    0.0031   16.5  26.5   2   3   0.00042     0.069   12.1   8.5   120   211    86   176    81   188 0.82 -
ptg000032l:16840238-16841143 -            302 40735at33392         -            315    0.0031   16.5  26.5   3   3    0.0015      0.25   10.2   2.1    22    63   239   280   222   284 0.84 -
ptg000281l:4115956-4116663   -            236 40735at33392         -            315    0.0033   16.4  15.9   1   5      0.11        18    4.1   0.1    26    59     5    38     3    45 0.91 -
ptg000281l:4115956-4116663   -            236 40735at33392         -            315    0.0033   16.4  15.9   2   5     0.016       2.7    6.8   2.3    25    63    78   116    52   123 0.76 -
ptg000281l:4115956-4116663   -            236 40735at33392         -            315    0.0033   16.4  15.9   3   5    0.0074       1.2    8.0   1.2    25    62   102   139    91   147 0.78 -
ptg000281l:4115956-4116663   -            236 40735at33392         -            315    0.0033   16.4  15.9   4   5     0.075        12    4.7   1.0    25    60   126   161   113   167 0.81 -
ptg000281l:4115956-4116663   -            236 40735at33392         -            315    0.0033   16.4  15.9   5   5    0.0027      0.45    9.4   2.3   171   231   152   210   138   214 0.75 -
ptg000707l:703459-704166     -            236 40735at33392         -            315    0.0047   15.9  15.9   1   5      0.19        32    3.3   0.0    26    59     5    38     3    47 0.91 -
ptg000707l:703459-704166     -            236 40735at33392         -            315    0.0047   15.9  15.9   2   5     0.022       3.6    6.4   2.9    24    63    77   116    53   123 0.74 -
ptg000707l:703459-704166     -            236 40735at33392         -            315    0.0047   15.9  15.9   3   5    0.0066       1.1    8.1   0.9    25    62   102   139    93   148 0.78 -
ptg000707l:703459-704166     -            236 40735at33392         -            315    0.0047   15.9  15.9   4   5     0.076        13    4.6   0.8    25    60   126   161   114   167 0.84 -
ptg000707l:703459-704166     -            236 40735at33392         -            315    0.0047   15.9  15.9   5   5    0.0024       0.4    9.6   2.1   171   231   152   210   140   214 0.74 -
ptg000035l:15755172-15755879 -            236 40735at33392         -            315    0.0052   15.7  14.7   1   6      0.12        20    4.0   1.1    28    60     7    39     3    54 0.81 -
ptg000035l:15755172-15755879 -            236 40735at33392         -            315    0.0052   15.7  14.7   2   6     0.012       1.9    7.3   0.2    21    60    45    84    40    88 0.91 -
ptg000035l:15755172-15755879 -            236 40735at33392         -            315    0.0052   15.7  14.7   3   6    0.0046      0.75    8.6   0.4    25    61    73   109    67   121 0.81 -
ptg000035l:15755172-15755879 -            236 40735at33392         -            315    0.0052   15.7  14.7   4   6      0.25        42    2.9   0.0    24    60    96   132    85   140 0.72 -
ptg000035l:15755172-15755879 -            236 40735at33392         -            315    0.0052   15.7  14.7   5   6    0.0085       1.4    7.8   0.1    10    67   132   190   123   194 0.84 -
ptg000035l:15755172-15755879 -            236 40735at33392         -            315    0.0052   15.7  14.7   6   6       0.6        98    1.7   0.1    27    66   196   235   183   236 0.79 -
ptg000628l:633353-634060     -            236 40735at33392         -            315    0.0058   15.6  15.1   1   6      0.12        21    3.9   1.0    28    60     7    39     3    52 0.82 -
ptg000628l:633353-634060     -            236 40735at33392         -            315    0.0058   15.6  15.1   2   6     0.012       1.9    7.3   0.2    21    60    45    84    40    88 0.91 -
ptg000628l:633353-634060     -            236 40735at33392         -            315    0.0058   15.6  15.1   3   6    0.0046      0.76    8.6   0.4    25    61    73   109    67   121 0.81 -
ptg000628l:633353-634060     -            236 40735at33392         -            315    0.0058   15.6  15.1   4   6      0.25        42    2.9   0.0    24    60    96   132    85   140 0.72 -
ptg000628l:633353-634060     -            236 40735at33392         -            315    0.0058   15.6  15.1   5   6    0.0072       1.2    8.0   0.2    10    67   132   190   123   194 0.84 -
ptg000628l:633353-634060     -            236 40735at33392         -            315    0.0058   15.6  15.1   6   6       0.6        98    1.7   0.1    27    66   196   235   183   236 0.79 -
ptg000158l:12872104-12872607 -            168 40735at33392         -            315    0.0061   15.5   7.7   1   4       1.8     3e+02    0.1   0.0    38    60     1    23     1    31 0.71 -
ptg000158l:12872104-12872607 -            168 40735at33392         -            315    0.0061   15.5   7.7   2   4    0.0005     0.082   11.8   0.2    28    62    38    73    21    78 0.76 -
ptg000158l:12872104-12872607 -            168 40735at33392         -            315    0.0061   15.5   7.7   3   4    0.0034      0.55    9.1   1.0    26    63    60    97    58   111 0.89 -
ptg000158l:12872104-12872607 -            168 40735at33392         -            315    0.0061   15.5   7.7   4   4      0.06       9.9    5.0   0.1   148   186   116   153   106   168 0.63 -
ptg000011l:1102532-1103014   -            161 40735at33392         -            315     0.007   15.3   2.4   1   2     0.025         4    6.2   0.1    15    61    11    59     2    64 0.84 -
ptg000011l:1102532-1103014   -            161 40735at33392         -            315     0.007   15.3   2.4   2   2    0.0015      0.24   10.3   0.7   124   234    48   159    45   160 0.81 -
ptg000821l:441879-442451     -            191 40735at33392         -            315    0.0073   15.3  13.6   1   4    0.0038      0.63    8.9   2.0    27    69    13    55     5    62 0.90 -
ptg000821l:441879-442451     -            191 40735at33392         -            315    0.0073   15.3  13.6   2   4    0.0023      0.38    9.6   0.3    26    60    84   118    71   125 0.82 -
ptg000821l:441879-442451     -            191 40735at33392         -            315    0.0073   15.3  13.6   3   4     0.024       3.9    6.3   0.2    27    60   109   142   103   150 0.89 -
ptg000821l:441879-442451     -            191 40735at33392         -            315    0.0073   15.3  13.6   4   4       0.2        34    3.2   0.2    27    60   133   166   121   190 0.75 -
ptg000499l:1758732-1759988   -            419 40735at33392         -            315    0.0092   14.9  34.8   1   6     0.058       9.4    5.0   0.1    12    60    28    76    20    83 0.88 -
ptg000499l:1758732-1759988   -            419 40735at33392         -            315    0.0092   14.9  34.8   2   6      0.24        39    3.0   0.0    28    60    92   124    77   131 0.79 -
ptg000499l:1758732-1759988   -            419 40735at33392         -            315    0.0092   14.9  34.8   3   6      0.27        44    2.8   2.1    28    61   116   149    94   176 0.70 -
ptg000499l:1758732-1759988   -            419 40735at33392         -            315    0.0092   14.9  34.8   4   6         5   8.2e+02   -1.3  10.6   148   230   187   280   153   284 0.47 -
ptg000499l:1758732-1759988   -            419 40735at33392         -            315    0.0092   14.9  34.8   5   6    0.0044      0.72    8.7   0.5    26    63   294   331   285   339 0.87 -
ptg000499l:1758732-1759988   -            419 40735at33392         -            315    0.0092   14.9  34.8   6   6     0.004      0.66    8.8   0.5   194   265   340   409   333   419 0.68 -
ptg000559l:295689-296765     -            359 40735at33392         -            315      0.01   14.8  11.7   1   4     0.012       1.9    7.3   2.5   131   233    22   124    11   149 0.77 -
ptg000559l:295689-296765     -            359 40735at33392         -            315      0.01   14.8  11.7   2   4       3.9   6.5e+02   -1.0   0.0    28    60   167   199   134   215 0.75 -
ptg000559l:295689-296765     -            359 40735at33392         -            315      0.01   14.8  11.7   3   4    0.0032      0.52    9.2   0.1    17    64   236   283   226   289 0.88 -
ptg000559l:295689-296765     -            359 40735at33392         -            315      0.01   14.8  11.7   4   4      0.76   1.2e+02    1.4   0.0   196   215   294   313   286   328 0.63 -
ptg000232l:3668667-3668960   -             98 40735at33392         -            315     0.011   14.7   0.2   1   1   0.00017     0.028   13.3   0.2    24    60    27    63     1    85 0.81 -
ptg000066l:17634447-17634755 -            103 40735at33392         -            315     0.018   14.0   0.2   1   2      0.18        29    3.4   0.0    28    57    34    63     3    66 0.61 -
ptg000066l:17634447-17634755 -            103 40735at33392         -            315     0.018   14.0   0.2   2   2    0.0014      0.24   10.3   0.1    28    61    58    91    51   102 0.86 -
ptg000306l:1479831-1480139   -            103 40735at33392         -            315     0.018   14.0   0.2   1   2      0.18        29    3.4   0.0    28    57    34    63     3    66 0.61 -
ptg000306l:1479831-1480139   -            103 40735at33392         -            315     0.018   14.0   0.2   2   2    0.0014      0.24   10.3   0.1    28    61    58    91    51   102 0.86 -
ptg000080l:7050795-7051067   -             91 40735at33392         -            315      0.04   12.8   2.4   1   1   0.00033     0.054   12.4   2.4   127   211     5    87     1    89 0.72 -
ptg000821l:442623-443405     -            261 40735at33392         -            315     0.059   12.3  16.5   1   5    0.0056      0.92    8.4   0.5    27    65    20    58     8    80 0.80 -
ptg000821l:442623-443405     -            261 40735at33392         -            315     0.059   12.3  16.5   2   5     0.012       1.9    7.3   0.8    26    62    67   103    62   112 0.83 -
ptg000821l:442623-443405     -            261 40735at33392         -            315     0.059   12.3  16.5   3   5    0.0078       1.3    7.9   3.0    24    66    89   133    77   145 0.85 -
ptg000821l:442623-443405     -            261 40735at33392         -            315     0.059   12.3  16.5   4   5      0.25        41    2.9   0.3    29    60   141   172   126   176 0.86 -
ptg000821l:442623-443405     -            261 40735at33392         -            315     0.059   12.3  16.5   5   5      0.99   1.6e+02    1.0   1.0    27    61   187   221   150   238 0.58 -
ptg000559l:289127-290206     -            360 40735at33392         -            315      0.07   12.0  20.4   1   5    0.0038      0.63    8.9   0.9   161   230    18    85     3    89 0.69 -
ptg000559l:289127-290206     -            360 40735at33392         -            315      0.07   12.0  20.4   2   5       1.5   2.5e+02    0.4   0.3    43    64   122   143   114   148 0.85 -
ptg000559l:289127-290206     -            360 40735at33392         -            315      0.07   12.0  20.4   3   5     0.045       7.3    5.4   1.8    25    64   152   191   128   195 0.83 -
ptg000559l:289127-290206     -            360 40735at33392         -            315      0.07   12.0  20.4   4   5      0.31        51    2.6   0.2    25    62   228   265   213   278 0.80 -
ptg000559l:289127-290206     -            360 40735at33392         -            315      0.07   12.0  20.4   5   5     0.073        12    4.7   0.2    31   238   282   319   273   335 0.55 -
ptg000147l:7515964-7516752   -            263 40735at33392         -            315     0.073   12.0   9.8   1   3      0.52        85    1.9   1.0    15    59    67   112    49   131 0.72 -
ptg000147l:7515964-7516752   -            263 40735at33392         -            315     0.073   12.0   9.8   2   3      0.11        18    4.1   0.0    27    60   150   183   131   190 0.85 -
ptg000147l:7515964-7516752   -            263 40735at33392         -            315     0.073   12.0   9.8   3   3    0.0021      0.34    9.8   1.0    25    61   196   232   184   253 0.84 -
ptg000797l:582422-583852     -            477 40735at33392         -            315      0.12   11.3  40.2   1   8      0.41        68    2.2   0.9   126   171    18    65    12    83 0.63 -
ptg000797l:582422-583852     -            477 40735at33392         -            315      0.12   11.3  40.2   2   8     0.023       3.7    6.4   2.9    28    65    85   122    63   141 0.77 -
ptg000797l:582422-583852     -            477 40735at33392         -            315      0.12   11.3  40.2   3   8       0.1        17    4.2   0.6    25    60   130   165   119   176 0.89 -
ptg000797l:582422-583852     -            477 40735at33392         -            315      0.12   11.3  40.2   4   8      0.04       6.5    5.6   0.7    24    60   153   189   142   201 0.87 -
ptg000797l:582422-583852     -            477 40735at33392         -            315      0.12   11.3  40.2   5   8       0.3        49    2.7   1.7    15    60   191   236   178   243 0.64 -
ptg000797l:582422-583852     -            477 40735at33392         -            315      0.12   11.3  40.2   6   8      0.13        22    3.9   0.0    25    60   250   285   238   303 0.87 -
ptg000797l:582422-583852     -            477 40735at33392         -            315      0.12   11.3  40.2   7   8    0.0054      0.89    8.4   2.4    25    67   394   436   369   440 0.81 -
ptg000797l:582422-583852     -            477 40735at33392         -            315      0.12   11.3  40.2   8   8      0.21        34    3.2   1.3    26    60   443   477   431   477 0.89 -
ptg000024l:12542679-12544148 -            490 40735at33392         -            315      0.16   10.8  27.2   1   7       2.5   4.2e+02   -0.4   0.1    24    59   152   186   131   198 0.75 -
ptg000024l:12542679-12544148 -            490 40735at33392         -            315      0.16   10.8  27.2   2   7     0.035       5.7    5.7   2.0    24    60   221   257   203   273 0.81 -
ptg000024l:12542679-12544148 -            490 40735at33392         -            315      0.16   10.8  27.2   3   7     0.086        14    4.5   0.5    24    58   245   279   234   295 0.84 -
ptg000024l:12542679-12544148 -            490 40735at33392         -            315      0.16   10.8  27.2   4   7      0.39        64    2.3   0.1    12    57   278   323   269   334 0.87 -
ptg000024l:12542679-12544148 -            490 40735at33392         -            315      0.16   10.8  27.2   5   7      0.25        41    2.9   0.3    26    59   340   373   327   385 0.84 -
ptg000024l:12542679-12544148 -            490 40735at33392         -            315      0.16   10.8  27.2   6   7     0.035       5.7    5.8   0.2    26    60   387   421   375   428 0.88 -
ptg000024l:12542679-12544148 -            490 40735at33392         -            315      0.16   10.8  27.2   7   7     0.008       1.3    7.9   0.2    24    65   433   474   422   478 0.86 -
ptg000032l:16768207-16769217 -            337 40735at33392         -            315      0.61    8.9  28.2   1   5      0.16        26    3.6   0.0    15    63     8    56     2    61 0.89 -
ptg000032l:16768207-16769217 -            337 40735at33392         -            315      0.61    8.9  28.2   2   5      0.17        28    3.5   0.1    25    60    66   101    58   108 0.85 -
ptg000032l:16768207-16769217 -            337 40735at33392         -            315      0.61    8.9  28.2   3   5      0.63     1e+02    1.6   9.0   126   211    93   177    89   179 0.76 -
ptg000032l:16768207-16769217 -            337 40735at33392         -            315      0.61    8.9  28.2   4   5     0.085        14    4.5   2.8   148   211   164   217   155   239 0.68 -
ptg000032l:16768207-16769217 -            337 40735at33392         -            315      0.61    8.9  28.2   5   5    0.0059      0.97    8.3   2.0    27    63   248   284   243   312 0.78 -
ptg000126l:488648-490984     -            779 40735at33392         -            315       6.8    5.5  60.1   1  11      0.02       3.3    6.5   0.1    25    61    43    79    21    83 0.84 -
ptg000126l:488648-490984     -            779 40735at33392         -            315       6.8    5.5  60.1   2  11      0.52        86    1.9   0.3   141   186    87   129    81   137 0.75 -
ptg000126l:488648-490984     -            779 40735at33392         -            315       6.8    5.5  60.1   3  11       1.7   2.8e+02    0.2   1.9   147   210   150   214   145   241 0.76 -
ptg000126l:488648-490984     -            779 40735at33392         -            315       6.8    5.5  60.1   4  11       3.7   6.1e+02   -0.9   0.1    26    66   268   309   255   314 0.78 -
ptg000126l:488648-490984     -            779 40735at33392         -            315       6.8    5.5  60.1   5  11     0.031       5.1    5.9   0.9    27    65   315   353   299   375 0.81 -
ptg000126l:488648-490984     -            779 40735at33392         -            315       6.8    5.5  60.1   6  11     0.038       6.2    5.6   3.4    24    64   384   426   361   438 0.78 -
ptg000126l:488648-490984     -            779 40735at33392         -            315       6.8    5.5  60.1   7  11      0.94   1.5e+02    1.1   0.2    29    60   436   467   421   472 0.86 -
ptg000126l:488648-490984     -            779 40735at33392         -            315       6.8    5.5  60.1   8  11       3.3   5.4e+02   -0.7   0.5    28    60   483   515   445   542 0.61 -
ptg000126l:488648-490984     -            779 40735at33392         -            315       6.8    5.5  60.1   9  11      0.34        55    2.5   0.1    25    59   550   584   520   589 0.88 -
ptg000126l:488648-490984     -            779 40735at33392         -            315       6.8    5.5  60.1  10  11     0.015       2.4    7.0   2.4    22    69   621   668   599   675 0.78 -
ptg000126l:488648-490984     -            779 40735at33392         -            315       6.8    5.5  60.1  11  11    0.0088       1.4    7.7   1.8   148   210   700   760   695   775 0.73 -
#
# Program:         hmmsearch
# Version:         3.2.1 (June 2018)
# Pipeline mode:   SEARCH
# Query file:      /home/tpsylvst/projects/diaprepes_assembly/busco/busco_downloads/lineages/endopterygota_odb10/hmms/40735at33392.hmm
# Target file:     /home/tpsylvst/projects/diaprepes_assembly/busco/diaprepes_busco/run_endopterygota_odb10/metaeuk_output/initial_results/diaprepes.fa.modified.fas
# Option settings: hmmsearch --domtblout /home/tpsylvst/projects/diaprepes_assembly/busco/diaprepes_busco/run_endopterygota_odb10/hmmer_output/initial_run_results/40735at33392.out --cpu 1 /home/tpsylvst/projects/diaprepes_assembly/busco/busco_downloads/lineages/endopterygota_odb10/hmms/40735at33392.hmm /home/tpsylvst/projects/diaprepes_assembly/busco/diaprepes_busco/run_endopterygota_odb10/metaeuk_output/initial_results/diaprepes.fa.modified.fas 
# Current dir:     /home/tpsylvst/projects/diaprepes_assembly/busco
# Date:            Mon Nov 28 14:23:01 2022
# [ok]
