#                                                                                  --- full sequence --- -------------- this domain -------------   hmm coord   ali coord   env coord
# target name              accession   tlen query name           accession   qlen   E-value  score  bias   #  of  c-Evalue  i-Evalue  score  bias  from    to  from    to  from    to  acc description of target
#      ------------------- ---------- ----- -------------------- ---------- ----- --------- ------ ----- --- --- --------- --------- ------ ----- ----- ----- ----- ----- ----- ----- ---- ---------------------
ptg000635l:1158837-1298922 -            911 43905at33392         -            480  6.6e-138  460.3  62.0   1   6   4.1e-45   3.8e-41  141.2   9.0     1    96   113   215   113   221 0.92 -
ptg000635l:1158837-1298922 -            911 43905at33392         -            480  6.6e-138  460.3  62.0   2   6   1.5e-41   1.4e-37  129.4   6.7   135   264   224   377   214   386 0.86 -
ptg000635l:1158837-1298922 -            911 43905at33392         -            480  6.6e-138  460.3  62.0   3   6   2.8e-61   2.6e-57  194.5   6.3   266   426   450   663   420   668 0.82 -
ptg000635l:1158837-1298922 -            911 43905at33392         -            480  6.6e-138  460.3  62.0   4   6     0.002        19    3.7  10.1   407   441   676   709   659   739 0.69 -
ptg000635l:1158837-1298922 -            911 43905at33392         -            480  6.6e-138  460.3  62.0   5   6    0.0074        68    1.8   0.1   255   293   822   860   812   873 0.86 -
ptg000635l:1158837-1298922 -            911 43905at33392         -            480  6.6e-138  460.3  62.0   6   6   8.7e-05      0.81    8.2   0.3   450   480   863   907   858   907 0.63 -
ptg000328l:1651895-1814330 -            911 43905at33392         -            480  6.7e-138  460.3  62.0   1   6   4.1e-45   3.8e-41  141.2   9.0     1    96   113   215   113   221 0.92 -
ptg000328l:1651895-1814330 -            911 43905at33392         -            480  6.7e-138  460.3  62.0   2   6   1.5e-41   1.4e-37  129.4   6.7   135   264   224   377   214   386 0.86 -
ptg000328l:1651895-1814330 -            911 43905at33392         -            480  6.7e-138  460.3  62.0   3   6   2.8e-61   2.6e-57  194.5   6.3   266   426   450   663   420   668 0.82 -
ptg000328l:1651895-1814330 -            911 43905at33392         -            480  6.7e-138  460.3  62.0   4   6     0.002        19    3.7  10.1   407   441   676   709   659   739 0.69 -
ptg000328l:1651895-1814330 -            911 43905at33392         -            480  6.7e-138  460.3  62.0   5   6    0.0074        68    1.8   0.1   255   293   822   860   812   873 0.86 -
ptg000328l:1651895-1814330 -            911 43905at33392         -            480  6.7e-138  460.3  62.0   6   6   8.7e-05      0.81    8.2   0.3   450   480   863   907   858   907 0.63 -
#
# Program:         hmmsearch
# Version:         3.2.1 (June 2018)
# Pipeline mode:   SEARCH
# Query file:      /home/tpsylvst/projects/diaprepes_assembly/busco/busco_downloads/lineages/endopterygota_odb10/hmms/43905at33392.hmm
# Target file:     /home/tpsylvst/projects/diaprepes_assembly/busco/diaprepes_busco/run_endopterygota_odb10/metaeuk_output/initial_results/diaprepes.fa.modified.fas
# Option settings: hmmsearch --domtblout /home/tpsylvst/projects/diaprepes_assembly/busco/diaprepes_busco/run_endopterygota_odb10/hmmer_output/initial_run_results/43905at33392.out --cpu 1 /home/tpsylvst/projects/diaprepes_assembly/busco/busco_downloads/lineages/endopterygota_odb10/hmms/43905at33392.hmm /home/tpsylvst/projects/diaprepes_assembly/busco/diaprepes_busco/run_endopterygota_odb10/metaeuk_output/initial_results/diaprepes.fa.modified.fas 
# Current dir:     /home/tpsylvst/projects/diaprepes_assembly/busco
# Date:            Mon Nov 28 14:23:04 2022
# [ok]
