#                                                                                    --- full sequence --- -------------- this domain -------------   hmm coord   ali coord   env coord
# target name                accession   tlen query name           accession   qlen   E-value  score  bias   #  of  c-Evalue  i-Evalue  score  bias  from    to  from    to  from    to  acc description of target
#        ------------------- ---------- ----- -------------------- ---------- ----- --------- ------ ----- --- --- --------- --------- ------ ----- ----- ----- ----- ----- ----- ----- ---- ---------------------
ptg000635l:344894-361938     -            792 45769at33392         -            508  4.9e-227  754.5  25.3   1   3  1.9e-170  4.3e-168  560.0  10.8     2   329     2   343     1   380 0.91 -
ptg000635l:344894-361938     -            792 45769at33392         -            508  4.9e-227  754.5  25.3   2   3   4.2e-10   9.6e-08   31.0   0.1   295   364   372   444   347   467 0.82 -
ptg000635l:344894-361938     -            792 45769at33392         -            508  4.9e-227  754.5  25.3   3   3   2.7e-52   6.3e-50  170.2   4.6   367   508   625   791   607   791 0.89 -
ptg000328l:2596100-2608001   -            790 45769at33392         -            508  6.9e-220  730.9  23.7   1   3  3.7e-164  8.5e-162  539.3   9.7     2   327     2   339     1   375 0.91 -
ptg000328l:2596100-2608001   -            790 45769at33392         -            508  6.9e-220  730.9  23.7   2   3   4.1e-10   9.6e-08   31.0   0.1   295   364   370   442   345   465 0.82 -
ptg000328l:2596100-2608001   -            790 45769at33392         -            508  6.9e-220  730.9  23.7   3   3   2.1e-51   4.9e-49  167.2   4.0   367   508   623   789   605   789 0.89 -
ptg000062l:43949896-44114443 -            786 45769at33392         -            508   2.1e-23   82.7   0.0   1   1   1.7e-25     4e-23   81.8   0.0     8   212     6   207     3   228 0.86 -
ptg000250l:1861398-1892629   -            787 45769at33392         -            508   2.9e-23   82.2   5.3   1   4   4.5e-09     1e-06   27.6   0.2    66   225    64   219    48   226 0.81 -
ptg000250l:1861398-1892629   -            787 45769at33392         -            508   2.9e-23   82.2   5.3   2   4    0.0019      0.45    9.0   0.1    69   210   244   395   238   403 0.54 -
ptg000250l:1861398-1892629   -            787 45769at33392         -            508   2.9e-23   82.2   5.3   3   4   4.9e-07   0.00011   20.9   0.1    98   209   400   504   395   510 0.87 -
ptg000250l:1861398-1892629   -            787 45769at33392         -            508   2.9e-23   82.2   5.3   4   4   4.5e-08     1e-05   24.3   0.0    95   213   512   633   506   639 0.86 -
ptg000107l:568379-571354     -            467 45769at33392         -            508   2.2e-22   79.3   5.1   1   4   4.1e-10   9.5e-08   31.0   0.3   128   216    84   177    55   200 0.77 -
ptg000107l:568379-571354     -            467 45769at33392         -            508   2.2e-22   79.3   5.1   2   4   0.00045       0.1   11.1   0.1   155   211   204   261   199   274 0.81 -
ptg000107l:568379-571354     -            467 45769at33392         -            508   2.2e-22   79.3   5.1   3   4   7.3e-11   1.7e-08   33.5   0.0   114   212   327   430   316   437 0.85 -
ptg000107l:568379-571354     -            467 45769at33392         -            508   2.2e-22   79.3   5.1   4   4     0.073        17    3.8   0.0   171   206   431   466   429   467 0.87 -
ptg000072l:663502-697163     -            787 45769at33392         -            508   7.8e-22   77.5   7.7   1   5   7.4e-09   1.7e-06   26.9   0.2    66   225    64   219    48   226 0.80 -
ptg000072l:663502-697163     -            787 45769at33392         -            508   7.8e-22   77.5   7.7   2   5      0.01       2.3    6.7   0.0   156   177   245   266   239   279 0.77 -
ptg000072l:663502-697163     -            787 45769at33392         -            508   7.8e-22   77.5   7.7   3   5      0.49   1.1e+02    1.1   0.1    34   128   307   393   279   399 0.68 -
ptg000072l:663502-697163     -            787 45769at33392         -            508   7.8e-22   77.5   7.7   4   5     3e-06   0.00069   18.3   0.0    98   209   400   504   394   511 0.85 -
ptg000072l:663502-697163     -            787 45769at33392         -            508   7.8e-22   77.5   7.7   5   5   4.4e-08     1e-05   24.4   0.0    95   213   512   633   505   639 0.86 -
ptg000024l:27861126-27886824 -            495 45769at33392         -            508   1.2e-20   73.6   2.2   1   4   7.4e-06    0.0017   17.0   0.1   182   253   204   282   196   284 0.78 -
ptg000024l:27861126-27886824 -            495 45769at33392         -            508   1.2e-20   73.6   2.2   2   4    0.0027      0.63    8.5   0.0   156   215   268   330   265   334 0.84 -
ptg000024l:27861126-27886824 -            495 45769at33392         -            508   1.2e-20   73.6   2.2   3   4   7.9e-12   1.8e-09   36.7   0.2    80   209   321   451   309   456 0.84 -
ptg000024l:27861126-27886824 -            495 45769at33392         -            508   1.2e-20   73.6   2.2   4   4   1.7e-07   3.9e-05   22.4   0.1   146   209   425   493   420   495 0.84 -
ptg000025l:10283065-10284054 -            330 45769at33392         -            508   2.5e-20   72.5   5.5   1   3   8.2e-09   1.9e-06   26.7   0.1   143   208     8    81     2    86 0.86 -
ptg000025l:10283065-10284054 -            330 45769at33392         -            508   2.5e-20   72.5   5.5   2   3   1.9e-05    0.0043   15.7   0.0   175   213    90   128    84   145 0.71 -
ptg000025l:10283065-10284054 -            330 45769at33392         -            508   2.5e-20   72.5   5.5   3   3   4.2e-10   9.7e-08   31.0   0.1   115   229   192   311   180   330 0.80 -
ptg000177l:3005450-3019675   -            593 45769at33392         -            508   7.6e-20   70.9   0.1   1   3         2   4.6e+02   -0.9   0.0   177   201    49    73    45   109 0.47 -
ptg000177l:3005450-3019675   -            593 45769at33392         -            508   7.6e-20   70.9   0.1   2   3   1.2e-14   2.7e-12   46.0   0.0    99   306   136   349    95   360 0.80 -
ptg000177l:3005450-3019675   -            593 45769at33392         -            508   7.6e-20   70.9   0.1   3   3   1.2e-06   0.00027   19.7   0.3   113   219   443   556   407   591 0.78 -
ptg000034l:1830036-1844023   -            593 45769at33392         -            508   9.1e-20   70.7   0.1   1   3       2.7   6.3e+02   -1.4   0.0   177   201    49    73    45   108 0.57 -
ptg000034l:1830036-1844023   -            593 45769at33392         -            508   9.1e-20   70.7   0.1   2   3   1.1e-14   2.6e-12   46.1   0.0    99   306   136   349    91   360 0.80 -
ptg000034l:1830036-1844023   -            593 45769at33392         -            508   9.1e-20   70.7   0.1   3   3   1.2e-06   0.00027   19.7   0.3   113   219   443   556   407   591 0.78 -
ptg000355l:235042-253532     -           1244 45769at33392         -            508     1e-19   70.6   0.0   1   2   1.8e-08   4.2e-06   25.6   0.1    90   209    69   199    53   217 0.81 -
ptg000355l:235042-253532     -           1244 45769at33392         -            508     1e-19   70.6   0.0   2   2   1.5e-13   3.5e-11   42.3   0.0    58   175   851   974   846  1007 0.89 -
ptg000062l:10796551-10808865 -            176 45769at33392         -            508   1.4e-19   70.1   3.0   1   3   5.3e-07   0.00012   20.8   0.0   179   212     7    40     3    46 0.91 -
ptg000062l:10796551-10808865 -            176 45769at33392         -            508   1.4e-19   70.1   3.0   2   3     1e-05    0.0023   16.6   0.2   184   231    45    94    39    97 0.78 -
ptg000062l:10796551-10808865 -            176 45769at33392         -            508   1.4e-19   70.1   3.0   3   3   1.9e-10   4.4e-08   32.1   0.0   155   212   107   166   102   172 0.89 -
ptg000016l:3352281-3366932   -           1210 45769at33392         -            508     2e-19   69.5   0.0   1   2   1.9e-08   4.4e-06   25.5   0.0    90   209    69   199    53   217 0.82 -
ptg000016l:3352281-3366932   -           1210 45769at33392         -            508     2e-19   69.5   0.0   2   2   3.3e-13   7.7e-11   41.2   0.0    58   174   816   938   810   946 0.90 -
ptg000050l:3603959-3604570   -            204 45769at33392         -            508     1e-18   67.2   0.7   1   2     0.035       8.2    4.9   0.0   177   211     2    36     1    40 0.92 -
ptg000050l:3603959-3604570   -            204 45769at33392         -            508     1e-18   67.2   0.7   2   2   6.8e-19   1.6e-16   60.0   0.4   111   213    58   164    46   204 0.84 -
ptg000049l:6083318-6083923   -            202 45769at33392         -            508   8.1e-17   61.0   4.2   1   1   5.6e-19   1.3e-16   60.3   4.2   112   289    13   197     2   202 0.82 -
ptg000234l:878175-880795     -            420 45769at33392         -            508   3.9e-16   58.7   4.5   1   2      0.01       2.4    6.6   0.0   178   213   169   205   161   217 0.83 -
ptg000234l:878175-880795     -            420 45769at33392         -            508   3.9e-16   58.7   4.5   2   2   1.4e-15   3.2e-13   49.1   3.8    57   214   225   403   207   406 0.82 -
ptg000295l:115334-115933     -            200 45769at33392         -            508   1.3e-15   56.9   0.9   1   2      0.57   1.3e+02    0.9   0.0   180   211     1    32     1    46 0.88 -
ptg000295l:115334-115933     -            200 45769at33392         -            508   1.3e-15   56.9   0.9   2   2   1.9e-17   4.4e-15   55.2   1.1    86   213    30   160    13   200 0.82 -
ptg000026l:638777-640713     -            338 45769at33392         -            508   2.4e-15   56.1  17.0   1   4   2.3e-08   5.3e-06   25.3   5.2   181   292    14   129     7   133 0.81 -
ptg000026l:638777-640713     -            338 45769at33392         -            508   2.4e-15   56.1  17.0   2   4   3.2e-05    0.0075   14.9   0.3   178   210   146   178   142   224 0.91 -
ptg000026l:638777-640713     -            338 45769at33392         -            508   2.4e-15   56.1  17.0   3   4    0.0036      0.84    8.1   0.0   180   213   254   287   250   303 0.83 -
ptg000026l:638777-640713     -            338 45769at33392         -            508   2.4e-15   56.1  17.0   4   4    0.0018      0.42    9.1   0.1   179   210   304   336   300   338 0.88 -
ptg000314l:1168299-1170253   -            336 45769at33392         -            508   4.5e-15   55.2  19.4   1   5     1e-08   2.3e-06   26.5   3.7   181   291    14   128     6   129 0.81 -
ptg000314l:1168299-1170253   -            336 45769at33392         -            508   4.5e-15   55.2  19.4   2   5   4.9e-05     0.011   14.3   1.3   178   212   146   180   141   223 0.82 -
ptg000314l:1168299-1170253   -            336 45769at33392         -            508   4.5e-15   55.2  19.4   3   5       1.5   3.5e+02   -0.5   0.1   177   209   191   223   189   236 0.87 -
ptg000314l:1168299-1170253   -            336 45769at33392         -            508   4.5e-15   55.2  19.4   4   5    0.0028      0.65    8.5   0.0   180   219   252   291   248   300 0.83 -
ptg000314l:1168299-1170253   -            336 45769at33392         -            508   4.5e-15   55.2  19.4   5   5    0.0019      0.44    9.0   0.1   179   210   302   334   299   336 0.88 -
ptg000021l:5600304-5747647   -            921 45769at33392         -            508   5.6e-15   54.9   1.3   1   4      0.33        77    1.6   0.0   174   213   134   173    58   189 0.75 -
ptg000021l:5600304-5747647   -            921 45769at33392         -            508   5.6e-15   54.9   1.3   2   4     0.036       8.4    4.8   0.0   149   210   149   212   129   225 0.66 -
ptg000021l:5600304-5747647   -            921 45769at33392         -            508   5.6e-15   54.9   1.3   3   4      0.14        33    2.8   0.0    65    92   193   220   172   251 0.62 -
ptg000021l:5600304-5747647   -            921 45769at33392         -            508   5.6e-15   54.9   1.3   4   4   6.1e-15   1.4e-12   47.0   0.3     8   222   338   555   332   590 0.77 -
ptg000122l:27110314-27116978 -            497 45769at33392         -            508     2e-14   53.1   1.5   1   2   3.1e-07   7.1e-05   21.5   0.1    94   214   251   375   218   379 0.82 -
ptg000122l:27110314-27116978 -            497 45769at33392         -            508     2e-14   53.1   1.5   2   2   1.8e-12   4.1e-10   38.8   0.1   102   291   301   491   294   497 0.79 -
ptg000062l:29760089-29765008 -            430 45769at33392         -            508   6.4e-14   51.4   0.5   1   3     0.015       3.5    6.1   0.0   177   214   107   144   102   148 0.89 -
ptg000062l:29760089-29765008 -            430 45769at33392         -            508   6.4e-14   51.4   0.5   2   3   1.8e-13   4.2e-11   42.1   0.1    96   209   169   289   157   303 0.83 -
ptg000062l:29760089-29765008 -            430 45769at33392         -            508   6.4e-14   51.4   0.5   3   3       4.5   1.1e+03   -2.1   0.0   185   213   309   337   292   363 0.65 -
ptg000270l:1108589-1115012   -            576 45769at33392         -            508   8.5e-14   51.0  13.1   1   3   8.8e-11     2e-08   33.2   0.4    93   211   278   403   273   405 0.83 -
ptg000270l:1108589-1115012   -            576 45769at33392         -            508   8.5e-14   51.0  13.1   2   3   7.2e-06    0.0017   17.0   0.6   110   209   382   486   375   506 0.77 -
ptg000270l:1108589-1115012   -            576 45769at33392         -            508   8.5e-14   51.0  13.1   3   3   2.4e-05    0.0055   15.3   2.4   149   209   511   576   486   576 0.80 -
ptg000397l:1399927-1406048   -            478 45769at33392         -            508   1.1e-13   50.6   0.0   1   1     1e-15   2.4e-13   49.5   0.0    58   212   245   400   206   408 0.84 -
ptg000024l:28174302-28194330 -            445 45769at33392         -            508   1.2e-13   50.5   2.5   1   2   5.4e-08   1.3e-05   24.0   0.0   156   212    82   141    63   158 0.82 -
ptg000024l:28174302-28194330 -            445 45769at33392         -            508   1.2e-13   50.5   2.5   2   2   1.9e-08   4.5e-06   25.5   1.0    69   254   170   355   160   358 0.75 -
ptg000465l:244226-251306     -            889 45769at33392         -            508   4.8e-13   48.5   3.0   1   4      0.86     2e+02    0.3   0.0    78   146   121   188   111   215 0.69 -
ptg000465l:244226-251306     -            889 45769at33392         -            508   4.8e-13   48.5   3.0   2   4   0.00032     0.074   11.6   0.0   128   209   212   299   198   305 0.65 -
ptg000465l:244226-251306     -            889 45769at33392         -            508   4.8e-13   48.5   3.0   3   4     0.023       5.4    5.5   0.0    98   135   315   352   302   362 0.88 -
ptg000465l:244226-251306     -            889 45769at33392         -            508   4.8e-13   48.5   3.0   4   4   4.9e-09   1.1e-06   27.5   0.5    99   212   482   599   451   617 0.77 -
ptg000158l:11559299-11561431 -            325 45769at33392         -            508   5.5e-13   48.3   0.3   1   3   3.9e-05     0.009   14.6   0.3   156   254    25   127     4   129 0.72 -
ptg000158l:11559299-11561431 -            325 45769at33392         -            508   5.5e-13   48.3   0.3   2   3   7.1e-08   1.6e-05   23.7   0.0    59   141   151   228   146   249 0.86 -
ptg000158l:11559299-11561431 -            325 45769at33392         -            508   5.5e-13   48.3   0.3   3   3     0.013       3.1    6.2   0.0   179   213   283   317   272   324 0.90 -
ptg000234l:887257-890180     -            321 45769at33392         -            508   6.2e-13   48.2   5.7   1   3   1.4e-11   3.2e-09   35.9   2.2    99   252    14   178     4   181 0.76 -
ptg000234l:887257-890180     -            321 45769at33392         -            508   6.2e-13   48.2   5.7   2   3   3.3e-05    0.0076   14.9   0.2   100   212   148   263   145   270 0.80 -
ptg000234l:887257-890180     -            321 45769at33392         -            508   6.2e-13   48.2   5.7   3   3       2.4   5.5e+02   -1.2   0.0   187   213   293   319   288   321 0.69 -
ptg000034l:6757057-6758510   -            342 45769at33392         -            508   6.9e-13   48.0   5.7   1   4     0.012       2.7    6.4   0.0   192   236     9    55     4    63 0.75 -
ptg000034l:6757057-6758510   -            342 45769at33392         -            508   6.9e-13   48.0   5.7   2   4    0.0042      0.98    7.9   0.0    67   135    52   117    42   129 0.76 -
ptg000034l:6757057-6758510   -            342 45769at33392         -            508   6.9e-13   48.0   5.7   3   4   6.1e-11   1.4e-08   33.8   0.6   115   211   168   274   140   289 0.81 -
ptg000034l:6757057-6758510   -            342 45769at33392         -            508   6.9e-13   48.0   5.7   4   4      0.54   1.3e+02    0.9   0.3    59   107   292   336   277   340 0.52 -
ptg000062l:12312921-12314967 -            292 45769at33392         -            508   7.6e-13   47.8   0.7   1   3   4.3e-05      0.01   14.5   0.0   136   212     6    84     2    91 0.87 -
ptg000062l:12312921-12314967 -            292 45769at33392         -            508   7.6e-13   47.8   0.7   2   3   7.9e-09   1.8e-06   26.8   0.1    98   211    93   207    86   225 0.82 -
ptg000062l:12312921-12314967 -            292 45769at33392         -            508   7.6e-13   47.8   0.7   3   3     0.021       4.9    5.6   0.1   113   208   189   290   179   291 0.58 -
ptg000985l:208800-278179     -            182 45769at33392         -            508   2.1e-12   46.4   0.2   1   2   1.6e-09   3.7e-07   29.1   0.0   117   216     1   104     1   107 0.85 -
ptg000985l:208800-278179     -            182 45769at33392         -            508   2.1e-12   46.4   0.2   2   2   1.3e-05    0.0031   16.2   0.0    67   137   103   171    93   181 0.46 -
ptg000004l:6928355-6962062   -            549 45769at33392         -            508   3.5e-12   45.7   0.7   1   2   6.1e-08   1.4e-05   23.9   0.1   179   254   247   327   241   370 0.72 -
ptg000004l:6928355-6962062   -            549 45769at33392         -            508   3.5e-12   45.7   0.7   2   2   9.3e-07   0.00021   20.0   0.1    66   168   433   536   377   544 0.68 -
ptg000480l:74860-76218       -            453 45769at33392         -            508   4.7e-12   45.2   0.5   1   2     2e-11   4.7e-09   35.4   0.1    97   212   133   262    99   279 0.78 -
ptg000480l:74860-76218       -            453 45769at33392         -            508   4.7e-12   45.2   0.5   2   2     0.012       2.8    6.4   0.0    65   124   372   431   365   447 0.88 -
ptg000367l:2983294-2984652   -            453 45769at33392         -            508   6.2e-12   44.8   0.6   1   2   2.5e-11   5.8e-09   35.0   0.1    97   212   133   262    99   280 0.78 -
ptg000367l:2983294-2984652   -            453 45769at33392         -            508   6.2e-12   44.8   0.6   2   2     0.012       2.7    6.5   0.0    64   124   371   431   363   447 0.88 -
ptg000083l:5654212-5657144   -            501 45769at33392         -            508   1.6e-10   40.2   1.1   1   3     0.025       5.9    5.3   0.0   186   212   210   236   198   247 0.85 -
ptg000083l:5654212-5657144   -            501 45769at33392         -            508   1.6e-10   40.2   1.1   2   3   2.1e-09   4.8e-07   28.7   0.8    65   176   265   375   249   419 0.86 -
ptg000083l:5654212-5657144   -            501 45769at33392         -            508   1.6e-10   40.2   1.1   3   3      0.34        79    1.6   0.0   172   208   463   499   456   500 0.88 -
ptg000265l:15167771-15170113 -            504 45769at33392         -            508     4e-10   38.9   0.1   1   2   9.9e-11   2.3e-08   33.1   0.0   111   216    90   200    80   217 0.86 -
ptg000265l:15167771-15170113 -            504 45769at33392         -            508     4e-10   38.9   0.1   2   2      0.16        37    2.7   0.0    97   138   245   285   236   291 0.82 -
ptg000281l:4092285-4094572   -            331 45769at33392         -            508   5.1e-10   38.5   1.3   1   3   5.6e-09   1.3e-06   27.3   0.1   102   211    17   127     4   135 0.85 -
ptg000281l:4092285-4094572   -            331 45769at33392         -            508   5.1e-10   38.5   1.3   2   3       0.6   1.4e+02    0.8   0.0    24    95   153   176   127   230 0.58 -
ptg000281l:4092285-4094572   -            331 45769at33392         -            508   5.1e-10   38.5   1.3   3   3    0.0035      0.81    8.2   0.0    54   117   235   294   220   298 0.68 -
ptg000707l:733556-735859     -            331 45769at33392         -            508   5.1e-10   38.5   1.3   1   3   5.6e-09   1.3e-06   27.3   0.1   102   211    17   127     4   135 0.85 -
ptg000707l:733556-735859     -            331 45769at33392         -            508   5.1e-10   38.5   1.3   2   3       0.6   1.4e+02    0.8   0.0    24    95   153   176   127   230 0.58 -
ptg000707l:733556-735859     -            331 45769at33392         -            508   5.1e-10   38.5   1.3   3   3    0.0035      0.81    8.2   0.0    54   117   235   294   220   298 0.68 -
ptg000232l:5962649-5964866   -            317 45769at33392         -            508   7.4e-10   38.0   0.1   1   2     5e-09   1.2e-06   27.5   0.0    93   280    16   209     6   220 0.67 -
ptg000232l:5962649-5964866   -            317 45769at33392         -            508   7.4e-10   38.0   0.1   2   2    0.0046       1.1    7.8   0.0   108   200   204   304   188   311 0.63 -
ptg000393l:939676-951875     -            873 45769at33392         -            508   1.4e-09   37.1  10.5   1   6     0.058        13    4.1   0.0   182   215     3    39     1    44 0.83 -
ptg000393l:939676-951875     -            873 45769at33392         -            508   1.4e-09   37.1  10.5   2   6    0.0016      0.38    9.3   0.0   176   230    54   108    47   113 0.87 -
ptg000393l:939676-951875     -            873 45769at33392         -            508   1.4e-09   37.1  10.5   3   6   4.2e-05    0.0098   14.5   0.3   176   212   112   148    98   155 0.85 -
ptg000393l:939676-951875     -            873 45769at33392         -            508   1.4e-09   37.1  10.5   4   6    0.0015      0.35    9.4   0.3   179   242   158   229   152   231 0.80 -
ptg000393l:939676-951875     -            873 45769at33392         -            508   1.4e-09   37.1  10.5   5   6       1.6   3.7e+02   -0.6   0.0    61   110   215   264   214   278 0.79 -
ptg000393l:939676-951875     -            873 45769at33392         -            508   1.4e-09   37.1  10.5   6   6      0.25        57    2.1   0.1   244   298   289   343   274   358 0.74 -
ptg000062l:60133976-60154461 -            419 45769at33392         -            508   1.6e-09   36.9  10.3   1   4    0.0018      0.42    9.1   0.3   244   294   125   176   120   188 0.78 -
ptg000062l:60133976-60154461 -            419 45769at33392         -            508   1.6e-09   36.9  10.3   2   4       1.5   3.5e+02   -0.5   0.0   179   209   193   223   183   230 0.81 -
ptg000062l:60133976-60154461 -            419 45769at33392         -            508   1.6e-09   36.9  10.3   3   4     0.013       2.9    6.3   0.4   176   211   254   288   240   299 0.82 -
ptg000062l:60133976-60154461 -            419 45769at33392         -            508   1.6e-09   36.9  10.3   4   4   2.7e-08   6.3e-06   25.0   0.2   113   208   311   414   304   418 0.67 -
ptg000096l:2923997-2930953   -            888 45769at33392         -            508   2.2e-09   36.5   1.4   1   4      0.72   1.7e+02    0.5   0.0    78   146   121   188   112   202 0.74 -
ptg000096l:2923997-2930953   -            888 45769at33392         -            508   2.2e-09   36.5   1.4   2   4   0.00033     0.075   11.6   0.0   128   209   212   299   199   305 0.64 -
ptg000096l:2923997-2930953   -            888 45769at33392         -            508   2.2e-09   36.5   1.4   3   4      0.58   1.3e+02    0.9   0.0    98   135   315   351   307   361 0.83 -
ptg000096l:2923997-2930953   -            888 45769at33392         -            508   2.2e-09   36.5   1.4   4   4   3.8e-06   0.00088   17.9   0.1    99   212   481   598   472   616 0.75 -
ptg000467l:2739260-2745612   -            588 45769at33392         -            508   2.3e-09   36.4   1.3   1   2   1.1e-08   2.6e-06   26.3   0.7    64   209    25   192    15   209 0.73 -
ptg000467l:2739260-2745612   -            588 45769at33392         -            508   2.3e-09   36.4   1.3   2   2    0.0059       1.4    7.4   0.0   242   334   316   414   311   452 0.74 -
ptg000165l:6621938-6623854   -            639 45769at33392         -            508   2.4e-09   36.3   2.7   1   2   6.8e-06    0.0016   17.1   0.4    98   213    26   142    11   160 0.63 -
ptg000165l:6621938-6623854   -            639 45769at33392         -            508   2.4e-09   36.3   2.7   2   2   2.3e-06   0.00054   18.7   0.1   114   213   174   277   160   288 0.80 -
ptg000011l:1774073-1777958   -            359 45769at33392         -            508   3.1e-09   35.9   2.2   1   2   2.1e-10   4.9e-08   32.0   0.3   113   212    47   153    22   161 0.81 -
ptg000011l:1774073-1777958   -            359 45769at33392         -            508   3.1e-09   35.9   2.2   2   2     0.076        18    3.8   0.1   140   197   261   322   245   331 0.67 -
ptg000369l:2408917-2413524   -            347 45769at33392         -            508     4e-09   35.6   0.7   1   3       3.8   8.8e+02   -1.9   0.0   230   251    31    52    24   103 0.55 -
ptg000369l:2408917-2413524   -            347 45769at33392         -            508     4e-09   35.6   0.7   2   3   1.5e-05    0.0036   15.9   0.0    49   140   117   220   108   225 0.74 -
ptg000369l:2408917-2413524   -            347 45769at33392         -            508     4e-09   35.6   0.7   3   3     1e-05    0.0024   16.5   0.1   228   286   232   289   225   324 0.82 -
ptg000493l:829720-870027     -           1204 45769at33392         -            508   8.2e-09   34.5   2.9   1   3   0.00086       0.2   10.2   0.0   179   213   116   151   111   155 0.86 -
ptg000493l:829720-870027     -           1204 45769at33392         -            508   8.2e-09   34.5   2.9   2   3   1.1e-06   0.00025   19.7   1.8   181   291   164   280   157   291 0.79 -
ptg000493l:829720-870027     -           1204 45769at33392         -            508   8.2e-09   34.5   2.9   3   3      0.63   1.5e+02    0.7   0.0    54    84   302   332   287   344 0.86 -
ptg000075l:1307670-1353097   -           1211 45769at33392         -            508   8.3e-09   34.5   2.9   1   3   0.00087       0.2   10.2   0.0   179   213   116   151   111   155 0.86 -
ptg000075l:1307670-1353097   -           1211 45769at33392         -            508   8.3e-09   34.5   2.9   2   3   1.1e-06   0.00025   19.7   1.8   181   291   164   280   157   291 0.79 -
ptg000075l:1307670-1353097   -           1211 45769at33392         -            508   8.3e-09   34.5   2.9   3   3      0.64   1.5e+02    0.7   0.0    54    84   302   332   287   344 0.86 -
ptg000044l:1353461-1366873   -            484 45769at33392         -            508   5.3e-08   31.9   7.5   1   3   0.00042     0.097   11.2   0.1   160   211   172   225   145   231 0.73 -
ptg000044l:1353461-1366873   -            484 45769at33392         -            508   5.3e-08   31.9   7.5   2   3   0.00024     0.055   12.0   0.2    72   136   170   230   167   317 0.51 -
ptg000044l:1353461-1366873   -            484 45769at33392         -            508   5.3e-08   31.9   7.5   3   3   1.4e-06   0.00033   19.4   2.2   114   173   331   392   317   400 0.84 -
ptg000082l:9433196-9442375   -            767 45769at33392         -            508   1.6e-07   30.3  16.7   1   6   0.00019     0.045   12.3   0.1    63   142    19   101     2   143 0.83 -
ptg000082l:9433196-9442375   -            767 45769at33392         -            508   1.6e-07   30.3  16.7   2   6      0.27        63    1.9   0.1   161   213   188   239   178   245 0.78 -
ptg000082l:9433196-9442375   -            767 45769at33392         -            508   1.6e-07   30.3  16.7   3   6   0.00084      0.19   10.2   0.0   177   212   261   295   243   309 0.86 -
ptg000082l:9433196-9442375   -            767 45769at33392         -            508   1.6e-07   30.3  16.7   4   6       1.1   2.5e+02   -0.1   0.0   178   208   355   385   329   416 0.86 -
ptg000082l:9433196-9442375   -            767 45769at33392         -            508   1.6e-07   30.3  16.7   5   6      0.36        83    1.5   0.2    76   128   550   598   531   608 0.70 -
ptg000082l:9433196-9442375   -            767 45769at33392         -            508   1.6e-07   30.3  16.7   6   6    0.0022      0.52    8.8   4.0   129   213   557   652   547   664 0.65 -
ptg000026l:1960577-1972463   -            487 45769at33392         -            508   2.3e-07   29.7   0.1   1   1   1.6e-09   3.8e-07   29.1   0.1   112   216    55   164    31   199 0.82 -
ptg000302l:167032-176310     -            487 45769at33392         -            508   2.4e-07   29.7   0.1   1   1   1.6e-09   3.8e-07   29.1   0.1   112   216    55   164    31   199 0.82 -
ptg000062l:6182778-6184080   -            374 45769at33392         -            508   6.3e-07   28.3   3.0   1   3   2.6e-06    0.0006   18.5   0.2    94   211    51   169    43   177 0.89 -
ptg000062l:6182778-6184080   -            374 45769at33392         -            508   6.3e-07   28.3   3.0   2   3      0.64   1.5e+02    0.7   0.0   157   207   197   248   188   254 0.67 -
ptg000062l:6182778-6184080   -            374 45769at33392         -            508   6.3e-07   28.3   3.0   3   3     0.025       5.8    5.4   0.1    66    95   273   302   263   374 0.57 -
ptg000174l:3845990-3871090   -            693 45769at33392         -            508   9.4e-07   27.7   2.7   1   3   0.00027     0.063   11.8   0.1   186   214   378   406   354   412 0.84 -
ptg000174l:3845990-3871090   -            693 45769at33392         -            508   9.4e-07   27.7   2.7   2   3    0.0041      0.95    7.9   0.3   114   251   496   646   480   646 0.56 -
ptg000174l:3845990-3871090   -            693 45769at33392         -            508   9.4e-07   27.7   2.7   3   3    0.0019      0.44    9.1   0.1   102   207   579   691   540   693 0.68 -
ptg000236l:6203218-6204000   -            261 45769at33392         -            508   9.5e-07   27.7   0.1   1   1   5.6e-09   1.3e-06   27.3   0.1    40   214    57   239    32   251 0.75 -
ptg000453l:8163336-8164067   -            244 45769at33392         -            508     1e-06   27.6   0.2   1   1   6.1e-09   1.4e-06   27.2   0.2    40   213    57   238    32   243 0.74 -
ptg000054l:968792-985771     -            821 45769at33392         -            508   1.3e-06   27.3   0.7   1   3   0.00052      0.12   10.9   0.0   179   212   406   439   386   448 0.92 -
ptg000054l:968792-985771     -            821 45769at33392         -            508   1.3e-06   27.3   0.7   2   3   0.00019     0.044   12.4   0.1    59   136   509   580   500   608 0.75 -
ptg000054l:968792-985771     -            821 45769at33392         -            508   1.3e-06   27.3   0.7   3   3       1.5   3.6e+02   -0.5   0.0   116   169   654   713   624   725 0.59 -
ptg000553l:1402168-1402497   -            110 45769at33392         -            508   2.5e-06   26.4   0.0   1   2    0.0034      0.79    8.2   0.0   115   138     3    26     1    33 0.85 -
ptg000553l:1402168-1402497   -            110 45769at33392         -            508   2.5e-06   26.4   0.0   2   2     1e-05    0.0024   16.5   0.0   114   157    51    94    44   105 0.91 -
ptg000610l:426391-426720     -            110 45769at33392         -            508   2.5e-06   26.4   0.0   1   2    0.0034      0.79    8.2   0.0   115   138     3    26     1    33 0.85 -
ptg000610l:426391-426720     -            110 45769at33392         -            508   2.5e-06   26.4   0.0   2   2     1e-05    0.0024   16.5   0.0   114   157    51    94    44   105 0.91 -
ptg000003l:3832709-3993748   -            484 45769at33392         -            508     3e-06   26.1   0.0   1   2     0.033       7.5    5.0   0.0   113   199   115   201   109   204 0.77 -
ptg000003l:3832709-3993748   -            484 45769at33392         -            508     3e-06   26.1   0.0   2   2   7.8e-07   0.00018   20.2   0.0   114   211   196   297   181   313 0.83 -
ptg000097l:4384630-4404514   -            462 45769at33392         -            508   6.5e-06   25.0   0.2   1   2     9e-08   2.1e-05   23.3   0.0   157   233    25   104    16   121 0.82 -
ptg000097l:4384630-4404514   -            462 45769at33392         -            508   6.5e-06   25.0   0.2   2   2       2.8   6.5e+02   -1.4   0.0    59    88   284   311   281   352 0.74 -
ptg000020l:16985256-17039617 -           2915 45769at33392         -            508   1.7e-05   23.6   0.3   1   2       6.6   1.5e+03   -2.6   0.0    67    89   943   965   929   972 0.69 -
ptg000020l:16985256-17039617 -           2915 45769at33392         -            508   1.7e-05   23.6   0.3   2   2   3.9e-07   9.1e-05   21.2   0.1    79   210  2762  2854  2734  2860 0.55 -
ptg000061l:16482016-16485883 -            644 45769at33392         -            508   2.1e-05   23.3   0.0   1   3   0.00037     0.087   11.4   0.0   177   233   302   359   298   368 0.70 -
ptg000061l:16482016-16485883 -            644 45769at33392         -            508   2.1e-05   23.3   0.0   2   3     0.036       8.4    4.8   0.0    74   154   494   571   453   585 0.65 -
ptg000061l:16482016-16485883 -            644 45769at33392         -            508   2.1e-05   23.3   0.0   3   3    0.0051       1.2    7.6   0.0    74   208   494   642   488   644 0.69 -
ptg000034l:6651251-6652432   -            353 45769at33392         -            508   2.6e-05   23.0   1.3   1   3       4.1   9.5e+02   -2.0   0.0   121   166    55   101    29   105 0.74 -
ptg000034l:6651251-6652432   -            353 45769at33392         -            508   2.6e-05   23.0   1.3   2   3   9.1e-06    0.0021   16.7   0.2    91   193   170   278   135   286 0.73 -
ptg000034l:6651251-6652432   -            353 45769at33392         -            508   2.6e-05   23.0   1.3   3   3   0.00013     0.029   12.9   0.1   195   277   238   322   221   329 0.75 -
ptg000283l:2621155-2623464   -            409 45769at33392         -            508   4.3e-05   22.3   0.0   1   2   1.8e-06   0.00043   19.0   0.0    68   214   100   245    84   280 0.79 -
ptg000283l:2621155-2623464   -            409 45769at33392         -            508   4.3e-05   22.3   0.0   2   2      0.55   1.3e+02    0.9   0.0    66   101   349   385   311   396 0.73 -
ptg000058l:657538-657864     -            109 45769at33392         -            508     7e-05   21.6   0.0   1   2   3.4e-05    0.0079   14.8   0.0   164   211     4    53     1    58 0.88 -
ptg000058l:657538-657864     -            109 45769at33392         -            508     7e-05   21.6   0.0   2   2      0.03         7    5.1   0.0   177   215    61    99    56   106 0.73 -
ptg000122l:13186778-13204717 -            754 45769at33392         -            508   8.6e-05   21.3   1.3   1   1   4.6e-06    0.0011   17.7   0.9    88   217    89   220    24   255 0.77 -
ptg000741l:443234-447078     -            374 45769at33392         -            508   8.8e-05   21.3   2.1   1   3    0.0017       0.4    9.2   0.3   180   244    53   123    43   138 0.77 -
ptg000741l:443234-447078     -            374 45769at33392         -            508   8.8e-05   21.3   2.1   2   3     0.005       1.2    7.7   0.0   183   209   147   173   132   182 0.87 -
ptg000741l:443234-447078     -            374 45769at33392         -            508   8.8e-05   21.3   2.1   3   3      0.21        48    2.3   0.0    63    92   340   369   316   373 0.81 -
ptg000062l:61445129-61585712 -            759 45769at33392         -            508   9.4e-05   21.1   0.3   1   3     5e-05     0.011   14.3   0.0   172   234    96   159    80   182 0.85 -
ptg000062l:61445129-61585712 -            759 45769at33392         -            508   9.4e-05   21.1   0.3   2   3      0.12        29    3.1   0.1   179   233   185   240   177   258 0.83 -
ptg000062l:61445129-61585712 -            759 45769at33392         -            508   9.4e-05   21.1   0.3   3   3       2.1   4.9e+02   -1.0   0.0    56    81   270   294   253   328 0.78 -
ptg000528l:2084538-2099073   -            406 45769at33392         -            508   0.00021   20.0   8.0   1   4      0.22        50    2.3   0.1   159   206    93   146    41   178 0.61 -
ptg000528l:2084538-2099073   -            406 45769at33392         -            508   0.00021   20.0   8.0   2   4   0.00034     0.079   11.5   0.0    74   211    94   236    82   245 0.67 -
ptg000528l:2084538-2099073   -            406 45769at33392         -            508   0.00021   20.0   8.0   3   4    0.0013       0.3    9.6   0.2    61   131   213   279   208   291 0.72 -
ptg000528l:2084538-2099073   -            406 45769at33392         -            508   0.00021   20.0   8.0   4   4    0.0058       1.4    7.4   0.0   180   212   372   404   348   406 0.85 -
ptg000149l:3749458-3836904   -           1237 45769at33392         -            508    0.0003   19.5   0.1   1   2      0.68   1.6e+02    0.6   0.0    19    85   924   993   911  1051 0.69 -
ptg000149l:3749458-3836904   -           1237 45769at33392         -            508    0.0003   19.5   0.1   2   2   1.7e-05    0.0039   15.8   0.0    75   157  1107  1188  1100  1235 0.59 -
ptg000296l:7414251-7420370   -            351 45769at33392         -            508   0.00036   19.2   0.0   1   2       1.5   3.4e+02   -0.5   0.0    75   180    39   143    25   145 0.57 -
ptg000296l:7414251-7420370   -            351 45769at33392         -            508   0.00036   19.2   0.0   2   2   3.3e-06   0.00076   18.2   0.0     6   168   100   268    95   282 0.72 -
ptg000087l:176470-182588     -            351 45769at33392         -            508   0.00039   19.1   0.0   1   1   3.3e-06   0.00076   18.2   0.0     6   168   100   268    95   282 0.72 -
ptg000398l:1092748-1199715   -           1954 45769at33392         -            508   0.00046   18.9   0.3   1   2    0.0022      0.51    8.8   0.1    89   169  1644  1730  1623  1732 0.80 -
ptg000398l:1092748-1199715   -           1954 45769at33392         -            508   0.00046   18.9   0.3   2   2    0.0047       1.1    7.7   0.0   104   212  1749  1863  1744  1878 0.79 -
ptg000010l:4312439-4323114   -            250 45769at33392         -            508    0.0011   17.7   0.5   1   1   6.3e-06    0.0015   17.2   0.5    98   213    91   212    75   240 0.79 -
ptg000685l:258211-358087     -           1915 45769at33392         -            508     0.003   16.2   0.4   1   2    0.0042      0.98    7.9   0.4    92   169  1608  1691  1601  1693 0.73 -
ptg000685l:258211-358087     -           1915 45769at33392         -            508     0.003   16.2   0.4   2   2     0.019       4.3    5.8   0.0   104   212  1710  1824  1704  1839 0.78 -
ptg000025l:11457917-11461702 -            612 45769at33392         -            508    0.0046   15.6   0.3   1   2   5.1e-05     0.012   14.2   0.2   153   285    67   208    44   221 0.67 -
ptg000025l:11457917-11461702 -            612 45769at33392         -            508    0.0046   15.6   0.3   2   2       7.6   1.8e+03   -2.8   0.0   264   293   244   275   240   298 0.58 -
ptg000061l:10281801-10331632 -            321 45769at33392         -            508    0.0086   14.7   0.2   1   2      0.14        32    2.9   0.0   115   170    38    92    14   109 0.52 -
ptg000061l:10281801-10331632 -            321 45769at33392         -            508    0.0086   14.7   0.2   2   2    0.0029      0.67    8.4   0.1   112   170   249   315   239   320 0.64 -
ptg000193l:1337948-1338166   -             73 45769at33392         -            508      0.04   12.5   0.0   1   1   0.00018     0.041   12.5   0.0    69   129    11    67     3    73 0.70 -
ptg000275l:3791892-3792059   -             56 45769at33392         -            508     0.042   12.4   0.0   1   1   0.00018     0.042   12.4   0.0   114   155     5    46     1    56 0.82 -
#
# Program:         hmmsearch
# Version:         3.2.1 (June 2018)
# Pipeline mode:   SEARCH
# Query file:      /home/tpsylvst/projects/diaprepes_assembly/busco/busco_downloads/lineages/endopterygota_odb10/hmms/45769at33392.hmm
# Target file:     /home/tpsylvst/projects/diaprepes_assembly/busco/diaprepes_busco/run_endopterygota_odb10/metaeuk_output/initial_results/diaprepes.fa.modified.fas
# Option settings: hmmsearch --domtblout /home/tpsylvst/projects/diaprepes_assembly/busco/diaprepes_busco/run_endopterygota_odb10/hmmer_output/initial_run_results/45769at33392.out --cpu 1 /home/tpsylvst/projects/diaprepes_assembly/busco/busco_downloads/lineages/endopterygota_odb10/hmms/45769at33392.hmm /home/tpsylvst/projects/diaprepes_assembly/busco/diaprepes_busco/run_endopterygota_odb10/metaeuk_output/initial_results/diaprepes.fa.modified.fas 
# Current dir:     /home/tpsylvst/projects/diaprepes_assembly/busco
# Date:            Mon Nov 28 14:23:11 2022
# [ok]
