#                                                                                    --- full sequence --- -------------- this domain -------------   hmm coord   ali coord   env coord
# target name                accession   tlen query name           accession   qlen   E-value  score  bias   #  of  c-Evalue  i-Evalue  score  bias  from    to  from    to  from    to  acc description of target
#        ------------------- ---------- ----- -------------------- ---------- ----- --------- ------ ----- --- --- --------- --------- ------ ----- ----- ----- ----- ----- ----- ----- ---- ---------------------
ptg000121l:6524073-6525752   -            560 48926at33392         -            473  1.7e-235  781.9  26.0   1   1  1.2e-237  1.9e-235  781.7  26.0     1   473    40   560    40   560 0.94 -
ptg000275l:5388806-5391370   -            855 48926at33392         -            473   1.1e-48  166.0  60.5   1   6       3.2   5.3e+02   -1.2   0.0   113   131     5    23     2    27 0.65 -
ptg000275l:5388806-5391370   -            855 48926at33392         -            473   1.1e-48  166.0  60.5   2   6   1.5e-20   2.5e-18   65.9   6.3   213   414    35   247    29   247 0.87 -
ptg000275l:5388806-5391370   -            855 48926at33392         -            473   1.1e-48  166.0  60.5   3   6   9.1e-11   1.5e-08   33.6   0.7   146   237   178   273   174   276 0.88 -
ptg000275l:5388806-5391370   -            855 48926at33392         -            473   1.1e-48  166.0  60.5   4   6   7.6e-12   1.2e-09   37.2   5.7   264   414   279   443   271   451 0.84 -
ptg000275l:5388806-5391370   -            855 48926at33392         -            473   1.1e-48  166.0  60.5   5   6   2.5e-16   4.1e-14   51.9  19.9   127   407   447   745   447   751 0.80 -
ptg000275l:5388806-5391370   -            855 48926at33392         -            473   1.1e-48  166.0  60.5   6   6   5.9e-09   9.6e-07   27.6   9.7    36   194   642   826   640   846 0.74 -
ptg000388l:703610-705769     -            720 48926at33392         -            473     2e-42  145.3  49.7   1   3   2.2e-20   3.6e-18   65.3   6.3   149   390    11   267     4   268 0.87 -
ptg000388l:703610-705769     -            720 48926at33392         -            473     2e-42  145.3  49.7   2   3     6e-08   9.7e-06   24.3   5.9   264   403   251   401   227   406 0.49 -
ptg000388l:703610-705769     -            720 48926at33392         -            473     2e-42  145.3  49.7   3   3   6.3e-22     1e-19   70.4  34.8    51   413   297   698   295   706 0.81 -
ptg000122l:7844991-7917415   -            539 48926at33392         -            473   1.7e-38  132.3  38.4   1   4    0.0011      0.18   10.3   0.2   266   316    68   117    62   119 0.82 -
ptg000122l:7844991-7917415   -            539 48926at33392         -            473   1.7e-38  132.3  38.4   2   4   5.6e-15   9.1e-13   47.5   4.2   286   389   113   221   109   224 0.53 -
ptg000122l:7844991-7917415   -            539 48926at33392         -            473   1.7e-38  132.3  38.4   3   4   2.6e-12   4.2e-10   38.7   0.8   320   415   193   294   188   312 0.86 -
ptg000122l:7844991-7917415   -            539 48926at33392         -            473   1.7e-38  132.3  38.4   4   4   9.3e-23   1.5e-20   73.1  18.8   144   429   224   513   223   523 0.87 -
ptg000024l:21686565-21688331 -            589 48926at33392         -            473   2.1e-30  105.6  46.7   1   4   1.7e-06   0.00027   19.6   0.4   263   344     6    92     3    96 0.83 -
ptg000024l:21686565-21688331 -            589 48926at33392         -            473   2.1e-30  105.6  46.7   2   4   2.8e-08   4.6e-06   25.4   5.0   264   361    56   161    51   162 0.81 -
ptg000024l:21686565-21688331 -            589 48926at33392         -            473   2.1e-30  105.6  46.7   3   4     3e-19   4.9e-17   61.6  27.7   131   429   106   428   102   433 0.86 -
ptg000024l:21686565-21688331 -            589 48926at33392         -            473   2.1e-30  105.6  46.7   4   4   2.3e-08   3.8e-06   25.7   7.5   128   286   417   585   412   588 0.66 -
ptg000062l:6543932-6559568   -           1392 48926at33392         -            473   6.8e-28   97.4  32.7   1   5   2.3e-05    0.0038   15.8   1.1   264   424    63   234    54   243 0.77 -
ptg000062l:6543932-6559568   -           1392 48926at33392         -            473   6.8e-28   97.4  32.7   2   5    0.0002     0.032   12.7   0.1   265   347   257   345   246   350 0.73 -
ptg000062l:6543932-6559568   -           1392 48926at33392         -            473   6.8e-28   97.4  32.7   3   5   2.9e-15   4.8e-13   48.4   4.2   141   415   347   637   329   641 0.83 -
ptg000062l:6543932-6559568   -           1392 48926at33392         -            473   6.8e-28   97.4  32.7   4   5   1.2e-09     2e-07   29.9   9.5   266   387   645   775   635   817 0.86 -
ptg000062l:6543932-6559568   -           1392 48926at33392         -            473   6.8e-28   97.4  32.7   5   5       1.4   2.3e+02    0.0   0.0    68    88   795   815   773   837 0.46 -
ptg000062l:7444531-7445487   -            319 48926at33392         -            473     1e-25   90.2  21.3   1   4    0.0002     0.032   12.7   0.3   375   430     1    57     1    57 0.89 -
ptg000062l:7444531-7445487   -            319 48926at33392         -            473     1e-25   90.2  21.3   2   4   6.1e-14   9.9e-12   44.1   2.3   240   348    23   135    20   136 0.91 -
ptg000062l:7444531-7445487   -            319 48926at33392         -            473     1e-25   90.2  21.3   3   4   5.1e-16   8.3e-14   50.9   0.9   265   432    96   276    91   278 0.86 -
ptg000062l:7444531-7445487   -            319 48926at33392         -            473     1e-25   90.2  21.3   4   4   1.6e-05    0.0026   16.3   0.2   263   315   263   316   257   319 0.83 -
ptg000215l:3138933-3181654   -           1215 48926at33392         -            473   9.2e-20   70.6  17.0   1   4   0.00058     0.094   11.2   0.9   263   405    19    76     2    91 0.48 -
ptg000215l:3138933-3181654   -           1215 48926at33392         -            473   9.2e-20   70.6  17.0   2   4   1.8e-06   0.00029   19.5   0.0   228   314   160   245   127   270 0.63 -
ptg000215l:3138933-3181654   -           1215 48926at33392         -            473   9.2e-20   70.6  17.0   3   4     9e-08   1.5e-05   23.7   1.5   267   358   353   453   337   462 0.81 -
ptg000215l:3138933-3181654   -           1215 48926at33392         -            473   9.2e-20   70.6  17.0   4   4     2e-07   3.2e-05   22.6   0.6   248   348   533   634   520   641 0.70 -
ptg000147l:7097316-7098311   -            332 48926at33392         -            473   1.1e-19   70.3  34.2   1   3   3.8e-09   6.2e-07   28.2   3.4   198   300     4   108     1   122 0.75 -
ptg000147l:7097316-7098311   -            332 48926at33392         -            473   1.1e-19   70.3  34.2   2   3   1.4e-12   2.2e-10   39.6  15.3   259   366   139   256   117   278 0.80 -
ptg000147l:7097316-7098311   -            332 48926at33392         -            473   1.1e-19   70.3  34.2   3   3   0.00022     0.036   12.5   1.4   151   207   268   330   259   332 0.74 -
ptg000256l:3805124-3849456   -           1265 48926at33392         -            473   1.4e-19   69.9  17.4   1   4   0.00066      0.11   11.0   1.0   263   405    19    76     2    92 0.48 -
ptg000256l:3805124-3849456   -           1265 48926at33392         -            473   1.4e-19   69.9  17.4   2   4   1.8e-06    0.0003   19.4   0.0   228   314   160   245   126   270 0.64 -
ptg000256l:3805124-3849456   -           1265 48926at33392         -            473   1.4e-19   69.9  17.4   3   4   9.4e-08   1.5e-05   23.7   1.5   267   358   353   453   337   462 0.81 -
ptg000256l:3805124-3849456   -           1265 48926at33392         -            473   1.4e-19   69.9  17.4   4   4   1.8e-07   2.9e-05   22.7   0.7   251   348   536   634   519   644 0.66 -
ptg000147l:7405931-7406926   -            332 48926at33392         -            473   3.3e-19   68.7  33.3   1   3   3.8e-09   6.1e-07   28.3   2.7   198   299     4   107     1   112 0.72 -
ptg000147l:7405931-7406926   -            332 48926at33392         -            473   3.3e-19   68.7  33.3   2   3   9.2e-12   1.5e-09   36.9  16.2   242   366   122   256   116   277 0.81 -
ptg000147l:7405931-7406926   -            332 48926at33392         -            473   3.3e-19   68.7  33.3   3   3   0.00019     0.031   12.8   1.0   151   207   268   330   259   332 0.74 -
ptg000292l:2498821-2499531   -            237 48926at33392         -            473   3.4e-19   68.7  15.5   1   2   1.6e-15   2.6e-13   49.3   0.6   334   439    17   127     6   131 0.88 -
ptg000292l:2498821-2499531   -            237 48926at33392         -            473   3.4e-19   68.7  15.5   2   2     6e-10   9.7e-08   30.9   8.4   147   251   105   212   103   215 0.79 -
ptg000147l:7238273-7239268   -            332 48926at33392         -            473   4.3e-19   68.4  33.7   1   3   4.7e-09   7.6e-07   28.0   3.0   198   299     4   107     1   111 0.74 -
ptg000147l:7238273-7239268   -            332 48926at33392         -            473   4.3e-19   68.4  33.7   2   3   7.8e-12   1.3e-09   37.1  16.1   242   366   122   256   116   280 0.80 -
ptg000147l:7238273-7239268   -            332 48926at33392         -            473   4.3e-19   68.4  33.7   3   3   0.00019     0.032   12.7   1.1   151   207   268   330   258   332 0.74 -
ptg000607l:4944546-4945310   -            255 48926at33392         -            473   1.2e-16   60.3  26.9   1   2   4.8e-12   7.8e-10   37.8  12.6   250   393     9   160     4   162 0.84 -
ptg000607l:4944546-4945310   -            255 48926at33392         -            473   1.2e-16   60.3  26.9   2   2   9.5e-08   1.6e-05   23.6   6.3   336   411   164   244   163   255 0.82 -
ptg000147l:7011513-7012550   -            346 48926at33392         -            473     4e-16   58.6  29.0   1   2   2.4e-13   3.8e-11   42.1  12.0   153   351    21   218    10   220 0.89 -
ptg000147l:7011513-7012550   -            346 48926at33392         -            473     4e-16   58.6  29.0   2   2   5.2e-07   8.5e-05   21.2   9.0   263   366   222   336   219   346 0.77 -
ptg000147l:6741150-6742265   -            372 48926at33392         -            473   4.4e-16   58.4  49.7   1   3   1.8e-11   2.9e-09   35.9  11.4   154   351     7   203     4   205 0.88 -
ptg000147l:6741150-6742265   -            372 48926at33392         -            473   4.4e-16   58.4  49.7   2   3   5.8e-09   9.5e-07   27.6  12.0   260   366   180   296   158   305 0.82 -
ptg000147l:6741150-6742265   -            372 48926at33392         -            473   4.4e-16   58.4  49.7   3   3   2.6e-07   4.2e-05   22.2  10.3   100   206   244   369   243   372 0.80 -
ptg000061l:6555678-6556136   -            153 48926at33392         -            473   2.9e-15   55.7  12.6   1   2   1.1e-07   1.8e-05   23.4   0.6   145   194     8    57     2    60 0.92 -
ptg000061l:6555678-6556136   -            153 48926at33392         -            473   2.9e-15   55.7  12.6   2   2   7.1e-12   1.1e-09   37.3   6.6   330   421    57   152    56   153 0.89 -
ptg000080l:28416713-28417534 -            274 48926at33392         -            473     8e-15   54.3  14.9   1   4   1.6e-05    0.0027   16.3   0.6   151   210     5    67     1    73 0.80 -
ptg000080l:28416713-28417534 -            274 48926at33392         -            473     8e-15   54.3  14.9   2   4       0.2        33    2.8   0.4   352   411    76   139    71   145 0.84 -
ptg000080l:28416713-28417534 -            274 48926at33392         -            473     8e-15   54.3  14.9   3   4   2.8e-10   4.6e-08   32.0   2.5   314   392   152   238   142   238 0.85 -
ptg000080l:28416713-28417534 -            274 48926at33392         -            473     8e-15   54.3  14.9   4   4   4.5e-09   7.3e-07   28.0   0.2   263   318   195   250   191   257 0.89 -
ptg000499l:1775098-1775985   -            296 48926at33392         -            473   8.4e-15   54.2  26.6   1   2   1.6e-09   2.6e-07   29.5  13.9   263   409    17   172    10   176 0.77 -
ptg000499l:1775098-1775985   -            296 48926at33392         -            473   8.4e-15   54.2  26.6   2   2     1e-10   1.6e-08   33.5  16.1    66   238   110   290   105   296 0.76 -
ptg000607l:4933199-4934020   -            274 48926at33392         -            473   8.7e-15   54.1  30.4   1   3   3.2e-06   0.00052   18.6   0.2   264   304     1    41     1    48 0.91 -
ptg000607l:4933199-4934020   -            274 48926at33392         -            473   8.7e-15   54.1  30.4   2   3   7.2e-08   1.2e-05   24.1  11.7    70   211    49   201    47   204 0.73 -
ptg000607l:4933199-4934020   -            274 48926at33392         -            473   8.7e-15   54.1  30.4   3   3   4.7e-06   0.00076   18.1   7.6   320   389   195   271   194   274 0.86 -
ptg000093l:134863-135456     -            198 48926at33392         -            473   1.5e-14   53.4   8.6   1   1   1.1e-16   1.8e-14   53.1   8.6   173   345    14   194     3   198 0.89 -
ptg000062l:21968090-21969028 -            313 48926at33392         -            473   1.5e-14   53.4   9.1   1   1   1.2e-15     2e-13   49.7   9.0   142   348    22   242     5   257 0.81 -
ptg000050l:4892711-4894003   -            431 48926at33392         -            473   1.8e-14   53.1  21.5   1   2   2.3e-16   3.8e-14   52.0  18.2   223   430    32   251    16   275 0.83 -
ptg000050l:4892711-4894003   -            431 48926at33392         -            473   1.8e-14   53.1  21.5   2   2      0.11        17    3.7   0.3   240   325   241   330   236   394 0.60 -
ptg000020l:19812043-19813386 -            448 48926at33392         -            473   2.5e-14   52.6  31.5   1   1   4.5e-16   7.3e-14   51.1  28.3    58   365    16   347     5   349 0.81 -
ptg000228l:2511991-2512842   -            284 48926at33392         -            473   2.6e-14   52.6  31.1   1   3   6.4e-11     1e-08   34.1  16.7   224   395    10   191     3   194 0.80 -
ptg000228l:2511991-2512842   -            284 48926at33392         -            473   2.6e-14   52.6  31.1   2   3   1.7e-07   2.8e-05   22.8  13.2    69   188    98   226    89   227 0.81 -
ptg000228l:2511991-2512842   -            284 48926at33392         -            473   2.6e-14   52.6  31.1   3   3   2.7e-07   4.4e-05   22.2   8.5   336   411   193   273   189   284 0.81 -
ptg000228l:2500715-2501536   -            274 48926at33392         -            473   3.1e-14   52.3  30.6   1   3   4.2e-06   0.00068   18.2   0.2   264   304     1    41     1    47 0.91 -
ptg000228l:2500715-2501536   -            274 48926at33392         -            473   3.1e-14   52.3  30.6   2   3   7.8e-08   1.3e-05   23.9  11.3    70   211    49   201    47   203 0.75 -
ptg000228l:2500715-2501536   -            274 48926at33392         -            473   3.1e-14   52.3  30.6   3   3   3.5e-06   0.00058   18.5   7.5   320   389   195   271   193   274 0.86 -
ptg000099l:5171371-5172504   -            378 48926at33392         -            473   3.7e-14   52.1  37.7   1   3   1.4e-07   2.3e-05   23.1   8.8   298   449     9   172     3   174 0.68 -
ptg000099l:5171371-5172504   -            378 48926at33392         -            473   3.7e-14   52.1  37.7   2   3   5.4e-08   8.7e-06   24.5  14.3   113   237   164   294   140   296 0.72 -
ptg000099l:5171371-5172504   -            378 48926at33392         -            473   3.7e-14   52.1  37.7   3   3   1.8e-06   0.00029   19.5   4.9    70   150   275   359   269   374 0.62 -
ptg000499l:1758732-1759988   -            419 48926at33392         -            473   4.8e-14   51.7  41.4   1   2   8.1e-10   1.3e-07   30.5  22.2   215   412    17   221     2   227 0.81 -
ptg000499l:1758732-1759988   -            419 48926at33392         -            473   4.8e-14   51.7  41.4   2   2   1.1e-08   1.8e-06   26.8  11.4   313   437   227   359   222   374 0.84 -
ptg000019l:1211827-1212408   -            194 48926at33392         -            473   6.9e-14   51.2   9.2   1   1   5.4e-16   8.8e-14   50.8   9.2   173   343    14   192     3   194 0.89 -
ptg000032l:16840238-16841143 -            302 48926at33392         -            473   7.5e-14   51.1  34.7   1   2   7.1e-07   0.00012   20.8  18.9   262   368    65   177    43   183 0.76 -
ptg000032l:16840238-16841143 -            302 48926at33392         -            473   7.5e-14   51.1  34.7   2   2   3.5e-12   5.7e-10   38.3  16.7   127   297   135   301   134   302 0.88 -
ptg000467l:374569-378533     -            252 48926at33392         -            473   1.9e-13   49.7   2.4   1   1   1.4e-15   2.4e-13   49.4   2.4   237   375    46   186     9   191 0.83 -
ptg000147l:6697386-6698189   -            268 48926at33392         -            473   2.5e-13   49.4  25.4   1   2   1.1e-07   1.7e-05   23.5   3.3   268   348     4    88     1   106 0.64 -
ptg000147l:6697386-6698189   -            268 48926at33392         -            473   2.5e-13   49.4  25.4   2   2   5.7e-09   9.3e-07   27.7  15.4   260   367   116   233    94   259 0.76 -
ptg000114l:166850-167962     -            371 48926at33392         -            473     3e-13   49.1  19.8   1   2   2.4e-09   3.9e-07   28.9   3.9   283   378    14   122     5   126 0.76 -
ptg000114l:166850-167962     -            371 48926at33392         -            473     3e-13   49.1  19.8   2   2   1.9e-07   3.2e-05   22.6  11.1    59   188   135   284   110   291 0.77 -
ptg000080l:7050795-7051067   -             91 48926at33392         -            473   5.1e-13   48.3   3.2   1   1   8.4e-15   1.4e-12   46.9   3.4   351   430     2    82     1    90 0.71 -
ptg000007l:7237905-7238381   -            159 48926at33392         -            473   1.1e-12   47.2   9.0   1   1     1e-14   1.7e-12   46.6   9.0   244   388     6   159     2   159 0.90 -
ptg000032l:16768207-16769217 -            337 48926at33392         -            473   2.2e-12   46.2  37.6   1   2   1.3e-08   2.1e-06   26.5  18.6   240   389    20   177     3   179 0.84 -
ptg000032l:16768207-16769217 -            337 48926at33392         -            473   2.2e-12   46.2  37.6   2   2   1.2e-07     2e-05   23.3  32.3    92   298    91   306    90   331 0.66 -
ptg000013l:266718-267743     -            342 48926at33392         -            473   3.5e-12   45.5  22.2   1   5   3.4e-07   5.5e-05   21.8   0.7   322   409     8    99     2   101 0.82 -
ptg000013l:266718-267743     -            342 48926at33392         -            473   3.5e-12   45.5  22.2   2   5    0.0017      0.28    9.6   0.3   173   231    87   148    82   155 0.82 -
ptg000013l:266718-267743     -            342 48926at33392         -            473   3.5e-12   45.5  22.2   3   5      0.63     1e+02    1.2   0.4   370   426   158   215   147   224 0.59 -
ptg000013l:266718-267743     -            342 48926at33392         -            473   3.5e-12   45.5  22.2   4   5   2.9e-08   4.7e-06   25.3   0.7   364   431   233   301   217   307 0.84 -
ptg000013l:266718-267743     -            342 48926at33392         -            473   3.5e-12   45.5  22.2   5   5      0.17        27    3.0   0.3    64   102   304   340   300   342 0.51 -
ptg000232l:3600681-3601436   -            252 48926at33392         -            473   3.9e-12   45.4   3.9   1   1   1.6e-13   2.6e-11   42.7   4.0   214   391    23   212    10   214 0.85 -
ptg000097l:3194666-3195910   -            415 48926at33392         -            473   4.1e-12   45.3  48.1   1   1   1.4e-11   2.3e-09   36.3  48.0    67   408    43   415    15   415 0.76 -
ptg000306l:1400979-1401608   -            210 48926at33392         -            473   5.1e-12   45.0   2.1   1   1   4.5e-14   7.3e-12   44.5   2.1   241   430     4   205     2   208 0.83 -
ptg000103l:3389290-3389985   -            232 48926at33392         -            473   6.1e-12   44.8  31.7   1   2   1.7e-06   0.00027   19.5   5.5   352   431    25   108    10   112 0.65 -
ptg000103l:3389290-3389985   -            232 48926at33392         -            473   6.1e-12   44.8  31.7   2   2   3.7e-12     6e-10   38.2  18.2   266   429    51   226    41   231 0.84 -
ptg000066l:17720119-17720748 -            210 48926at33392         -            473   6.7e-12   44.6   2.3   1   1   5.8e-14   9.5e-12   44.1   2.3   241   430     4   205     1   208 0.83 -
ptg000034l:1808775-1810714   -            236 48926at33392         -            473   7.5e-12   44.5  23.7   1   2    0.0017      0.27    9.7   0.9   177   233    12    67     6    73 0.69 -
ptg000034l:1808775-1810714   -            236 48926at33392         -            473   7.5e-12   44.5  23.7   2   2   1.2e-12     2e-10   39.8  16.6   315   437    69   191    63   209 0.89 -
ptg000177l:3039059-3041008   -            265 48926at33392         -            473   7.6e-12   44.4  22.9   1   2    0.0026      0.42    9.0   0.8   177   233    41    96    29   101 0.68 -
ptg000177l:3039059-3041008   -            265 48926at33392         -            473   7.6e-12   44.4  22.9   2   2     7e-13   1.1e-10   40.6  15.7   315   437    98   220    92   245 0.88 -
ptg000133l:3661500-3662123   -            208 48926at33392         -            473   8.7e-12   44.3   2.0   1   2   2.1e-06   0.00034   19.2   0.4   240   307    26    93     3   100 0.87 -
ptg000133l:3661500-3662123   -            208 48926at33392         -            473   8.7e-12   44.3   2.0   2   2     7e-08   1.1e-05   24.1   0.1   240   328    98   188    94   204 0.87 -
ptg000147l:7238705-7239256   -            184 48926at33392         -            473   9.3e-12   44.2  19.8   1   2   1.7e-11   2.8e-09   36.0  13.9   266   366     2   112     1   135 0.82 -
ptg000147l:7238705-7239256   -            184 48926at33392         -            473   9.3e-12   44.2  19.8   2   2   0.00025      0.04   12.4   0.6   151   204   124   183   116   184 0.73 -
ptg000341l:608081-638201     -            405 48926at33392         -            473     2e-11   43.1  34.1   1   2   9.4e-08   1.5e-05   23.7  17.1   274   463    27   222     4   233 0.74 -
ptg000341l:608081-638201     -            405 48926at33392         -            473     2e-11   43.1  34.1   2   2   6.1e-07   9.9e-05   21.0  18.6   150   390   137   382   134   401 0.71 -
ptg000232l:2835853-2836152   -            100 48926at33392         -            473   2.6e-11   42.7   4.8   1   1   1.7e-13   2.8e-11   42.6   4.8   297   370     4    83     1    99 0.82 -
ptg000180l:6018129-6018845   -            239 48926at33392         -            473   3.1e-11   42.5   4.3   1   2    0.0073       1.2    7.5   0.0   266   307    35    76    26    83 0.88 -
ptg000180l:6018129-6018845   -            239 48926at33392         -            473   3.1e-11   42.5   4.3   2   2   6.1e-11   9.9e-09   34.2   3.3   218   355    81   225    73   234 0.89 -
ptg000232l:3630965-3631666   -            234 48926at33392         -            473   3.9e-11   42.1   0.3   1   3    0.0042      0.68    8.3   0.0   261   307    54   100    42   103 0.89 -
ptg000232l:3630965-3631666   -            234 48926at33392         -            473   3.9e-11   42.1   0.3   2   3   1.7e-06   0.00028   19.5   0.0   128   189   103   169    99   174 0.81 -
ptg000232l:3630965-3631666   -            234 48926at33392         -            473   3.9e-11   42.1   0.3   3   3   0.00046     0.075   11.5   0.0   264   308   177   222   172   234 0.86 -
ptg000876l:180501-181196     -            232 48926at33392         -            473   5.9e-11   41.5  21.8   1   1   1.4e-11   2.3e-09   36.3  19.4   267   429    52   226    48   231 0.85 -
ptg000308l:1330460-1330987   -            176 48926at33392         -            473   6.8e-11   41.3  19.3   1   2   1.1e-09   1.8e-07   30.0   7.7   345   428    14   101     1   104 0.87 -
ptg000308l:1330460-1330987   -            176 48926at33392         -            473   6.8e-11   41.3  19.3   2   2   5.3e-07   8.6e-05   21.2   6.9   261   342    90   173    85   176 0.82 -
ptg000183l:1139990-1140835   -            282 48926at33392         -            473   8.5e-11   41.0   4.2   1   3   2.4e-07   3.9e-05   22.3   0.1   349   411     4    68     1    75 0.91 -
ptg000183l:1139990-1140835   -            282 48926at33392         -            473   8.5e-11   41.0   4.2   2   3   3.3e-05    0.0054   15.3   0.1   127   190    51   118    50   122 0.89 -
ptg000183l:1139990-1140835   -            282 48926at33392         -            473   8.5e-11   41.0   4.2   3   3    0.0002     0.033   12.7   0.1   258   302   117   161   115   168 0.90 -
ptg000232l:3679479-3680219   -            247 48926at33392         -            473     9e-11   40.9   2.8   1   1   3.3e-12   5.3e-10   38.4   2.8   209   391    50   245    35   247 0.84 -
ptg000147l:7694318-7694797   -            160 48926at33392         -            473   1.8e-10   39.9  10.8   1   2   3.4e-08   5.5e-06   25.1   3.8   267   343     4    84     1    85 0.63 -
ptg000147l:7694318-7694797   -            160 48926at33392         -            473   1.8e-10   39.9  10.8   2   2   8.4e-07   0.00014   20.5   7.3   262   363    47   156    44   160 0.73 -
ptg000147l:6948101-6948736   -            212 48926at33392         -            473   2.1e-10   39.7  14.8   1   1     2e-11   3.3e-09   35.7  14.8   117   307     4   203     2   210 0.80 -
ptg000559l:295689-296765     -            359 48926at33392         -            473   2.6e-10   39.4  17.1   1   3   1.4e-05    0.0023   16.5   1.7   345   432    30   124    19   144 0.78 -
ptg000559l:295689-296765     -            359 48926at33392         -            473   2.6e-10   39.4  17.1   2   3      0.82   1.3e+02    0.8   0.2    68    88   188   210   156   226 0.46 -
ptg000559l:295689-296765     -            359 48926at33392         -            473   2.6e-10   39.4  17.1   3   3   8.6e-10   1.4e-07   30.4   2.7   283   378   241   349   230   354 0.76 -
ptg000388l:755257-755934     -            226 48926at33392         -            473   3.9e-10   38.8   5.2   1   2   6.1e-11     1e-08   34.2   2.8   268   416     4   163     1   181 0.80 -
ptg000388l:755257-755934     -            226 48926at33392         -            473   3.9e-10   38.8   5.2   2   2   0.00033     0.054   12.0   0.0   195   250   144   201   139   206 0.80 -
ptg000035l:15755172-15755879 -            236 48926at33392         -            473   4.2e-10   38.7  17.5   1   2     7e-11   1.1e-08   34.0  10.8   264   400     6   150     2   164 0.81 -
ptg000035l:15755172-15755879 -            236 48926at33392         -            473   4.2e-10   38.7  17.5   2   2    0.0045      0.73    8.2   0.7   261   302   193   234   152   236 0.55 -
ptg000628l:633353-634060     -            236 48926at33392         -            473   4.3e-10   38.7  17.7   1   2   2.5e-10     4e-08   32.2  13.8   264   407     6   157     2   190 0.78 -
ptg000628l:633353-634060     -            236 48926at33392         -            473   4.3e-10   38.7  17.7   2   2    0.0047      0.76    8.2   0.9   261   302   193   234   152   236 0.54 -
ptg000089l:3209333-3209980   -            216 48926at33392         -            473   4.4e-10   38.6   8.6   1   2   1.2e-05    0.0019   16.7   0.6   349   414    11    79     8    84 0.82 -
ptg000089l:3209333-3209980   -            216 48926at33392         -            473   4.4e-10   38.6   8.6   2   2   5.4e-08   8.7e-06   24.5   2.1   262   358    84   186    79   187 0.79 -
ptg000118l:1375086-1375826   -            247 48926at33392         -            473     7e-10   38.0   7.1   1   1   2.3e-10   3.7e-08   32.3   7.1   173   424    14   186     3   204 0.50 -
ptg000387l:166603-167787     -            395 48926at33392         -            473   7.3e-10   37.9  12.4   1   1   5.6e-11   9.2e-09   34.3  12.4   173   366     3   210     1   216 0.82 -
ptg000180l:6084501-6085175   -            225 48926at33392         -            473   9.1e-10   37.6   3.7   1   2     0.025         4    5.8   0.0   274   309     1    36     1    42 0.86 -
ptg000180l:6084501-6085175   -            225 48926at33392         -            473   9.1e-10   37.6   3.7   2   2   1.5e-09   2.5e-07   29.6   1.9   196   303    40   150    36   184 0.81 -
ptg000308l:1316406-1316921   -            172 48926at33392         -            473     1e-09   37.4  15.5   1   2   5.9e-09   9.6e-07   27.6   7.4   330   429     4   111     1   113 0.87 -
ptg000308l:1316406-1316921   -            172 48926at33392         -            473     1e-09   37.4  15.5   2   2   1.1e-06   0.00018   20.2   3.3   261   327    99   165    94   172 0.69 -
ptg000080l:27679493-27680413 -            307 48926at33392         -            473     1e-09   37.4  16.9   1   2    0.0019      0.31    9.5   0.2   254   285    62    93    31   101 0.77 -
ptg000080l:27679493-27680413 -            307 48926at33392         -            473     1e-09   37.4  16.9   2   2   1.1e-09   1.8e-07   30.0  13.2   267   397    98   229    92   258 0.86 -
ptg000404l:641214-641861     -            216 48926at33392         -            473   1.1e-09   37.4   8.7   1   2   2.7e-05    0.0044   15.5   0.7   349   414    11    79     7    84 0.77 -
ptg000404l:641214-641861     -            216 48926at33392         -            473   1.1e-09   37.4   8.7   2   2   5.8e-08   9.5e-06   24.4   2.1   263   358    85   186    81   188 0.78 -
ptg000656l:743914-745098     -            395 48926at33392         -            473   1.1e-09   37.4  12.1   1   1     9e-11   1.5e-08   33.6  12.1   173   366     3   210     1   216 0.81 -
ptg000066l:17650028-17650741 -            238 48926at33392         -            473   1.3e-09   37.1   5.1   1   1   1.1e-11   1.8e-09   36.7   5.1   241   430    15   216     7   223 0.85 -
ptg000306l:1464687-1465385   -            233 48926at33392         -            473   1.3e-09   37.1   4.2   1   1   1.1e-11   1.8e-09   36.6   4.2   241   430     4   205     1   212 0.83 -
ptg000797l:582422-583852     -            477 48926at33392         -            473   1.6e-09   36.7  50.6   1   2   1.2e-09     2e-07   29.9  30.8   150   404    39   309    22   320 0.75 -
ptg000797l:582422-583852     -            477 48926at33392         -            473   1.6e-09   36.7  50.6   2   2    0.0069       1.1    7.6  12.0   265   406   323   477   316   477 0.74 -
ptg000265l:16909515-16910246 -            244 48926at33392         -            473   5.2e-09   35.1   8.7   1   2     0.013       2.1    6.7   0.0   264   302    30    68    16    76 0.76 -
ptg000265l:16909515-16910246 -            244 48926at33392         -            473   5.2e-09   35.1   8.7   2   2     1e-08   1.6e-06   26.9   7.5   263   421    76   233    67   244 0.83 -
ptg000062l:17004640-17005404 -            255 48926at33392         -            473   6.4e-09   34.8  18.3   1   1   2.9e-10   4.7e-08   31.9  18.3   183   383    13   225     1   235 0.63 -
ptg000024l:31998947-32104276 -           2461 48926at33392         -            473   9.3e-09   34.3  21.4   1   3   6.1e-08     1e-05   24.3   8.3   308   424   483   623   439   633 0.75 -
ptg000024l:31998947-32104276 -           2461 48926at33392         -            473   9.3e-09   34.3  21.4   2   3   0.00017     0.028   12.9   0.8   148   233   701   788   684   810 0.81 -
ptg000024l:31998947-32104276 -           2461 48926at33392         -            473   9.3e-09   34.3  21.4   3   3      0.22        36    2.7   0.2   328   348   845   865   832   931 0.83 -
ptg000344l:681272-682228     -            319 48926at33392         -            473   1.2e-08   34.0   9.3   1   1   1.9e-10   3.1e-08   32.5   9.4   146   347    29   246     2   265 0.74 -
ptg000147l:7515964-7516752   -            263 48926at33392         -            473   1.2e-08   33.9   9.1   1   1   9.5e-11   1.6e-08   33.5   9.1   150   300    88   234    35   259 0.86 -
ptg000011l:1102532-1103014   -            161 48926at33392         -            473   1.3e-08   33.8   5.9   1   1   2.3e-10   3.8e-08   32.3   5.9   267   411     3   160     1   161 0.78 -
ptg000024l:19129117-19129581 -            155 48926at33392         -            473   1.8e-08   33.4   9.7   1   1   1.9e-10   3.1e-08   32.6   9.7   274   370    29   133     8   155 0.79 -
ptg000018l:517563-524951     -            438 48926at33392         -            473   5.6e-08   31.7  12.5   1   3    0.0004     0.065   11.7   2.2   352   411    47   110    33   113 0.81 -
ptg000018l:517563-524951     -            438 48926at33392         -            473   5.6e-08   31.7  12.5   2   3   2.8e-05    0.0046   15.5   0.5   265   373   122   242   115   251 0.78 -
ptg000018l:517563-524951     -            438 48926at33392         -            473   5.6e-08   31.7  12.5   3   3    0.0041      0.66    8.4   0.1    43   103   269   332   264   347 0.77 -
ptg000618l:244518-253824     -            438 48926at33392         -            473   5.6e-08   31.7  12.5   1   3    0.0004     0.065   11.7   2.2   352   411    47   110    33   113 0.81 -
ptg000618l:244518-253824     -            438 48926at33392         -            473   5.6e-08   31.7  12.5   2   3   2.8e-05    0.0046   15.5   0.5   265   373   122   242   115   251 0.78 -
ptg000618l:244518-253824     -            438 48926at33392         -            473   5.6e-08   31.7  12.5   3   3    0.0041      0.66    8.4   0.1    43   103   269   332   264   347 0.77 -
ptg000011l:1086695-1087267   -            191 48926at33392         -            473   6.7e-08   31.4  15.9   1   2   2.3e-06   0.00037   19.1   2.3   356   424     1    72     1    77 0.80 -
ptg000011l:1086695-1087267   -            191 48926at33392         -            473   6.7e-08   31.4  15.9   2   2   1.2e-05     0.002   16.7   8.9   263   365    67   176    63   185 0.81 -
ptg000004l:1727820-1728320   -            167 48926at33392         -            473   7.2e-08   31.3   9.0   1   1   9.5e-10   1.5e-07   30.2   9.0   267   417     4   166     1   167 0.73 -
ptg000281l:4115956-4116663   -            236 48926at33392         -            473   8.1e-08   31.2  22.7   1   2   3.6e-07   5.9e-05   21.7  12.3   265   418     7   171     3   177 0.75 -
ptg000281l:4115956-4116663   -            236 48926at33392         -            473   8.1e-08   31.2  22.7   2   2   7.2e-05     0.012   14.2   2.3   241   299   177   235   174   236 0.86 -
ptg000499l:1720299-1720832   -            178 48926at33392         -            473   9.8e-08   30.9  15.4   1   1   1.5e-09   2.4e-07   29.6  15.3   311   435    17   149     1   168 0.75 -
ptg000210l:3604298-3605038   -            247 48926at33392         -            473     1e-07   30.8   9.5   1   1   1.8e-08   2.9e-06   26.0   9.6   262   422    30   200     6   225 0.83 -
ptg000024l:12542679-12544148 -            490 48926at33392         -            473   1.2e-07   30.6  49.0   1   3    0.0031       0.5    8.8  34.3   131   424    10   321     6   350 0.72 -
ptg000024l:12542679-12544148 -            490 48926at33392         -            473   1.2e-07   30.6  49.0   2   3   6.6e-07   0.00011   20.9   6.7   339   430   353   446   339   447 0.82 -
ptg000024l:12542679-12544148 -            490 48926at33392         -            473   1.2e-07   30.6  49.0   3   3   0.00046     0.075   11.5   0.2   260   300   432   472   426   489 0.74 -
ptg000305l:1986401-1987243   -            281 48926at33392         -            473     2e-07   29.9   4.8   1   2     8e-06    0.0013   17.3   0.2   350   410     4    66     2    69 0.85 -
ptg000305l:1986401-1987243   -            281 48926at33392         -            473     2e-07   29.9   4.8   2   2   9.2e-05     0.015   13.8   0.8    66   129    71   137    68   175 0.57 -
ptg000403l:371768-372610     -            281 48926at33392         -            473     2e-07   29.9   4.8   1   2     8e-06    0.0013   17.3   0.2   350   410     4    66     2    69 0.85 -
ptg000403l:371768-372610     -            281 48926at33392         -            473     2e-07   29.9   4.8   2   2   9.2e-05     0.015   13.8   0.8    66   129    71   137    68   175 0.57 -
ptg001114l:12428-13153       -            242 48926at33392         -            473   2.4e-07   29.6   7.5   1   3   0.00037      0.06   11.8   1.0    98   169    48   125     5   129 0.79 -
ptg001114l:12428-13153       -            242 48926at33392         -            473   2.4e-07   29.6   7.5   2   3   4.1e-07   6.7e-05   21.5   0.4   240   306   106   172   102   177 0.93 -
ptg001114l:12428-13153       -            242 48926at33392         -            473   2.4e-07   29.6   7.5   3   3     0.088        14    4.0   0.1   267   316   183   234   174   238 0.87 -
ptg000157l:1545206-1545931   -            242 48926at33392         -            473   2.4e-07   29.6   8.4   1   3     0.016       2.6    6.4   0.3   374   411    59    96    43   109 0.72 -
ptg000157l:1545206-1545931   -            242 48926at33392         -            473   2.4e-07   29.6   8.4   2   3   4.7e-07   7.6e-05   21.4   0.6   240   306   106   172   101   177 0.93 -
ptg000157l:1545206-1545931   -            242 48926at33392         -            473   2.4e-07   29.6   8.4   3   3     0.051       8.3    4.8   0.1   267   316   183   234   174   237 0.88 -
ptg000821l:441879-442451     -            191 48926at33392         -            473   2.6e-07   29.5  16.1   1   1     1e-06   0.00017   20.2   0.3   265   307    86   128    80   130 0.91 -
ptg000086l:1827205-1828050   -            282 48926at33392         -            473   4.9e-07   28.6   7.1   1   3   5.6e-06   0.00092   17.8   1.5   265   320     8    63     4    65 0.91 -
ptg000086l:1827205-1828050   -            282 48926at33392         -            473   4.9e-07   28.6   7.1   2   3    0.0004     0.065   11.7   0.0   127   189    51   117    45   122 0.84 -
ptg000086l:1827205-1828050   -            282 48926at33392         -            473   4.9e-07   28.6   7.1   3   3      0.11        18    3.7   0.5   264   303   123   162   117   170 0.85 -
ptg000707l:703459-704166     -            236 48926at33392         -            473     5e-07   28.6  23.1   1   2   1.9e-06   0.00032   19.3  11.7   265   411     7   166     3   171 0.75 -
ptg000707l:703459-704166     -            236 48926at33392         -            473     5e-07   28.6  23.1   2   2   1.9e-05    0.0031   16.1   6.9   264   339   152   231   147   236 0.51 -
ptg000172l:11798998-11799522 -            175 48926at33392         -            473   9.2e-07   27.7   8.4   1   2      0.37        60    1.9   0.6   374   426     4    57     1    71 0.44 -
ptg000172l:11798998-11799522 -            175 48926at33392         -            473   9.2e-07   27.7   8.4   2   2   6.1e-09   9.9e-07   27.6   2.8   357   433    66   145    46   166 0.70 -
ptg000112l:1549864-1550451   -            196 48926at33392         -            473   1.3e-06   27.2   7.5   1   2   2.8e-05    0.0046   15.5   1.2   261   326    24    91    21    93 0.86 -
ptg000112l:1549864-1550451   -            196 48926at33392         -            473   1.3e-06   27.2   7.5   2   2   0.00013     0.022   13.3   0.4   265   301    76   112    66   122 0.82 -
ptg000053l:538792-703607     -           1351 48926at33392         -            473   1.3e-06   27.2   0.7   1   1   1.4e-08   2.3e-06   26.4   0.7   269   365    61   165    56   192 0.83 -
ptg000341l:637497-638228     -            244 48926at33392         -            473   1.6e-06   26.9  11.6   1   2   3.8e-06   0.00062   18.4   4.0   169   237    46   117     8   122 0.74 -
ptg000341l:637497-638228     -            244 48926at33392         -            473   1.6e-06   26.9  11.6   2   2   9.8e-07   0.00016   20.3   2.4    70   149    98   182    97   198 0.83 -
ptg000305l:1488827-1489669   -            281 48926at33392         -            473   1.7e-06   26.8   6.7   1   1   2.2e-07   3.6e-05   22.4   6.3   265   406     7   155     2   160 0.82 -
ptg000643l:132560-133402     -            281 48926at33392         -            473   1.7e-06   26.8   6.7   1   1   2.2e-07   3.6e-05   22.4   6.3   265   406     7   155     2   160 0.82 -
ptg000311l:908047-908754     -            236 48926at33392         -            473   1.9e-06   26.6   2.7   1   1     9e-08   1.5e-05   23.7   2.7   260   383    21   153     1   157 0.78 -
ptg000509l:86194-157264      -           1296 48926at33392         -            473   2.2e-06   26.5   0.6   1   1   2.2e-08   3.5e-06   25.8   0.6   270   365     2   105     1   132 0.83 -
ptg000062l:18149651-18150511 -            287 48926at33392         -            473   3.7e-06   25.7  10.8   1   2   1.6e-06   0.00026   19.6   8.0    68   210    48   183    20   187 0.64 -
ptg000062l:18149651-18150511 -            287 48926at33392         -            473   3.7e-06   25.7  10.8   2   2    0.0018       0.3    9.5   0.5    53   130   146   225   128   246 0.57 -
ptg000126l:488648-490984     -            779 48926at33392         -            473   3.9e-06   25.6  74.3   1   3      0.01       1.7    7.0  40.2    65   430    87   468    86   474 0.70 -
ptg000126l:488648-490984     -            779 48926at33392         -            473   3.9e-06   25.6  74.3   2   3   0.00099      0.16   10.4  11.2   265   430   483   660   473   666 0.77 -
ptg000126l:488648-490984     -            779 48926at33392         -            473   3.9e-06   25.6  74.3   3   3   1.9e-06   0.00031   19.4   9.1    69   168   649   764   643   779 0.77 -
ptg000628l:1023928-1024335   -            136 48926at33392         -            473   7.6e-06   24.7   4.7   1   1   2.9e-07   4.7e-05   22.0   4.7   177   301     1   133     1   136 0.57 -
ptg000232l:3668667-3668960   -             98 48926at33392         -            473   2.4e-05   23.0   1.3   1   1   5.4e-06   0.00087   17.9   0.7   125   189    28    94    24    98 0.75 -
ptg000488l:1140529-1141236   -            236 48926at33392         -            473   2.8e-05   22.8   8.4   1   1   5.1e-07   8.3e-05   21.2   8.4   266   398    35   183    32   189 0.80 -
ptg000172l:3062941-3064674   -            578 48926at33392         -            473   3.8e-05   22.4   0.1   1   2   0.00039     0.063   11.8   0.0   270   306     4    40     1    47 0.90 -
ptg000172l:3062941-3064674   -            578 48926at33392         -            473   3.8e-05   22.4   0.1   2   2    0.0051      0.83    8.1   0.0   268   301    50    83    44   128 0.82 -
ptg001114l:17777-18481       -            235 48926at33392         -            473   8.1e-05   21.3   5.4   1   2     0.033       5.3    5.4   0.1   374   411    57    94    11    99 0.80 -
ptg001114l:17777-18481       -            235 48926at33392         -            473   8.1e-05   21.3   5.4   2   2   4.2e-06   0.00069   18.2   3.0   260   345    76   165    58   176 0.63 -
ptg000024l:21143524-21144288 -            255 48926at33392         -            473    0.0001   20.9  10.3   1   2    0.0026      0.42    9.0   0.8    65   126    11    78     7    85 0.61 -
ptg000024l:21143524-21144288 -            255 48926at33392         -            473    0.0001   20.9  10.3   2   2   5.6e-06   0.00091   17.8   7.7   260   421    38   204    36   207 0.76 -
ptg000157l:1540432-1541085   -            218 48926at33392         -            473   0.00012   20.7   5.2   1   2     0.016       2.6    6.4   0.3   374   413    57    96    27   114 0.65 -
ptg000157l:1540432-1541085   -            218 48926at33392         -            473   0.00012   20.7   5.2   2   2   1.5e-05    0.0024   16.4   0.7   242   306   106   170    99   200 0.83 -
ptg000158l:12872104-12872607 -            168 48926at33392         -            473   0.00019   20.1   8.8   1   2   1.2e-05    0.0019   16.7   4.9   350   430    12    95     1   115 0.46 -
ptg000158l:12872104-12872607 -            168 48926at33392         -            473   0.00019   20.1   8.8   2   2     0.028       4.6    5.6   0.1   261   305   113   155   100   168 0.57 -
ptg000066l:17634447-17634755 -            103 48926at33392         -            473   0.00032   19.3   0.5   1   2   6.7e-05     0.011   14.3   0.0   241   300    10    69     5    77 0.89 -
ptg000066l:17634447-17634755 -            103 48926at33392         -            473   0.00032   19.3   0.5   2   2      0.12        19    3.6   0.1   348   367    77    96    72   101 0.78 -
ptg000306l:1479831-1480139   -            103 48926at33392         -            473   0.00032   19.3   0.5   1   2   6.7e-05     0.011   14.3   0.0   241   300    10    69     5    77 0.89 -
ptg000306l:1479831-1480139   -            103 48926at33392         -            473   0.00032   19.3   0.5   2   2      0.12        19    3.6   0.1   348   367    77    96    72   101 0.78 -
ptg000204l:877441-889995     -            448 48926at33392         -            473   0.00098   17.7  12.2   1   2    0.0019      0.31    9.4   6.0    80   188   199   309   177   313 0.78 -
ptg000204l:877441-889995     -            448 48926at33392         -            473   0.00098   17.7  12.2   2   2     6e-06   0.00098   17.7  12.2   288   409   271   398   266   411 0.78 -
#
# Program:         hmmsearch
# Version:         3.2.1 (June 2018)
# Pipeline mode:   SEARCH
# Query file:      /home/tpsylvst/projects/diaprepes_assembly/busco/busco_downloads/lineages/endopterygota_odb10/hmms/48926at33392.hmm
# Target file:     /home/tpsylvst/projects/diaprepes_assembly/busco/diaprepes_busco/run_endopterygota_odb10/metaeuk_output/initial_results/diaprepes.fa.modified.fas
# Option settings: hmmsearch --domtblout /home/tpsylvst/projects/diaprepes_assembly/busco/diaprepes_busco/run_endopterygota_odb10/hmmer_output/initial_run_results/48926at33392.out --cpu 1 /home/tpsylvst/projects/diaprepes_assembly/busco/busco_downloads/lineages/endopterygota_odb10/hmms/48926at33392.hmm /home/tpsylvst/projects/diaprepes_assembly/busco/diaprepes_busco/run_endopterygota_odb10/metaeuk_output/initial_results/diaprepes.fa.modified.fas 
# Current dir:     /home/tpsylvst/projects/diaprepes_assembly/busco
# Date:            Mon Nov 28 14:23:09 2022
# [ok]
