#                                                                                    --- full sequence --- -------------- this domain -------------   hmm coord   ali coord   env coord
# target name                accession   tlen query name           accession   qlen   E-value  score  bias   #  of  c-Evalue  i-Evalue  score  bias  from    to  from    to  from    to  acc description of target
#        ------------------- ---------- ----- -------------------- ---------- ----- --------- ------ ----- --- --- --------- --------- ------ ----- ----- ----- ----- ----- ----- ----- ---- ---------------------
ptg000467l:2739260-2745612   -            588 49958at33392         -            300  2.4e-130  434.1   5.9   1   2   1.1e-35   2.2e-33  115.7   0.0     1    81     1    95     1   109 0.88 -
ptg000467l:2739260-2745612   -            588 49958at33392         -            300  2.4e-130  434.1   5.9   2   2   4.4e-96   8.6e-94  314.1   3.3    78   299   112   376   104   377 0.86 -
ptg000393l:939676-951875     -            873 49958at33392         -            300   9.6e-43  146.5   2.0   1   3   5.7e-10   1.1e-07   31.3   0.0    14    80     3    88     1    91 0.72 -
ptg000393l:939676-951875     -            873 49958at33392         -            300   9.6e-43  146.5   2.0   2   3   9.6e-34   1.9e-31  109.4   0.6    67   296    96   343    87   348 0.78 -
ptg000393l:939676-951875     -            873 49958at33392         -            300   9.6e-43  146.5   2.0   3   3      0.24        47    3.0   0.0   110   151   674   715   643   725 0.81 -
ptg000107l:568379-571354     -            467 49958at33392         -            300   5.1e-41  140.8   7.7   1   3     4e-16   7.9e-14   51.5   0.1    42   140    91   198    79   202 0.86 -
ptg000107l:568379-571354     -            467 49958at33392         -            300   5.1e-41  140.8   7.7   2   3   5.1e-07    0.0001   21.6   0.5    24   100   205   285   200   296 0.85 -
ptg000107l:568379-571354     -            467 49958at33392         -            300   5.1e-41  140.8   7.7   3   3     1e-21     2e-19   69.9   0.2    22   153   327   467   324   467 0.87 -
ptg000050l:3603959-3604570   -            204 49958at33392         -            300   2.3e-34  119.0   5.2   1   3   8.5e-17   1.7e-14   53.8   0.1    49   163     4   126     2   130 0.84 -
ptg000050l:3603959-3604570   -            204 49958at33392         -            300   2.3e-34  119.0   5.2   2   3   5.8e-13   1.1e-10   41.2   0.1    82   166    84   171    82   174 0.84 -
ptg000050l:3603959-3604570   -            204 49958at33392         -            300   2.3e-34  119.0   5.2   3   3   4.2e-12   8.3e-10   38.3   0.4    25   117   106   203   106   204 0.90 -
ptg000034l:1830036-1844023   -            593 49958at33392         -            300   1.9e-33  115.9   0.1   1   5   1.2e-05    0.0023   17.2   0.0    33   104    35   109    28   113 0.75 -
ptg000034l:1830036-1844023   -            593 49958at33392         -            300   1.9e-33  115.9   0.1   2   5   7.6e-15   1.5e-12   47.3   0.0     7   157   132   297   127   302 0.80 -
ptg000034l:1830036-1844023   -            593 49958at33392         -            300   1.9e-33  115.9   0.1   3   5     0.049       9.6    5.3   0.0    82   121   304   343   300   388 0.79 -
ptg000034l:1830036-1844023   -            593 49958at33392         -            300   1.9e-33  115.9   0.1   4   5   0.00025      0.05   12.8   0.0    94   158   437   505   426   514 0.80 -
ptg000034l:1830036-1844023   -            593 49958at33392         -            300   1.9e-33  115.9   0.1   5   5   5.1e-08     1e-05   24.9   1.4    50   117   517   590   507   592 0.80 -
ptg000177l:3005450-3019675   -            593 49958at33392         -            300   2.8e-33  115.4   0.2   1   5   1.7e-05    0.0034   16.7   0.0    33   104    35   109    28   113 0.74 -
ptg000177l:3005450-3019675   -            593 49958at33392         -            300   2.8e-33  115.4   0.2   2   5   7.6e-15   1.5e-12   47.3   0.0     7   157   132   297   127   302 0.80 -
ptg000177l:3005450-3019675   -            593 49958at33392         -            300   2.8e-33  115.4   0.2   3   5     0.049       9.6    5.3   0.0    82   121   304   343   300   388 0.79 -
ptg000177l:3005450-3019675   -            593 49958at33392         -            300   2.8e-33  115.4   0.2   4   5   0.00025      0.05   12.8   0.0    94   158   437   505   426   514 0.80 -
ptg000177l:3005450-3019675   -            593 49958at33392         -            300   2.8e-33  115.4   0.2   5   5   5.1e-08     1e-05   24.9   1.4    50   117   517   590   507   592 0.80 -
ptg000072l:663502-697163     -            787 49958at33392         -            300   4.2e-28   98.4  14.3   1   4   1.2e-14   2.3e-12   46.7   0.1    17   124   101   213    89   268 0.83 -
ptg000072l:663502-697163     -            787 49958at33392         -            300   4.2e-28   98.4  14.3   2   4    0.0014      0.28   10.4   0.5    23   128   295   406   287   435 0.73 -
ptg000072l:663502-697163     -            787 49958at33392         -            300   4.2e-28   98.4  14.3   3   4   1.1e-12   2.1e-10   40.3   1.3    33   127   458   556   434   563 0.85 -
ptg000072l:663502-697163     -            787 49958at33392         -            300   4.2e-28   98.4  14.3   4   4     9e-07   0.00018   20.8   0.2    23   119   531   631   528   668 0.81 -
ptg000250l:1861398-1892629   -            787 49958at33392         -            300   4.3e-28   98.4  12.9   1   4   1.1e-14   2.2e-12   46.8   0.1    17   123   101   212    89   222 0.81 -
ptg000250l:1861398-1892629   -            787 49958at33392         -            300   4.3e-28   98.4  12.9   2   4     0.002      0.39    9.9   0.2    24   128   296   406   287   435 0.70 -
ptg000250l:1861398-1892629   -            787 49958at33392         -            300   4.3e-28   98.4  12.9   3   4   1.2e-12   2.3e-10   40.2   1.0    34   128   459   557   452   565 0.86 -
ptg000250l:1861398-1892629   -            787 49958at33392         -            300   4.3e-28   98.4  12.9   4   4   8.5e-07   0.00017   20.9   0.2    23   120   531   632   528   670 0.81 -
ptg000026l:638777-640713     -            338 49958at33392         -            300   1.3e-27   96.8  11.2   1   5     3e-16   5.9e-14   52.0   2.6    38   155     1   132     1   134 0.84 -
ptg000026l:638777-640713     -            338 49958at33392         -            300   1.3e-27   96.8  11.2   2   5     3e-11   5.8e-09   35.6   0.6    41   113    94   174    92   182 0.77 -
ptg000026l:638777-640713     -            338 49958at33392         -            300   1.3e-27   96.8  11.2   3   5     0.018       3.5    6.7   0.0    44    80   188   226   184   235 0.84 -
ptg000026l:638777-640713     -            338 49958at33392         -            300   1.3e-27   96.8  11.2   4   5    0.0081       1.6    7.9   0.0    78   114   244   281   227   289 0.71 -
ptg000026l:638777-640713     -            338 49958at33392         -            300   1.3e-27   96.8  11.2   5   5   0.00015      0.03   13.5   0.0    43    79   297   335   291   337 0.82 -
ptg000122l:27110314-27116978 -            497 49958at33392         -            300   1.3e-26   93.5   0.5   1   2   4.2e-11   8.2e-09   35.1   0.1    18   164   224   336   219   342 0.50 -
ptg000122l:27110314-27116978 -            497 49958at33392         -            300   1.3e-26   93.5   0.5   2   2   1.2e-17   2.4e-15   56.6   0.0    25   154   358   494   352   497 0.87 -
ptg000062l:10796551-10808865 -            176 49958at33392         -            300   4.2e-26   91.8   0.4   1   3   4.7e-07   9.2e-05   21.8   0.0    82   121     3    42     1    43 0.94 -
ptg000062l:10796551-10808865 -            176 49958at33392         -            300   4.2e-26   91.8   0.4   2   3   2.2e-13   4.3e-11   42.6   0.2    51   123    42   128    39   133 0.80 -
ptg000062l:10796551-10808865 -            176 49958at33392         -            300   4.2e-26   91.8   0.4   3   3   2.4e-08   4.7e-06   26.0   0.0    83   128   130   175   128   176 0.95 -
ptg000314l:1168299-1170253   -            336 49958at33392         -            300   3.4e-25   88.9  13.2   1   4   1.4e-11   2.8e-09   36.6   0.4    38   120     1    92     1    94 0.84 -
ptg000314l:1168299-1170253   -            336 49958at33392         -            300   3.4e-25   88.9  13.2   2   4   4.7e-11   9.2e-09   34.9   2.0    41   115    94   176    92   224 0.78 -
ptg000314l:1168299-1170253   -            336 49958at33392         -            300   3.4e-25   88.9  13.2   3   4     0.006       1.2    8.3   0.1    68   113   235   278   192   286 0.74 -
ptg000314l:1168299-1170253   -            336 49958at33392         -            300   3.4e-25   88.9  13.2   4   4   0.00013     0.026   13.7   0.0    43    79   295   333   289   335 0.83 -
ptg000295l:115334-115933     -            200 49958at33392         -            300   2.4e-24   86.1   0.9   1   3   1.5e-11     3e-09   36.5   0.0    50   123     1    79     1    82 0.91 -
ptg000295l:115334-115933     -            200 49958at33392         -            300   2.4e-24   86.1   0.9   2   3   1.2e-14   2.5e-12   46.6   0.1    81   166    79   167    76   175 0.86 -
ptg000295l:115334-115933     -            200 49958at33392         -            300   2.4e-24   86.1   0.9   3   3      0.44        88    2.2   0.0    92   117   174   199   166   200 0.83 -
ptg000234l:887257-890180     -            321 49958at33392         -            300   3.7e-22   78.9   9.5   1   5      0.16        32    3.6   0.0    79   119     6    47     4    54 0.86 -
ptg000234l:887257-890180     -            321 49958at33392         -            300   3.7e-22   78.9   9.5   2   5   2.8e-06   0.00055   19.2   0.1    81   123    56    98    52   105 0.91 -
ptg000234l:887257-890180     -            321 49958at33392         -            300   3.7e-22   78.9   9.5   3   5     3e-06   0.00059   19.1   0.2    83   137   100   158    96   162 0.72 -
ptg000234l:887257-890180     -            321 49958at33392         -            300   3.7e-22   78.9   9.5   4   5   1.6e-10   3.1e-08   33.2   0.1    24   130   165   274   161   286 0.84 -
ptg000234l:887257-890180     -            321 49958at33392         -            300   3.7e-22   78.9   9.5   5   5     0.018       3.6    6.7   0.1    92   118   291   317   282   320 0.89 -
ptg000062l:43949896-44114443 -            786 49958at33392         -            300   5.5e-22   78.3   0.0   1   2    0.0014      0.28   10.3   0.0    24    78    23    77     6    78 0.92 -
ptg000062l:43949896-44114443 -            786 49958at33392         -            300   5.5e-22   78.3   0.0   2   2   2.4e-21   4.8e-19   68.7   0.0    26   188    67   231    60   239 0.81 -
ptg000025l:10283065-10284054 -            330 49958at33392         -            300   3.7e-21   75.6   2.2   1   4   1.1e-05    0.0021   17.3   0.0    83   116     3    36     1    45 0.87 -
ptg000025l:10283065-10284054 -            330 49958at33392         -            300   3.7e-21   75.6   2.2   2   4   9.1e-11   1.8e-08   34.0   0.0    49   134    52   142    46   174 0.84 -
ptg000025l:10283065-10284054 -            330 49958at33392         -            300   3.7e-21   75.6   2.2   3   4   0.00031      0.06   12.5   0.1    98   173   188   267   178   276 0.82 -
ptg000025l:10283065-10284054 -            330 49958at33392         -            300   3.7e-21   75.6   2.2   4   4    0.0056       1.1    8.4   0.0    23    78   276   330   267   330 0.76 -
ptg000062l:12312921-12314967 -            292 49958at33392         -            300   8.1e-21   74.5   2.8   1   4   6.5e-12   1.3e-09   37.7   0.0    40   121     2    86     1    90 0.80 -
ptg000062l:12312921-12314967 -            292 49958at33392         -            300   8.1e-21   74.5   2.8   2   4   3.9e-07   7.7e-05   22.0   0.0    83   118    90   125    86   138 0.91 -
ptg000062l:12312921-12314967 -            292 49958at33392         -            300   8.1e-21   74.5   2.8   3   4   0.00087      0.17   11.0   0.0    98   159   147   209   132   223 0.86 -
ptg000062l:12312921-12314967 -            292 49958at33392         -            300   8.1e-21   74.5   2.8   4   4      0.51     1e+02    2.0   0.2    97   146   230   283   214   290 0.67 -
ptg000165l:6621938-6623854   -            639 49958at33392         -            300   8.2e-21   74.5   3.1   1   3   2.9e-14   5.8e-12   45.4   0.2    40   160    17   143    11   151 0.89 -
ptg000165l:6621938-6623854   -            639 49958at33392         -            300   8.2e-21   74.5   3.1   2   3     7e-05     0.014   14.6   0.0    83   132   105   154    99   171 0.86 -
ptg000165l:6621938-6623854   -            639 49958at33392         -            300   8.2e-21   74.5   3.1   3   3   6.2e-09   1.2e-06   27.9   0.2    51   171   161   287   150   383 0.81 -
ptg000024l:27861126-27886824 -            495 49958at33392         -            300   1.1e-20   74.1   0.0   1   3     0.015       2.9    7.0   0.0    48   100   200   257   177   267 0.79 -
ptg000024l:27861126-27886824 -            495 49958at33392         -            300   1.1e-20   74.1   0.0   2   3   2.3e-15   4.5e-13   49.1   0.0     3   162   246   415   245   418 0.84 -
ptg000024l:27861126-27886824 -            495 49958at33392         -            300   1.1e-20   74.1   0.0   3   3   4.2e-09   8.2e-07   28.5   0.3    50   153   379   491   379   493 0.64 -
ptg000232l:5962649-5964866   -            317 49958at33392         -            300   2.3e-19   69.7   0.0   1   3   1.6e-06   0.00032   20.0   0.3    76   135    11    70     6   105 0.69 -
ptg000232l:5962649-5964866   -            317 49958at33392         -            300   2.3e-19   69.7   0.0   2   3   1.8e-07   3.5e-05   23.1   0.0    82   192   103   214    75   227 0.75 -
ptg000232l:5962649-5964866   -            317 49958at33392         -            300   2.3e-19   69.7   0.0   3   3   1.4e-07   2.7e-05   23.5   0.0    93   151   247   309   230   315 0.82 -
ptg000021l:5600304-5747647   -            921 49958at33392         -            300   2.9e-19   69.4   0.1   1   4    0.0082       1.6    7.8   0.0    49   120    88   173    72   213 0.67 -
ptg000021l:5600304-5747647   -            921 49958at33392         -            300   2.9e-19   69.4   0.1   2   4   3.3e-09   6.5e-07   28.9   0.1    39   160   327   457   285   464 0.54 -
ptg000021l:5600304-5747647   -            921 49958at33392         -            300   2.9e-19   69.4   0.1   3   4   3.9e-07   7.7e-05   22.0   0.0    56   165   472   592   464   599 0.83 -
ptg000021l:5600304-5747647   -            921 49958at33392         -            300   2.9e-19   69.4   0.1   4   4      0.22        44    3.1   0.0    91   142   619   669   597   675 0.80 -
ptg000270l:1108589-1115012   -            576 49958at33392         -            300   5.6e-19   68.4   4.4   1   3   1.9e-09   3.7e-07   29.6   0.0    48   126   282   367   275   382 0.82 -
ptg000270l:1108589-1115012   -            576 49958at33392         -            300   5.6e-19   68.4   4.4   2   3   1.7e-05    0.0034   16.6   0.2   101   156   386   444   372   461 0.71 -
ptg000270l:1108589-1115012   -            576 49958at33392         -            300   5.6e-19   68.4   4.4   3   3   1.7e-07   3.3e-05   23.3   0.3    39   129   448   546   441   572 0.76 -
ptg000083l:5654212-5657144   -            501 49958at33392         -            300   6.5e-18   65.0   2.0   1   3   3.3e-05    0.0064   15.7   0.0    81   130   198   247   186   253 0.83 -
ptg000083l:5654212-5657144   -            501 49958at33392         -            300   6.5e-18   65.0   2.0   2   3   7.5e-13   1.5e-10   40.8   0.3    51   166   255   379   250   392 0.88 -
ptg000083l:5654212-5657144   -            501 49958at33392         -            300   6.5e-18   65.0   2.0   3   3     0.038       7.5    5.7   0.0    32    79   453   500   438   501 0.63 -
ptg000985l:208800-278179     -            182 49958at33392         -            300   9.3e-18   64.5   1.6   1   3   8.8e-11   1.7e-08   34.0   0.1    68   146     2    88     1    91 0.78 -
ptg000985l:208800-278179     -            182 49958at33392         -            300   9.3e-18   64.5   1.6   2   3     0.014       2.9    7.0   0.0   268   295    72    99    66   103 0.87 -
ptg000985l:208800-278179     -            182 49958at33392         -            300   9.3e-18   64.5   1.6   3   3     1e-08     2e-06   27.3   0.1    54   129    93   176    91   181 0.77 -
ptg000004l:6928355-6962062   -            549 49958at33392         -            300   1.1e-17   64.3   0.3   1   2   1.8e-09   3.5e-07   29.7   0.1    44   125   242   334   237   357 0.80 -
ptg000004l:6928355-6962062   -            549 49958at33392         -            300   1.1e-17   64.3   0.3   2   2   1.2e-09   2.4e-07   30.3   0.0    24    81   481   539   476   544 0.91 -
ptg000234l:878175-880795     -            420 49958at33392         -            300   4.8e-16   58.8   3.9   1   4   1.9e-05    0.0037   16.5   0.0    84   119   168   204   163   222 0.83 -
ptg000234l:878175-880795     -            420 49958at33392         -            300   4.8e-16   58.8   3.9   2   4     0.039       7.6    5.6   0.0    80   140   214   281   205   283 0.67 -
ptg000234l:878175-880795     -            420 49958at33392         -            300   4.8e-16   58.8   3.9   3   4   1.3e-09   2.6e-07   30.1   0.7    27   119   241   344   223   354 0.54 -
ptg000234l:878175-880795     -            420 49958at33392         -            300   4.8e-16   58.8   3.9   4   4    0.0026      0.51    9.5   0.0    85   119   366   401   362   412 0.82 -
ptg000082l:9433196-9442375   -            767 49958at33392         -            300   2.3e-14   53.3  14.9   1   6   0.00019     0.037   13.2   0.1    82   122    49    94    22   104 0.83 -
ptg000082l:9433196-9442375   -            767 49958at33392         -            300   2.3e-14   53.3  14.9   2   6      0.26        52    2.9   0.1    78   118   195   237   166   252 0.59 -
ptg000082l:9433196-9442375   -            767 49958at33392         -            300   2.3e-14   53.3  14.9   3   6   1.2e-05    0.0023   17.2   1.3    80   119   257   295   197   309 0.88 -
ptg000082l:9433196-9442375   -            767 49958at33392         -            300   2.3e-14   53.3  14.9   4   6    0.0016      0.31   10.2   0.0    77   113   347   383   341   394 0.90 -
ptg000082l:9433196-9442375   -            767 49958at33392         -            300   2.3e-14   53.3  14.9   5   6    0.0017      0.34   10.1   0.2    77   159   513   603   504   616 0.61 -
ptg000082l:9433196-9442375   -            767 49958at33392         -            300   2.3e-14   53.3  14.9   6   6    0.0024      0.48    9.6   1.9    30   116   550   648   542   655 0.75 -
ptg000034l:6757057-6758510   -            342 49958at33392         -            300   3.3e-14   52.8   6.2   1   4   2.3e-06   0.00046   19.5   0.0    24   119    13   114     8   136 0.84 -
ptg000034l:6757057-6758510   -            342 49958at33392         -            300   3.3e-14   52.8   6.2   2   4      0.34        67    2.5   0.5    91   119   197   225   168   231 0.78 -
ptg000034l:6757057-6758510   -            342 49958at33392         -            300   3.3e-14   52.8   6.2   3   4   7.7e-06    0.0015   17.8   0.3    77   137   233   293   223   294 0.87 -
ptg000034l:6757057-6758510   -            342 49958at33392         -            300   3.3e-14   52.8   6.2   4   4   3.6e-09   7.1e-07   28.7   1.0    48   134   241   333   238   338 0.84 -
ptg000016l:3352281-3366932   -           1210 49958at33392         -            300   3.3e-14   52.8   0.1   1   2   1.7e-07   3.3e-05   23.3   0.1    47   159    75   203    67   216 0.76 -
ptg000016l:3352281-3366932   -           1210 49958at33392         -            300   3.3e-14   52.8   0.1   2   2   2.9e-08   5.7e-06   25.7   0.0    20   150   824   972   811   998 0.71 -
ptg000097l:4384630-4404514   -            462 49958at33392         -            300   4.2e-14   52.5   0.3   1   3   4.3e-12   8.6e-10   38.3   0.0    59   139    17   104    11   172 0.80 -
ptg000097l:4384630-4404514   -            462 49958at33392         -            300   4.2e-14   52.5   0.3   2   3      0.27        54    2.8   0.0   134   191   142   199    98   221 0.65 -
ptg000097l:4384630-4404514   -            462 49958at33392         -            300   4.2e-14   52.5   0.3   3   3    0.0021      0.42    9.8   0.1   131   194   186   255   149   311 0.55 -
ptg000355l:235042-253532     -           1244 49958at33392         -            300   6.1e-14   51.9   0.1   1   2   1.6e-07   3.1e-05   23.3   0.1    47   159    75   203    67   217 0.76 -
ptg000355l:235042-253532     -           1244 49958at33392         -            300   6.1e-14   51.9   0.1   2   2   4.2e-08   8.3e-06   25.2   0.0    20   150   859  1007   846  1027 0.74 -
ptg000328l:2596100-2608001   -            790 49958at33392         -            300   1.4e-13   50.8   0.8   1   2   3.5e-14     7e-12   45.2   0.3    18   162    67   226    55   240 0.77 -
ptg000328l:2596100-2608001   -            790 49958at33392         -            300   1.4e-13   50.8   0.8   2   2      0.15        29    3.7   0.0    95   141   242   295   233   318 0.71 -
ptg000635l:344894-361938     -            792 49958at33392         -            300   1.7e-13   50.4   0.8   1   2   3.8e-14   7.5e-12   45.1   0.3    18   162    67   226    55   237 0.77 -
ptg000635l:344894-361938     -            792 49958at33392         -            300   1.7e-13   50.4   0.8   2   2      0.19        37    3.4   0.0    95   140   242   294   233   315 0.73 -
ptg000062l:60133976-60154461 -            419 49958at33392         -            300   3.1e-13   49.6  15.3   1   3   0.00071      0.14   11.3   4.3    24   115   120   222   108   227 0.73 -
ptg000062l:60133976-60154461 -            419 49958at33392         -            300   3.1e-13   49.6  15.3   2   3   1.2e-07   2.5e-05   23.7   0.2    82   158   253   330   245   340 0.84 -
ptg000062l:60133976-60154461 -            419 49958at33392         -            300   3.1e-13   49.6  15.3   3   3   4.1e-06    0.0008   18.7   0.2    83   155   339   415   335   419 0.60 -
ptg000062l:6182778-6184080   -            374 49958at33392         -            300   5.1e-13   48.9   2.3   1   3   3.5e-11   6.9e-09   35.3   0.6    18   123    66   176    46   245 0.73 -
ptg000062l:6182778-6184080   -            374 49958at33392         -            300   5.1e-13   48.9   2.3   2   3      0.29        58    2.7   0.1    53   120   224   294   194   332 0.74 -
ptg000062l:6182778-6184080   -            374 49958at33392         -            300   5.1e-13   48.9   2.3   3   3   0.00043     0.085   12.0   0.0    20   116   273   372   264   374 0.70 -
ptg000062l:29760089-29765008 -            430 49958at33392         -            300   1.3e-12   47.6   0.0   1   3     0.032       6.4    5.9   0.0    87   119   110   142   101   151 0.59 -
ptg000062l:29760089-29765008 -            430 49958at33392         -            300   1.3e-12   47.6   0.0   2   3   5.7e-06    0.0011   18.2   0.0    82   160   167   249   163   253 0.90 -
ptg000062l:29760089-29765008 -            430 49958at33392         -            300   1.3e-12   47.6   0.0   3   3   3.2e-06   0.00063   19.0   0.0    49   126   259   343   255   369 0.66 -
ptg000058l:657538-657864     -            109 49958at33392         -            300   1.7e-12   47.2   0.0   1   2    0.0042      0.84    8.8   0.0   109   144     2    40     1    41 0.56 -
ptg000058l:657538-657864     -            109 49958at33392         -            300   1.7e-12   47.2   0.0   2   2   5.6e-13   1.1e-10   41.2   0.0    23    86    37   100    32   109 0.89 -
ptg000044l:1353461-1366873   -            484 49958at33392         -            300   2.1e-12   46.9   2.2   1   3   1.8e-07   3.5e-05   23.1   0.0    23    80   167   224   146   237 0.88 -
ptg000044l:1353461-1366873   -            484 49958at33392         -            300   2.1e-12   46.9   2.2   2   3   0.00028     0.055   12.7   0.0    84   166   272   355   240   361 0.76 -
ptg000044l:1353461-1366873   -            484 49958at33392         -            300   2.1e-12   46.9   2.2   3   3    0.0017      0.34   10.1   0.3    82   161   355   435   351   443 0.74 -
ptg000465l:244226-251306     -            889 49958at33392         -            300   3.5e-12   46.1   1.9   1   4   4.5e-06   0.00088   18.6   0.1    21   153   155   297   151   304 0.84 -
ptg000465l:244226-251306     -            889 49958at33392         -            300   3.5e-12   46.1   1.9   2   4   0.00017     0.033   13.4   0.0    31   164   207   355   196   362 0.71 -
ptg000465l:244226-251306     -            889 49958at33392         -            300   3.5e-12   46.1   1.9   3   4      0.17        33    3.6   0.0   125   173   481   529   429   538 0.83 -
ptg000465l:244226-251306     -            889 49958at33392         -            300   3.5e-12   46.1   1.9   4   4   1.2e-06   0.00023   20.5   0.1    53   148   528   630   499   648 0.73 -
ptg000158l:11559299-11561431 -            325 49958at33392         -            300   4.3e-12   45.9   0.3   1   3   9.5e-07   0.00019   20.8   0.1    47   125     5    88     4   133 0.74 -
ptg000158l:11559299-11561431 -            325 49958at33392         -            300   4.3e-12   45.9   0.3   2   3   6.8e-06    0.0013   18.0   0.1    55   127   150   227   145   282 0.62 -
ptg000158l:11559299-11561431 -            325 49958at33392         -            300   4.3e-12   45.9   0.3   3   3      0.19        38    3.4   0.0    37    75   271   309   254   315 0.79 -
ptg000024l:28174302-28194330 -            445 49958at33392         -            300   4.8e-12   45.7   0.6   1   3   7.1e-08   1.4e-05   24.5   0.0    84   274    62   247    59   269 0.71 -
ptg000024l:28174302-28194330 -            445 49958at33392         -            300   4.8e-12   45.7   0.6   2   3      0.12        24    4.0   0.0   122   154   277   309   242   318 0.53 -
ptg000024l:28174302-28194330 -            445 49958at33392         -            300   4.8e-12   45.7   0.6   3   3    0.0021      0.42    9.8   0.1    50    81   324   355   316   360 0.87 -
ptg000054l:968792-985771     -            821 49958at33392         -            300   4.9e-12   45.7   0.2   1   3     0.041       8.1    5.5   0.0    40    82   395   439   378   455 0.83 -
ptg000054l:968792-985771     -            821 49958at33392         -            300   4.9e-12   45.7   0.2   2   3     1e-10     2e-08   33.8   0.0    76   162   492   580   461   608 0.86 -
ptg000054l:968792-985771     -            821 49958at33392         -            300   4.9e-12   45.7   0.2   3   3       0.4        78    2.3   0.0    58    81   692   715   651   724 0.72 -
ptg000174l:3845990-3871090   -            693 49958at33392         -            300     1e-11   44.6   1.2   1   3   0.00064      0.13   11.5   0.0    69   120   355   405   339   413 0.85 -
ptg000174l:3845990-3871090   -            693 49958at33392         -            300     1e-11   44.6   1.2   2   3   4.1e-05     0.008   15.4   0.0    83   163   478   563   474   574 0.79 -
ptg000174l:3845990-3871090   -            693 49958at33392         -            300     1e-11   44.6   1.2   3   3    0.0001      0.02   14.1   0.1    26   109   594   686   581   693 0.65 -
ptg000493l:829720-870027     -           1204 49958at33392         -            300   5.2e-11   42.3   0.3   1   2   3.8e-07   7.6e-05   22.1   0.1    44   131   111   207    86   219 0.77 -
ptg000493l:829720-870027     -           1204 49958at33392         -            300   5.2e-11   42.3   0.3   2   2   4.4e-06   0.00087   18.6   0.1    56   148   213   324   206   343 0.72 -
ptg000075l:1307670-1353097   -           1211 49958at33392         -            300   5.3e-11   42.3   0.3   1   2   3.9e-07   7.6e-05   22.1   0.1    44   131   111   207    86   219 0.77 -
ptg000075l:1307670-1353097   -           1211 49958at33392         -            300   5.3e-11   42.3   0.3   2   2   4.4e-06   0.00088   18.6   0.1    56   148   213   324   206   343 0.72 -
ptg000026l:1960577-1972463   -            487 49958at33392         -            300   6.5e-11   42.0   3.2   1   4   2.3e-11   4.5e-09   35.9   0.7    18   118    53   159    49   174 0.85 -
ptg000026l:1960577-1972463   -            487 49958at33392         -            300   6.5e-11   42.0   3.2   2   4      0.75   1.5e+02    1.4   0.0   272   294   181   203   170   209 0.83 -
ptg000026l:1960577-1972463   -            487 49958at33392         -            300   6.5e-11   42.0   3.2   3   4      0.76   1.5e+02    1.4   0.0   174   192   399   417   369   433 0.70 -
ptg000026l:1960577-1972463   -            487 49958at33392         -            300   6.5e-11   42.0   3.2   4   4       4.5   8.9e+02   -1.2   0.0    44    73   448   478   443   484 0.64 -
ptg000302l:167032-176310     -            487 49958at33392         -            300   6.5e-11   42.0   3.2   1   4   2.3e-11   4.5e-09   35.9   0.7    18   118    53   159    49   174 0.85 -
ptg000302l:167032-176310     -            487 49958at33392         -            300   6.5e-11   42.0   3.2   2   4      0.75   1.5e+02    1.4   0.0   272   294   181   203   170   209 0.83 -
ptg000302l:167032-176310     -            487 49958at33392         -            300   6.5e-11   42.0   3.2   3   4      0.76   1.5e+02    1.4   0.0   174   192   399   417   369   433 0.70 -
ptg000302l:167032-176310     -            487 49958at33392         -            300   6.5e-11   42.0   3.2   4   4       4.5   8.9e+02   -1.2   0.0    44    73   448   478   443   484 0.64 -
ptg000096l:2923997-2930953   -            888 49958at33392         -            300   8.5e-11   41.6   0.4   1   5     0.092        18    4.4   0.1   100   134   155   189   107   200 0.82 -
ptg000096l:2923997-2930953   -            888 49958at33392         -            300   8.5e-11   41.6   0.4   2   5   1.6e-05    0.0031   16.8   0.1    21   153   155   297   148   306 0.84 -
ptg000096l:2923997-2930953   -            888 49958at33392         -            300   8.5e-11   41.6   0.4   3   5   2.2e-05    0.0043   16.3   0.0    29   164   205   354   195   361 0.77 -
ptg000096l:2923997-2930953   -            888 49958at33392         -            300   8.5e-11   41.6   0.4   4   5      0.36        70    2.5   0.0   126   170   481   525   477   532 0.82 -
ptg000096l:2923997-2930953   -            888 49958at33392         -            300   8.5e-11   41.6   0.4   5   5   6.4e-05     0.013   14.8   0.0    25   148   498   629   491   647 0.76 -
ptg000480l:74860-76218       -            453 49958at33392         -            300   9.1e-11   41.5   5.5   1   3       0.4        79    2.3   0.0    87   118   136   167   110   175 0.74 -
ptg000480l:74860-76218       -            453 49958at33392         -            300   9.1e-11   41.5   5.5   2   3   9.1e-09   1.8e-06   27.4   0.2    46   121   184   264   177   280 0.86 -
ptg000480l:74860-76218       -            453 49958at33392         -            300   9.1e-11   41.5   5.5   3   3   0.00026     0.052   12.8   0.4    22   120   285   394   266   447 0.62 -
ptg000367l:2983294-2984652   -            453 49958at33392         -            300   9.8e-11   41.4   5.6   1   3      0.45        88    2.1   0.0    87   118   136   167   110   175 0.75 -
ptg000367l:2983294-2984652   -            453 49958at33392         -            300   9.8e-11   41.4   5.6   2   3   8.3e-09   1.6e-06   27.5   0.2    46   121   184   264   177   280 0.86 -
ptg000367l:2983294-2984652   -            453 49958at33392         -            300   9.8e-11   41.4   5.6   3   3   0.00026     0.052   12.8   0.4    22   120   285   394   266   447 0.62 -
ptg000265l:15167771-15170113 -            504 49958at33392         -            300   1.9e-10   40.4   0.0   1   2   2.9e-07   5.7e-05   22.5   0.0    44   166    31   161    23   169 0.75 -
ptg000265l:15167771-15170113 -            504 49958at33392         -            300   1.9e-10   40.4   0.0   2   2   4.3e-05    0.0084   15.3   0.0    24   124   180   284   171   333 0.81 -
ptg000483l:907369-927758     -           1189 49958at33392         -            300     7e-10   38.6   1.3   1   2   9.9e-11     2e-08   33.8   0.3    59   159    26   132     8   141 0.73 -
ptg000483l:907369-927758     -           1189 49958at33392         -            300     7e-10   38.6   1.3   2   2      0.22        43    3.2   0.1    48    98   133   190   123   258 0.71 -
ptg000206l:144675-164266     -           1188 49958at33392         -            300     1e-09   38.0   1.2   1   2   1.8e-10   3.5e-08   33.0   0.3    59   159    26   132     8   141 0.71 -
ptg000206l:144675-164266     -           1188 49958at33392         -            300     1e-09   38.0   1.2   2   2      0.22        44    3.1   0.1    48    98   133   190   125   258 0.71 -
ptg000062l:61445129-61585712 -            759 49958at33392         -            300   3.6e-09   36.2   1.6   1   4       2.6   5.2e+02   -0.4   0.1    94   119    20    44    12    92 0.75 -
ptg000062l:61445129-61585712 -            759 49958at33392         -            300   3.6e-09   36.2   1.6   2   4   2.3e-05    0.0045   16.2   0.0    45   105    99   163    77   172 0.85 -
ptg000062l:61445129-61585712 -            759 49958at33392         -            300   3.6e-09   36.2   1.6   3   4   4.9e-05    0.0096   15.1   0.0    87   157   186   257   177   268 0.83 -
ptg000062l:61445129-61585712 -            759 49958at33392         -            300   3.6e-09   36.2   1.6   4   4         1     2e+02    1.0   0.0    50   107   227   287   227   300 0.60 -
ptg000049l:6083318-6083923   -            202 49958at33392         -            300   7.8e-09   35.1   3.4   1   2     0.002       0.4    9.8   0.4    86   170     1    88     1    92 0.79 -
ptg000049l:6083318-6083923   -            202 49958at33392         -            300   7.8e-09   35.1   3.4   2   2   1.1e-09   2.2e-07   30.4   0.6    16   154    51   202    44   202 0.82 -
ptg000528l:2084538-2099073   -            406 49958at33392         -            300   8.5e-09   35.0   4.3   1   3   9.9e-07    0.0002   20.7   0.1    84   118   202   236   196   244 0.92 -
ptg000528l:2084538-2099073   -            406 49958at33392         -            300   8.5e-09   35.0   4.3   2   3   0.00029     0.057   12.6   0.0    84   121   245   282   238   286 0.92 -
ptg000528l:2084538-2099073   -            406 49958at33392         -            300   8.5e-09   35.0   4.3   3   3       1.1   2.1e+02    0.9   0.0   125   157   371   403   355   405 0.69 -
ptg000122l:13186778-13204717 -            754 49958at33392         -            300     1e-07   31.5   7.2   1   3    0.0013      0.27   10.4   0.1    79   135     4    62     2    70 0.79 -
ptg000122l:13186778-13204717 -            754 49958at33392         -            300     1e-07   31.5   7.2   2   3   5.8e-05     0.011   14.9   0.1    66   162    74   178    68   182 0.81 -
ptg000122l:13186778-13204717 -            754 49958at33392         -            300     1e-07   31.5   7.2   3   3    0.0045      0.89    8.7   0.0    60   161   193   300   177   312 0.74 -
ptg000281l:4092285-4094572   -            331 49958at33392         -            300   4.2e-07   29.4   0.1   1   3     0.001       0.2   10.8   0.1    53   156    17   126    12   130 0.77 -
ptg000281l:4092285-4094572   -            331 49958at33392         -            300   4.2e-07   29.4   0.1   2   3      0.84   1.6e+02    1.2   0.0     9    44   134   171   127   205 0.73 -
ptg000281l:4092285-4094572   -            331 49958at33392         -            300   4.2e-07   29.4   0.1   3   3   0.00016     0.031   13.5   0.0    23    69   249   295   235   298 0.91 -
ptg000707l:733556-735859     -            331 49958at33392         -            300   4.2e-07   29.4   0.1   1   3     0.001       0.2   10.8   0.1    53   156    17   126    12   130 0.77 -
ptg000707l:733556-735859     -            331 49958at33392         -            300   4.2e-07   29.4   0.1   2   3      0.84   1.6e+02    1.2   0.0     9    44   134   171   127   205 0.73 -
ptg000707l:733556-735859     -            331 49958at33392         -            300   4.2e-07   29.4   0.1   3   3   0.00016     0.031   13.5   0.0    23    69   249   295   235   298 0.91 -
ptg000397l:1399927-1406048   -            478 49958at33392         -            300   6.6e-07   28.8   0.1   1   2   3.6e-07   7.1e-05   22.1   0.1    65   162   221   320   216   328 0.82 -
ptg000397l:1399927-1406048   -            478 49958at33392         -            300   6.6e-07   28.8   0.1   2   2     0.089        18    4.4   0.0    84   151   364   438   331   458 0.68 -
ptg000061l:16482016-16485883 -            644 49958at33392         -            300   1.1e-06   28.1   0.1   1   2   9.5e-06    0.0019   17.5   0.0    85   140   303   360   299   376 0.86 -
ptg000061l:16482016-16485883 -            644 49958at33392         -            300   1.1e-06   28.1   0.1   2   2      0.14        28    3.8   0.0   111   164   457   512   422   521 0.70 -
ptg000283l:2621155-2623464   -            409 49958at33392         -            300   1.2e-06   27.9   1.3   1   3   3.4e-05    0.0068   15.6   0.0    59   124    95   164    87   173 0.78 -
ptg000283l:2621155-2623464   -            409 49958at33392         -            300   1.2e-06   27.9   1.3   2   3    0.0033      0.66    9.1   0.1    62   123   181   247   168   259 0.72 -
ptg000283l:2621155-2623464   -            409 49958at33392         -            300   1.2e-06   27.9   1.3   3   3       1.6   3.3e+02    0.3   0.0    49   118   336   368   300   383 0.66 -
ptg000553l:1402168-1402497   -            110 49958at33392         -            300   1.3e-06   27.9   0.0   1   1   2.2e-08   4.3e-06   26.2   0.0    25   118     5   110     2   110 0.77 -
ptg000610l:426391-426720     -            110 49958at33392         -            300   1.3e-06   27.9   0.0   1   1   2.2e-08   4.3e-06   26.2   0.0    25   118     5   110     2   110 0.77 -
ptg000061l:7183468-7185007   -            410 49958at33392         -            300   1.9e-06   27.3   0.1   1   2   2.5e-05    0.0049   16.1   0.0    30    81   101   152    92   172 0.87 -
ptg000061l:7183468-7185007   -            410 49958at33392         -            300   1.9e-06   27.3   0.1   2   2    0.0052         1    8.5   0.0    84   126   271   313   264   329 0.87 -
ptg000741l:443234-447078     -            374 49958at33392         -            300   3.3e-06   26.5   1.8   1   4    0.0052         1    8.5   0.1    78   116    44    82    27    89 0.93 -
ptg000741l:443234-447078     -            374 49958at33392         -            300   3.3e-06   26.5   1.8   2   4    0.0016      0.31   10.2   0.1    48   114    96   171    88   181 0.78 -
ptg000741l:443234-447078     -            374 49958at33392         -            300   3.3e-06   26.5   1.8   3   4       0.5        98    2.0   0.0   128   165   209   246   200   257 0.85 -
ptg000741l:443234-447078     -            374 49958at33392         -            300   3.3e-06   26.5   1.8   4   4       1.4   2.8e+02    0.5   0.0    22    40   345   363   327   369 0.66 -
ptg000170l:11065277-11104683 -           1209 49958at33392         -            300   3.3e-06   26.5   1.3   1   3       3.3   6.4e+02   -0.7   0.0   102   149   401   450   391   467 0.72 -
ptg000170l:11065277-11104683 -           1209 49958at33392         -            300   3.3e-06   26.5   1.3   2   3   1.1e-06   0.00022   20.5   0.1    52   152   470   577   451   591 0.75 -
ptg000170l:11065277-11104683 -           1209 49958at33392         -            300   3.3e-06   26.5   1.3   3   3      0.41        82    2.3   0.0    91   120   642   672   634   682 0.82 -
ptg000080l:26771020-26771292 -             91 49958at33392         -            300   4.4e-06   26.1   0.7   1   1   3.4e-08   6.8e-06   25.5   0.7    49   125     3    84     1    90 0.84 -
ptg000080l:25300303-25307031 -           1143 49958at33392         -            300   4.9e-06   26.0   0.1   1   1   8.5e-08   1.7e-05   24.2   0.1    40   172    53   194    31   197 0.84 -
ptg000236l:6203218-6204000   -            261 49958at33392         -            300   5.5e-06   25.8   0.1   1   2      0.15        29    3.7   0.0   270   296    39    65    31    69 0.90 -
ptg000236l:6203218-6204000   -            261 49958at33392         -            300   5.5e-06   25.8   0.1   2   2   1.6e-06   0.00032   20.0   0.0    22   165    90   244    67   249 0.77 -
ptg000098l:4338511-4342203   -            386 49958at33392         -            300   6.5e-06   25.6   0.0   1   2   1.2e-07   2.4e-05   23.7   0.0    56   120   134   203   118   219 0.59 -
ptg000098l:4338511-4342203   -            386 49958at33392         -            300   6.5e-06   25.6   0.0   2   2       5.4   1.1e+03   -1.4   0.0    94   114   335   354   291   362 0.77 -
ptg000453l:8163336-8164067   -            244 49958at33392         -            300   6.6e-06   25.5   0.1   1   2      0.14        27    3.8   0.0   270   296    39    65    33    69 0.90 -
ptg000453l:8163336-8164067   -            244 49958at33392         -            300   6.6e-06   25.5   0.1   2   2   2.3e-06   0.00046   19.5   0.0    23   163    91   242    84   244 0.75 -
ptg000296l:7414251-7420370   -            351 49958at33392         -            300   9.7e-06   25.0   0.1   1   2       7.5   1.5e+03   -1.9   0.0   125   166   101   143    68   152 0.51 -
ptg000296l:7414251-7420370   -            351 49958at33392         -            300   9.7e-06   25.0   0.1   2   2   1.9e-07   3.7e-05   23.1   0.0    57   166   161   280   155   288 0.70 -
ptg000087l:176470-182588     -            351 49958at33392         -            300   9.9e-06   25.0   0.1   1   2       8.4   1.7e+03   -2.0   0.0   125   166   101   143    72   152 0.50 -
ptg000087l:176470-182588     -            351 49958at33392         -            300   9.9e-06   25.0   0.1   2   2   1.9e-07   3.7e-05   23.1   0.0    57   166   161   280   155   288 0.70 -
ptg000726l:936968-938966     -            455 49958at33392         -            300   1.6e-05   24.3   0.1   1   1   4.4e-07   8.7e-05   21.9   0.1    23   120   137   242   120   257 0.74 -
ptg000083l:3917158-3962028   -           1116 49958at33392         -            300   5.4e-05   22.5   0.3   1   1   3.5e-06   0.00068   18.9   0.2    45   161    79   204    71   212 0.76 -
ptg000061l:10281801-10331632 -            321 49958at33392         -            300   0.00014   21.2   0.0   1   3       8.2   1.6e+03   -2.0   0.0    91    91    71    71    24   143 0.55 -
ptg000061l:10281801-10331632 -            321 49958at33392         -            300   0.00014   21.2   0.0   2   3      0.65   1.3e+02    1.6   0.0   102   139   167   206   156   223 0.72 -
ptg000061l:10281801-10331632 -            321 49958at33392         -            300   0.00014   21.2   0.0   3   3   1.1e-05    0.0023   17.2   0.0    31   118   218   316   207   320 0.79 -
ptg000280l:861311-863565     -            330 49958at33392         -            300   0.00018   20.8   0.0   1   2       5.4   1.1e+03   -1.4   0.0    54    85    13    44     4    52 0.81 -
ptg000280l:861311-863565     -            330 49958at33392         -            300   0.00018   20.8   0.0   2   2   3.7e-06   0.00072   18.8   0.1    63   142   132   214   104   225 0.75 -
ptg000186l:7962878-7973868   -            430 49958at33392         -            300   0.00031   20.1   0.0   1   2   1.4e-05    0.0028   16.9   0.0    53   136   239   330   236   335 0.83 -
ptg000186l:7962878-7973868   -            430 49958at33392         -            300   0.00031   20.1   0.0   2   2       1.9   3.8e+02    0.1   0.0    23    43   340   360   336   372 0.82 -
ptg000011l:1774073-1777958   -            359 49958at33392         -            300   0.00033   20.0   2.0   1   3      0.07        14    4.8   0.0    90   120    34    67    22    74 0.78 -
ptg000011l:1774073-1777958   -            359 49958at33392         -            300   0.00033   20.0   2.0   2   3   0.00032     0.063   12.5   0.6    89   157    80   152    70   162 0.77 -
ptg000011l:1774073-1777958   -            359 49958at33392         -            300   0.00033   20.0   2.0   3   3       2.8   5.5e+02   -0.5   0.0   130   167   267   304   261   328 0.72 -
ptg000661l:89096-91346       -            330 49958at33392         -            300   0.00046   19.5   0.0   1   2       5.4   1.1e+03   -1.4   0.0    54    85    13    44     4    52 0.81 -
ptg000661l:89096-91346       -            330 49958at33392         -            300   0.00046   19.5   0.0   2   2   9.2e-06    0.0018   17.5   0.1    63   142   132   214   105   225 0.74 -
ptg000003l:3832709-3993748   -            484 49958at33392         -            300   0.00052   19.3   0.0   1   2     0.055        11    5.1   0.0   234   291   155   209   137   216 0.69 -
ptg000003l:3832709-3993748   -            484 49958at33392         -            300   0.00052   19.3   0.0   2   2   0.00046     0.091   12.0   0.0   126   222   266   364   238   373 0.71 -
ptg000275l:3791892-3792059   -             56 49958at33392         -            300   0.00054   19.3   0.0   1   1   3.1e-06    0.0006   19.1   0.0    60   109     1    55     1    56 0.76 -
ptg000193l:1337948-1338166   -             73 49958at33392         -            300     0.001   18.3   0.0   1   1   5.7e-06    0.0011   18.2   0.0    95   159     4    71     2    73 0.87 -
ptg000025l:11457917-11461702 -            612 49958at33392         -            300    0.0012   18.2   1.5   1   3     0.016       3.2    6.8   0.2    90   166    58   139    51   149 0.61 -
ptg000025l:11457917-11461702 -            612 49958at33392         -            300    0.0012   18.2   1.5   2   3       3.2   6.3e+02   -0.7   0.0   238   278   160   203   136   218 0.66 -
ptg000025l:11457917-11461702 -            612 49958at33392         -            300    0.0012   18.2   1.5   3   3    0.0041      0.82    8.8   0.0   127   163   247   283   234   297 0.81 -
ptg000219l:3223218-3264865   -           1320 49958at33392         -            300    0.0015   17.8   0.8   1   4      0.32        63    2.6   0.1   239   293    67   120    60   125 0.71 -
ptg000219l:3223218-3264865   -           1320 49958at33392         -            300    0.0015   17.8   0.8   2   4      0.36        71    2.4   0.0    24   274   107   143    82   173 0.53 -
ptg000219l:3223218-3264865   -           1320 49958at33392         -            300    0.0015   17.8   0.8   3   4    0.0038      0.76    8.9   0.0   237   300   196   260   165   260 0.83 -
ptg000219l:3223218-3264865   -           1320 49958at33392         -            300    0.0015   17.8   0.8   4   4      0.98   1.9e+02    1.0   0.0   242   287   288   334   267   348 0.74 -
ptg000548l:316292-378574     -           1320 49958at33392         -            300    0.0015   17.8   0.8   1   4      0.32        63    2.6   0.1   239   293    67   120    60   125 0.71 -
ptg000548l:316292-378574     -           1320 49958at33392         -            300    0.0015   17.8   0.8   2   4      0.36        71    2.4   0.0    24   274   107   143    82   173 0.53 -
ptg000548l:316292-378574     -           1320 49958at33392         -            300    0.0015   17.8   0.8   3   4    0.0038      0.76    8.9   0.0   237   300   196   260   165   260 0.83 -
ptg000548l:316292-378574     -           1320 49958at33392         -            300    0.0015   17.8   0.8   4   4      0.98   1.9e+02    1.0   0.0   242   287   288   334   267   348 0.74 -
ptg000281l:7722257-7724256   -            455 49958at33392         -            300    0.0024   17.1   0.1   1   2       5.8   1.1e+03   -1.5   0.0    85   121   112   147   104   151 0.71 -
ptg000281l:7722257-7724256   -            455 49958at33392         -            300    0.0024   17.1   0.1   2   2   4.2e-05    0.0083   15.4   0.1    19   121   133   243   115   322 0.77 -
ptg000020l:16985256-17039617 -           2915 49958at33392         -            300    0.0034   16.6   0.0   1   3       2.1   4.1e+02   -0.1   0.0    57    84   191   219   183   268 0.58 -
ptg000020l:16985256-17039617 -           2915 49958at33392         -            300    0.0034   16.6   0.0   2   3       2.4   4.7e+02   -0.2   0.0   241   292  2664  2716  2659  2719 0.81 -
ptg000020l:16985256-17039617 -           2915 49958at33392         -            300    0.0034   16.6   0.0   3   3   0.00088      0.17   11.0   0.1    43   159  2775  2857  2732  2905 0.57 -
ptg000398l:1092748-1199715   -           1954 49958at33392         -            300    0.0064   15.7   1.5   1   3      0.63   1.2e+02    1.7   0.1    84   118  1651  1685  1633  1689 0.89 -
ptg000398l:1092748-1199715   -           1954 49958at33392         -            300    0.0064   15.7   1.5   2   3       2.6   5.2e+02   -0.4   0.0    19    66  1713  1760  1693  1777 0.64 -
ptg000398l:1092748-1199715   -           1954 49958at33392         -            300    0.0064   15.7   1.5   3   3     0.001      0.21   10.8   0.1    56   122  1796  1866  1780  1879 0.85 -
ptg000685l:258211-358087     -           1915 49958at33392         -            300    0.0094   15.2   1.8   1   3      0.16        32    3.6   0.1    80   118  1608  1646  1576  1652 0.86 -
ptg000685l:258211-358087     -           1915 49958at33392         -            300    0.0094   15.2   1.8   2   3       2.4   4.7e+02   -0.3   0.0    19    66  1674  1721  1653  1740 0.64 -
ptg000685l:258211-358087     -           1915 49958at33392         -            300    0.0094   15.2   1.8   3   3    0.0042      0.83    8.8   0.1    59   122  1760  1827  1742  1841 0.81 -
ptg000010l:6630297-6632891   -            368 49958at33392         -            300     0.019   14.2   0.8   1   2       0.2        40    3.3   0.2    49   106    54   114    37   177 0.51 -
ptg000010l:6630297-6632891   -            368 49958at33392         -            300     0.019   14.2   0.8   2   2    0.0036       0.7    9.0   0.0    85   126   178   219   151   244 0.86 -
ptg000262l:327520-340707     -            588 49958at33392         -            300     0.023   13.9   0.1   1   2     0.028       5.5    6.1   0.0    79   158   148   235   129   254 0.63 -
ptg000262l:327520-340707     -            588 49958at33392         -            300     0.023   13.9   0.1   2   2     0.052        10    5.2   0.0    90   123   316   349   305   429 0.78 -
ptg000322l:615548-629199     -            588 49958at33392         -            300     0.023   13.9   0.1   1   2     0.028       5.5    6.1   0.0    79   158   148   235   129   254 0.63 -
ptg000322l:615548-629199     -            588 49958at33392         -            300     0.023   13.9   0.1   2   2     0.052        10    5.2   0.0    90   123   316   349   305   429 0.78 -
#
# Program:         hmmsearch
# Version:         3.2.1 (June 2018)
# Pipeline mode:   SEARCH
# Query file:      /home/tpsylvst/projects/diaprepes_assembly/busco/busco_downloads/lineages/endopterygota_odb10/hmms/49958at33392.hmm
# Target file:     /home/tpsylvst/projects/diaprepes_assembly/busco/diaprepes_busco/run_endopterygota_odb10/metaeuk_output/initial_results/diaprepes.fa.modified.fas
# Option settings: hmmsearch --domtblout /home/tpsylvst/projects/diaprepes_assembly/busco/diaprepes_busco/run_endopterygota_odb10/hmmer_output/initial_run_results/49958at33392.out --cpu 1 /home/tpsylvst/projects/diaprepes_assembly/busco/busco_downloads/lineages/endopterygota_odb10/hmms/49958at33392.hmm /home/tpsylvst/projects/diaprepes_assembly/busco/diaprepes_busco/run_endopterygota_odb10/metaeuk_output/initial_results/diaprepes.fa.modified.fas 
# Current dir:     /home/tpsylvst/projects/diaprepes_assembly/busco
# Date:            Mon Nov 28 14:23:14 2022
# [ok]
