#                                                                                    --- full sequence --- -------------- this domain -------------   hmm coord   ali coord   env coord
# target name                accession   tlen query name           accession   qlen   E-value  score  bias   #  of  c-Evalue  i-Evalue  score  bias  from    to  from    to  from    to  acc description of target
#        ------------------- ---------- ----- -------------------- ---------- ----- --------- ------ ----- --- --- --------- --------- ------ ----- ----- ----- ----- ----- ----- ----- ---- ---------------------
ptg000367l:2983294-2984652   -            453 54922at33392         -            298  3.4e-108  361.4  27.5   1   2   5.5e-22   1.2e-19   70.6  13.7     2    86    57   166    56   169 0.84 -
ptg000367l:2983294-2984652   -            453 54922at33392         -            298  3.4e-108  361.4  27.5   2   2   5.4e-88   1.2e-85  287.3   5.9    86   293   193   438   185   442 0.90 -
ptg000480l:74860-76218       -            453 54922at33392         -            298  1.2e-107  359.5  27.5   1   2   5.8e-22   1.3e-19   70.5  13.8     2    86    57   166    56   169 0.84 -
ptg000480l:74860-76218       -            453 54922at33392         -            298  1.2e-107  359.5  27.5   2   2   1.9e-87   4.2e-85  285.5   5.7    86   293   193   438   185   442 0.90 -
ptg000107l:568379-571354     -            467 54922at33392         -            298   1.5e-34  119.5   1.7   1   5    0.0024      0.55    9.4   0.0   108   143    95   130    85   135 0.89 -
ptg000107l:568379-571354     -            467 54922at33392         -            298   1.5e-34  119.5   1.7   2   5   1.9e-06   0.00043   19.6   0.0   106   162   135   192   129   217 0.75 -
ptg000107l:568379-571354     -            467 54922at33392         -            298   1.5e-34  119.5   1.7   3   5       0.1        23    4.1   0.0   241   258   203   220   196   224 0.84 -
ptg000107l:568379-571354     -            467 54922at33392         -            298   1.5e-34  119.5   1.7   4   5   1.2e-13   2.7e-11   43.2   0.1   105   256   224   385   221   387 0.76 -
ptg000107l:568379-571354     -            467 54922at33392         -            298   1.5e-34  119.5   1.7   5   5   1.2e-11   2.8e-09   36.6   0.0   101   178   387   464   385   467 0.95 -
ptg000250l:1861398-1892629   -            787 54922at33392         -            298   2.4e-30  105.8  19.9   1   7   3.8e-05    0.0086   15.3   0.1   204   280    65   153    52   160 0.71 -
ptg000250l:1861398-1892629   -            787 54922at33392         -            298   2.4e-30  105.8  19.9   2   7   5.8e-05     0.013   14.7   0.2   107   151   171   215   151   227 0.85 -
ptg000250l:1861398-1892629   -            787 54922at33392         -            298   2.4e-30  105.8  19.9   3   7       0.5   1.1e+02    1.8   0.0   208   227   246   265   239   279 0.61 -
ptg000250l:1861398-1892629   -            787 54922at33392         -            298   2.4e-30  105.8  19.9   4   7     1e-07   2.3e-05   23.8   0.3    87   221   295   432   285   436 0.76 -
ptg000250l:1861398-1892629   -            787 54922at33392         -            298   2.4e-30  105.8  19.9   5   7    0.0051       1.2    8.3   0.0   111   152   400   441   395   449 0.79 -
ptg000250l:1861398-1892629   -            787 54922at33392         -            298   2.4e-30  105.8  19.9   6   7   0.00017     0.037   13.2   0.0   103   141   466   504   451   505 0.85 -
ptg000250l:1861398-1892629   -            787 54922at33392         -            298   2.4e-30  105.8  19.9   7   7   3.6e-14   8.2e-12   44.9   0.5   100   220   504   628   503   638 0.90 -
ptg000072l:663502-697163     -            787 54922at33392         -            298   5.9e-30  104.5  20.5   1   6   3.8e-05    0.0086   15.3   0.1   204   280    65   153    52   160 0.71 -
ptg000072l:663502-697163     -            787 54922at33392         -            298   5.9e-30  104.5  20.5   2   6   0.00011     0.024   13.8   0.2   107   151   171   215   152   227 0.85 -
ptg000072l:663502-697163     -            787 54922at33392         -            298   5.9e-30  104.5  20.5   3   6      0.53   1.2e+02    1.7   0.0   208   227   246   265   240   280 0.61 -
ptg000072l:663502-697163     -            787 54922at33392         -            298   5.9e-30  104.5  20.5   4   6   6.6e-08   1.5e-05   24.4   0.4    87   220   295   431   285   435 0.77 -
ptg000072l:663502-697163     -            787 54922at33392         -            298   5.9e-30  104.5  20.5   5   6   0.00012     0.028   13.6   0.0   103   141   466   504   452   508 0.85 -
ptg000072l:663502-697163     -            787 54922at33392         -            298   5.9e-30  104.5  20.5   6   6   4.6e-14   1.1e-11   44.6   0.4   100   220   504   628   504   637 0.90 -
ptg000165l:6621938-6623854   -            639 54922at33392         -            298   3.6e-22   78.9   7.0   1   5      0.01       2.3    7.4   0.0   110   141    25    56    15    60 0.91 -
ptg000165l:6621938-6623854   -            639 54922at33392         -            298   3.6e-22   78.9   7.0   2   5   1.4e-10   3.1e-08   33.2   1.0   101   203    56   159    52   164 0.87 -
ptg000165l:6621938-6623854   -            639 54922at33392         -            298   3.6e-22   78.9   7.0   3   5     4e-07     9e-05   21.8   0.1   106   181   103   188    98   190 0.76 -
ptg000165l:6621938-6623854   -            639 54922at33392         -            298   3.6e-22   78.9   7.0   4   5     3e-10   6.8e-08   32.1   0.5   105   177   195   267   174   274 0.89 -
ptg000165l:6621938-6623854   -            639 54922at33392         -            298   3.6e-22   78.9   7.0   5   5    0.0001     0.023   13.9   0.2   106   188   238   321   233   326 0.85 -
ptg000234l:887257-890180     -            321 54922at33392         -            298   1.2e-20   74.0   2.8   1   4   3.5e-05    0.0079   15.4   0.1   100   183     2    92     1    94 0.71 -
ptg000234l:887257-890180     -            321 54922at33392         -            298   1.2e-20   74.0   2.8   2   4   1.3e-05     0.003   16.8   0.0   110   177   145   214   134   224 0.83 -
ptg000234l:887257-890180     -            321 54922at33392         -            298   1.2e-20   74.0   2.8   3   4    0.0011      0.25   10.5   0.0   104   151   225   270   221   278 0.86 -
ptg000234l:887257-890180     -            321 54922at33392         -            298   1.2e-20   74.0   2.8   4   4      0.12        28    3.8   0.0   118   142   292   316   275   321 0.58 -
ptg000024l:27861126-27886824 -            495 54922at33392         -            298   8.6e-20   71.1   0.2   1   4   0.00067      0.15   11.2   0.0    14   148   146   288   133   297 0.60 -
ptg000024l:27861126-27886824 -            495 54922at33392         -            298   8.6e-20   71.1   0.2   2   4   4.4e-05      0.01   15.1   0.0   106   183   288   367   283   375 0.90 -
ptg000024l:27861126-27886824 -            495 54922at33392         -            298   8.6e-20   71.1   0.2   3   4   6.3e-07   0.00014   21.1   0.0   106   161   373   428   367   430 0.93 -
ptg000024l:27861126-27886824 -            495 54922at33392         -            298   8.6e-20   71.1   0.2   4   4   2.4e-08   5.4e-06   25.8   0.1   106   181   415   492   411   494 0.90 -
ptg000122l:13186778-13204717 -            754 54922at33392         -            298   3.2e-19   69.2   2.8   1   3    0.0011      0.25   10.5   0.0   103   160     3    59     1    94 0.63 -
ptg000122l:13186778-13204717 -            754 54922at33392         -            298   3.2e-19   69.2   2.8   2   3   6.9e-10   1.6e-07   30.9   0.1   109   221    97   213    92   214 0.87 -
ptg000122l:13186778-13204717 -            754 54922at33392         -            298   3.2e-19   69.2   2.8   3   3   6.5e-12   1.5e-09   37.5   0.1   105   220   176   294   172   302 0.89 -
ptg000025l:10283065-10284054 -            330 54922at33392         -            298   4.2e-19   68.9   4.6   1   3   3.9e-08   8.9e-06   25.1   0.0   109   181     4    81     1    89 0.84 -
ptg000025l:10283065-10284054 -            330 54922at33392         -            298   4.2e-19   68.9   4.6   2   3   1.9e-08   4.2e-06   26.2   0.1   105   162    88   145    82   153 0.92 -
ptg000025l:10283065-10284054 -            330 54922at33392         -            298   4.2e-19   68.9   4.6   3   3    0.0098       2.2    7.4   0.1   106   219   213   330   207   330 0.72 -
ptg000026l:638777-640713     -            338 54922at33392         -            298   4.8e-19   68.7   3.3   1   4    0.0032      0.72    9.0   0.0   103   146     4    47     2    88 0.71 -
ptg000026l:638777-640713     -            338 54922at33392         -            298   4.8e-19   68.7   3.3   2   4   3.1e-07   6.9e-05   22.2   0.0   102   144    93   135    89   142 0.90 -
ptg000026l:638777-640713     -            338 54922at33392         -            298   4.8e-19   68.7   3.3   3   4   8.5e-08   1.9e-05   24.0   0.2   104   182   140   225   133   288 0.81 -
ptg000026l:638777-640713     -            338 54922at33392         -            298   4.8e-19   68.7   3.3   4   4    0.0094       2.1    7.5   0.0   110   142   303   336   289   338 0.71 -
ptg000083l:5654212-5657144   -            501 54922at33392         -            298   1.8e-18   66.8   2.6   1   4   8.2e-06    0.0019   17.5   0.0    55   142   203   284   187   290 0.85 -
ptg000083l:5654212-5657144   -            501 54922at33392         -            298   1.8e-18   66.8   2.6   2   4   0.00032     0.073   12.3   0.1   110   143   295   328   284   330 0.86 -
ptg000083l:5654212-5657144   -            501 54922at33392         -            298   1.8e-18   66.8   2.6   3   4   7.8e-09   1.8e-06   27.4   0.1   104   144   331   371   328   382 0.91 -
ptg000083l:5654212-5657144   -            501 54922at33392         -            298   1.8e-18   66.8   2.6   4   4     0.015       3.4    6.8   0.0   108   141   467   500   444   501 0.65 -
ptg000050l:3603959-3604570   -            204 54922at33392         -            298   2.2e-18   66.5   1.1   1   3   3.3e-08   7.6e-06   25.3   0.1   111   183     4    77     1    79 0.82 -
ptg000050l:3603959-3604570   -            204 54922at33392         -            298   2.2e-18   66.5   1.1   2   3   4.1e-06   0.00092   18.5   0.0   104   148    81   125    78   129 0.88 -
ptg000050l:3603959-3604570   -            204 54922at33392         -            298   2.2e-18   66.5   1.1   3   3   4.4e-06     0.001   18.4   0.1   102   183   121   203   119   204 0.86 -
ptg000062l:43949896-44114443 -            786 54922at33392         -            298   2.6e-18   66.3   0.7   1   3     5e-06    0.0011   18.2   0.0   108   183     2    79     1    85 0.87 -
ptg000062l:43949896-44114443 -            786 54922at33392         -            298   2.6e-18   66.3   0.7   2   3   6.1e-10   1.4e-07   31.1   0.1   103   182    82   162    80   165 0.95 -
ptg000062l:43949896-44114443 -            786 54922at33392         -            298   2.6e-18   66.3   0.7   3   3    0.0002     0.046   12.9   0.0   105   149   168   212   163   217 0.93 -
ptg000314l:1168299-1170253   -            336 54922at33392         -            298   3.8e-17   62.5   6.0   1   4    0.0019      0.44    9.7   0.0   103   146     4    47     2    87 0.74 -
ptg000314l:1168299-1170253   -            336 54922at33392         -            298   3.8e-17   62.5   6.0   2   4   1.8e-07     4e-05   23.0   0.1   102   145    93   136    89   155 0.82 -
ptg000314l:1168299-1170253   -            336 54922at33392         -            298   3.8e-17   62.5   6.0   3   4   4.9e-06    0.0011   18.2   0.9   104   182   140   223   133   283 0.79 -
ptg000314l:1168299-1170253   -            336 54922at33392         -            298   3.8e-17   62.5   6.0   4   4   9.3e-05     0.021   14.0   0.8   107   258   189   335   180   336 0.66 -
ptg000265l:15167771-15170113 -            504 54922at33392         -            298     4e-17   62.3   0.0   1   3   1.2e-11   2.6e-09   36.7   0.0   105   227    72   200    54   203 0.87 -
ptg000265l:15167771-15170113 -            504 54922at33392         -            298     4e-17   62.3   0.0   2   3    0.0013      0.28   10.3   0.0   104   183   155   234   152   241 0.78 -
ptg000265l:15167771-15170113 -            504 54922at33392         -            298     4e-17   62.3   0.0   3   3   1.4e-06   0.00033   20.0   0.0   108   178   243   312   235   321 0.90 -
ptg000122l:27110314-27116978 -            497 54922at33392         -            298   6.5e-17   61.7   2.8   1   3   1.2e-07   2.8e-05   23.5   0.5    97   185   193   288   190   372 0.74 -
ptg000122l:27110314-27116978 -            497 54922at33392         -            298   6.5e-17   61.7   2.8   2   3   1.3e-06   0.00029   20.1   0.0   103   151   374   422   359   433 0.89 -
ptg000122l:27110314-27116978 -            497 54922at33392         -            298   6.5e-17   61.7   2.8   3   3   4.7e-05     0.011   15.0   0.0    97   143   451   497   433   497 0.87 -
ptg000034l:1830036-1844023   -            593 54922at33392         -            298   9.5e-17   61.1   0.1   1   4       3.3   7.5e+02   -0.9   0.0   222   252   174   204   120   220 0.59 -
ptg000034l:1830036-1844023   -            593 54922at33392         -            298   9.5e-17   61.1   0.1   2   4     0.014       3.1    6.9   0.0   111   148   222   259   205   268 0.88 -
ptg000034l:1830036-1844023   -            593 54922at33392         -            298   9.5e-17   61.1   0.1   3   4   5.8e-07   0.00013   21.3   0.0    84   180   281   377   270   384 0.85 -
ptg000034l:1830036-1844023   -            593 54922at33392         -            298   9.5e-17   61.1   0.1   4   4   9.5e-09   2.1e-06   27.1   0.3    83   221   442   590   399   592 0.82 -
ptg000177l:3005450-3019675   -            593 54922at33392         -            298   9.5e-17   61.1   0.1   1   4       5.5   1.3e+03   -1.6   0.0   222   255   174   207   151   220 0.69 -
ptg000177l:3005450-3019675   -            593 54922at33392         -            298   9.5e-17   61.1   0.1   2   4     0.013       2.9    7.0   0.0   111   147   222   258   200   266 0.86 -
ptg000177l:3005450-3019675   -            593 54922at33392         -            298   9.5e-17   61.1   0.1   3   4   5.3e-07   0.00012   21.4   0.0    84   180   281   377   269   385 0.85 -
ptg000177l:3005450-3019675   -            593 54922at33392         -            298   9.5e-17   61.1   0.1   4   4   9.1e-09   2.1e-06   27.2   0.3    83   221   442   590   399   592 0.82 -
ptg000174l:3845990-3871090   -            693 54922at33392         -            298   4.4e-16   58.9   0.1   1   3    0.0042      0.96    8.6   0.0   103   144   364   404   355   409 0.86 -
ptg000174l:3845990-3871090   -            693 54922at33392         -            298   4.4e-16   58.9   0.1   2   3   3.9e-08   8.8e-06   25.1   0.0    59   175   432   548   419   581 0.82 -
ptg000174l:3845990-3871090   -            693 54922at33392         -            298   4.4e-16   58.9   0.1   3   3   5.2e-07   0.00012   21.4   0.1   100   158   606   664   560   690 0.74 -
ptg000082l:9433196-9442375   -            767 54922at33392         -            298     5e-16   58.8  11.2   1   7   3.4e-05    0.0077   15.5   0.1   100   182    42   138     5   150 0.73 -
ptg000082l:9433196-9442375   -            767 54922at33392         -            298     5e-16   58.8  11.2   2   7   0.00047      0.11   11.7   0.0   104   143   196   237   138   241 0.70 -
ptg000082l:9433196-9442375   -            767 54922at33392         -            298     5e-16   58.8  11.2   3   7   0.00024     0.055   12.7   0.0   107   145   259   296   251   303 0.87 -
ptg000082l:9433196-9442375   -            767 54922at33392         -            298     5e-16   58.8  11.2   4   7      0.03       6.8    5.8   0.0   108   141   353   386   348   436 0.80 -
ptg000082l:9433196-9442375   -            767 54922at33392         -            298     5e-16   58.8  11.2   5   7    0.0023      0.51    9.5   0.3    90   140   548   598   524   610 0.74 -
ptg000082l:9433196-9442375   -            767 54922at33392         -            298     5e-16   58.8  11.2   6   7      0.37        83    2.2   0.1   231   257   623   649   597   664 0.61 -
ptg000082l:9433196-9442375   -            767 54922at33392         -            298     5e-16   58.8  11.2   7   7       2.6     6e+02   -0.6   0.0   126   142   749   765   743   766 0.85 -
ptg000985l:208800-278179     -            182 54922at33392         -            298   9.7e-16   57.8   0.3   1   3   2.4e-08   5.3e-06   25.8   0.0   130   183     2    56     1    58 0.92 -
ptg000985l:208800-278179     -            182 54922at33392         -            298   9.7e-16   57.8   0.3   2   3    0.0039      0.88    8.7   0.0   104   138    60    94    56   105 0.89 -
ptg000985l:208800-278179     -            182 54922at33392         -            298   9.7e-16   57.8   0.3   3   3   4.1e-06   0.00093   18.5   0.1   102   159   121   181    96   182 0.78 -
ptg000528l:2084538-2099073   -            406 54922at33392         -            298   1.4e-15   57.3   0.4   1   4     0.048        11    5.1   0.0   101   141    19    59     5    71 0.82 -
ptg000528l:2084538-2099073   -            406 54922at33392         -            298   1.4e-15   57.3   0.4   2   4      0.14        31    3.6   0.0   118   177    80   143    72   156 0.60 -
ptg000528l:2084538-2099073   -            406 54922at33392         -            298   1.4e-15   57.3   0.4   3   4   3.4e-10   7.6e-08   31.9   0.3   105   182   198   277   190   283 0.87 -
ptg000528l:2084538-2099073   -            406 54922at33392         -            298   1.4e-15   57.3   0.4   4   4    0.0018      0.41    9.8   0.0   101   143   361   403   325   406 0.84 -
ptg000044l:1353461-1366873   -            484 54922at33392         -            298   2.2e-15   56.7   5.8   1   5   2.9e-05    0.0066   15.7   0.1    96   182   135   223   103   230 0.78 -
ptg000044l:1353461-1366873   -            484 54922at33392         -            298   2.2e-15   56.7   5.8   2   5     0.001      0.23   10.6   0.1   106   185   269   349   257   352 0.88 -
ptg000044l:1353461-1366873   -            484 54922at33392         -            298   2.2e-15   56.7   5.8   3   5   2.6e-09     6e-07   29.0   0.3   101   146   349   393   346   405 0.90 -
ptg000044l:1353461-1366873   -            484 54922at33392         -            298   2.2e-15   56.7   5.8   4   5       4.6     1e+03   -1.4   0.0   259   285   397   422   394   435 0.78 -
ptg000044l:1353461-1366873   -            484 54922at33392         -            298   2.2e-15   56.7   5.8   5   5      0.56   1.3e+02    1.6   0.0   109   144   443   481   407   483 0.74 -
ptg000295l:115334-115933     -            200 54922at33392         -            298   3.1e-15   56.1   2.4   1   1   1.1e-16   2.6e-14   53.1   2.4    87   257    18   199    13   200 0.82 -
ptg000021l:5600304-5747647   -            921 54922at33392         -            298   1.8e-14   53.7   4.7   1   4   0.00058      0.13   11.4   0.0   102   141   172   211   134   220 0.75 -
ptg000021l:5600304-5747647   -            921 54922at33392         -            298   1.8e-14   53.7   4.7   2   4   4.8e-08   1.1e-05   24.8   2.5    91   257   317   497   238   500 0.74 -
ptg000021l:5600304-5747647   -            921 54922at33392         -            298   1.8e-14   53.7   4.7   3   4    0.0014      0.32   10.1   0.0    96   142   493   541   491   551 0.79 -
ptg000021l:5600304-5747647   -            921 54922at33392         -            298   1.8e-14   53.7   4.7   4   4      0.12        28    3.8   0.0    42    92   601   651   572   678 0.76 -
ptg000062l:12312921-12314967 -            292 54922at33392         -            298   1.5e-13   50.7   4.6   1   3     0.033       7.5    5.6   0.0   192   225    12    44     6    49 0.82 -
ptg000062l:12312921-12314967 -            292 54922at33392         -            298   1.5e-13   50.7   4.6   2   3   4.2e-10   9.4e-08   31.6   0.1   106   186    46   127    42   130 0.90 -
ptg000062l:12312921-12314967 -            292 54922at33392         -            298   1.5e-13   50.7   4.6   3   3   7.3e-05     0.017   14.4   1.2   104   255   130   290   124   292 0.77 -
ptg000062l:10796551-10808865 -            176 54922at33392         -            298   2.3e-13   50.0   1.9   1   4     0.019       4.3    6.4   0.0   239   257    20    38     9    41 0.85 -
ptg000062l:10796551-10808865 -            176 54922at33392         -            298   2.3e-13   50.0   1.9   2   4   1.3e-05    0.0029   16.9   0.0   112   161    41    90    37    93 0.92 -
ptg000062l:10796551-10808865 -            176 54922at33392         -            298   2.3e-13   50.0   1.9   3   4       0.1        23    4.0   0.0   242   257   107   122    99   126 0.77 -
ptg000062l:10796551-10808865 -            176 54922at33392         -            298   2.3e-13   50.0   1.9   4   4   1.9e-06   0.00044   19.5   0.0   105   150   127   172   123   176 0.90 -
ptg000465l:244226-251306     -            889 54922at33392         -            298   2.3e-13   50.0   3.9   1   6   1.2e-05    0.0028   16.9   0.3   168   275   112   238    64   247 0.71 -
ptg000465l:244226-251306     -            889 54922at33392         -            298   2.3e-13   50.0   3.9   2   6    0.0096       2.2    7.4   0.0   105   181   219   298   215   304 0.77 -
ptg000465l:244226-251306     -            889 54922at33392         -            298   2.3e-13   50.0   3.9   3   6      0.16        37    3.4   0.0   109   149   313   354   305   366 0.80 -
ptg000465l:244226-251306     -            889 54922at33392         -            298   2.3e-13   50.0   3.9   4   6      0.52   1.2e+02    1.7   0.0    58    93   439   474   413   477 0.73 -
ptg000465l:244226-251306     -            889 54922at33392         -            298   2.3e-13   50.0   3.9   5   6     0.017       3.8    6.6   0.0   229   258   484   513   468   520 0.81 -
ptg000465l:244226-251306     -            889 54922at33392         -            298   2.3e-13   50.0   3.9   6   6   0.00071      0.16   11.1   0.0    88   151   543   606   528   638 0.59 -
ptg000158l:11559299-11561431 -            325 54922at33392         -            298   4.7e-13   49.0   0.1   1   3   1.3e-09   2.8e-07   30.0   0.0   109   183     5    80     3   117 0.91 -
ptg000158l:11559299-11561431 -            325 54922at33392         -            298   4.7e-13   49.0   0.1   2   3     0.001      0.23   10.6   0.1   102   158   177   232   147   257 0.81 -
ptg000158l:11559299-11561431 -            325 54922at33392         -            298   4.7e-13   49.0   0.1   3   3     0.023       5.3    6.2   0.0    52   144   224   316   220   323 0.78 -
ptg000232l:5962649-5964866   -            317 54922at33392         -            298   2.5e-12   46.6   0.3   1   3   1.4e-05    0.0032   16.7   0.6   103   181    13    94     5   100 0.85 -
ptg000232l:5962649-5964866   -            317 54922at33392         -            298   2.5e-12   46.6   0.3   2   3   7.1e-06    0.0016   17.7   0.0    94   143    91   139    82   142 0.88 -
ptg000232l:5962649-5964866   -            317 54922at33392         -            298   2.5e-12   46.6   0.3   3   3    0.0013       0.3   10.2   0.0   104   148   229   277   182   310 0.74 -
ptg000062l:29760089-29765008 -            430 54922at33392         -            298   1.2e-11   44.4   0.1   1   3     0.018         4    6.6   0.0    92   146    90   144    83   148 0.86 -
ptg000062l:29760089-29765008 -            430 54922at33392         -            298   1.2e-11   44.4   0.1   2   3     8e-05     0.018   14.3   0.0   105   144   165   204   156   217 0.90 -
ptg000062l:29760089-29765008 -            430 54922at33392         -            298   1.2e-11   44.4   0.1   3   3   7.7e-06    0.0017   17.6   0.1   110   186   258   337   242   345 0.67 -
ptg000062l:6182778-6184080   -            374 54922at33392         -            298   1.5e-11   44.1   8.6   1   3   2.2e-08   4.9e-06   26.0   1.8   108   279    52   237    40   250 0.72 -
ptg000062l:6182778-6184080   -            374 54922at33392         -            298   1.5e-11   44.1   8.6   2   3     0.077        17    4.5   0.1   206   223   276   293   236   297 0.76 -
ptg000062l:6182778-6184080   -            374 54922at33392         -            298   1.5e-11   44.1   8.6   3   3   1.2e-05    0.0027   17.0   0.1   124   183   313   373   296   374 0.82 -
ptg000270l:1108589-1115012   -            576 54922at33392         -            298   1.6e-11   44.0   7.6   1   2     2e-11   4.5e-09   35.9   0.1   104   221   276   402   272   408 0.81 -
ptg000270l:1108589-1115012   -            576 54922at33392         -            298   1.6e-11   44.0   7.6   2   2     0.021       4.7    6.3   5.1    86   148   387   453   383   576 0.83 -
ptg000096l:2923997-2930953   -            888 54922at33392         -            298   1.6e-11   43.9   1.8   1   6   7.8e-06    0.0018   17.6   0.3   168   275   112   238    65   247 0.71 -
ptg000096l:2923997-2930953   -            888 54922at33392         -            298   1.6e-11   43.9   1.8   2   6      0.01       2.3    7.3   0.0   105   181   219   298   214   302 0.78 -
ptg000096l:2923997-2930953   -            888 54922at33392         -            298   1.6e-11   43.9   1.8   3   6      0.13        30    3.7   0.0   107   149   311   353   302   364 0.85 -
ptg000096l:2923997-2930953   -            888 54922at33392         -            298   1.6e-11   43.9   1.8   4   6       3.4   7.8e+02   -1.0   0.0    58    85   438   465   414   475 0.71 -
ptg000096l:2923997-2930953   -            888 54922at33392         -            298   1.6e-11   43.9   1.8   5   6     0.015       3.4    6.8   0.0   228   258   482   512   465   518 0.80 -
ptg000096l:2923997-2930953   -            888 54922at33392         -            298   1.6e-11   43.9   1.8   6   6      0.12        27    3.8   0.0    88   149   542   603   525   636 0.54 -
ptg000024l:28174302-28194330 -            445 54922at33392         -            298   1.9e-11   43.8   0.4   1   3     2e-06   0.00046   19.5   0.0   106   183    59   138    52   192 0.77 -
ptg000024l:28174302-28194330 -            445 54922at33392         -            298   1.9e-11   43.8   0.4   2   3     0.059        13    4.8   0.0   104   144   187   228   179   235 0.83 -
ptg000024l:28174302-28194330 -            445 54922at33392         -            298   1.9e-11   43.8   0.4   3   3   3.2e-05    0.0072   15.6   0.1   101   184   267   355   252   360 0.76 -
ptg000062l:60133976-60154461 -            419 54922at33392         -            298   2.3e-11   43.4   9.4   1   4       2.5   5.6e+02   -0.5   0.1   230   256   109   133   106   138 0.53 -
ptg000062l:60133976-60154461 -            419 54922at33392         -            298   2.3e-11   43.4   9.4   2   4    0.0011      0.25   10.5   0.2   102   182   135   223   118   229 0.78 -
ptg000062l:60133976-60154461 -            419 54922at33392         -            298   2.3e-11   43.4   9.4   3   4   0.00011     0.024   13.8   0.3   104   144   250   289   242   329 0.79 -
ptg000062l:60133976-60154461 -            419 54922at33392         -            298   2.3e-11   43.4   9.4   4   4   2.1e-07   4.8e-05   22.7   0.2   108   182   339   415   315   418 0.86 -
ptg000061l:7183468-7185007   -            410 54922at33392         -            298   1.5e-10   40.7   0.1   1   2   5.4e-07   0.00012   21.4   0.0    54   144   119   213   109   223 0.86 -
ptg000061l:7183468-7185007   -            410 54922at33392         -            298   1.5e-10   40.7   0.1   2   2   1.2e-05    0.0028   16.9   0.0    58   161   224   322   217   328 0.86 -
ptg000034l:6757057-6758510   -            342 54922at33392         -            298   2.1e-10   40.3   0.1   1   4     0.011       2.5    7.2   0.0   242   281    12    58     5    65 0.68 -
ptg000034l:6757057-6758510   -            342 54922at33392         -            298   2.1e-10   40.3   0.1   2   4   0.00025     0.057   12.6   0.0   100   143    70   113    59   117 0.90 -
ptg000034l:6757057-6758510   -            342 54922at33392         -            298   2.1e-10   40.3   0.1   3   4   0.00076      0.17   11.0   0.1   101   151   232   282   190   294 0.84 -
ptg000034l:6757057-6758510   -            342 54922at33392         -            298   2.1e-10   40.3   0.1   4   4     0.097        22    4.1   0.1   117   161   291   335   277   340 0.66 -
ptg000049l:6083318-6083923   -            202 54922at33392         -            298   3.1e-10   39.8   2.3   1   2   0.00013     0.029   13.6   0.2   111   159     1    48     1    54 0.87 -
ptg000049l:6083318-6083923   -            202 54922at33392         -            298   3.1e-10   39.8   2.3   2   2   3.7e-10   8.4e-08   31.7   0.3   106   229    37   169    31   202 0.83 -
ptg000058l:657538-657864     -            109 54922at33392         -            298   1.5e-09   37.5   0.0   1   1   9.2e-12   2.1e-09   37.0   0.0   102   184    12    95     1   102 0.92 -
ptg000234l:878175-880795     -            420 54922at33392         -            298   4.5e-09   35.9   0.7   1   3     0.044       9.9    5.3   0.0   109   143   168   203   163   211 0.86 -
ptg000234l:878175-880795     -            420 54922at33392         -            298   4.5e-09   35.9   0.7   2   3   3.2e-07   7.2e-05   22.1   0.4    68   183   213   342   208   344 0.74 -
ptg000234l:878175-880795     -            420 54922at33392         -            298   4.5e-09   35.9   0.7   3   3      0.31        69    2.5   0.0   111   148   367   405   361   408 0.68 -
ptg000004l:6928355-6962062   -            549 54922at33392         -            298   6.4e-09   35.4   0.0   1   4   0.00018      0.04   13.1   0.0   104   215   240   362   232   370 0.75 -
ptg000004l:6928355-6962062   -            549 54922at33392         -            298   6.4e-09   35.4   0.0   2   4       5.9   1.3e+03   -1.7   0.0   116   150   381   415   371   461 0.62 -
ptg000004l:6928355-6962062   -            549 54922at33392         -            298   6.4e-09   35.4   0.0   3   4   0.00086      0.19   10.9   0.0   238   263   476   501   466   502 0.85 -
ptg000004l:6928355-6962062   -            549 54922at33392         -            298   6.4e-09   35.4   0.0   4   4    0.0085       1.9    7.6   0.0   106   141   501   537   496   542 0.88 -
ptg000393l:939676-951875     -            873 54922at33392         -            298   1.4e-08   34.3   3.0   1   3   4.3e-09   9.8e-07   28.2   0.2    42   187    42   193    34   194 0.81 -
ptg000393l:939676-951875     -            873 54922at33392         -            298   1.4e-08   34.3   3.0   2   3      0.98   2.2e+02    0.8   0.1   104   125   245   266   238   300 0.72 -
ptg000393l:939676-951875     -            873 54922at33392         -            298   1.4e-08   34.3   3.0   3   3       3.5     8e+02   -1.0   0.0   210   228   287   305   281   341 0.67 -
ptg000283l:2621155-2623464   -            409 54922at33392         -            298   2.5e-08   33.5   0.5   1   2   2.5e-07   5.7e-05   22.5   0.3   105   220   120   240   101   244 0.73 -
ptg000283l:2621155-2623464   -            409 54922at33392         -            298   2.5e-08   33.5   0.5   2   2     0.033       7.4    5.7   0.0   114   221   255   367   224   375 0.70 -
ptg000080l:26771020-26771292 -             91 54922at33392         -            298   9.1e-08   31.6   0.2   1   1   4.4e-10   9.9e-08   31.5   0.2   110   178     2    70     1    84 0.94 -
ptg000054l:968792-985771     -            821 54922at33392         -            298   1.1e-07   31.4   0.5   1   3      0.16        37    3.4   0.0   101   144   394   439   383   445 0.83 -
ptg000054l:968792-985771     -            821 54922at33392         -            298   1.1e-07   31.4   0.5   2   3   5.1e-07   0.00012   21.5   0.1   153   228   502   580   495   620 0.68 -
ptg000054l:968792-985771     -            821 54922at33392         -            298   1.1e-07   31.4   0.5   3   3      0.42        96    2.0   0.1   121   152   693   725   683   786 0.50 -
ptg000010l:6630297-6632891   -            368 54922at33392         -            298   2.7e-07   30.1   0.9   1   3     0.021       4.9    6.3   0.2    88   179    62   163    52   169 0.67 -
ptg000010l:6630297-6632891   -            368 54922at33392         -            298   2.7e-07   30.1   0.9   2   3   3.4e-06   0.00077   18.8   0.0   101   185   126   212   116   221 0.81 -
ptg000010l:6630297-6632891   -            368 54922at33392         -            298   2.7e-07   30.1   0.9   3   3   7.2e-06    0.0016   17.7   0.2   104   190   172   263   151   284 0.75 -
ptg000355l:235042-253532     -           1244 54922at33392         -            298   2.9e-07   30.0   0.9   1   3    0.0013       0.3   10.2   0.1   102   202    68   177    64   230 0.71 -
ptg000355l:235042-253532     -           1244 54922at33392         -            298   2.9e-07   30.0   0.9   2   3         4     9e+02   -1.2   0.0   124   144   859   879   846   886 0.74 -
ptg000355l:235042-253532     -           1244 54922at33392         -            298   2.9e-07   30.0   0.9   3   3   2.4e-05    0.0054   16.0   0.0   107   160   891   945   883   967 0.89 -
ptg000016l:3352281-3366932   -           1210 54922at33392         -            298   4.2e-07   29.5   0.8   1   3    0.0015      0.35   10.0   0.1   102   202    68   177    64   231 0.71 -
ptg000016l:3352281-3366932   -           1210 54922at33392         -            298   4.2e-07   29.5   0.8   2   3       3.9   8.7e+02   -1.1   0.0   124   144   824   844   811   851 0.74 -
ptg000016l:3352281-3366932   -           1210 54922at33392         -            298   4.2e-07   29.5   0.8   3   3     3e-05    0.0067   15.7   0.0   107   160   856   910   848   932 0.89 -
ptg000281l:4092285-4094572   -            331 54922at33392         -            298   1.1e-06   28.1   0.7   1   4       2.7     6e+02   -0.6   0.0   230   259    17    47     8    52 0.69 -
ptg000281l:4092285-4094572   -            331 54922at33392         -            298   1.1e-06   28.1   0.7   2   4   0.00012     0.028   13.6   0.2   106   182    50   125    30   166 0.77 -
ptg000281l:4092285-4094572   -            331 54922at33392         -            298   1.1e-06   28.1   0.7   3   4      0.82   1.9e+02    1.1   0.0   128   148   151   171   137   177 0.85 -
ptg000281l:4092285-4094572   -            331 54922at33392         -            298   1.1e-06   28.1   0.7   4   4    0.0027       0.6    9.2   0.0   205   282   248   295   232   300 0.53 -
ptg000707l:733556-735859     -            331 54922at33392         -            298   1.1e-06   28.1   0.7   1   4       2.7     6e+02   -0.6   0.0   230   259    17    47     8    52 0.69 -
ptg000707l:733556-735859     -            331 54922at33392         -            298   1.1e-06   28.1   0.7   2   4   0.00012     0.028   13.6   0.2   106   182    50   125    30   166 0.77 -
ptg000707l:733556-735859     -            331 54922at33392         -            298   1.1e-06   28.1   0.7   3   4      0.82   1.9e+02    1.1   0.0   128   148   151   171   137   177 0.85 -
ptg000707l:733556-735859     -            331 54922at33392         -            298   1.1e-06   28.1   0.7   4   4    0.0027       0.6    9.2   0.0   205   282   248   295   232   300 0.53 -
ptg000685l:258211-358087     -           1915 54922at33392         -            298   1.6e-06   27.5   1.0   1   2   1.2e-06   0.00027   20.2   0.2   105   181  1608  1690  1601  1694 0.75 -
ptg000685l:258211-358087     -           1915 54922at33392         -            298   1.6e-06   27.5   1.0   2   2     0.051        12    5.0   0.0   112   222  1793  1823  1780  1835 0.58 -
ptg000026l:1960577-1972463   -            487 54922at33392         -            298   3.2e-06   26.6   0.1   1   2   1.2e-07   2.8e-05   23.5   0.1    99   187    72   162    51   186 0.77 -
ptg000026l:1960577-1972463   -            487 54922at33392         -            298   3.2e-06   26.6   0.1   2   2       2.1   4.7e+02   -0.3   0.0   264   280   399   415   385   421 0.83 -
ptg000302l:167032-176310     -            487 54922at33392         -            298   3.2e-06   26.6   0.1   1   2   1.2e-07   2.8e-05   23.5   0.1    99   187    72   162    51   186 0.77 -
ptg000302l:167032-176310     -            487 54922at33392         -            298   3.2e-06   26.6   0.1   2   2       2.1   4.7e+02   -0.3   0.0   264   280   399   415   385   421 0.83 -
ptg000328l:2596100-2608001   -            790 54922at33392         -            298   4.6e-06   26.1   1.2   1   3     0.055        12    4.9   0.1   200   223    66    89    12    95 0.83 -
ptg000328l:2596100-2608001   -            790 54922at33392         -            298   4.6e-06   26.1   1.2   2   3    0.0036      0.82    8.8   0.1   107   183    97   176    90   181 0.80 -
ptg000328l:2596100-2608001   -            790 54922at33392         -            298   4.6e-06   26.1   1.2   3   3    0.0047       1.1    8.4   0.0   106   143   183   221   175   234 0.85 -
ptg000206l:144675-164266     -           1188 54922at33392         -            298   4.7e-06   26.0   0.8   1   3   5.8e-07   0.00013   21.3   0.2   102   141    48    87    30   105 0.82 -
ptg000206l:144675-164266     -           1188 54922at33392         -            298   4.7e-06   26.0   0.8   2   3       1.5   3.3e+02    0.3   0.0   111   133    97   119    87   139 0.82 -
ptg000206l:144675-164266     -           1188 54922at33392         -            298   4.7e-06   26.0   0.8   3   3       1.9   4.4e+02   -0.2   0.0   230   261   269   300   265   306 0.81 -
ptg000741l:443234-447078     -            374 54922at33392         -            298   7.3e-06   25.4   1.0   1   4   0.00055      0.12   11.5   0.0   100   143    41    84    25    91 0.92 -
ptg000741l:443234-447078     -            374 54922at33392         -            298   7.3e-06   25.4   1.0   2   4     0.005       1.1    8.3   0.1   220   257   137   174   101   181 0.84 -
ptg000741l:443234-447078     -            374 54922at33392         -            298   7.3e-06   25.4   1.0   3   4       4.5     1e+03   -1.4   0.0   166   193   260   288   245   295 0.78 -
ptg000741l:443234-447078     -            374 54922at33392         -            298   7.3e-06   25.4   1.0   4   4      0.82   1.9e+02    1.1   0.0    56    86   327   361   305   367 0.60 -
ptg000280l:861311-863565     -            330 54922at33392         -            298   7.6e-06   25.3   0.0   1   1   7.4e-08   1.7e-05   24.2   0.0   113   183   118   188   114   201 0.92 -
ptg000661l:89096-91346       -            330 54922at33392         -            298   7.6e-06   25.3   0.0   1   1   7.2e-08   1.6e-05   24.3   0.0   113   183   118   188   114   202 0.91 -
ptg000398l:1092748-1199715   -           1954 54922at33392         -            298   9.4e-06   25.0   0.5   1   2   1.1e-05    0.0026   17.0   0.2   108   181  1650  1729  1632  1733 0.74 -
ptg000398l:1092748-1199715   -           1954 54922at33392         -            298   9.4e-06   25.0   0.5   2   2     0.041       9.3    5.4   0.0   110   144  1830  1863  1778  1874 0.71 -
ptg000635l:344894-361938     -            792 54922at33392         -            298   9.6e-06   25.0   2.2   1   3     0.055        12    4.9   0.1   200   223    66    89    12    95 0.83 -
ptg000635l:344894-361938     -            792 54922at33392         -            298   9.6e-06   25.0   2.2   2   3    0.0036      0.82    8.8   0.1   107   183    97   176    90   181 0.80 -
ptg000635l:344894-361938     -            792 54922at33392         -            298   9.6e-06   25.0   2.2   3   3    0.0058       1.3    8.1   0.0   106   143   183   221   178   227 0.84 -
ptg000467l:2739260-2745612   -            588 54922at33392         -            298   9.8e-06   25.0   0.6   1   2       2.1   4.7e+02   -0.3   0.0   243   269    31    55    25    60 0.85 -
ptg000467l:2739260-2745612   -            588 54922at33392         -            298   9.8e-06   25.0   0.6   2   2   4.3e-08   9.8e-06   25.0   0.6    40   178    49   187    39   198 0.80 -
ptg000062l:61445129-61585712 -            759 54922at33392         -            298   1.4e-05   24.5   0.7   1   2      0.26        59    2.7   0.1    59    87    16    43     2    53 0.54 -
ptg000062l:61445129-61585712 -            759 54922at33392         -            298   1.4e-05   24.5   0.7   2   2   2.7e-06   0.00062   19.1   0.1    86   277    78   281    71   291 0.77 -
ptg000483l:907369-927758     -           1189 54922at33392         -            298   1.9e-05   24.0   1.0   1   1   4.2e-07   9.5e-05   21.7   0.3   102   142    48    88    31   131 0.79 -
ptg000025l:11457917-11461702 -            612 54922at33392         -            298   2.5e-05   23.6   0.5   1   3     0.015       3.3    6.8   0.0   233   258    61    86    48    91 0.81 -
ptg000025l:11457917-11461702 -            612 54922at33392         -            298   2.5e-05   23.6   0.5   2   3   0.00041     0.094   11.9   0.0   103   148    90   135    86   143 0.88 -
ptg000025l:11457917-11461702 -            612 54922at33392         -            298   2.5e-05   23.6   0.5   3   3      0.55   1.2e+02    1.7   0.0   108   142   242   276   180   289 0.82 -
ptg000020l:16985256-17039617 -           2915 54922at33392         -            298   4.5e-05   22.8   0.6   1   5       3.1     7e+02   -0.8   0.0   255   287   176   209   170   216 0.78 -
ptg000020l:16985256-17039617 -           2915 54922at33392         -            298   4.5e-05   22.8   0.6   2   5      0.21        47    3.1   0.0   243   293   946   994   935   999 0.86 -
ptg000020l:16985256-17039617 -           2915 54922at33392         -            298   4.5e-05   22.8   0.6   3   5       1.6   3.6e+02    0.1   0.0   208   228  2661  2681  2639  2683 0.78 -
ptg000020l:16985256-17039617 -           2915 54922at33392         -            298   4.5e-05   22.8   0.6   4   5   0.00032     0.072   12.3   0.0   204   257  2795  2854  2781  2862 0.79 -
ptg000020l:16985256-17039617 -           2915 54922at33392         -            298   4.5e-05   22.8   0.6   5   5    0.0034      0.78    8.9   0.0    51   143  2819  2906  2808  2914 0.76 -
ptg000061l:16482016-16485883 -            644 54922at33392         -            298   0.00012   21.4   0.1   1   3   0.00038     0.085   12.0   0.0   108   151   301   344   296   354 0.88 -
ptg000061l:16482016-16485883 -            644 54922at33392         -            298   0.00012   21.4   0.1   2   3       7.1   1.6e+03   -2.0   0.0   113   158   476   520   462   543 0.58 -
ptg000061l:16482016-16485883 -            644 54922at33392         -            298   0.00012   21.4   0.1   3   3     0.027       6.1    5.9   0.0   104   140   551   587   533   598 0.81 -
ptg000168l:10556302-10629393 -           1401 54922at33392         -            298   0.00053   19.3   0.0   1   1   5.9e-06    0.0013   18.0   0.0   110   197    59   150    25   164 0.82 -
ptg000397l:1399927-1406048   -            478 54922at33392         -            298   0.00059   19.1   0.0   1   3       5.1   1.2e+03   -1.5   0.0   134   152   172   190   163   215 0.79 -
ptg000397l:1399927-1406048   -            478 54922at33392         -            298   0.00059   19.1   0.0   2   3     0.014       3.1    6.9   0.0   240   264   254   278   234   292 0.86 -
ptg000397l:1399927-1406048   -            478 54922at33392         -            298   0.00059   19.1   0.0   3   3    0.0072       1.6    7.8   0.0   106   144   361   400   355   421 0.86 -
ptg000098l:4338511-4342203   -            386 54922at33392         -            298    0.0061   15.8   0.0   1   3     0.002      0.46    9.6   0.0   167   226   141   205   120   211 0.71 -
ptg000098l:4338511-4342203   -            386 54922at33392         -            298    0.0061   15.8   0.0   2   3       4.5     1e+03   -1.4   0.0    87   103   277   293   266   337 0.76 -
ptg000098l:4338511-4342203   -            386 54922at33392         -            298    0.0061   15.8   0.0   3   3      0.32        73    2.4   0.0   201   234   337   370   327   380 0.83 -
ptg000097l:4384630-4404514   -            462 54922at33392         -            298    0.0092   15.2   2.3   1   3      0.47   1.1e+02    1.9   0.0   240   259    21    40     8    46 0.76 -
ptg000097l:4384630-4404514   -            462 54922at33392         -            298    0.0092   15.2   2.3   2   3   0.00075      0.17   11.1   0.5   107   142    45    80    24    84 0.67 -
ptg000097l:4384630-4404514   -            462 54922at33392         -            298    0.0092   15.2   2.3   3   3       1.7   3.7e+02    0.1   0.0   111   145   180   214   142   237 0.75 -
ptg000061l:10281801-10331632 -            321 54922at33392         -            298     0.013   14.7   0.2   1   2       1.1   2.4e+02    0.7   0.0   208   257    40    92    21   101 0.61 -
ptg000061l:10281801-10331632 -            321 54922at33392         -            298     0.013   14.7   0.2   2   2    0.0012      0.26   10.4   0.1   233   257   291   315   207   320 0.68 -
ptg000193l:1337948-1338166   -             73 54922at33392         -            298     0.019   14.2   0.3   1   2      0.03       6.8    5.8   0.1   239   263     8    32     1    36 0.78 -
ptg000193l:1337948-1338166   -             73 54922at33392         -            298     0.019   14.2   0.3   2   2    0.0051       1.1    8.3   0.0   104   140    30    66    28    71 0.86 -
ptg000275l:3791892-3792059   -             56 54922at33392         -            298     0.023   13.9   0.0   1   2      0.27        60    2.7   0.0   242   257     6    21     2    25 0.82 -
ptg000275l:3791892-3792059   -             56 54922at33392         -            298     0.023   13.9   0.0   2   2    0.0016      0.35   10.0   0.0   104   134    25    55    21    56 0.91 -
ptg000080l:25300303-25307031 -           1143 54922at33392         -            298      0.03   13.5   0.0   1   1   0.00034     0.078   12.2   0.0    94   161    45   112     8   122 0.89 -
ptg000010l:4312439-4323114   -            250 54922at33392         -            298     0.035   13.3   1.3   1   2    0.0034      0.76    8.9   0.1    92   144    76   125    66   159 0.73 -
ptg000010l:4312439-4323114   -            250 54922at33392         -            298     0.035   13.3   1.3   2   2      0.14        33    3.6   0.1   104   160   172   229   154   244 0.81 -
ptg000236l:6203218-6204000   -            261 54922at33392         -            298     0.049   12.8   0.1   1   3       3.6   8.1e+02   -1.0   0.0    55   106    74   125    59   133 0.68 -
ptg000236l:6203218-6204000   -            261 54922at33392         -            298     0.049   12.8   0.1   2   3      0.15        35    3.5   0.1   227   257   161   192    89   202 0.61 -
ptg000236l:6203218-6204000   -            261 54922at33392         -            298     0.049   12.8   0.1   3   3    0.0054       1.2    8.2   0.0    98   165   189   257   149   260 0.75 -
ptg000553l:1402168-1402497   -            110 54922at33392         -            298     0.065   12.4   0.0   1   2     0.027       6.1    5.9   0.0   243   267     4    24     1    34 0.61 -
ptg000553l:1402168-1402497   -            110 54922at33392         -            298     0.065   12.4   0.0   2   2     0.088        20    4.3   0.0   115   176    40   101    34   106 0.75 -
ptg000610l:426391-426720     -            110 54922at33392         -            298     0.065   12.4   0.0   1   2     0.027       6.1    5.9   0.0   243   267     4    24     1    34 0.61 -
ptg000610l:426391-426720     -            110 54922at33392         -            298     0.065   12.4   0.0   2   2     0.088        20    4.3   0.0   115   176    40   101    34   106 0.75 -
ptg000122l:6662743-6705802   -           1370 54922at33392         -            298     0.069   12.3   0.1   1   2     0.057        13    4.9   0.0   234   257   984  1007   970  1014 0.67 -
ptg000122l:6662743-6705802   -           1370 54922at33392         -            298     0.069   12.3   0.1   2   2      0.12        27    3.8   0.0   110   141  1338  1370  1336  1370 0.84 -
ptg000160l:3509181-3515338   -            355 54922at33392         -            298     0.071   12.3   0.1   1   3      0.57   1.3e+02    1.6   0.0   154   178   110   140    51   162 0.57 -
ptg000160l:3509181-3515338   -            355 54922at33392         -            298     0.071   12.3   0.1   2   3       1.1   2.5e+02    0.6   0.0   209   228   134   154   129   221 0.50 -
ptg000160l:3509181-3515338   -            355 54922at33392         -            298     0.071   12.3   0.1   3   3     0.015       3.5    6.8   0.0   203   225   271   293   257   296 0.78 -
#
# Program:         hmmsearch
# Version:         3.2.1 (June 2018)
# Pipeline mode:   SEARCH
# Query file:      /home/tpsylvst/projects/diaprepes_assembly/busco/busco_downloads/lineages/endopterygota_odb10/hmms/54922at33392.hmm
# Target file:     /home/tpsylvst/projects/diaprepes_assembly/busco/diaprepes_busco/run_endopterygota_odb10/metaeuk_output/initial_results/diaprepes.fa.modified.fas
# Option settings: hmmsearch --domtblout /home/tpsylvst/projects/diaprepes_assembly/busco/diaprepes_busco/run_endopterygota_odb10/hmmer_output/initial_run_results/54922at33392.out --cpu 1 /home/tpsylvst/projects/diaprepes_assembly/busco/busco_downloads/lineages/endopterygota_odb10/hmms/54922at33392.hmm /home/tpsylvst/projects/diaprepes_assembly/busco/diaprepes_busco/run_endopterygota_odb10/metaeuk_output/initial_results/diaprepes.fa.modified.fas 
# Current dir:     /home/tpsylvst/projects/diaprepes_assembly/busco
# Date:            Mon Nov 28 14:23:08 2022
# [ok]
