#                                                                                  --- full sequence --- -------------- this domain -------------   hmm coord   ali coord   env coord
# target name              accession   tlen query name           accession   qlen   E-value  score  bias   #  of  c-Evalue  i-Evalue  score  bias  from    to  from    to  from    to  acc description of target
#      ------------------- ---------- ----- -------------------- ---------- ----- --------- ------ ----- --- --- --------- --------- ------ ----- ----- ----- ----- ----- ----- ----- ---- ---------------------
ptg000059l:4653600-4655300 -            567 55588at33392         -            332    2e-142  474.3  47.1   1   4   6.4e-63   5.9e-59  200.0   1.0     1   119    21   141    21   147 0.97 -
ptg000059l:4653600-4655300 -            567 55588at33392         -            332    2e-142  474.3  47.1   2   4   2.8e-29   2.6e-25   89.4   5.4   115   183   174   247   143   249 0.88 -
ptg000059l:4653600-4655300 -            567 55588at33392         -            332    2e-142  474.3  47.1   3   4   5.5e-64   5.1e-60  203.5  17.5   173   332   256   428   253   428 0.91 -
ptg000059l:4653600-4655300 -            567 55588at33392         -            332    2e-142  474.3  47.1   4   4      0.22     2e+03   -2.3   1.1   127   166   476   518   452   551 0.55 -
ptg000162l:6161308-6173514 -            510 55588at33392         -            332   2.1e-35  122.6  42.8   1   3   4.8e-24   4.5e-20   72.2  15.9    23   181    22   195    16   200 0.79 -
ptg000162l:6161308-6173514 -            510 55588at33392         -            332   2.1e-35  122.6  42.8   2   3   1.4e-11   1.3e-07   31.2   0.3   175   233   213   272   203   298 0.87 -
ptg000162l:6161308-6173514 -            510 55588at33392         -            332   2.1e-35  122.6  42.8   3   3   1.2e-11   1.1e-07   31.4   9.6   243   331   312   411   306   413 0.76 -
#
# Program:         hmmsearch
# Version:         3.2.1 (June 2018)
# Pipeline mode:   SEARCH
# Query file:      /home/tpsylvst/projects/diaprepes_assembly/busco/busco_downloads/lineages/endopterygota_odb10/hmms/55588at33392.hmm
# Target file:     /home/tpsylvst/projects/diaprepes_assembly/busco/diaprepes_busco/run_endopterygota_odb10/metaeuk_output/initial_results/diaprepes.fa.modified.fas
# Option settings: hmmsearch --domtblout /home/tpsylvst/projects/diaprepes_assembly/busco/diaprepes_busco/run_endopterygota_odb10/hmmer_output/initial_run_results/55588at33392.out --cpu 1 /home/tpsylvst/projects/diaprepes_assembly/busco/busco_downloads/lineages/endopterygota_odb10/hmms/55588at33392.hmm /home/tpsylvst/projects/diaprepes_assembly/busco/diaprepes_busco/run_endopterygota_odb10/metaeuk_output/initial_results/diaprepes.fa.modified.fas 
# Current dir:     /home/tpsylvst/projects/diaprepes_assembly/busco
# Date:            Mon Nov 28 14:23:11 2022
# [ok]
