#                                                                                  --- full sequence --- -------------- this domain -------------   hmm coord   ali coord   env coord
# target name              accession   tlen query name           accession   qlen   E-value  score  bias   #  of  c-Evalue  i-Evalue  score  bias  from    to  from    to  from    to  acc description of target
#      ------------------- ---------- ----- -------------------- ---------- ----- --------- ------ ----- --- --- --------- --------- ------ ----- ----- ----- ----- ----- ----- ----- ---- ---------------------
ptg000448l:333306-336609   -            465 56493at33392         -            349    2e-143  477.6  14.3   1   3   1.8e-38   8.5e-35  120.3   0.1     1    66    11    77    11    85 0.94 -
ptg000448l:333306-336609   -            465 56493at33392         -            349    2e-143  477.6  14.3   2   3       1.1   4.9e+03   -3.8   0.1    66    79   108   121   108   122 0.87 -
ptg000448l:333306-336609   -            465 56493at33392         -            349    2e-143  477.6  14.3   3   3  1.4e-110  6.4e-107  357.5   6.6    67   349   137   465   131   465 0.87 -
ptg000300l:181541-184840   -            447 56493at33392         -            349    4e-143  476.6  11.6   1   2   1.7e-38     8e-35  120.4   0.1     1    66    11    77    11    85 0.94 -
ptg000300l:181541-184840   -            447 56493at33392         -            349    4e-143  476.6  11.6   2   2  4.1e-109  1.9e-105  352.7   8.0    66   349   108   447   104   447 0.85 -
ptg000066l:7715589-7750030 -            663 56493at33392         -            349   1.5e-22   80.0  11.4   1   1   4.7e-24   2.2e-20   73.0  11.4    76   330   333   639   313   651 0.63 -
ptg000397l:27207-38839     -            522 56493at33392         -            349      0.03   13.3   0.2   1   1   1.3e-05     0.058   12.4   0.2   254   331    77   154    48   158 0.84 -
#
# Program:         hmmsearch
# Version:         3.2.1 (June 2018)
# Pipeline mode:   SEARCH
# Query file:      /home/tpsylvst/projects/diaprepes_assembly/busco/busco_downloads/lineages/endopterygota_odb10/hmms/56493at33392.hmm
# Target file:     /home/tpsylvst/projects/diaprepes_assembly/busco/diaprepes_busco/run_endopterygota_odb10/metaeuk_output/initial_results/diaprepes.fa.modified.fas
# Option settings: hmmsearch --domtblout /home/tpsylvst/projects/diaprepes_assembly/busco/diaprepes_busco/run_endopterygota_odb10/hmmer_output/initial_run_results/56493at33392.out --cpu 1 /home/tpsylvst/projects/diaprepes_assembly/busco/busco_downloads/lineages/endopterygota_odb10/hmms/56493at33392.hmm /home/tpsylvst/projects/diaprepes_assembly/busco/diaprepes_busco/run_endopterygota_odb10/metaeuk_output/initial_results/diaprepes.fa.modified.fas 
# Current dir:     /home/tpsylvst/projects/diaprepes_assembly/busco
# Date:            Mon Nov 28 14:23:09 2022
# [ok]
