#                                                                                    --- full sequence --- -------------- this domain -------------   hmm coord   ali coord   env coord
# target name                accession   tlen query name           accession   qlen   E-value  score  bias   #  of  c-Evalue  i-Evalue  score  bias  from    to  from    to  from    to  acc description of target
#        ------------------- ---------- ----- -------------------- ---------- ----- --------- ------ ----- --- --- --------- --------- ------ ----- ----- ----- ----- ----- ----- ----- ---- ---------------------
ptg000025l:2498829-2539749   -            492 57218at33392         -            365  6.4e-164  545.4   7.1   1   3  5.3e-117  6.6e-115  384.2   3.8     1   252    15   303    15   311 0.90 -
ptg000025l:2498829-2539749   -            492 57218at33392         -            365  6.4e-164  545.4   7.1   2   3     0.078       9.7    5.3   0.0   250   272   324   346   318   356 0.87 -
ptg000025l:2498829-2539749   -            492 57218at33392         -            365  6.4e-164  545.4   7.1   3   3   1.1e-45   1.3e-43  149.6   0.0   270   365   385   480   369   480 0.91 -
ptg000020l:13714614-13715528 -            305 57218at33392         -            365   2.9e-57  194.5   0.1   1   1   2.9e-59   3.7e-57  194.2   0.1     4   252    17   280    14   289 0.92 -
ptg000093l:3558825-3565077   -            332 57218at33392         -            365   8.2e-57  193.0   0.0   1   1   8.4e-59     1e-56  192.7   0.0     3   252    14   279    12   299 0.89 -
ptg000467l:2840549-2841523   -            325 57218at33392         -            365   2.9e-51  174.8   0.0   1   1   3.1e-53   3.8e-51  174.4   0.0     3   256     5   287     3   303 0.84 -
ptg000104l:4462690-4568191   -            203 57218at33392         -            365   1.6e-44  152.6   0.1   1   1   5.5e-45   6.9e-43  147.2   0.1     5   210     2   200     1   203 0.92 -
ptg000032l:17906292-17913177 -            172 57218at33392         -            365   2.9e-43  148.5   0.0   1   1   2.5e-45   3.1e-43  148.4   0.0    72   233     2   172     1   172 0.92 -
ptg000053l:874306-876368     -            595 57218at33392         -            365   5.5e-43  147.6   0.0   1   2   3.1e-34   3.9e-32  111.9   0.1     5   155    23   178    20   216 0.93 -
ptg000053l:874306-876368     -            595 57218at33392         -            365   5.5e-43  147.6   0.0   2   2     2e-10   2.5e-08   33.5   0.0   157   225   453   529   443   567 0.72 -
ptg000509l:341584-343640     -            595 57218at33392         -            365     7e-43  147.2   0.0   1   2   3.1e-34   3.9e-32  111.9   0.1     5   155    23   178    20   216 0.93 -
ptg000509l:341584-343640     -            595 57218at33392         -            365     7e-43  147.2   0.0   2   2   2.6e-10   3.2e-08   33.2   0.0   157   223   453   527   443   565 0.75 -
ptg000231l:1526685-1696848   -           1679 57218at33392         -            365   1.1e-42  146.5   0.0   1   1   5.3e-44   6.6e-42  144.0   0.0     4   252   444   727   441   746 0.85 -
ptg000167l:912335-1082847    -           1682 57218at33392         -            365   1.2e-42  146.4   0.0   1   1     5e-43   6.3e-41  140.8   0.0     4   252   444   730   441   749 0.84 -
ptg000010l:2322995-2341940   -            201 57218at33392         -            365   2.9e-42  145.2   0.0   1   1   3.6e-44   4.5e-42  144.6   0.0     5   205     2   200     1   201 0.94 -
ptg000170l:11019834-11024771 -            257 57218at33392         -            365   7.9e-41  140.5   0.1   1   1   7.7e-43   9.6e-41  140.2   0.1     5   229     4   247     2   255 0.84 -
ptg000147l:9817365-9841488   -            710 57218at33392         -            365   2.2e-36  125.8   0.1   1   1   2.6e-38   3.2e-36  125.3   0.1     6   248     1   254     1   277 0.88 -
ptg000259l:1272144-1277283   -            194 57218at33392         -            365   3.3e-36  125.2   0.1   1   1   3.2e-38   3.9e-36  125.0   0.1     6   172     1   176     1   184 0.91 -
ptg000039l:3468163-3468705   -            181 57218at33392         -            365   3.5e-33  115.3   0.2   1   1   3.1e-35   3.9e-33  115.1   0.2    28   193     4   181     1   181 0.88 -
ptg000056l:634974-684902     -            410 57218at33392         -            365   3.7e-33  115.2   0.2   1   1   3.8e-35   4.7e-33  114.9   0.2    11   251    35   286    25   334 0.84 -
ptg000036l:4018530-4024517   -            210 57218at33392         -            365   5.7e-32  111.3   0.3   1   1   5.3e-34   6.6e-32  111.1   0.3    74   197     6   135     2   201 0.81 -
ptg000036l:6781189-6852759   -            207 57218at33392         -            365   6.7e-32  111.1   0.0   1   1   6.2e-34   7.7e-32  110.9   0.0    63   246    14   207     2   207 0.87 -
ptg000144l:1473844-1474683   -            280 57218at33392         -            365   1.8e-31  109.7   0.0   1   1     2e-33   2.5e-31  109.2   0.0    12   237     8   254     5   259 0.80 -
ptg000433l:1069583-1070422   -            280 57218at33392         -            365   1.8e-31  109.7   0.0   1   1     2e-33   2.5e-31  109.2   0.0    12   237     8   254     5   259 0.80 -
ptg000080l:1268367-1269116   -            250 57218at33392         -            365   5.2e-30  104.8   0.0   1   1   5.1e-32   6.4e-30  104.6   0.0     5   220    11   237     7   249 0.85 -
ptg000062l:34476816-34483336 -            184 57218at33392         -            365   1.1e-29  103.9   0.0   1   1   9.9e-32   1.2e-29  103.6   0.0   111   250     1   156     1   169 0.84 -
ptg000646l:124752-164423     -            440 57218at33392         -            365   1.5e-29  103.4   0.7   1   2   6.6e-24   8.2e-22   77.9   0.3    11   151    35   178    25   184 0.88 -
ptg000646l:124752-164423     -            440 57218at33392         -            365   1.5e-29  103.4   0.7   2   2   1.8e-07   2.2e-05   23.8   0.0   158   251   217   316   208   363 0.81 -
ptg000132l:14895217-14895717 -            167 57218at33392         -            365   1.3e-27   96.9   0.0   1   1   1.2e-29   1.5e-27   96.7   0.0   114   258     2   163     1   166 0.82 -
ptg000051l:1359262-1405551   -            795 57218at33392         -            365   7.1e-27   94.5   0.0   1   1   8.7e-29   1.1e-26   93.9   0.0    11   199    13   224     3   275 0.74 -
ptg000143l:409911-455183     -            795 57218at33392         -            365   2.1e-25   89.7   0.0   1   1   2.6e-27   3.3e-25   89.1   0.0    11   199    13   224     3   275 0.73 -
ptg000477l:148991-149566     -            192 57218at33392         -            365   5.3e-25   88.4   0.0   1   1   4.7e-27   5.9e-25   88.2   0.0    76   212     8   156     1   182 0.82 -
ptg000265l:4744375-4750002   -            133 57218at33392         -            365   2.8e-24   86.0   0.1   1   1   2.7e-26   3.3e-24   85.8   0.1    75   193     2   133     1   133 0.82 -
ptg000158l:11561700-11562923 -            338 57218at33392         -            365   3.4e-24   85.7   0.0   1   1   3.8e-26   4.7e-24   85.3   0.0    12   207    13   223     5   232 0.77 -
ptg000172l:10670179-10715033 -            371 57218at33392         -            365   1.1e-23   84.0   0.2   1   1   1.4e-25   1.7e-23   83.4   0.2     7   208    45   262    40   276 0.80 -
ptg000062l:39919509-39998713 -           1240 57218at33392         -            365   1.1e-23   84.0   0.0   1   1   1.5e-25   1.9e-23   83.3   0.0    10   193    31   236    23   242 0.80 -
ptg000160l:5699329-5704842   -            324 57218at33392         -            365   4.1e-23   82.1   0.0   1   1   6.8e-25   8.4e-23   81.1   0.0    12   199     9   206     2   219 0.84 -
ptg000696l:708822-714106     -            324 57218at33392         -            365   4.2e-23   82.1   0.0   1   1   7.5e-25   9.3e-23   81.0   0.0    12   199     9   206     2   219 0.84 -
ptg000151l:3329764-3333905   -            166 57218at33392         -            365   1.7e-22   80.1   0.0   1   1   1.7e-24   2.1e-22   79.8   0.0    81   236    11   159     3   163 0.86 -
ptg000240l:7306805-7339880   -            471 57218at33392         -            365   5.4e-22   78.5   0.0   1   1   6.3e-24   7.9e-22   77.9   0.0     6   243   101   351    97   358 0.79 -
ptg000147l:832073-842496     -            199 57218at33392         -            365   2.3e-21   76.4   0.1   1   1   2.2e-23   2.7e-21   76.2   0.1    56   206    15   174     6   186 0.83 -
ptg000080l:27229777-27234221 -            341 57218at33392         -            365   3.1e-21   76.0   0.0   1   1   2.7e-23   3.3e-21   75.9   0.0     5   242     8   270     2   336 0.74 -
ptg000080l:33966843-33968312 -            257 57218at33392         -            365   1.4e-20   73.9   0.0   1   1   1.1e-22   1.4e-20   73.8   0.0    12   194    12   201     1   253 0.82 -
ptg000076l:579913-580692     -            260 57218at33392         -            365   1.5e-20   73.7   0.0   1   1   1.5e-22   1.9e-20   73.4   0.0    12   194    12   202     1   216 0.82 -
ptg000062l:11491567-11493310 -            158 57218at33392         -            365   1.1e-19   70.9   0.0   1   1   9.6e-22   1.2e-19   70.8   0.0    76   197     2   124     1   141 0.87 -
ptg000149l:19382965-19390305 -            274 57218at33392         -            365   1.2e-19   70.8   0.0   1   1   1.6e-21     2e-19   70.0   0.0    11   185     9   195     2   217 0.85 -
ptg000178l:905569-1050734    -            440 57218at33392         -            365   1.9e-19   70.1   0.0   1   1   3.1e-21   3.8e-19   69.1   0.0    12   207   128   335   119   343 0.77 -
ptg000378l:1061701-1227924   -            444 57218at33392         -            365   1.9e-19   70.1   0.0   1   1   3.2e-21   3.9e-19   69.1   0.0    12   207   132   339   123   347 0.77 -
ptg000061l:16415435-16420980 -            284 57218at33392         -            365   2.5e-19   69.7   0.1   1   2   1.2e-19   1.5e-17   63.8   0.1     5   204     3   205     1   224 0.79 -
ptg000061l:16415435-16420980 -            284 57218at33392         -            365   2.5e-19   69.7   0.1   2   2      0.17        21    4.2   0.0   205   253   239   284   214   284 0.66 -
ptg000132l:14649396-14650344 -            147 57218at33392         -            365   3.1e-19   69.4   0.0   1   1   3.1e-21   3.9e-19   69.1   0.0   110   227     3   138     1   147 0.80 -
ptg000251l:1026345-1027564   -            174 57218at33392         -            365   3.9e-19   69.1   0.0   1   1   3.6e-21   4.5e-19   68.9   0.0    62   183    15   136     2   148 0.85 -
ptg000307l:2412317-2413536   -            174 57218at33392         -            365   3.9e-19   69.1   0.0   1   1   3.6e-21   4.5e-19   68.9   0.0    62   183    15   136     2   148 0.85 -
ptg000082l:12532505-12533127 -            163 57218at33392         -            365   4.6e-19   68.8   0.0   1   1   4.3e-21   5.4e-19   68.6   0.0    78   221     2   148     1   159 0.88 -
ptg000392l:342362-364862     -            639 57218at33392         -            365   5.8e-19   68.5   0.0   1   1   8.6e-21   1.1e-18   67.6   0.0    11   232   352   592   343   599 0.78 -
ptg000124l:3964966-3968773   -            194 57218at33392         -            365   3.3e-18   66.0   0.0   1   2     0.064       7.9    5.6   0.0    16    38     1    24     1    30 0.90 -
ptg000124l:3964966-3968773   -            194 57218at33392         -            365   3.3e-18   66.0   0.0   2   2   4.4e-18   5.5e-16   58.7   0.0    97   202    86   190    69   194 0.87 -
ptg000163l:8583981-8604336   -            148 57218at33392         -            365   1.3e-17   64.0   0.0   1   1   7.8e-19   9.8e-17   61.2   0.0   121   252     1   133     1   144 0.76 -
ptg000080l:30564278-30565755 -            388 57218at33392         -            365     2e-17   63.4   0.0   1   1   2.3e-19   2.9e-17   62.9   0.0    49   193   124   279    83   287 0.84 -
ptg000061l:3266629-3271369   -            904 57218at33392         -            365   2.3e-17   63.3   0.0   1   1   1.8e-19   2.3e-17   63.3   0.0    11   205    32   237    23   265 0.79 -
ptg000039l:5694514-5695060   -            162 57218at33392         -            365   1.3e-16   60.8   0.0   1   1   1.2e-18   1.5e-16   60.6   0.0    75   192     1   125     1   142 0.86 -
ptg000359l:949019-949565     -            162 57218at33392         -            365   1.3e-16   60.8   0.0   1   1   1.2e-18   1.5e-16   60.6   0.0    75   192     1   125     1   142 0.86 -
ptg000107l:3098407-3099048   -            214 57218at33392         -            365   1.6e-16   60.5   0.1   1   1   1.6e-18     2e-16   60.1   0.1    66   197    20   165     4   180 0.75 -
ptg000061l:15146587-15147194 -            125 57218at33392         -            365   3.3e-16   59.4   0.0   1   1   3.1e-18   3.8e-16   59.2   0.0   118   232     2   121     1   124 0.83 -
ptg000149l:6749627-6754079   -            254 57218at33392         -            365   5.6e-16   58.7   0.0   1   1   5.9e-18   7.3e-16   58.3   0.0     9   206     8   221     2   231 0.73 -
ptg000472l:352659-369823     -            216 57218at33392         -            365   9.5e-16   57.9   0.0   1   1   1.2e-17   1.5e-15   57.3   0.0    12   188    11   211     3   215 0.72 -
ptg000311l:13212705-13213142 -            146 57218at33392         -            365   1.4e-15   57.4   0.0   1   1   1.1e-17   1.4e-15   57.4   0.0   119   208     6   103     1   144 0.80 -
ptg000080l:5610522-5611100   -            193 57218at33392         -            365   1.5e-15   57.3   0.1   1   1   1.5e-17   1.8e-15   57.0   0.1    98   207    52   168    29   179 0.77 -
ptg000472l:382193-389280     -            216 57218at33392         -            365   2.1e-15   56.8   0.0   1   1   2.6e-17   3.2e-15   56.2   0.0    10   188     9   211     2   215 0.73 -
ptg000666l:568403-571885     -            216 57218at33392         -            365   2.1e-15   56.8   0.0   1   1   2.6e-17   3.2e-15   56.2   0.0    10   188     9   211     2   215 0.73 -
ptg000132l:14728574-14728822 -             83 57218at33392         -            365   2.5e-15   56.6   0.0   1   1   2.2e-17   2.7e-15   56.4   0.0   112   177     2    70     1    79 0.85 -
ptg000174l:5662826-5667296   -            128 57218at33392         -            365   4.9e-15   55.6   0.0   1   1   4.3e-17   5.4e-15   55.5   0.0   111   207     2   107     1   122 0.80 -
ptg000150l:659593-660204     -            204 57218at33392         -            365   9.9e-15   54.6   0.0   1   1   6.1e-16   7.6e-14   51.7   0.0    85   234     3   201     1   204 0.65 -
ptg000020l:1190097-1198325   -            136 57218at33392         -            365     2e-14   53.6   0.0   1   1   1.9e-16   2.4e-14   53.3   0.0   127   236     1   129     1   133 0.78 -
ptg000179l:330810-341286     -            136 57218at33392         -            365     2e-14   53.6   0.0   1   1   1.9e-16   2.4e-14   53.3   0.0   127   236     1   129     1   133 0.78 -
ptg000178l:64937-65500       -            188 57218at33392         -            365   5.5e-14   52.1   0.0   1   1   5.1e-16   6.4e-14   51.9   0.0    70   227     5   173     1   180 0.80 -
ptg000378l:249243-249806     -            188 57218at33392         -            365   5.5e-14   52.1   0.0   1   1   5.1e-16   6.4e-14   51.9   0.0    70   227     5   173     1   180 0.80 -
ptg000035l:6664800-6693991   -            438 57218at33392         -            365   6.7e-14   51.9   0.0   1   1   9.1e-16   1.1e-13   51.1   0.0    10   198    35   250    26   256 0.74 -
ptg000158l:10420958-10421730 -            195 57218at33392         -            365   2.4e-13   50.0   0.0   1   1   2.1e-15   2.6e-13   49.9   0.0    75   207    51   192    11   194 0.80 -
ptg000024l:16297411-16304708 -            111 57218at33392         -            365   3.5e-13   49.5   0.0   1   1   3.2e-15     4e-13   49.3   0.0   113   206     3   109     1   111 0.80 -
ptg000149l:27036324-27036629 -            102 57218at33392         -            365     8e-13   48.3   0.0   1   1   7.4e-15   9.2e-13   48.1   0.0    63   152    12   101     5   102 0.88 -
ptg000041l:7667284-7674955   -            282 57218at33392         -            365   1.5e-12   47.5   0.1   1   1     2e-14   2.5e-12   46.7   0.1     5   205    19   238    16   257 0.75 -
ptg000135l:872282-948432     -           1072 57218at33392         -            365   1.5e-12   47.4   7.0   1   2     0.095        12    5.0   0.1    61   187   514   646   467   658 0.75 -
ptg000135l:872282-948432     -           1072 57218at33392         -            365   1.5e-12   47.4   7.0   2   2   5.4e-14   6.7e-12   45.3   0.0    75   187   871   995   802  1006 0.79 -
ptg000080l:27241261-27243497 -            278 57218at33392         -            365   1.5e-12   47.4   0.0   1   1   1.6e-14     2e-12   47.0   0.0     7   204    13   235     9   258 0.75 -
ptg000303l:3433495-3434907   -            471 57218at33392         -            365   2.6e-12   46.6   0.1   1   2   3.9e-09   4.9e-07   29.3   0.1     7   134    11   152     9   162 0.79 -
ptg000303l:3433495-3434907   -            471 57218at33392         -            365   2.6e-12   46.6   0.1   2   2   0.00013     0.016   14.4   0.0   135   197   309   376   300   411 0.84 -
ptg000365l:4424647-4426059   -            471 57218at33392         -            365   2.6e-12   46.6   0.1   1   2   3.9e-09   4.9e-07   29.3   0.1     7   134    11   152     9   162 0.79 -
ptg000365l:4424647-4426059   -            471 57218at33392         -            365   2.6e-12   46.6   0.1   2   2   0.00013     0.016   14.4   0.0   135   197   309   376   300   411 0.84 -
ptg000049l:7447139-7447830   -            136 57218at33392         -            365   2.7e-12   46.6   0.0   1   1   2.4e-14     3e-12   46.4   0.0   121   196     1    79     1   105 0.81 -
ptg000152l:1161948-1162642   -            136 57218at33392         -            365   2.7e-12   46.6   0.0   1   1   2.4e-14     3e-12   46.4   0.0   121   196     1    79     1   105 0.81 -
ptg000666l:544602-557398     -            171 57218at33392         -            365   3.8e-12   46.1   0.0   1   1   3.3e-14   4.1e-12   46.0   0.0    62   187    30   167     6   171 0.78 -
ptg000170l:6357872-6446835   -           1038 57218at33392         -            365   9.1e-12   44.8   0.0   1   1   1.2e-13   1.4e-11   44.2   0.0   111   193   618   718   518   755 0.72 -
ptg000080l:27076982-27085989 -            894 57218at33392         -            365   9.8e-12   44.7   0.4   1   2         1   1.3e+02    1.6   0.1     4    61   430   485   427   496 0.77 -
ptg000080l:27076982-27085989 -            894 57218at33392         -            365   9.8e-12   44.7   0.4   2   2   1.7e-12   2.1e-10   40.3   0.0    76   224   682   847   674   882 0.72 -
ptg000080l:30829200-30829463 -             88 57218at33392         -            365   1.8e-11   43.8   0.0   1   1   1.7e-13   2.1e-11   43.6   0.0   126   202     1    83     1    86 0.90 -
ptg000072l:602372-605732     -            175 57218at33392         -            365     3e-11   43.1   0.0   1   1   3.1e-13   3.9e-11   42.8   0.0   111   197    42   139    36   152 0.78 -
ptg000250l:1823814-1827106   -            175 57218at33392         -            365     3e-11   43.1   0.0   1   1   3.1e-13   3.9e-11   42.8   0.0   111   197    42   139    36   152 0.78 -
ptg000240l:9688248-9689870   -            113 57218at33392         -            365   4.8e-11   42.5   0.0   1   1     4e-13   4.9e-11   42.4   0.0   110   197     2    92     1   113 0.76 -
ptg000369l:430408-432018     -            113 57218at33392         -            365   4.8e-11   42.5   0.0   1   1     4e-13   4.9e-11   42.4   0.0   110   197     2    92     1   113 0.76 -
ptg000165l:6604022-6604543   -            131 57218at33392         -            365   8.9e-11   41.6   0.0   1   1   1.2e-12   1.5e-10   40.8   0.0   113   197     2   101     1   114 0.80 -
ptg000383l:25814-26197       -            128 57218at33392         -            365   1.1e-10   41.3   0.0   1   1   1.1e-12   1.3e-10   41.0   0.0   126   218     1   100     1   104 0.86 -
ptg000402l:981572-981955     -            128 57218at33392         -            365   1.1e-10   41.3   0.0   1   1   1.1e-12   1.3e-10   41.0   0.0   126   218     1   100     1   104 0.86 -
ptg000122l:21873569-21878448 -            203 57218at33392         -            365   2.8e-10   39.9   0.0   1   1   3.7e-12   4.7e-10   39.2   0.0    16   204     1   195     1   201 0.65 -
ptg000062l:13088155-13088904 -            250 57218at33392         -            365   5.4e-10   39.0   0.0   1   1   6.6e-12   8.3e-10   38.4   0.0    14   202    16   231     8   249 0.68 -
ptg000202l:987624-989148     -            235 57218at33392         -            365   7.8e-10   38.5   0.0   1   1   7.9e-12   9.8e-10   38.1   0.0    77   240    49   214    19   220 0.78 -
ptg000641l:556473-557935     -            235 57218at33392         -            365   7.8e-10   38.5   0.0   1   1   7.9e-12   9.8e-10   38.1   0.0    77   240    49   214    19   220 0.78 -
ptg000024l:31998947-32104276 -           2461 57218at33392         -            365   1.1e-09   38.0   0.0   1   1   1.7e-11   2.1e-09   37.1   0.0    79   196  1870  2011  1863  2017 0.73 -
ptg000147l:9083637-9277000   -           2334 57218at33392         -            365   1.4e-09   37.6   0.0   1   1   2.5e-11   3.1e-09   36.5   0.0     8   203  1968  2192  1963  2217 0.71 -
ptg000900l:222344-227909     -            251 57218at33392         -            365   1.5e-09   37.6   0.0   1   1   1.9e-11   2.3e-09   36.9   0.0   106   193   106   205    96   222 0.79 -
ptg000743l:523173-528047     -            251 57218at33392         -            365   1.5e-09   37.6   0.0   1   1   1.9e-11   2.3e-09   36.9   0.0   106   193   106   205    96   222 0.79 -
ptg000151l:1782786-1783151   -            122 57218at33392         -            365   2.6e-09   36.8   2.6   1   1   2.4e-11     3e-09   36.6   2.6    33   146     3   122     1   122 0.78 -
ptg000032l:23098669-23179202 -            194 57218at33392         -            365   2.8e-09   36.6   0.0   1   1     3e-11   3.8e-09   36.2   0.0   109   215    53   170    44   186 0.81 -
ptg000695l:623898-625819     -            149 57218at33392         -            365   4.3e-09   36.1   0.0   1   1     4e-11   4.9e-09   35.8   0.0   106   196     9   109     1   115 0.83 -
ptg000004l:8051911-8053424   -             95 57218at33392         -            365   5.6e-09   35.7   0.0   1   1   6.3e-11   7.8e-09   35.2   0.0   108   187     7    93     3    94 0.78 -
ptg000061l:12119000-12120089 -            219 57218at33392         -            365   5.6e-09   35.7   0.0   1   1   5.9e-11   7.3e-09   35.3   0.0   102   207    63   180    30   192 0.77 -
ptg000268l:129774-130154     -            127 57218at33392         -            365   7.4e-09   35.3   0.0   1   1   6.9e-11   8.6e-09   35.0   0.0   140   229     7   110     4   126 0.76 -
ptg000339l:605536-605916     -            127 57218at33392         -            365   7.8e-09   35.2   0.0   1   1   7.2e-11     9e-09   35.0   0.0   140   229     7   110     4   126 0.76 -
ptg000553l:769901-1147474    -           2873 57218at33392         -            365     1e-08   34.8   0.0   1   1   1.7e-10   2.1e-08   33.8   0.0    11   180  2640  2820  2631  2830 0.74 -
ptg000122l:38801531-38801974 -            148 57218at33392         -            365   1.2e-08   34.5   0.0   1   1   1.1e-10   1.4e-08   34.3   0.0   108   193    16   110     3   126 0.80 -
ptg000280l:728772-729329     -            139 57218at33392         -            365   2.4e-08   33.6   0.0   1   1   2.2e-10   2.7e-08   33.4   0.0    76   188    12   133     2   139 0.85 -
ptg000442l:39728-40285       -            139 57218at33392         -            365   2.4e-08   33.6   0.0   1   1   2.2e-10   2.7e-08   33.4   0.0    76   188    12   133     2   139 0.85 -
ptg000049l:9161454-9161663   -             70 57218at33392         -            365   2.8e-08   33.3   0.0   1   1   2.4e-10     3e-08   33.2   0.0   160   214     1    60     1    68 0.85 -
ptg000706l:206302-206511     -             70 57218at33392         -            365   2.8e-08   33.3   0.0   1   1   2.4e-10     3e-08   33.2   0.0   160   214     1    60     1    68 0.85 -
ptg000186l:257952-260408     -            146 57218at33392         -            365   4.4e-08   32.7   0.0   1   1   4.1e-10   5.1e-08   32.5   0.0   106   196     9   106     1   112 0.81 -
ptg000904l:72900-75747       -            164 57218at33392         -            365   1.1e-07   31.5   0.0   1   1     1e-09   1.3e-07   31.2   0.0   122   249    17   150     8   159 0.74 -
ptg000024l:32209388-32210260 -            291 57218at33392         -            365   1.6e-07   30.9   0.3   1   2       1.3   1.6e+02    1.2   0.0     5    26     2    23     1    60 0.84 -
ptg000024l:32209388-32210260 -            291 57218at33392         -            365   1.6e-07   30.9   0.3   2   2   1.8e-08   2.2e-06   27.1   0.1   100   193   128   231    98   247 0.64 -
ptg000067l:6807647-6807880   -             78 57218at33392         -            365   1.8e-07   30.7   0.0   1   1   1.7e-09   2.2e-07   30.4   0.0   174   232     5    67     2    71 0.84 -
ptg000177l:4571322-4572167   -            282 57218at33392         -            365   1.4e-06   27.7   0.0   1   1   1.6e-08   1.9e-06   27.3   0.0    73   186    57   195     8   212 0.68 -
ptg000406l:5454819-5461787   -            232 57218at33392         -            365   1.4e-06   27.7   0.0   1   1   1.3e-08   1.7e-06   27.5   0.0    63   201    60   215     1   229 0.68 -
ptg000483l:1192339-1202286   -            232 57218at33392         -            365   1.4e-06   27.7   0.0   1   1   1.3e-08   1.7e-06   27.5   0.0    63   201    60   215     1   229 0.68 -
ptg000034l:225183-226028     -            282 57218at33392         -            365   1.5e-06   27.7   0.0   1   1   1.6e-08     2e-06   27.2   0.0    73   186    57   195     8   212 0.68 -
ptg000268l:134309-134515     -             69 57218at33392         -            365   3.1e-06   26.6   0.0   1   1   2.6e-08   3.3e-06   26.6   0.0   165   214     2    56     1    65 0.83 -
ptg000374l:1407207-1432755   -            818 57218at33392         -            365     5e-06   26.0   0.0   1   1     6e-08   7.5e-06   25.4   0.0    88   171    86   169    49   204 0.79 -
ptg000640l:1589496-1647569   -            217 57218at33392         -            365   9.1e-06   25.1   0.0   1   1   1.2e-07   1.5e-05   24.4   0.0    76   198    29   168    16   189 0.72 -
ptg000045l:6745742-6749292   -            185 57218at33392         -            365   9.7e-06   25.0   0.0   1   1     1e-07   1.2e-05   24.6   0.0   125   208     1    93     1   101 0.82 -
ptg000050l:4920531-4922332   -            134 57218at33392         -            365   1.9e-05   24.1   0.0   1   1   1.8e-07   2.3e-05   23.8   0.0   123   188     1    76     1    93 0.74 -
ptg000286l:518287-518685     -            133 57218at33392         -            365   2.6e-05   23.6   0.1   1   1   3.8e-07   4.7e-05   22.7   0.1   105   149    18    66     1   130 0.76 -
ptg000254l:1083451-1083807   -            119 57218at33392         -            365   2.8e-05   23.5   0.1   1   1   3.2e-07     4e-05   23.0   0.1   105   149    18    66     1   119 0.76 -
ptg000097l:1421472-1482835   -            232 57218at33392         -            365   5.7e-05   22.5   0.2   1   1   8.2e-07    0.0001   21.6   0.2   102   193    67   170    61   185 0.73 -
ptg000020l:5903220-5906702   -            167 57218at33392         -            365   8.2e-05   21.9   0.0   1   1   7.5e-07   9.3e-05   21.8   0.0   112   205    32   133     4   158 0.74 -
ptg000155l:416455-420568     -            169 57218at33392         -            365   0.00013   21.3   0.0   1   1   1.8e-06   0.00022   20.5   0.0   105   220     7   134     3   145 0.74 -
ptg000045l:6733043-6735341   -            185 57218at33392         -            365   0.00016   21.0   0.0   1   1   1.6e-06    0.0002   20.7   0.0   125   195     1    79     1    96 0.78 -
ptg000138l:1283093-1292353   -             89 57218at33392         -            365    0.0002   20.7   0.0   1   1   1.8e-06   0.00022   20.5   0.0   156   206    27    83     1    86 0.78 -
ptg000553l:1694583-1696381   -            285 57218at33392         -            365   0.00025   20.4   0.1   1   1     4e-06    0.0005   19.4   0.1    95   188   108   210    63   277 0.72 -
ptg000610l:147233-149006     -            283 57218at33392         -            365    0.0003   20.1   0.0   1   1     4e-06   0.00049   19.4   0.0    95   188   106   208    62   275 0.72 -
ptg000122l:6662743-6705802   -           1370 57218at33392         -            365    0.0004   19.7   0.0   1   2   4.6e-05    0.0058   15.9   0.0   103   149   123   169    68   208 0.85 -
ptg000122l:6662743-6705802   -           1370 57218at33392         -            365    0.0004   19.7   0.0   2   2       1.2   1.5e+02    1.4   0.0   170   253   225   311   198   342 0.72 -
ptg000080l:944432-946530     -            232 57218at33392         -            365   0.00097   18.4   0.4   1   1   1.2e-05    0.0015   17.8   0.4    97   187   106   200     5   213 0.73 -
ptg000012l:8075158-8075412   -             85 57218at33392         -            365    0.0014   17.9   0.0   1   1   1.2e-05    0.0015   17.8   0.0    63   140     7    83     3    85 0.81 -
ptg000283l:4639550-4639747   -             66 57218at33392         -            365    0.0018   17.5   0.0   1   1   1.5e-05    0.0018   17.5   0.0   166   215     4    56     1    64 0.73 -
ptg000434l:211293-211679     -            129 57218at33392         -            365     0.002   17.4   0.0   1   1   2.5e-05    0.0031   16.8   0.0   121   169    74   129    68   129 0.74 -
ptg000559l:744267-746294     -             63 57218at33392         -            365    0.0028   16.9   0.0   1   1   2.2e-05    0.0028   16.9   0.0   169   196    18    45    10    59 0.89 -
ptg000159l:4476115-4476324   -             70 57218at33392         -            365    0.0033   16.7   0.0   1   1   2.7e-05    0.0033   16.7   0.0   171   214    11    54     1    70 0.75 -
ptg000047l:1736470-1736676   -             69 57218at33392         -            365    0.0038   16.5   0.0   1   1   3.1e-05    0.0038   16.5   0.0   168   200    10    42     1    61 0.78 -
ptg000080l:30600381-30600701 -            107 57218at33392         -            365    0.0041   16.4   0.0   1   1   4.3e-05    0.0053   16.0   0.0   107   137    57    87    52    94 0.86 -
ptg000073l:5068377-5083510   -            595 57218at33392         -            365    0.0063   15.7   0.1   1   1   0.00013     0.016   14.4   0.1   298   364    29   112     7   113 0.73 -
ptg000178l:91819-92010       -             64 57218at33392         -            365    0.0067   15.7   0.0   1   1   5.7e-05    0.0071   15.6   0.0    64   125     1    64     1    64 0.86 -
ptg000378l:274762-274953     -             64 57218at33392         -            365    0.0067   15.7   0.0   1   1   5.7e-05    0.0071   15.6   0.0    64   125     1    64     1    64 0.86 -
ptg000189l:84132-84359       -             76 57218at33392         -            365     0.021   14.0   0.0   1   1   0.00018     0.022   13.9   0.0   173   215    11    53     7    75 0.80 -
ptg000045l:6749731-6749928   -             66 57218at33392         -            365      0.11   11.6   0.0   1   1   0.00092      0.11   11.6   0.0     2    39     6    43     5    61 0.87 -
#
# Program:         hmmsearch
# Version:         3.2.1 (June 2018)
# Pipeline mode:   SEARCH
# Query file:      /home/tpsylvst/projects/diaprepes_assembly/busco/busco_downloads/lineages/endopterygota_odb10/hmms/57218at33392.hmm
# Target file:     /home/tpsylvst/projects/diaprepes_assembly/busco/diaprepes_busco/run_endopterygota_odb10/metaeuk_output/initial_results/diaprepes.fa.modified.fas
# Option settings: hmmsearch --domtblout /home/tpsylvst/projects/diaprepes_assembly/busco/diaprepes_busco/run_endopterygota_odb10/hmmer_output/initial_run_results/57218at33392.out --cpu 1 /home/tpsylvst/projects/diaprepes_assembly/busco/busco_downloads/lineages/endopterygota_odb10/hmms/57218at33392.hmm /home/tpsylvst/projects/diaprepes_assembly/busco/diaprepes_busco/run_endopterygota_odb10/metaeuk_output/initial_results/diaprepes.fa.modified.fas 
# Current dir:     /home/tpsylvst/projects/diaprepes_assembly/busco
# Date:            Mon Nov 28 14:23:13 2022
# [ok]
