#                                                                                    --- full sequence --- -------------- this domain -------------   hmm coord   ali coord   env coord
# target name                accession   tlen query name           accession   qlen   E-value  score  bias   #  of  c-Evalue  i-Evalue  score  bias  from    to  from    to  from    to  acc description of target
#        ------------------- ---------- ----- -------------------- ---------- ----- --------- ------ ----- --- --- --------- --------- ------ ----- ----- ----- ----- ----- ----- ----- ---- ---------------------
ptg000328l:1066170-1073830   -            394 63476at33392         -            322    5e-178  591.1  30.7   1   1  1.1e-181    5e-178  591.1  30.7     1   319    21   349    21   365 0.94 -
ptg000004l:12099587-12154961 -            472 63476at33392         -            322   2.3e-70  237.3  28.3   1   3   6.3e-43   2.9e-39  135.1  11.4     1   227    27   285    27   288 0.77 -
ptg000004l:12099587-12154961 -            472 63476at33392         -            322   2.3e-70  237.3  28.3   2   3     1e-12   4.8e-09   35.8   4.6   196   242   271   319   268   326 0.90 -
ptg000004l:12099587-12154961 -            472 63476at33392         -            322   2.3e-70  237.3  28.3   3   3   5.6e-26   2.6e-22   79.4   0.2   231   319   327   418   321   421 0.90 -
ptg000100l:418698-419365     -            212 63476at33392         -            322   1.7e-61  208.2  13.3   1   1   1.6e-64   7.4e-61  206.1  13.3    78   314     2   208     1   212 0.91 -
ptg000028l:403185-403692     -            155 63476at33392         -            322     5e-32  111.3  12.7   1   2   2.5e-28   1.2e-24   87.1   1.5    76   184    32   127    11   127 0.85 -
ptg000028l:403185-403692     -            155 63476at33392         -            322     5e-32  111.3  12.7   2   2   3.7e-12   1.7e-08   34.0   5.2   201   233   123   155   122   155 0.97 -
#
# Program:         hmmsearch
# Version:         3.2.1 (June 2018)
# Pipeline mode:   SEARCH
# Query file:      /home/tpsylvst/projects/diaprepes_assembly/busco/busco_downloads/lineages/endopterygota_odb10/hmms/63476at33392.hmm
# Target file:     /home/tpsylvst/projects/diaprepes_assembly/busco/diaprepes_busco/run_endopterygota_odb10/metaeuk_output/initial_results/diaprepes.fa.modified.fas
# Option settings: hmmsearch --domtblout /home/tpsylvst/projects/diaprepes_assembly/busco/diaprepes_busco/run_endopterygota_odb10/hmmer_output/initial_run_results/63476at33392.out --cpu 1 /home/tpsylvst/projects/diaprepes_assembly/busco/busco_downloads/lineages/endopterygota_odb10/hmms/63476at33392.hmm /home/tpsylvst/projects/diaprepes_assembly/busco/diaprepes_busco/run_endopterygota_odb10/metaeuk_output/initial_results/diaprepes.fa.modified.fas 
# Current dir:     /home/tpsylvst/projects/diaprepes_assembly/busco
# Date:            Mon Nov 28 14:23:13 2022
# [ok]
