#                                                                                --- full sequence --- -------------- this domain -------------   hmm coord   ali coord   env coord
# target name            accession   tlen query name           accession   qlen   E-value  score  bias   #  of  c-Evalue  i-Evalue  score  bias  from    to  from    to  from    to  acc description of target
#    ------------------- ---------- ----- -------------------- ---------- ----- --------- ------ ----- --- --- --------- --------- ------ ----- ----- ----- ----- ----- ----- ----- ---- ---------------------
ptg000609l:809952-836142 -            365 65075at33392         -            271    5e-124  413.0   5.0   1   3       0.4   2.5e+03   -2.4   0.1     1    11     3    13     3    36 0.79 -
ptg000609l:809952-836142 -            365 65075at33392         -            271    5e-124  413.0   5.0   2   3   1.2e-07   0.00073   19.0   0.0     7    46    60   101    54   109 0.84 -
ptg000609l:809952-836142 -            365 65075at33392         -            271    5e-124  413.0   5.0   3   3  1.7e-122    1e-118  395.6   1.1    47   271   129   364   106   364 0.95 -
ptg000515l:282-19881     -            255 65075at33392         -            271   8.9e-79  264.7   6.6   1   3      0.25   1.5e+03   -1.7   0.1     1    11     3    13     3    37 0.78 -
ptg000515l:282-19881     -            255 65075at33392         -            271   8.9e-79  264.7   6.6   2   3   6.8e-08   0.00042   19.8   0.0     7    46    60   101    54   110 0.84 -
ptg000515l:282-19881     -            255 65075at33392         -            271   8.9e-79  264.7   6.6   3   3   3.8e-77   2.3e-73  246.9   2.0    47   173   129   255   106   255 0.95 -
ptg000061l:742247-743877 -            286 65075at33392         -            271   8.3e-12   45.1   0.0   1   1   1.8e-15   1.1e-11   44.7   0.0    55   159    22   129    15   229 0.74 -
#
# Program:         hmmsearch
# Version:         3.2.1 (June 2018)
# Pipeline mode:   SEARCH
# Query file:      /home/tpsylvst/projects/diaprepes_assembly/busco/busco_downloads/lineages/endopterygota_odb10/hmms/65075at33392.hmm
# Target file:     /home/tpsylvst/projects/diaprepes_assembly/busco/diaprepes_busco/run_endopterygota_odb10/metaeuk_output/initial_results/diaprepes.fa.modified.fas
# Option settings: hmmsearch --domtblout /home/tpsylvst/projects/diaprepes_assembly/busco/diaprepes_busco/run_endopterygota_odb10/hmmer_output/initial_run_results/65075at33392.out --cpu 1 /home/tpsylvst/projects/diaprepes_assembly/busco/busco_downloads/lineages/endopterygota_odb10/hmms/65075at33392.hmm /home/tpsylvst/projects/diaprepes_assembly/busco/diaprepes_busco/run_endopterygota_odb10/metaeuk_output/initial_results/diaprepes.fa.modified.fas 
# Current dir:     /home/tpsylvst/projects/diaprepes_assembly/busco
# Date:            Mon Nov 28 14:23:11 2022
# [ok]
