#                                                                                    --- full sequence --- -------------- this domain -------------   hmm coord   ali coord   env coord
# target name                accession   tlen query name           accession   qlen   E-value  score  bias   #  of  c-Evalue  i-Evalue  score  bias  from    to  from    to  from    to  acc description of target
#        ------------------- ---------- ----- -------------------- ---------- ----- --------- ------ ----- --- --- --------- --------- ------ ----- ----- ----- ----- ----- ----- ----- ---- ---------------------
ptg000026l:638777-640713     -            338 69713at33392         -            282  1.8e-132  440.8  24.3   1   2  4.5e-134  9.4e-132  438.4  22.8     5   282     8   332     3   332 0.88 -
ptg000026l:638777-640713     -            338 69713at33392         -            282  1.8e-132  440.8  24.3   2   2     0.021       4.3    6.4   0.0    22    38   319   335   317   338 0.63 -
ptg000314l:1168299-1170253   -            336 69713at33392         -            282  4.5e-129  429.6  25.9   1   2  1.1e-130  2.3e-128  427.3  24.4     5   282     8   330     3   330 0.87 -
ptg000314l:1168299-1170253   -            336 69713at33392         -            282  4.5e-129  429.6  25.9   2   2     0.021       4.3    6.4   0.0    22    38   317   333   315   336 0.63 -
ptg000107l:568379-571354     -            467 69713at33392         -            282   1.5e-38  132.6  11.5   1   6   1.6e-05    0.0034   16.6   0.0    82   121    91   130    79   138 0.88 -
ptg000107l:568379-571354     -            467 69713at33392         -            282   1.5e-38  132.6  11.5   2   6   2.8e-09   5.7e-07   29.0   0.7    44   119   139   218   132   219 0.88 -
ptg000107l:568379-571354     -            467 69713at33392         -            282   1.5e-38  132.6  11.5   3   6   7.8e-10   1.6e-07   30.8   3.0     7   101   181   283   179   291 0.79 -
ptg000107l:568379-571354     -            467 69713at33392         -            282   1.5e-38  132.6  11.5   4   6      0.15        31    3.6   0.0   185   203   326   344   319   352 0.85 -
ptg000107l:568379-571354     -            467 69713at33392         -            282   1.5e-38  132.6  11.5   5   6   6.7e-13   1.4e-10   40.8   0.0    44   106   354   414   347   415 0.94 -
ptg000107l:568379-571354     -            467 69713at33392         -            282   1.5e-38  132.6  11.5   6   6   4.1e-10   8.5e-08   31.7   0.0    44   114   396   464   392   467 0.94 -
ptg000250l:1861398-1892629   -            787 69713at33392         -            282   5.8e-29  101.1  14.7   1   5       7.3   1.5e+03   -1.9   0.0   184   204    64    84    56    95 0.80 -
ptg000250l:1861398-1892629   -            787 69713at33392         -            282   5.8e-29  101.1  14.7   2   5   3.2e-11   6.7e-09   35.3   0.1    10   127    94   213    85   226 0.82 -
ptg000250l:1861398-1892629   -            787 69713at33392         -            282   5.8e-29  101.1  14.7   3   5       1.7   3.5e+02    0.1   0.0   188   241   245   297   239   323 0.57 -
ptg000250l:1861398-1892629   -            787 69713at33392         -            282   5.8e-29  101.1  14.7   4   5    0.0053       1.1    8.4   0.0     4    75   358   431   355   449 0.81 -
ptg000250l:1861398-1892629   -            787 69713at33392         -            282   5.8e-29  101.1  14.7   5   5   2.7e-19   5.6e-17   61.8   2.7    44   203   473   630   456   640 0.86 -
ptg000072l:663502-697163     -            787 69713at33392         -            282   7.8e-29  100.7  15.0   1   5       7.3   1.5e+03   -1.9   0.0   184   204    64    84    56    95 0.80 -
ptg000072l:663502-697163     -            787 69713at33392         -            282   7.8e-29  100.7  15.0   2   5   4.8e-11     1e-08   34.8   0.1    10   127    94   213    85   226 0.82 -
ptg000072l:663502-697163     -            787 69713at33392         -            282   7.8e-29  100.7  15.0   3   5       1.7   3.6e+02    0.1   0.0   188   229   245   285   240   323 0.55 -
ptg000072l:663502-697163     -            787 69713at33392         -            282   7.8e-29  100.7  15.0   4   5    0.0045      0.95    8.6   0.0     4    76   358   432   355   453 0.81 -
ptg000072l:663502-697163     -            787 69713at33392         -            282   7.8e-29  100.7  15.0   5   5   2.3e-19   4.9e-17   62.0   2.6    44   203   473   630   452   640 0.86 -
ptg000024l:27861126-27886824 -            495 69713at33392         -            282   2.2e-26   92.7   4.0   1   3   9.8e-07    0.0002   20.6   0.1    45   123   201   285   187   294 0.79 -
ptg000024l:27861126-27886824 -            495 69713at33392         -            282   2.2e-26   92.7   4.0   2   3     7e-07   0.00015   21.1   0.1    61   122   267   327   258   333 0.87 -
ptg000024l:27861126-27886824 -            495 69713at33392         -            282   2.2e-26   92.7   4.0   3   3     6e-10   1.3e-07   31.1   0.1    45   119   420   493   412   495 0.91 -
ptg000062l:10796551-10808865 -            176 69713at33392         -            282   2.3e-26   92.6   3.4   1   2   7.1e-15   1.5e-12   47.3   0.5     6   103     4    96     1   101 0.89 -
ptg000062l:10796551-10808865 -            176 69713at33392         -            282   2.3e-26   92.6   3.4   2   2   7.8e-16   1.6e-13   50.5   0.2    44   121    81   165    80   170 0.88 -
ptg000034l:1830036-1844023   -            593 69713at33392         -            282   4.6e-24   85.1   0.4   1   5       1.8   3.7e+02    0.1   0.0    10    61    52   107    45   112 0.70 -
ptg000034l:1830036-1844023   -            593 69713at33392         -            282   4.6e-24   85.1   0.4   2   5   9.3e-15   1.9e-12   46.9   0.0    30   203   158   340   151   348 0.74 -
ptg000034l:1830036-1844023   -            593 69713at33392         -            282   4.6e-24   85.1   0.4   3   5      0.31        64    2.6   0.0    42    97   305   359   301   381 0.83 -
ptg000034l:1830036-1844023   -            593 69713at33392         -            282   4.6e-24   85.1   0.4   4   5   1.1e-08   2.4e-06   26.9   0.1    45   122   472   549   436   558 0.82 -
ptg000034l:1830036-1844023   -            593 69713at33392         -            282   4.6e-24   85.1   0.4   5   5       0.3        63    2.6   0.1    11    38   562   589   553   592 0.83 -
ptg000177l:3005450-3019675   -            593 69713at33392         -            282   6.4e-24   84.6   0.4   1   5       2.8   5.8e+02   -0.6   0.0    10    61    52   107    44   112 0.67 -
ptg000177l:3005450-3019675   -            593 69713at33392         -            282   6.4e-24   84.6   0.4   2   5   9.3e-15   1.9e-12   46.9   0.0    30   203   158   340   151   348 0.74 -
ptg000177l:3005450-3019675   -            593 69713at33392         -            282   6.4e-24   84.6   0.4   3   5      0.31        64    2.6   0.0    42    97   305   359   301   381 0.83 -
ptg000177l:3005450-3019675   -            593 69713at33392         -            282   6.4e-24   84.6   0.4   4   5   1.1e-08   2.4e-06   26.9   0.1    45   122   472   549   436   558 0.82 -
ptg000177l:3005450-3019675   -            593 69713at33392         -            282   6.4e-24   84.6   0.4   5   5       0.3        63    2.6   0.1    11    38   562   589   553   592 0.83 -
ptg000082l:9433196-9442375   -            767 69713at33392         -            282   6.2e-22   78.1  16.4   1   7     0.015       3.2    6.8   0.0    71   126    34    96    17   114 0.65 -
ptg000082l:9433196-9442375   -            767 69713at33392         -            282   6.2e-22   78.1  16.4   2   7   2.6e-05    0.0054   16.0   0.2   143   209   172   243   166   251 0.77 -
ptg000082l:9433196-9442375   -            767 69713at33392         -            282   6.2e-22   78.1  16.4   3   7   1.4e-06   0.00029   20.1   0.2    82   122   256   295   246   297 0.88 -
ptg000082l:9433196-9442375   -            767 69713at33392         -            282   6.2e-22   78.1  16.4   4   7   1.3e-05    0.0027   16.9   0.0    56   116   322   383   319   395 0.82 -
ptg000082l:9433196-9442375   -            767 69713at33392         -            282   6.2e-22   78.1  16.4   5   7      0.11        22    4.1   0.0    87   121   520   559   515   568 0.72 -
ptg000082l:9433196-9442375   -            767 69713at33392         -            282   6.2e-22   78.1  16.4   6   7   6.1e-06    0.0013   18.0   0.9    43   127   567   656   559   664 0.85 -
ptg000082l:9433196-9442375   -            767 69713at33392         -            282   6.2e-22   78.1  16.4   7   7       1.6   3.3e+02    0.3   0.0   105   119   750   764   741   766 0.71 -
ptg000025l:10283065-10284054 -            330 69713at33392         -            282   1.1e-21   77.3   3.4   1   4   9.3e-13   1.9e-10   40.4   0.1    42   118     3    81     1    91 0.92 -
ptg000025l:10283065-10284054 -            330 69713at33392         -            282   1.1e-21   77.3   3.4   2   4   2.9e-11   5.9e-09   35.5   0.1     6    93    49   140    46   151 0.86 -
ptg000025l:10283065-10284054 -            330 69713at33392         -            282   1.1e-21   77.3   3.4   3   4   0.00055      0.12   11.6   0.1    22    86   190   260   179   266 0.56 -
ptg000025l:10283065-10284054 -            330 69713at33392         -            282   1.1e-21   77.3   3.4   4   4    0.0035      0.74    8.9   0.0    52   118   267   330   232   330 0.81 -
ptg000165l:6621938-6623854   -            639 69713at33392         -            282   9.2e-21   74.2   5.8   1   2   1.6e-15   3.3e-13   49.5   0.6     9   122    26   141    20   154 0.86 -
ptg000165l:6621938-6623854   -            639 69713at33392         -            282   9.2e-21   74.2   5.8   2   2   1.1e-08   2.3e-06   27.0   0.6     7   121   157   275   151   323 0.57 -
ptg000393l:939676-951875     -            873 69713at33392         -            282   6.3e-20   71.5  14.9   1   3   7.4e-06    0.0015   17.7   0.2    86   123    54    91    45    97 0.82 -
ptg000393l:939676-951875     -            873 69713at33392         -            282   6.3e-20   71.5  14.9   2   3   2.4e-14     5e-12   45.6   2.5    33   143   103   211    91   222 0.83 -
ptg000393l:939676-951875     -            873 69713at33392         -            282   6.3e-20   71.5  14.9   3   3   5.1e-05     0.011   15.0   0.1    27    88   286   353   276   373 0.79 -
ptg000234l:887257-890180     -            321 69713at33392         -            282   1.3e-19   70.4   7.4   1   3   2.4e-13   5.1e-11   42.3   0.4     7   122    11   136     4   142 0.81 -
ptg000234l:887257-890180     -            321 69713at33392         -            282   1.3e-19   70.4   7.4   2   3   1.1e-06   0.00023   20.5   0.3    40   122   141   223   138   230 0.87 -
ptg000234l:887257-890180     -            321 69713at33392         -            282   1.3e-19   70.4   7.4   3   3    0.0024      0.51    9.5   0.1    44   121   230   317   224   319 0.78 -
ptg000985l:208800-278179     -            182 69713at33392         -            282   1.3e-19   70.4   1.0   1   2   1.4e-11   2.9e-09   36.5   0.1    64   152     2    92     1    95 0.69 -
ptg000985l:208800-278179     -            182 69713at33392         -            282   1.3e-19   70.4   1.0   2   2   1.3e-10   2.7e-08   33.3   0.1    42   122    85   166    82   180 0.83 -
ptg000062l:43949896-44114443 -            786 69713at33392         -            282     2e-19   69.9   0.3   1   2    0.0013      0.27   10.4   0.1    57   121    18    80     4    84 0.83 -
ptg000062l:43949896-44114443 -            786 69713at33392         -            282     2e-19   69.9   0.3   2   2   2.8e-17   5.9e-15   55.2   0.0     5   122    86   207    82   216 0.88 -
ptg000355l:235042-253532     -           1244 69713at33392         -            282   5.4e-19   68.4   1.2   1   4     0.016       3.4    6.8   0.0   169   221    74   126    63   131 0.69 -
ptg000355l:235042-253532     -           1244 69713at33392         -            282   5.4e-19   68.4   1.2   2   4   1.3e-08   2.7e-06   26.8   0.4    45   134   127   214   115   227 0.84 -
ptg000355l:235042-253532     -           1244 69713at33392         -            282   5.4e-19   68.4   1.2   3   4       1.2   2.5e+02    0.6   0.0   185   201   860   876   840   886 0.60 -
ptg000355l:235042-253532     -           1244 69713at33392         -            282   5.4e-19   68.4   1.2   4   4   1.5e-09   3.2e-07   29.8   0.0     7   113   893  1006   889  1017 0.83 -
ptg000016l:3352281-3366932   -           1210 69713at33392         -            282   5.5e-19   68.4   1.4   1   4     0.024         5    6.2   0.0   169   221    74   126    60   132 0.67 -
ptg000016l:3352281-3366932   -           1210 69713at33392         -            282   5.5e-19   68.4   1.4   2   4   1.3e-08   2.6e-06   26.8   0.4    46   135   128   215   117   232 0.85 -
ptg000016l:3352281-3366932   -           1210 69713at33392         -            282   5.5e-19   68.4   1.4   3   4       1.1   2.3e+02    0.7   0.0   185   201   825   841   799   850 0.63 -
ptg000016l:3352281-3366932   -           1210 69713at33392         -            282   5.5e-19   68.4   1.4   4   4     1e-09   2.1e-07   30.4   0.0     7   113   858   971   854   982 0.85 -
ptg000050l:3603959-3604570   -            204 69713at33392         -            282   9.2e-19   67.7   6.6   1   2     5e-12     1e-09   38.0   1.7     9   120     4   119     2   126 0.83 -
ptg000050l:3603959-3604570   -            204 69713at33392         -            282   9.2e-19   67.7   6.6   2   2     1e-09   2.1e-07   30.4   0.3    41   120   126   203   118   204 0.90 -
ptg000062l:60133976-60154461 -            419 69713at33392         -            282   3.2e-18   65.9  16.6   1   3   2.5e-07   5.2e-05   22.6   2.7    25   120   120   224   106   232 0.76 -
ptg000062l:60133976-60154461 -            419 69713at33392         -            282   3.2e-18   65.9  16.6   2   3   1.7e-07   3.5e-05   23.1   4.8     4   105   252   358   249   361 0.86 -
ptg000062l:60133976-60154461 -            419 69713at33392         -            282   3.2e-18   65.9  16.6   3   3   5.4e-10   1.1e-07   31.3   0.2    49   119   346   415   343   418 0.86 -
ptg000122l:13186778-13204717 -            754 69713at33392         -            282   2.9e-17   62.8   8.4   1   2   6.8e-12   1.4e-09   37.5   0.4    45   222    11   192     9   199 0.84 -
ptg000122l:13186778-13204717 -            754 69713at33392         -            282   2.9e-17   62.8   8.4   2   2     7e-12   1.5e-09   37.5   2.4    21   222    70   279    69   287 0.79 -
ptg000021l:5600304-5747647   -            921 69713at33392         -            282   1.4e-16   60.5   8.4   1   6    0.0067       1.4    8.0   0.0    28   128    70   178    62   187 0.77 -
ptg000021l:5600304-5747647   -            921 69713at33392         -            282   1.4e-16   60.5   8.4   2   6    0.0052       1.1    8.4   0.1    55   139   149   231   149   261 0.76 -
ptg000021l:5600304-5747647   -            921 69713at33392         -            282   1.4e-16   60.5   8.4   3   6   1.1e-10   2.4e-08   33.5   1.4    47   156   339   451   328   454 0.89 -
ptg000021l:5600304-5747647   -            921 69713at33392         -            282   1.4e-16   60.5   8.4   4   6   0.00014      0.03   13.5   0.2    43   121   420   498   415   501 0.79 -
ptg000021l:5600304-5747647   -            921 69713at33392         -            282   1.4e-16   60.5   8.4   5   6   0.00054      0.11   11.6   0.1    53   122   473   543   463   553 0.82 -
ptg000021l:5600304-5747647   -            921 69713at33392         -            282   1.4e-16   60.5   8.4   6   6    0.0028      0.59    9.3   0.0     6    80   505   587   500   598 0.61 -
ptg000295l:115334-115933     -            200 69713at33392         -            282   3.1e-16   59.4   6.6   1   2     1e-10   2.1e-08   33.7   0.3    13   122     4   117     1   129 0.80 -
ptg000295l:115334-115933     -            200 69713at33392         -            282   3.1e-16   59.4   6.6   2   2   2.8e-11   5.8e-09   35.5   1.3     8   120    83   199    79   200 0.82 -
ptg000467l:2739260-2745612   -            588 69713at33392         -            282   4.7e-16   58.8   3.5   1   3     1e-06   0.00021   20.5   0.1    41    79    57    97    30   107 0.57 -
ptg000467l:2739260-2745612   -            588 69713at33392         -            282   4.7e-16   58.8   3.5   2   3   9.3e-12   1.9e-09   37.1   0.3    37   119   112   192   102   230 0.87 -
ptg000467l:2739260-2745612   -            588 69713at33392         -            282   4.7e-16   58.8   3.5   3   3         4   8.4e+02   -1.1   0.0    44    69   338   363   319   377 0.79 -
ptg000004l:6928355-6962062   -            549 69713at33392         -            282   8.7e-16   57.9   1.2   1   2   8.3e-11   1.7e-08   34.0   0.3    28   123   231   329   203   334 0.84 -
ptg000004l:6928355-6962062   -            549 69713at33392         -            282   8.7e-16   57.9   1.2   2   2   3.6e-07   7.6e-05   22.0   0.0    59   119   478   537   443   546 0.59 -
ptg000528l:2084538-2099073   -            406 69713at33392         -            282   1.5e-15   57.2   0.5   1   3     0.019       3.9    6.6   0.0   187   229    45    82    24    90 0.76 -
ptg000528l:2084538-2099073   -            406 69713at33392         -            282   1.5e-15   57.2   0.5   2   3   2.1e-13   4.4e-11   42.5   0.0    44   121   203   279   194   284 0.90 -
ptg000528l:2084538-2099073   -            406 69713at33392         -            282   1.5e-15   57.2   0.5   3   3     0.087        18    4.4   0.0   171   201   370   401   356   405 0.71 -
ptg000122l:27110314-27116978 -            497 69713at33392         -            282   3.2e-15   56.1   0.4   1   2   4.4e-05    0.0092   15.2   0.0     6    80   252   332   247   340 0.82 -
ptg000122l:27110314-27116978 -            497 69713at33392         -            282   3.2e-15   56.1   0.4   2   2   1.1e-11   2.3e-09   36.8   0.1    18   156   349   494   338   497 0.78 -
ptg000049l:6083318-6083923   -            202 69713at33392         -            282     4e-15   55.7   8.6   1   2   3.6e-09   7.5e-07   28.6   4.3     9   121     1   118     1   124 0.84 -
ptg000049l:6083318-6083923   -            202 69713at33392         -            282     4e-15   55.7   8.6   2   2   6.1e-09   1.3e-06   27.8   0.1    43   117   127   201   116   202 0.81 -
ptg000234l:878175-880795     -            420 69713at33392         -            282   9.2e-15   54.6   4.2   1   3   1.8e-10   3.7e-08   32.9   0.5     6   121   167   299   165   301 0.78 -
ptg000234l:878175-880795     -            420 69713at33392         -            282   9.2e-15   54.6   4.2   2   3   0.00014      0.03   13.5   0.0     1    38   302   341   302   352 0.82 -
ptg000234l:878175-880795     -            420 69713at33392         -            282   9.2e-15   54.6   4.2   3   3     0.053        11    5.1   0.0    43    76   365   399   360   407 0.60 -
ptg000058l:657538-657864     -            109 69713at33392         -            282   2.1e-14   53.4   0.3   1   1   1.2e-16   2.6e-14   53.1   0.3    39   121    15    95     1   106 0.89 -
ptg000044l:1353461-1366873   -            484 69713at33392         -            282   1.1e-13   51.1  11.1   1   4   8.6e-08   1.8e-05   24.1   0.2    45   124   150   228   139   233 0.90 -
ptg000044l:1353461-1366873   -            484 69713at33392         -            282   1.1e-13   51.1  11.1   2   4   3.4e-06   0.00071   18.8   0.9    45   138   274   365   260   368 0.89 -
ptg000044l:1353461-1366873   -            484 69713at33392         -            282   1.1e-13   51.1  11.1   3   4   1.4e-05     0.003   16.8   1.3   168   222   355   410   352   457 0.70 -
ptg000044l:1353461-1366873   -            484 69713at33392         -            282   1.1e-13   51.1  11.1   4   4      0.32        66    2.5   0.0    88   120   444   479   423   482 0.75 -
ptg000083l:5654212-5657144   -            501 69713at33392         -            282   1.8e-13   50.3   5.9   1   3   6.6e-13   1.4e-10   40.9   3.7    44   224   202   392   182   396 0.77 -
ptg000083l:5654212-5657144   -            501 69713at33392         -            282   1.8e-13   50.3   5.9   2   3   4.9e-06     0.001   18.3   0.6    45   120   338   415   333   423 0.83 -
ptg000083l:5654212-5657144   -            501 69713at33392         -            282   1.8e-13   50.3   5.9   3   3    0.0099       2.1    7.5   0.0    56   119   439   500   434   501 0.86 -
ptg000062l:29760089-29765008 -            430 69713at33392         -            282   4.6e-13   49.0   3.0   1   3     0.021       4.3    6.4   0.0    88   121   108   141   100   149 0.64 -
ptg000062l:29760089-29765008 -            430 69713at33392         -            282   4.6e-13   49.0   3.0   2   3   3.1e-08   6.4e-06   25.5   0.1     6   119   168   289   163   289 0.84 -
ptg000062l:29760089-29765008 -            430 69713at33392         -            282   4.6e-13   49.0   3.0   3   3   1.5e-10   3.1e-08   33.1   2.9    43   205   257   428   244   429 0.75 -
ptg000158l:11559299-11561431 -            325 69713at33392         -            282   3.2e-12   46.2   1.6   1   4    0.0011      0.23   10.6   0.0    41    77     3    39     1    43 0.85 -
ptg000158l:11559299-11561431 -            325 69713at33392         -            282   3.2e-12   46.2   1.6   2   4   2.8e-05    0.0058   15.8   1.0   168   221    45    99    40   134 0.77 -
ptg000158l:11559299-11561431 -            325 69713at33392         -            282   3.2e-12   46.2   1.6   3   4    0.0052       1.1    8.4   0.0    39    78   180   219   141   237 0.68 -
ptg000158l:11559299-11561431 -            325 69713at33392         -            282   3.2e-12   46.2   1.6   4   4     0.014       2.9    7.0   0.0     6    37   280   312   276   315 0.87 -
ptg000367l:2983294-2984652   -            453 69713at33392         -            282   3.6e-12   46.1   3.5   1   2   3.5e-10   7.3e-08   31.9   0.2    45   123   187   263   182   287 0.87 -
ptg000367l:2983294-2984652   -            453 69713at33392         -            282   3.6e-12   46.1   3.5   2   2   0.00037     0.078   12.1   0.1     7   120   308   437   302   448 0.73 -
ptg000480l:74860-76218       -            453 69713at33392         -            282   4.8e-12   45.7   3.5   1   2   5.8e-10   1.2e-07   31.2   0.2    45   123   187   263   178   279 0.90 -
ptg000480l:74860-76218       -            453 69713at33392         -            282   4.8e-12   45.7   3.5   2   2   0.00037     0.077   12.1   0.1     7   120   308   437   302   448 0.73 -
ptg000270l:1108589-1115012   -            576 69713at33392         -            282   3.7e-11   42.7   9.6   1   3   8.2e-10   1.7e-07   30.7   1.2     7   120   281   402   275   412 0.81 -
ptg000270l:1108589-1115012   -            576 69713at33392         -            282   3.7e-11   42.7   9.6   2   3   0.00091      0.19   10.9   0.1    22    90   427   502   413   533 0.56 -
ptg000270l:1108589-1115012   -            576 69713at33392         -            282   3.7e-11   42.7   9.6   3   3      0.34        71    2.4   0.4    52    99   510   555   507   575 0.80 -
ptg000206l:144675-164266     -           1188 69713at33392         -            282   2.2e-10   40.2   4.5   1   3   2.9e-08   6.1e-06   25.6   0.1    48   119    19    87     2    92 0.79 -
ptg000206l:144675-164266     -           1188 69713at33392         -            282   2.2e-10   40.2   4.5   2   3   5.6e-08   1.2e-05   24.7   1.7     6   107    54   154    52   167 0.78 -
ptg000206l:144675-164266     -           1188 69713at33392         -            282   2.2e-10   40.2   4.5   3   3     0.051        11    5.1   0.3     9    76    97   167    89   191 0.57 -
ptg000174l:3845990-3871090   -            693 69713at33392         -            282   4.6e-10   39.1   1.8   1   3    0.0037      0.77    8.9   0.0   162   206   361   406   346   464 0.80 -
ptg000174l:3845990-3871090   -            693 69713at33392         -            282   4.6e-10   39.1   1.8   2   3   7.1e-05     0.015   14.5   0.1   163   205   472   515   461   525 0.83 -
ptg000174l:3845990-3871090   -            693 69713at33392         -            282   4.6e-10   39.1   1.8   3   3   0.00018     0.038   13.1   0.0    18   112   584   686   573   692 0.75 -
ptg000232l:5962649-5964866   -            317 69713at33392         -            282   7.1e-10   38.5   0.1   1   2   5.3e-07   0.00011   21.5   0.2    80   205    12   141     2   144 0.78 -
ptg000232l:5962649-5964866   -            317 69713at33392         -            282   7.1e-10   38.5   0.1   2   2   0.00025     0.051   12.7   0.0    52   122   247   316   239   317 0.89 -
ptg000635l:344894-361938     -            792 69713at33392         -            282   9.7e-10   38.1   9.4   1   3     0.013       2.8    7.0   0.2    51   101    61   113    53   125 0.79 -
ptg000635l:344894-361938     -            792 69713at33392         -            282   9.7e-10   38.1   9.4   2   3   1.6e-10   3.4e-08   33.0   0.4     5   122    97   222    93   237 0.76 -
ptg000635l:344894-361938     -            792 69713at33392         -            282   9.7e-10   38.1   9.4   3   3   7.6e-06    0.0016   17.7   3.1     7   157   186   347   183   462 0.75 -
ptg000170l:11065277-11104683 -           1209 69713at33392         -            282   1.3e-09   37.6   0.1   1   1   6.4e-12   1.3e-09   37.6   0.1     8   122   425   541   418   552 0.77 -
ptg000265l:15167771-15170113 -            504 69713at33392         -            282     2e-09   37.1   0.0   1   1   1.9e-10     4e-08   32.8   0.0     2   210    71   285    70   297 0.78 -
ptg000024l:28174302-28194330 -            445 69713at33392         -            282   2.4e-09   36.8   0.4   1   4   1.2e-05    0.0025   17.0   0.0    43   119    62   137    46   140 0.80 -
ptg000024l:28174302-28194330 -            445 69713at33392         -            282   2.4e-09   36.8   0.4   2   4   0.00029     0.061   12.5   0.0   169   205   104   141    83   193 0.70 -
ptg000024l:28174302-28194330 -            445 69713at33392         -            282   2.4e-09   36.8   0.4   3   4    0.0018      0.37    9.9   0.0    22   119   209   310   197   316 0.70 -
ptg000024l:28174302-28194330 -            445 69713at33392         -            282   2.4e-09   36.8   0.4   4   4    0.0004     0.083   12.0   0.1   113   206   261   358   241   363 0.59 -
ptg000054l:968792-985771     -            821 69713at33392         -            282   2.7e-09   36.6   4.8   1   3   5.5e-08   1.1e-05   24.7   0.4    89   216   406   546   395   556 0.65 -
ptg000054l:968792-985771     -            821 69713at33392         -            282   2.7e-09   36.6   4.8   2   3   0.00014     0.029   13.6   0.2     8   105   501   603   496   627 0.76 -
ptg000054l:968792-985771     -            821 69713at33392         -            282   2.7e-09   36.6   4.8   3   3    0.0039       0.8    8.8   0.3    59   133   651   727   634   779 0.78 -
ptg000061l:16482016-16485883 -            644 69713at33392         -            282     9e-09   34.9   0.0   1   2   1.2e-07   2.6e-05   23.6   0.2    43   105   302   361   296   418 0.86 -
ptg000061l:16482016-16485883 -            644 69713at33392         -            282     9e-09   34.9   0.0   2   2    0.0084       1.7    7.7   0.0     7   117   472   586   467   590 0.82 -
ptg000034l:6757057-6758510   -            342 69713at33392         -            282   9.3e-09   34.9   4.8   1   2   2.3e-05    0.0047   16.1   0.0    23   123    11   115     5   160 0.80 -
ptg000034l:6757057-6758510   -            342 69713at33392         -            282   9.3e-09   34.9   4.8   2   2   1.5e-05    0.0032   16.7   2.5    27   121   225   317   209   333 0.81 -
ptg000483l:907369-927758     -           1189 69713at33392         -            282   1.1e-08   34.7   1.3   1   2   1.1e-08   2.3e-06   27.0   0.0    48   119    19    87     2    91 0.81 -
ptg000483l:907369-927758     -           1189 69713at33392         -            282   1.1e-08   34.7   1.3   2   2      0.05        10    5.2   0.3     9    76    97   167    89   191 0.57 -
ptg000062l:12312921-12314967 -            292 69713at33392         -            282   1.4e-08   34.3  11.0   1   3     4e-06   0.00083   18.6   0.6    86   121    48    83    43    86 0.91 -
ptg000062l:12312921-12314967 -            292 69713at33392         -            282   1.4e-08   34.3  11.0   2   3    0.0012      0.25   10.5   0.3    44   101    92   149    86   169 0.75 -
ptg000062l:12312921-12314967 -            292 69713at33392         -            282   1.4e-08   34.3  11.0   3   3      0.79   1.7e+02    1.2   0.1    58   120   188   250   180   292 0.60 -
ptg000328l:2596100-2608001   -            790 69713at33392         -            282   2.4e-08   33.5  10.0   1   4    0.0097         2    7.5   0.2    51   103    61   115    55   133 0.77 -
ptg000328l:2596100-2608001   -            790 69713at33392         -            282   2.4e-08   33.5  10.0   2   4   1.6e-10   3.3e-08   33.1   0.4     5   122    97   222    93   238 0.76 -
ptg000328l:2596100-2608001   -            790 69713at33392         -            282   2.4e-08   33.5  10.0   3   4         2   4.3e+02   -0.1   0.0   103   134   248   281   236   288 0.76 -
ptg000328l:2596100-2608001   -            790 69713at33392         -            282   2.4e-08   33.5  10.0   4   4       9.9   2.1e+03   -2.4   0.1   221   260   401   438   334   459 0.57 -
ptg000097l:4384630-4404514   -            462 69713at33392         -            282   1.9e-07   30.6   7.6   1   3   4.5e-08   9.5e-06   25.0   0.5    18    82    16    86     9    91 0.75 -
ptg000097l:4384630-4404514   -            462 69713at33392         -            282   1.9e-07   30.6   7.6   2   3     0.083        17    4.4   0.4    33   119   168   264   154   266 0.70 -
ptg000097l:4384630-4404514   -            462 69713at33392         -            282   1.9e-07   30.6   7.6   3   3     0.047       9.7    5.3   0.4    51   119   239   308   226   319 0.58 -
ptg000026l:1960577-1972463   -            487 69713at33392         -            282     2e-07   30.5   3.6   1   2   4.3e-09   8.9e-07   28.4   1.9    28   126    62   164    39   171 0.72 -
ptg000026l:1960577-1972463   -            487 69713at33392         -            282     2e-07   30.5   3.6   2   2       1.8   3.7e+02    0.1   0.0   172   244   408   475   387   484 0.64 -
ptg000302l:167032-176310     -            487 69713at33392         -            282     2e-07   30.5   3.6   1   2   4.3e-09   8.9e-07   28.4   1.9    28   126    62   164    39   171 0.72 -
ptg000302l:167032-176310     -            487 69713at33392         -            282     2e-07   30.5   3.6   2   2       1.8   3.7e+02    0.1   0.0   172   244   408   475   387   484 0.64 -
ptg000062l:6182778-6184080   -            374 69713at33392         -            282   2.6e-07   30.1  10.0   1   2   2.2e-05    0.0046   16.2   7.8     6   199    52   248    47   261 0.63 -
ptg000062l:6182778-6184080   -            374 69713at33392         -            282   2.6e-07   30.1  10.0   2   2   0.00079      0.17   11.1   0.0   167   201   337   372   324   374 0.88 -
ptg000275l:3791892-3792059   -             56 69713at33392         -            282   2.4e-06   26.9   0.0   1   1   1.2e-08   2.5e-06   26.9   0.0    56   112     1    55     1    56 0.94 -
ptg000369l:2408917-2413524   -            347 69713at33392         -            282   6.5e-06   25.5   0.1   1   3    0.0019      0.39    9.8   0.0    60   119   138   209   125   212 0.66 -
ptg000369l:2408917-2413524   -            347 69713at33392         -            282   6.5e-06   25.5   0.1   2   3   3.3e-06    0.0007   18.9   0.0     5   122   172   302   169   307 0.78 -
ptg000369l:2408917-2413524   -            347 69713at33392         -            282   6.5e-06   25.5   0.1   3   3       7.4   1.5e+03   -2.0   0.0   250   277   305   332   301   336 0.82 -
ptg000741l:443234-447078     -            374 69713at33392         -            282   7.1e-06   25.4   2.2   1   2   3.4e-08   7.1e-06   25.4   2.2    54   203    17   175     2   184 0.75 -
ptg000741l:443234-447078     -            374 69713at33392         -            282   7.1e-06   25.4   2.2   2   2       5.8   1.2e+03   -1.6   0.1    50    80   211   241   201   276 0.76 -
ptg000283l:2621155-2623464   -            409 69713at33392         -            282   1.1e-05   24.7   0.2   1   3   9.5e-05      0.02   14.1   0.0    50   122    90   159    86   172 0.85 -
ptg000283l:2621155-2623464   -            409 69713at33392         -            282   1.1e-05   24.7   0.2   2   3      0.48     1e+02    1.9   0.0   172   208   169   205   164   212 0.76 -
ptg000283l:2621155-2623464   -            409 69713at33392         -            282   1.1e-05   24.7   0.2   3   3       0.1        21    4.2   0.0   220   265   333   381   328   399 0.73 -
ptg000062l:61445129-61585712 -            759 69713at33392         -            282   1.2e-05   24.7   8.7   1   3       2.9     6e+02   -0.6   0.1    94   122    17    44     3    61 0.63 -
ptg000062l:61445129-61585712 -            759 69713at33392         -            282   1.2e-05   24.7   8.7   2   3     0.025       5.2    6.1   0.1     7    40   101   135    97   169 0.75 -
ptg000062l:61445129-61585712 -            759 69713at33392         -            282   1.2e-05   24.7   8.7   3   3   7.9e-07   0.00016   20.9   0.6     6   110   182   287   177   327 0.77 -
ptg000011l:1774073-1777958   -            359 69713at33392         -            282   4.4e-05   22.8   4.4   1   3   7.7e-05     0.016   14.4   2.8    49   155    34   148    26   151 0.63 -
ptg000011l:1774073-1777958   -            359 69713at33392         -            282   4.4e-05   22.8   4.4   2   3     0.062        13    4.9   0.1    39    78   112   153   108   163 0.78 -
ptg000011l:1774073-1777958   -            359 69713at33392         -            282   4.4e-05   22.8   4.4   3   3     0.087        18    4.4   0.0    50   106   267   321   259   334 0.58 -
ptg000398l:1092748-1199715   -           1954 69713at33392         -            282   4.4e-05   22.8   3.3   1   2   0.00019      0.04   13.1   0.5    43   118  1651  1729  1633  1733 0.82 -
ptg000398l:1092748-1199715   -           1954 69713at33392         -            282   4.4e-05   22.8   3.3   2   2    0.0022      0.46    9.6   0.1    50   122  1794  1863  1780  1924 0.88 -
ptg000010l:6630297-6632891   -            368 69713at33392         -            282   4.5e-05   22.8   0.1   1   1      0.11        23    4.1   0.0    44   125    53   129    45   137 0.73 -
ptg000020l:16985256-17039617 -           2915 69713at33392         -            282   5.3e-05   22.5   2.0   1   3       2.5   5.2e+02   -0.4   0.0   146   200    73   135    58   147 0.66 -
ptg000020l:16985256-17039617 -           2915 69713at33392         -            282   5.3e-05   22.5   2.0   2   3     0.049        10    5.2   0.1   161   254   172   279   167   294 0.62 -
ptg000020l:16985256-17039617 -           2915 69713at33392         -            282   5.3e-05   22.5   2.0   3   3   0.00011     0.024   13.8   0.1    30   120  2758  2854  2728  2868 0.81 -
ptg000281l:4092285-4094572   -            331 69713at33392         -            282   0.00012   21.4   1.0   1   2   0.00033     0.068   12.3   0.3    10   121    56   166    47   176 0.71 -
ptg000281l:4092285-4094572   -            331 69713at33392         -            282   0.00012   21.4   1.0   2   2     0.011       2.2    7.4   0.0    51   108   239   294   218   298 0.68 -
ptg000707l:733556-735859     -            331 69713at33392         -            282   0.00012   21.4   1.0   1   2   0.00033     0.068   12.3   0.3    10   121    56   166    47   176 0.71 -
ptg000707l:733556-735859     -            331 69713at33392         -            282   0.00012   21.4   1.0   2   2     0.011       2.2    7.4   0.0    51   108   239   294   218   298 0.68 -
ptg000280l:861311-863565     -            330 69713at33392         -            282   0.00022   20.5   0.1   1   3      0.26        55    2.8   0.0    47    76    10    39     3    75 0.80 -
ptg000280l:861311-863565     -            330 69713at33392         -            282   0.00022   20.5   0.1   2   3     0.014       2.9    7.0   0.0   197   254    88   147    62   153 0.83 -
ptg000280l:861311-863565     -            330 69713at33392         -            282   0.00022   20.5   0.1   3   3      0.01       2.2    7.4   0.1     4    38   153   187   150   225 0.73 -
ptg000661l:89096-91346       -            330 69713at33392         -            282   0.00023   20.4   0.0   1   3      0.25        53    2.8   0.0    47    76    10    39     3    76 0.79 -
ptg000661l:89096-91346       -            330 69713at33392         -            282   0.00023   20.4   0.0   2   3     0.013       2.8    7.0   0.0   197   255    88   148    64   154 0.83 -
ptg000661l:89096-91346       -            330 69713at33392         -            282   0.00023   20.4   0.0   3   3     0.011       2.4    7.3   0.0     4    38   153   187   150   225 0.74 -
ptg000465l:244226-251306     -            889 69713at33392         -            282   0.00024   20.4   1.5   1   4       6.6   1.4e+03   -1.8   0.0   172   212    98   136    63   147 0.72 -
ptg000465l:244226-251306     -            889 69713at33392         -            282   0.00024   20.4   1.5   2   4    0.0015      0.32   10.1   0.0    94   203   230   348   213   362 0.77 -
ptg000465l:244226-251306     -            889 69713at33392         -            282   0.00024   20.4   1.5   3   4      0.81   1.7e+02    1.2   0.0   171   202   480   512   472   524 0.79 -
ptg000465l:244226-251306     -            889 69713at33392         -            282   0.00024   20.4   1.5   4   4     0.081        17    4.5   0.1    37    81   556   602   522   630 0.76 -
ptg000262l:327520-340707     -            588 69713at33392         -            282   0.00031   20.0   0.0   1   2    0.0052       1.1    8.4   0.0    47   109   157   222   147   237 0.81 -
ptg000262l:327520-340707     -            588 69713at33392         -            282   0.00031   20.0   0.0   2   2    0.0038       0.8    8.8   0.0    50    78   317   345   305   354 0.81 -
ptg000322l:615548-629199     -            588 69713at33392         -            282   0.00031   20.0   0.0   1   2    0.0052       1.1    8.4   0.0    47   109   157   222   147   237 0.81 -
ptg000322l:615548-629199     -            588 69713at33392         -            282   0.00031   20.0   0.0   2   2    0.0038       0.8    8.8   0.0    50    78   317   345   305   354 0.81 -
ptg000098l:4338511-4342203   -            386 69713at33392         -            282   0.00072   18.8   0.0   1   1   6.5e-06    0.0014   17.9   0.0    17    79   135   203   124   212 0.80 -
ptg000685l:258211-358087     -           1915 69713at33392         -            282   0.00097   18.4   5.9   1   2   0.00047     0.099   11.8   2.2    44   118  1613  1690  1597  1693 0.63 -
ptg000685l:258211-358087     -           1915 69713at33392         -            282   0.00097   18.4   5.9   2   2     0.015       3.2    6.8   0.1    50   122  1755  1824  1741  1885 0.86 -
ptg000397l:1399927-1406048   -            478 69713at33392         -            282    0.0013   18.0   0.9   1   2     0.051        11    5.1   0.1    53   114   247   308   233   317 0.71 -
ptg000397l:1399927-1406048   -            478 69713at33392         -            282    0.0013   18.0   0.9   2   2    0.0016      0.33   10.1   0.0    85   123   362   401   331   410 0.81 -
ptg000025l:11457917-11461702 -            612 69713at33392         -            282    0.0019   17.5   0.0   1   2   6.2e-05     0.013   14.7   0.0    58   122    67   131    52   142 0.87 -
ptg000025l:11457917-11461702 -            612 69713at33392         -            282    0.0019   17.5   0.0   2   2       2.5   5.3e+02   -0.4   0.0    96   118   252   274   241   281 0.72 -
ptg000075l:1307670-1353097   -           1211 69713at33392         -            282    0.0024   17.1   6.2   1   2     0.036       7.5    5.6   0.9    48    99   165   216   110   240 0.64 -
ptg000075l:1307670-1353097   -           1211 69713at33392         -            282    0.0024   17.1   6.2   2   2   0.00014     0.029   13.5   1.0    70   131   235   296   199   344 0.68 -
ptg000493l:829720-870027     -           1204 69713at33392         -            282    0.0025   17.1   6.3   1   2     0.036       7.4    5.6   0.9    48    99   165   216   110   240 0.64 -
ptg000493l:829720-870027     -           1204 69713at33392         -            282    0.0025   17.1   6.3   2   2   0.00014      0.03   13.5   1.1    70   131   235   296   199   344 0.68 -
ptg000193l:1337948-1338166   -             73 69713at33392         -            282    0.0044   16.2   0.0   1   1   2.3e-05    0.0048   16.1   0.0    61   117    11    65     4    72 0.83 -
ptg000080l:26771020-26771292 -             91 69713at33392         -            282    0.0074   15.5   0.1   1   2   0.00033     0.069   12.3   0.0    88   121     2    35     1    38 0.93 -
ptg000080l:26771020-26771292 -             91 69713at33392         -            282    0.0074   15.5   0.1   2   2      0.66   1.4e+02    1.5   0.0     6    37    42    74    36    89 0.71 -
ptg000548l:316292-378574     -           1320 69713at33392         -            282    0.0078   15.4   1.4   1   2     0.033       6.9    5.7   0.5    18   121    58   163    52   174 0.72 -
ptg000548l:316292-378574     -           1320 69713at33392         -            282    0.0078   15.4   1.4   2   2     0.035       7.4    5.7   0.0    43   118   265   339   218   351 0.67 -
ptg000219l:3223218-3264865   -           1320 69713at33392         -            282    0.0078   15.4   1.4   1   2     0.033       6.9    5.7   0.5    18   121    58   163    52   174 0.72 -
ptg000219l:3223218-3264865   -           1320 69713at33392         -            282    0.0078   15.4   1.4   2   2     0.035       7.4    5.7   0.0    43   118   265   339   218   351 0.67 -
ptg000189l:386117-418342     -            823 69713at33392         -            282      0.01   15.0   0.1   1   1    0.0001     0.022   14.0   0.1    60   118    43   100     8   113 0.82 -
ptg000059l:3974001-4007687   -            827 69713at33392         -            282     0.011   14.9   0.1   1   1    0.0001     0.022   14.0   0.1    60   118    43   100     8   113 0.82 -
ptg000096l:2923997-2930953   -            888 69713at33392         -            282     0.015   14.5   0.9   1   4       6.8   1.4e+03   -1.8   0.0   172   212    98   136    63   146 0.72 -
ptg000096l:2923997-2930953   -            888 69713at33392         -            282     0.015   14.5   0.9   2   4    0.0039      0.82    8.8   0.0   124   203   261   347   215   362 0.52 -
ptg000096l:2923997-2930953   -            888 69713at33392         -            282     0.015   14.5   0.9   3   4      0.86   1.8e+02    1.1   0.0   171   202   479   511   471   521 0.79 -
ptg000096l:2923997-2930953   -            888 69713at33392         -            282     0.015   14.5   0.9   4   4       9.6     2e+03   -2.3   0.0    52    69   613   630   560   642 0.70 -
ptg000080l:25300303-25307031 -           1143 69713at33392         -            282     0.021   14.0   0.3   1   2    0.0007      0.15   11.2   0.1    79   120    52    93    45   110 0.85 -
ptg000080l:25300303-25307031 -           1143 69713at33392         -            282     0.021   14.0   0.3   2   2       3.1   6.5e+02   -0.7   0.0    37    71    98   132    94   191 0.67 -
ptg000553l:1402168-1402497   -            110 69713at33392         -            282     0.026   13.7   0.0   1   1    0.0017      0.36   10.0   0.0    53   112    44   101     2   109 0.58 -
ptg000610l:426391-426720     -            110 69713at33392         -            282     0.026   13.7   0.0   1   1    0.0017      0.36   10.0   0.0    53   112    44   101     2   109 0.58 -
ptg000083l:3917158-3962028   -           1116 69713at33392         -            282     0.036   13.2   0.1   1   1   0.00043     0.089   11.9   0.1    77   119    69   113    47   135 0.80 -
ptg000061l:7183468-7185007   -            410 69713at33392         -            282     0.044   12.9   0.1   1   2       0.6   1.3e+02    1.6   0.0   185   200   194   209   172   222 0.67 -
ptg000061l:7183468-7185007   -            410 69713at33392         -            282     0.044   12.9   0.1   2   2    0.0077       1.6    7.8   0.0    85   121   269   305   260   320 0.87 -
ptg000186l:7962878-7973868   -            430 69713at33392         -            282     0.068   12.3   0.0   1   2    0.0014      0.29   10.2   0.0    48   123   238   311   233   324 0.86 -
ptg000186l:7962878-7973868   -            430 69713at33392         -            282     0.068   12.3   0.0   2   2     0.013       2.8    7.0   0.1    11    75   279   354   272   359 0.67 -
#
# Program:         hmmsearch
# Version:         3.2.1 (June 2018)
# Pipeline mode:   SEARCH
# Query file:      /home/tpsylvst/projects/diaprepes_assembly/busco/busco_downloads/lineages/endopterygota_odb10/hmms/69713at33392.hmm
# Target file:     /home/tpsylvst/projects/diaprepes_assembly/busco/diaprepes_busco/run_endopterygota_odb10/metaeuk_output/initial_results/diaprepes.fa.modified.fas
# Option settings: hmmsearch --domtblout /home/tpsylvst/projects/diaprepes_assembly/busco/diaprepes_busco/run_endopterygota_odb10/hmmer_output/initial_run_results/69713at33392.out --cpu 1 /home/tpsylvst/projects/diaprepes_assembly/busco/busco_downloads/lineages/endopterygota_odb10/hmms/69713at33392.hmm /home/tpsylvst/projects/diaprepes_assembly/busco/diaprepes_busco/run_endopterygota_odb10/metaeuk_output/initial_results/diaprepes.fa.modified.fas 
# Current dir:     /home/tpsylvst/projects/diaprepes_assembly/busco
# Date:            Mon Nov 28 14:23:17 2022
# [ok]
