#                                                                                    --- full sequence --- -------------- this domain -------------   hmm coord   ali coord   env coord
# target name                accession   tlen query name           accession   qlen   E-value  score  bias   #  of  c-Evalue  i-Evalue  score  bias  from    to  from    to  from    to  acc description of target
#        ------------------- ---------- ----- -------------------- ---------- ----- --------- ------ ----- --- --- --------- --------- ------ ----- ----- ----- ----- ----- ----- ----- ---- ---------------------
ptg000024l:34394360-34395490 -            377 69997at33392         -            273  3.3e-118  393.7   1.0   1   2  5.9e-118  3.4e-115  383.8   0.4    10   224    32   265    25   276 0.92 -
ptg000024l:34394360-34395490 -            377 69997at33392         -            273  3.3e-118  393.7   1.0   2   2    0.0015      0.88    8.6   0.0   211   273   277   346   267   346 0.75 -
ptg000232l:6410959-6414211   -            316 69997at33392         -            273   1.4e-68  230.9   0.2   1   3     6e-70   3.5e-67  226.3   0.1    12   231     1   229     1   235 0.86 -
ptg000232l:6410959-6414211   -            316 69997at33392         -            273   1.4e-68  230.9   0.2   2   3      0.13        75    2.2   0.0   190   239   234   284   221   290 0.77 -
ptg000232l:6410959-6414211   -            316 69997at33392         -            273   1.4e-68  230.9   0.2   3   3      0.79   4.6e+02   -0.3   0.0   252   272   280   301   272   302 0.79 -
ptg000059l:4650882-4652963   -            369 69997at33392         -            273     4e-66  222.8   1.4   1   2   3.7e-67   2.1e-64  217.2   0.4     9   217    51   269    42   272 0.91 -
ptg000059l:4650882-4652963   -            369 69997at33392         -            273     4e-66  222.8   1.4   2   2     0.026        15    4.5   0.0   185   233   282   329   272   353 0.71 -
ptg000876l:136053-136271     -             73 69997at33392         -            273   2.4e-40  138.3   0.0   1   1   4.5e-43   2.6e-40  138.2   0.0    26    98     1    73     1    73 0.98 -
ptg000057l:9106183-9107250   -            356 69997at33392         -            273   7.2e-31  107.2   1.2   1   2   6.1e-14   3.5e-11   42.7   0.0    10    69     4    63     1    77 0.92 -
ptg000057l:9106183-9107250   -            356 69997at33392         -            273   7.2e-31  107.2   1.2   2   2   5.2e-20     3e-17   62.6   1.3    76   206    94   238    81   288 0.78 -
ptg000165l:9195091-9208115   -            835 69997at33392         -            273   1.8e-10   40.3   0.1   1   2    0.0027       1.6    7.8   0.0     9    29   378   398   373   410 0.85 -
ptg000165l:9195091-9208115   -            835 69997at33392         -            273   1.8e-10   40.3   0.1   2   2   3.7e-10   2.1e-07   30.3   0.0    39   202   436   613   428   649 0.74 -
ptg000143l:230485-235882     -           1306 69997at33392         -            273   8.9e-06   24.9   0.1   1   3    0.0071       4.1    6.4   0.0     4    38   728   762   726   765 0.90 -
ptg000143l:230485-235882     -           1306 69997at33392         -            273   8.9e-06   24.9   0.1   2   3   5.4e-05     0.031   13.3   0.0    45    89   806   845   794   866 0.77 -
ptg000143l:230485-235882     -           1306 69997at33392         -            273   8.9e-06   24.9   0.1   3   3       0.6   3.5e+02    0.1   0.0   193   252  1148  1209  1138  1218 0.84 -
ptg000051l:1586705-1592087   -           1312 69997at33392         -            273   6.7e-05   22.1   0.2   1   3     0.012       6.7    5.7   0.0     4    38   734   768   732   771 0.90 -
ptg000051l:1586705-1592087   -           1312 69997at33392         -            273   6.7e-05   22.1   0.2   2   3   0.00027      0.16   11.0   0.0    45    88   812   850   800   870 0.77 -
ptg000051l:1586705-1592087   -           1312 69997at33392         -            273   6.7e-05   22.1   0.2   3   3      0.48   2.8e+02    0.4   0.0   193   243  1154  1204  1142  1223 0.85 -
ptg000177l:3726326-3810568   -            905 69997at33392         -            273   9.1e-05   21.6   0.0   1   2   5.2e-07    0.0003   19.9   0.0    46   118   350   418   334   429 0.80 -
ptg000177l:3726326-3810568   -            905 69997at33392         -            273   9.1e-05   21.6   0.0   2   2       9.6   5.6e+03   -3.9   0.0   173   202   497   528   487   545 0.66 -
ptg000034l:978114-1067768    -            905 69997at33392         -            273   9.1e-05   21.6   0.0   1   2   5.2e-07    0.0003   19.9   0.0    46   118   350   418   334   429 0.80 -
ptg000034l:978114-1067768    -            905 69997at33392         -            273   9.1e-05   21.6   0.0   2   2       9.6   5.6e+03   -3.9   0.0   173   202   497   528   487   545 0.66 -
ptg000062l:44592927-44616015 -            894 69997at33392         -            273    0.0008   18.5   0.6   1   3         3   1.7e+03   -2.2   0.1   200   241    61   102    50   129 0.61 -
ptg000062l:44592927-44616015 -            894 69997at33392         -            273    0.0008   18.5   0.6   2   3      0.82   4.8e+02   -0.4   0.0    41    64   439   462   426   478 0.83 -
ptg000062l:44592927-44616015 -            894 69997at33392         -            273    0.0008   18.5   0.6   3   3   1.2e-05    0.0071   15.4   0.0    45    66   711   732   703   764 0.93 -
ptg000010l:3731071-3732981   -            442 69997at33392         -            273    0.0024   17.0   0.0   1   1     9e-06    0.0052   15.9   0.0    45    72   192   219   182   262 0.87 -
ptg000516l:717272-739578     -            417 69997at33392         -            273    0.0029   16.7   0.2   1   2   1.5e-05    0.0089   15.1   0.0    24    76    24    76     9    89 0.88 -
ptg000516l:717272-739578     -            417 69997at33392         -            273    0.0029   16.7   0.2   2   2       2.5   1.5e+03   -2.0   0.1   170   225   252   309   246   337 0.62 -
ptg000283l:3701276-3718894   -            417 69997at33392         -            273    0.0029   16.7   0.2   1   2   1.5e-05    0.0089   15.1   0.0    24    76    24    76     9    89 0.88 -
ptg000283l:3701276-3718894   -            417 69997at33392         -            273    0.0029   16.7   0.2   2   2       2.5   1.5e+03   -2.0   0.1   170   225   252   309   246   337 0.62 -
ptg000008l:8685677-8691786   -            262 69997at33392         -            273    0.0035   16.4   0.1   1   1   1.2e-05    0.0071   15.4   0.0    33    65    43    75    24   126 0.78 -
ptg000040l:522802-548681     -           1946 69997at33392         -            273    0.0042   16.2   0.5   1   4       1.2   7.2e+02   -1.0   0.1   142   200    26    87    19    91 0.78 -
ptg000040l:522802-548681     -           1946 69997at33392         -            273    0.0042   16.2   0.5   2   4      0.12        70    2.3   0.0    45    66   593   614   548   628 0.86 -
ptg000040l:522802-548681     -           1946 69997at33392         -            273    0.0042   16.2   0.5   3   4      0.81   4.7e+02   -0.4   0.0    16    64   980  1030   965  1037 0.68 -
ptg000040l:522802-548681     -           1946 69997at33392         -            273    0.0042   16.2   0.5   4   4    0.0032       1.8    7.5   0.0    44    86  1581  1618  1565  1621 0.79 -
ptg000296l:6361568-6367879   -            401 69997at33392         -            273    0.0061   15.6   0.0   1   1   2.1e-05     0.012   14.7   0.0    45   122   211   282   182   297 0.68 -
ptg000066l:12488402-12492117 -            237 69997at33392         -            273    0.0067   15.5   0.0   1   1   1.9e-05     0.011   14.8   0.0    45    69    55    79    47   127 0.89 -
ptg000174l:3882651-3887910   -            259 69997at33392         -            273     0.031   13.3   0.1   1   1   9.5e-05     0.055   12.5   0.1    45    70   102   127    94   187 0.83 -
ptg000296l:8016659-8019594   -            160 69997at33392         -            273     0.034   13.2   0.0   1   1   8.5e-05     0.049   12.7   0.0    45    65    45    65    28    80 0.87 -
ptg000032l:8411268-8415901   -            421 69997at33392         -            273     0.037   13.1   0.0   1   1   0.00011     0.065   12.3   0.0    46    84   226   264   219   270 0.82 -
ptg000265l:9092283-9095025   -            457 69997at33392         -            273     0.039   13.0   0.1   1   2   0.00013     0.074   12.1   0.0     8    66    44   105    37   111 0.73 -
ptg000265l:9092283-9095025   -            457 69997at33392         -            273     0.039   13.0   0.1   2   2       9.8   5.7e+03   -3.9   0.0   180   201   251   272   246   281 0.77 -
ptg000087l:766076-769146     -            201 69997at33392         -            273     0.053   12.6   0.0   1   1   0.00015     0.085   11.9   0.0    45    65    12    32     7    46 0.85 -
ptg000237l:349440-411235     -           1410 69997at33392         -            273      0.06   12.4   0.0   1   1    0.0002      0.12   11.4   0.0    18    63   416   468   409   518 0.78 -
ptg000260l:1205212-1206680   -            143 69997at33392         -            273     0.061   12.4   0.0   1   1   0.00017     0.096   11.7   0.0    45    65     7    27     4    38 0.83 -
ptg000157l:2657029-2663435   -            250 69997at33392         -            273     0.067   12.2   0.0   1   1   0.00016     0.091   11.8   0.0    45    65    46    66    15   114 0.88 -
ptg000283l:2003223-2032045   -            719 69997at33392         -            273     0.088   11.8   0.0   1   2   0.00048      0.28   10.2   0.0    25    63   291   334   278   338 0.71 -
ptg000283l:2003223-2032045   -            719 69997at33392         -            273     0.088   11.8   0.0   2   2       6.4   3.7e+03   -3.3   0.0    37   102   594   656   584   681 0.64 -
ptg000066l:16366610-16370086 -            248 69997at33392         -            273     0.094   11.7   0.0   1   1   0.00038      0.22   10.5   0.0    44    63    24    43    13    54 0.83 -
ptg000158l:11973613-11979704 -            794 69997at33392         -            273      0.11   11.5   0.0   1   1   0.00049      0.28   10.2   0.0    44    64   547   567   501   581 0.83 -
ptg000147l:19199683-19208138 -            284 69997at33392         -            273      0.12   11.4   0.0   1   2   0.00044      0.26   10.3   0.0    45    65    56    76    46   134 0.82 -
ptg000147l:19199683-19208138 -            284 69997at33392         -            273      0.12   11.4   0.0   2   2       5.6   3.3e+03   -3.1   0.0   175   216   203   244   190   257 0.64 -
ptg000080l:9968903-9972630   -            118 69997at33392         -            273      0.14   11.2   0.0   1   1    0.0003      0.17   10.9   0.0    42    75     3    36     1    49 0.91 -
ptg000027l:257992-314893     -           1407 69997at33392         -            273      0.15   11.1   0.0   1   1   0.00049      0.28   10.2   0.0    18    63   413   465   406   515 0.76 -
#
# Program:         hmmsearch
# Version:         3.2.1 (June 2018)
# Pipeline mode:   SEARCH
# Query file:      /home/tpsylvst/projects/diaprepes_assembly/busco/busco_downloads/lineages/endopterygota_odb10/hmms/69997at33392.hmm
# Target file:     /home/tpsylvst/projects/diaprepes_assembly/busco/diaprepes_busco/run_endopterygota_odb10/metaeuk_output/initial_results/diaprepes.fa.modified.fas
# Option settings: hmmsearch --domtblout /home/tpsylvst/projects/diaprepes_assembly/busco/diaprepes_busco/run_endopterygota_odb10/hmmer_output/initial_run_results/69997at33392.out --cpu 1 /home/tpsylvst/projects/diaprepes_assembly/busco/busco_downloads/lineages/endopterygota_odb10/hmms/69997at33392.hmm /home/tpsylvst/projects/diaprepes_assembly/busco/diaprepes_busco/run_endopterygota_odb10/metaeuk_output/initial_results/diaprepes.fa.modified.fas 
# Current dir:     /home/tpsylvst/projects/diaprepes_assembly/busco
# Date:            Mon Nov 28 14:23:19 2022
# [ok]
