#                                                                                    --- full sequence --- -------------- this domain -------------   hmm coord   ali coord   env coord
# target name                accession   tlen query name           accession   qlen   E-value  score  bias   #  of  c-Evalue  i-Evalue  score  bias  from    to  from    to  from    to  acc description of target
#        ------------------- ---------- ----- -------------------- ---------- ----- --------- ------ ----- --- --- --------- --------- ------ ----- ----- ----- ----- ----- ----- ----- ---- ---------------------
ptg000062l:11501261-11514629 -            530 72406at33392         -            262  4.8e-141  468.7   7.5   1   1  9.4e-144    7e-141  468.2   7.5     5   252     1   269     1   277 0.94 -
ptg000339l:426286-430104     -            384 72406at33392         -            262   1.4e-11   44.4   1.0   1   1   3.2e-14   2.4e-11   43.6   1.0     2   196    40   247    39   269 0.81 -
ptg000302l:2650658-2651729   -            167 72406at33392         -            262   0.00012   21.6   0.0   1   1     2e-07   0.00015   21.3   0.0     4    93     7    86     4   113 0.86 -
ptg000592l:495276-496347     -            167 72406at33392         -            262   0.00012   21.6   0.0   1   1     2e-07   0.00015   21.3   0.0     4    93     7    86     4   113 0.86 -
ptg000170l:11673615-11674153 -            156 72406at33392         -            262   0.00072   19.1   0.1   1   1   1.1e-06   0.00083   18.9   0.1     4   125     2   118     1   146 0.76 -
ptg000769l:30165-30862       -            171 72406at33392         -            262   0.00086   18.8   0.0   1   1   1.5e-06    0.0011   18.4   0.0     4   136    16   136    13   164 0.75 -
ptg000266l:405036-405729     -            171 72406at33392         -            262     0.001   18.5   0.0   1   1   1.8e-06    0.0014   18.2   0.0     4   136    16   136    13   163 0.75 -
ptg000165l:9067075-9067335   -             87 72406at33392         -            262    0.0032   17.0   0.0   1   1   4.8e-06    0.0035   16.8   0.0     4    65    12    73     9    81 0.84 -
ptg000328l:2542709-2547602   -            204 72406at33392         -            262    0.0042   16.5   0.1   1   1   7.2e-06    0.0053   16.2   0.1     4   138    16   148    14   186 0.74 -
ptg000635l:410758-415842     -            204 72406at33392         -            262    0.0042   16.5   0.1   1   1   7.2e-06    0.0053   16.2   0.1     4   138    16   148    14   186 0.74 -
ptg000153l:2505514-2505994   -            127 72406at33392         -            262    0.0088   15.5   0.0   1   1   1.5e-05     0.011   15.2   0.0     4   102     8   100     6   125 0.71 -
ptg000025l:3659317-3668674   -            114 72406at33392         -            262     0.012   15.1   0.0   1   1   1.7e-05     0.012   15.0   0.0     4    66     6    68     3   106 0.81 -
ptg000407l:864901-865609     -            203 72406at33392         -            262     0.014   14.8   0.0   1   2   4.5e-05     0.033   13.6   0.0     4   108     8   106     6   136 0.71 -
ptg000407l:864901-865609     -            203 72406at33392         -            262     0.014   14.8   0.0   2   2       3.9   2.9e+03   -2.6   0.0    18    40   146   168   136   177 0.78 -
ptg000122l:39174821-39176224 -            215 72406at33392         -            262     0.015   14.8   0.0   1   1   3.4e-05     0.025   14.0   0.0     4    93    11    95     9   133 0.75 -
ptg000045l:9995400-10022218  -            279 72406at33392         -            262     0.025   14.0   0.0   1   1   4.5e-05     0.034   13.6   0.0     5   105    20   118    16   148 0.79 -
ptg000296l:3742599-3745825   -            116 72406at33392         -            262     0.026   14.0   0.0   1   1   4.2e-05     0.031   13.7   0.0     4    70     6    72     4   114 0.74 -
ptg000478l:870179-874513     -            116 72406at33392         -            262     0.026   14.0   0.0   1   1   4.2e-05     0.031   13.7   0.0     4    70     6    72     4   114 0.74 -
ptg000057l:9818056-9865434   -            150 72406at33392         -            262      0.03   13.7   0.1   1   1   4.2e-05     0.031   13.7   0.1    50   125    38   108     3   149 0.75 -
ptg000472l:410534-411004     -            157 72406at33392         -            262     0.032   13.7   0.0   1   1   4.9e-05     0.036   13.5   0.0     4    77     5    73     2   136 0.81 -
ptg000163l:9261196-9291747   -            186 72406at33392         -            262     0.033   13.6   0.0   1   1   6.3e-05     0.047   13.1   0.0     6   118    24   127    20   136 0.75 -
ptg000020l:10194645-10200368 -            218 72406at33392         -            262     0.035   13.6   0.0   1   1   5.7e-05     0.042   13.3   0.0     6   139    13   145     9   187 0.70 -
ptg000666l:593185-593655     -            157 72406at33392         -            262     0.045   13.2   0.0   1   1   6.8e-05      0.05   13.0   0.0     4    86     5    74     2   138 0.80 -
ptg000122l:22509582-22565361 -            124 72406at33392         -            262     0.048   13.1   0.0   1   1   8.3e-05     0.062   12.7   0.0     7    74     2    68     1    77 0.81 -
ptg000057l:9719882-9726937   -             77 72406at33392         -            262     0.088   12.2   0.0   1   1   0.00012     0.088   12.2   0.0    46    88    31    68     6    76 0.73 -
ptg000160l:3226057-3235915   -             93 72406at33392         -            262      0.13   11.7   0.0   1   1   0.00019      0.14   11.6   0.0     5    65     1    60     1    85 0.71 -
#
# Program:         hmmsearch
# Version:         3.2.1 (June 2018)
# Pipeline mode:   SEARCH
# Query file:      /home/tpsylvst/projects/diaprepes_assembly/busco/busco_downloads/lineages/endopterygota_odb10/hmms/72406at33392.hmm
# Target file:     /home/tpsylvst/projects/diaprepes_assembly/busco/diaprepes_busco/run_endopterygota_odb10/metaeuk_output/initial_results/diaprepes.fa.modified.fas
# Option settings: hmmsearch --domtblout /home/tpsylvst/projects/diaprepes_assembly/busco/diaprepes_busco/run_endopterygota_odb10/hmmer_output/initial_run_results/72406at33392.out --cpu 1 /home/tpsylvst/projects/diaprepes_assembly/busco/busco_downloads/lineages/endopterygota_odb10/hmms/72406at33392.hmm /home/tpsylvst/projects/diaprepes_assembly/busco/diaprepes_busco/run_endopterygota_odb10/metaeuk_output/initial_results/diaprepes.fa.modified.fas 
# Current dir:     /home/tpsylvst/projects/diaprepes_assembly/busco
# Date:            Mon Nov 28 14:23:14 2022
# [ok]
