#                                                                                  --- full sequence --- -------------- this domain -------------   hmm coord   ali coord   env coord
# target name              accession   tlen query name           accession   qlen   E-value  score  bias   #  of  c-Evalue  i-Evalue  score  bias  from    to  from    to  from    to  acc description of target
#      ------------------- ---------- ----- -------------------- ---------- ----- --------- ------ ----- --- --- --------- --------- ------ ----- ----- ----- ----- ----- ----- ----- ---- ---------------------
ptg000159l:109037-115634   -            387 73066at33392         -            286  1.3e-115  385.7  12.4   1   1  2.3e-116    1e-112  376.1  12.4    10   284     1   331     1   334 0.86 -
ptg000410l:586226-592251   -            396 73066at33392         -            286  1.9e-115  385.1  12.6   1   2   9.5e-85   4.4e-81  272.4   6.8    10   189     1   210     1   217 0.88 -
ptg000410l:586226-592251   -            396 73066at33392         -            286  1.9e-115  385.1  12.6   2   2   1.8e-36   8.3e-33  113.9   0.3   189   284   239   340   231   343 0.89 -
ptg000397l:1212380-1215298 -            390 73066at33392         -            286   9.6e-20   71.1   1.0   1   2   8.9e-18   4.1e-14   52.6   0.2    38   159    88   212    74   248 0.79 -
ptg000397l:1212380-1215298 -            390 73066at33392         -            286   9.6e-20   71.1   1.0   2   2   4.7e-07    0.0022   17.4   0.0   182   230   279   325   241   371 0.82 -
ptg000676l:460656-463466   -            390 73066at33392         -            286   9.6e-20   71.1   1.0   1   2   9.6e-18   4.4e-14   52.5   0.2    38   159    88   212    73   248 0.79 -
ptg000676l:460656-463466   -            390 73066at33392         -            286   9.6e-20   71.1   1.0   2   2   4.5e-07    0.0021   17.4   0.0   181   230   278   325   241   369 0.81 -
#
# Program:         hmmsearch
# Version:         3.2.1 (June 2018)
# Pipeline mode:   SEARCH
# Query file:      /home/tpsylvst/projects/diaprepes_assembly/busco/busco_downloads/lineages/endopterygota_odb10/hmms/73066at33392.hmm
# Target file:     /home/tpsylvst/projects/diaprepes_assembly/busco/diaprepes_busco/run_endopterygota_odb10/metaeuk_output/initial_results/diaprepes.fa.modified.fas
# Option settings: hmmsearch --domtblout /home/tpsylvst/projects/diaprepes_assembly/busco/diaprepes_busco/run_endopterygota_odb10/hmmer_output/initial_run_results/73066at33392.out --cpu 1 /home/tpsylvst/projects/diaprepes_assembly/busco/busco_downloads/lineages/endopterygota_odb10/hmms/73066at33392.hmm /home/tpsylvst/projects/diaprepes_assembly/busco/diaprepes_busco/run_endopterygota_odb10/metaeuk_output/initial_results/diaprepes.fa.modified.fas 
# Current dir:     /home/tpsylvst/projects/diaprepes_assembly/busco
# Date:            Mon Nov 28 14:23:19 2022
# [ok]
