#                                                                                  --- full sequence --- -------------- this domain -------------   hmm coord   ali coord   env coord
# target name              accession   tlen query name           accession   qlen   E-value  score  bias   #  of  c-Evalue  i-Evalue  score  bias  from    to  from    to  from    to  acc description of target
#      ------------------- ---------- ----- -------------------- ---------- ----- --------- ------ ----- --- --- --------- --------- ------ ----- ----- ----- ----- ----- ----- ----- ---- ---------------------
ptg000254l:8210074-8217599 -            269 78006at33392         -            226  3.7e-109  363.8   4.3   1   2   4.1e-93   1.5e-89  299.6   0.3     1   177     1   199     1   209 0.93 -
ptg000254l:8210074-8217599 -            269 78006at33392         -            226  3.7e-109  363.8   4.3   2   2   1.2e-21   4.5e-18   65.8   0.5   171   225   211   267   202   268 0.92 -
ptg000315l:522236-532302   -            269 78006at33392         -            226  7.6e-109  362.7   4.2   1   2   9.4e-93   3.5e-89  298.4   0.2     1   177     1   199     1   208 0.92 -
ptg000315l:522236-532302   -            269 78006at33392         -            226  7.6e-109  362.7   4.2   2   2   1.2e-21   4.5e-18   65.8   0.4   171   225   211   267   202   268 0.92 -
ptg000065l:564764-568279   -            299 78006at33392         -            226   1.2e-53  182.2   6.6   1   1     1e-55   3.9e-52  177.3   6.6     3   215    14   267    12   279 0.82 -
ptg000092l:3409266-3411608 -            299 78006at33392         -            226   1.2e-53  182.2   6.6   1   1     1e-55   3.9e-52  177.3   6.6     3   215    14   267    12   279 0.82 -
ptg000061l:6279436-6280806 -            347 78006at33392         -            226   1.9e-17   63.8   0.1   1   1   7.9e-21   2.9e-17   63.2   0.1     6   184     5   209     2   252 0.76 -
#
# Program:         hmmsearch
# Version:         3.2.1 (June 2018)
# Pipeline mode:   SEARCH
# Query file:      /home/tpsylvst/projects/diaprepes_assembly/busco/busco_downloads/lineages/endopterygota_odb10/hmms/78006at33392.hmm
# Target file:     /home/tpsylvst/projects/diaprepes_assembly/busco/diaprepes_busco/run_endopterygota_odb10/metaeuk_output/initial_results/diaprepes.fa.modified.fas
# Option settings: hmmsearch --domtblout /home/tpsylvst/projects/diaprepes_assembly/busco/diaprepes_busco/run_endopterygota_odb10/hmmer_output/initial_run_results/78006at33392.out --cpu 1 /home/tpsylvst/projects/diaprepes_assembly/busco/busco_downloads/lineages/endopterygota_odb10/hmms/78006at33392.hmm /home/tpsylvst/projects/diaprepes_assembly/busco/diaprepes_busco/run_endopterygota_odb10/metaeuk_output/initial_results/diaprepes.fa.modified.fas 
# Current dir:     /home/tpsylvst/projects/diaprepes_assembly/busco
# Date:            Mon Nov 28 14:23:21 2022
# [ok]
