#                                                                                    --- full sequence --- -------------- this domain -------------   hmm coord   ali coord   env coord
# target name                accession   tlen query name           accession   qlen   E-value  score  bias   #  of  c-Evalue  i-Evalue  score  bias  from    to  from    to  from    to  acc description of target
#        ------------------- ---------- ----- -------------------- ---------- ----- --------- ------ ----- --- --- --------- --------- ------ ----- ----- ----- ----- ----- ----- ----- ---- ---------------------
ptg000034l:6757057-6758510   -            342 78153at33392         -            256  1.3e-105  352.6   7.6   1   2   4.4e-47   9.9e-45  153.2   0.0     6   118    20   154    11   165 0.85 -
ptg000034l:6757057-6758510   -            342 78153at33392         -            256  1.3e-105  352.6   7.6   2   2   3.1e-61     7e-59  199.5   5.3   113   256   168   339   157   339 0.88 -
ptg000072l:663502-697163     -            787 78153at33392         -            256   1.1e-24   87.5   3.2   1   5   3.4e-06   0.00077   19.2   0.0    75   127   108   165    97   170 0.81 -
ptg000072l:663502-697163     -            787 78153at33392         -            256   1.1e-24   87.5   3.2   2   5     0.072        16    5.0   0.0    54    90   171   207   164   220 0.83 -
ptg000072l:663502-697163     -            787 78153at33392         -            256   1.1e-24   87.5   3.2   3   5    0.0069       1.6    8.3   0.0    70    97   240   267   212   286 0.83 -
ptg000072l:663502-697163     -            787 78153at33392         -            256   1.1e-24   87.5   3.2   4   5   3.5e-14     8e-12   45.3   0.4    30   239   334   547   298   551 0.78 -
ptg000072l:663502-697163     -            787 78153at33392         -            256   1.1e-24   87.5   3.2   5   5      0.07        16    5.0   0.0   169   253   554   646   549   649 0.69 -
ptg000250l:1861398-1892629   -            787 78153at33392         -            256   2.7e-24   86.2   3.4   1   5   3.4e-06   0.00077   19.2   0.0    75   127   108   165    97   170 0.81 -
ptg000250l:1861398-1892629   -            787 78153at33392         -            256   2.7e-24   86.2   3.4   2   5      0.03       6.8    6.2   0.0    53    90   170   207   159   222 0.80 -
ptg000250l:1861398-1892629   -            787 78153at33392         -            256   2.7e-24   86.2   3.4   3   5    0.0057       1.3    8.6   0.0    70    98   240   268   231   287 0.82 -
ptg000250l:1861398-1892629   -            787 78153at33392         -            256   2.7e-24   86.2   3.4   4   5   1.6e-13   3.6e-11   43.2   0.4    34   239   338   547   298   551 0.78 -
ptg000250l:1861398-1892629   -            787 78153at33392         -            256   2.7e-24   86.2   3.4   5   5     0.067        15    5.1   0.0   169   253   554   646   548   649 0.69 -
ptg000024l:27861126-27886824 -            495 78153at33392         -            256   2.3e-21   76.6   1.1   1   2    0.0041      0.92    9.1   0.0   177   209   206   238   199   244 0.85 -
ptg000024l:27861126-27886824 -            495 78153at33392         -            256   2.3e-21   76.6   1.1   2   2     1e-14   2.3e-12   47.1   0.4    53   202   331   493   329   495 0.83 -
ptg000021l:5600304-5747647   -            921 78153at33392         -            256   2.4e-21   76.5   1.1   1   6   1.3e-05    0.0029   17.3   0.0   113   242    23   174    14   179 0.72 -
ptg000021l:5600304-5747647   -            921 78153at33392         -            256   2.4e-21   76.5   1.1   2   6      0.19        43    3.6   0.0   172   204   181   213   176   220 0.88 -
ptg000021l:5600304-5747647   -            921 78153at33392         -            256   2.4e-21   76.5   1.1   3   6   2.3e-11   5.1e-09   36.1   0.2    27   202   347   540   323   541 0.75 -
ptg000021l:5600304-5747647   -            921 78153at33392         -            256   2.4e-21   76.5   1.1   4   6    0.0012      0.27   10.8   0.0    73   135   525   592   513   598 0.78 -
ptg000021l:5600304-5747647   -            921 78153at33392         -            256   2.4e-21   76.5   1.1   5   6       1.6   3.5e+02    0.6   0.0    60    91   616   647   606   658 0.81 -
ptg000021l:5600304-5747647   -            921 78153at33392         -            256   2.4e-21   76.5   1.1   6   6       9.8   2.2e+03   -2.0   0.0    22    54   715   747   706   802 0.70 -
ptg000025l:10283065-10284054 -            330 78153at33392         -            256   9.2e-20   71.3   0.6   1   3   0.00021     0.049   13.3   0.1    56    89     4    37     1    44 0.89 -
ptg000025l:10283065-10284054 -            330 78153at33392         -            256   9.2e-20   71.3   0.6   2   3   1.7e-09   3.8e-07   30.0   0.0   166   252    46   144    43   148 0.81 -
ptg000025l:10283065-10284054 -            330 78153at33392         -            256   9.2e-20   71.3   0.6   3   3   1.4e-07   3.2e-05   23.7   0.0    64   191   182   320   176   330 0.60 -
ptg000107l:568379-571354     -            467 78153at33392         -            256   1.3e-19   70.8   4.8   1   2   2.3e-08   5.2e-06   26.3   0.1   170   254    96   193    67   195 0.81 -
ptg000107l:568379-571354     -            467 78153at33392         -            256   1.3e-19   70.8   4.8   2   2   5.2e-13   1.2e-10   41.5   1.6    43   241   213   431   197   450 0.68 -
ptg000062l:43949896-44114443 -            786 78153at33392         -            256   3.3e-19   69.5   0.0   1   2   2.7e-08   6.1e-06   26.1   0.0    56   150     3   103     1   109 0.81 -
ptg000062l:43949896-44114443 -            786 78153at33392         -            256   3.3e-19   69.5   0.0   2   2   1.8e-13     4e-11   43.0   0.0    24   127    95   206    91   215 0.83 -
ptg000050l:3603959-3604570   -            204 78153at33392         -            256   1.4e-18   67.5   0.2   1   3   9.1e-11   2.1e-08   34.1   0.0   171   255     3    99     1   100 0.82 -
ptg000050l:3603959-3604570   -            204 78153at33392         -            256   1.4e-18   67.5   0.2   2   3   9.1e-05     0.021   14.5   0.0    56    93    86   123    81   129 0.88 -
ptg000050l:3603959-3604570   -            204 78153at33392         -            256   1.4e-18   67.5   0.2   3   3   1.2e-08   2.7e-06   27.2   0.1    32   126   101   203   100   204 0.71 -
ptg000062l:6182778-6184080   -            374 78153at33392         -            256   4.1e-18   65.9   3.4   1   5   3.3e-08   7.5e-06   25.7   0.4   162   240    45   130    35   137 0.84 -
ptg000062l:6182778-6184080   -            374 78153at33392         -            256   4.1e-18   65.9   3.4   2   5   1.4e-06   0.00032   20.4   0.2    55   130    94   172    90   184 0.84 -
ptg000062l:6182778-6184080   -            374 78153at33392         -            256   4.1e-18   65.9   3.4   3   5      0.29        64    3.0   0.0   105   129   189   213   173   216 0.74 -
ptg000062l:6182778-6184080   -            374 78153at33392         -            256   4.1e-18   65.9   3.4   4   5   1.1e-07   2.4e-05   24.1   0.0    13   146   214   351   203   352 0.82 -
ptg000062l:6182778-6184080   -            374 78153at33392         -            256   4.1e-18   65.9   3.4   5   5     0.012       2.7    7.6   0.0   170   202   340   372   335   374 0.91 -
ptg000295l:115334-115933     -            200 78153at33392         -            256   1.8e-16   60.5   0.4   1   2   1.5e-09   3.3e-07   30.2   0.0   175   255     3    95     1    96 0.80 -
ptg000295l:115334-115933     -            200 78153at33392         -            256   1.8e-16   60.5   0.4   2   2   1.6e-08   3.6e-06   26.8   0.2    31   126    96   199    95   200 0.76 -
ptg000234l:887257-890180     -            321 78153at33392         -            256   2.6e-16   60.0   6.9   1   4   2.6e-05     0.006   16.2   0.2   207   254    61   113    20   113 0.82 -
ptg000234l:887257-890180     -            321 78153at33392         -            256   2.6e-16   60.0   6.9   2   4   1.4e-06   0.00031   20.4   0.6   168   239    99   180    93   189 0.77 -
ptg000234l:887257-890180     -            321 78153at33392         -            256   2.6e-16   60.0   6.9   3   4   4.7e-07   0.00011   22.0   0.0    35   138   164   274   158   282 0.78 -
ptg000234l:887257-890180     -            321 78153at33392         -            256   2.6e-16   60.0   6.9   4   4    0.0015      0.34   10.5   0.1   215   239   293   317   289   320 0.92 -
ptg000083l:5654212-5657144   -            501 78153at33392         -            256   3.4e-15   56.4   0.6   1   4   0.00018      0.04   13.6   0.0   202   238   198   234   183   242 0.78 -
ptg000083l:5654212-5657144   -            501 78153at33392         -            256   3.4e-15   56.4   0.6   2   4    0.0075       1.7    8.2   0.0   172   205   253   286   246   293 0.78 -
ptg000083l:5654212-5657144   -            501 78153at33392         -            256   3.4e-15   56.4   0.6   3   4   2.9e-08   6.6e-06   25.9   0.1   171   243   295   374   289   385 0.78 -
ptg000083l:5654212-5657144   -            501 78153at33392         -            256   3.4e-15   56.4   0.6   4   4      0.21        47    3.5   0.0    71   124   441   499   398   500 0.82 -
ptg000122l:27110314-27116978 -            497 78153at33392         -            256   1.3e-14   54.5   0.2   1   2   1.2e-06   0.00027   20.7   0.0    48   111   245   313   218   340 0.80 -
ptg000122l:27110314-27116978 -            497 78153at33392         -            256   1.3e-14   54.5   0.2   2   2   1.1e-07   2.5e-05   24.1   0.1    44    93   366   417   365   423 0.89 -
ptg000177l:3005450-3019675   -            593 78153at33392         -            256   4.2e-14   52.8   0.4   1   5      0.63   1.4e+02    1.9   0.0    98   206    54   170    18   178 0.49 -
ptg000177l:3005450-3019675   -            593 78153at33392         -            256   4.2e-14   52.8   0.4   2   5       0.3        68    3.0   0.0    41   125   118   208    95   218 0.65 -
ptg000177l:3005450-3019675   -            593 78153at33392         -            256   4.2e-14   52.8   0.4   3   5   2.4e-05    0.0053   16.4   0.0   173   240   179   255   172   263 0.62 -
ptg000177l:3005450-3019675   -            593 78153at33392         -            256   4.2e-14   52.8   0.4   4   5     0.019       4.4    6.9   0.0    96   133   309   346   297   361 0.77 -
ptg000177l:3005450-3019675   -            593 78153at33392         -            256   4.2e-14   52.8   0.4   5   5   6.5e-06    0.0015   18.2   0.1   180   240   480   549   450   555 0.84 -
ptg000165l:6621938-6623854   -            639 78153at33392         -            256   4.6e-14   52.7   1.2   1   3     4e-05    0.0092   15.6   0.0   180   242    34   101    19   105 0.79 -
ptg000165l:6621938-6623854   -            639 78153at33392         -            256   4.6e-14   52.7   1.2   2   3   1.8e-08     4e-06   26.7   0.0    16   142   105   248   100   264 0.75 -
ptg000165l:6621938-6623854   -            639 78153at33392         -            256   4.6e-14   52.7   1.2   3   3     0.016       3.6    7.1   0.1    74   131   259   321   248   355 0.67 -
ptg000034l:1830036-1844023   -            593 78153at33392         -            256   9.5e-14   51.6   0.8   1   5       1.1   2.5e+02    1.1   0.0    43   202   120   166    22   188 0.64 -
ptg000034l:1830036-1844023   -            593 78153at33392         -            256   9.5e-14   51.6   0.8   2   5   1.5e-05    0.0034   17.0   0.0   172   240   178   255    92   265 0.79 -
ptg000034l:1830036-1844023   -            593 78153at33392         -            256   9.5e-14   51.6   0.8   3   5     0.016       3.7    7.1   0.0    58   131   308   344   258   349 0.69 -
ptg000034l:1830036-1844023   -            593 78153at33392         -            256   9.5e-14   51.6   0.8   4   5     0.019       4.4    6.9   0.0    96   133   309   346   300   362 0.76 -
ptg000034l:1830036-1844023   -            593 78153at33392         -            256   9.5e-14   51.6   0.8   5   5   6.5e-06    0.0015   18.2   0.1   180   240   480   549   450   555 0.84 -
ptg000062l:29760089-29765008 -            430 78153at33392         -            256   1.4e-12   47.8   1.5   1   4     0.075        17    4.9   0.0   216   240   118   142   100   147 0.74 -
ptg000062l:29760089-29765008 -            430 78153at33392         -            256   1.4e-12   47.8   1.5   2   4   3.3e-06   0.00074   19.2   0.0    60   128   173   247   163   249 0.87 -
ptg000062l:29760089-29765008 -            430 78153at33392         -            256   1.4e-12   47.8   1.5   3   4   2.3e-06   0.00053   19.7   0.7   159   239   249   335   246   345 0.79 -
ptg000062l:29760089-29765008 -            430 78153at33392         -            256   1.4e-12   47.8   1.5   4   4       5.4   1.2e+03   -1.2   0.0   182   201   404   423   386   427 0.68 -
ptg000062l:10796551-10808865 -            176 78153at33392         -            256   4.4e-12   46.2   1.3   1   3     6e-08   1.4e-05   24.9   0.1   170   246     5    79     2    94 0.84 -
ptg000062l:10796551-10808865 -            176 78153at33392         -            256   4.4e-12   46.2   1.3   2   3    0.0085       1.9    8.0   0.0   225   246   109   130   101   135 0.85 -
ptg000062l:10796551-10808865 -            176 78153at33392         -            256   4.4e-12   46.2   1.3   3   3    0.0012      0.27   10.9   0.0   212   240   138   166   131   174 0.59 -
ptg000367l:2983294-2984652   -            453 78153at33392         -            256   6.5e-12   45.6   2.4   1   3   2.4e-11   5.4e-09   36.1   0.4    92   242   133   304    63   322 0.71 -
ptg000367l:2983294-2984652   -            453 78153at33392         -            256   6.5e-12   45.6   2.4   2   3      0.11        25    4.4   0.0    35    90   286   341   272   350 0.74 -
ptg000367l:2983294-2984652   -            453 78153at33392         -            256   6.5e-12   45.6   2.4   3   3     0.027         6    6.4   0.0   210   244   363   397   353   406 0.82 -
ptg000480l:74860-76218       -            453 78153at33392         -            256   7.8e-12   45.4   2.4   1   3   2.8e-11   6.3e-09   35.8   0.4    92   242   133   304    65   322 0.72 -
ptg000480l:74860-76218       -            453 78153at33392         -            256   7.8e-12   45.4   2.4   2   3      0.11        24    4.4   0.1    35    90   286   341   272   351 0.74 -
ptg000480l:74860-76218       -            453 78153at33392         -            256   7.8e-12   45.4   2.4   3   3     0.024       5.5    6.5   0.0   210   244   363   397   353   417 0.83 -
ptg000062l:12312921-12314967 -            292 78153at33392         -            256   1.1e-11   44.9   1.5   1   3   3.7e-05    0.0083   15.8   0.1   185   255    22   104    18   105 0.81 -
ptg000062l:12312921-12314967 -            292 78153at33392         -            256   1.1e-11   44.9   1.5   2   3    0.0058       1.3    8.6   0.0    57    92    92   127    84   140 0.82 -
ptg000062l:12312921-12314967 -            292 78153at33392         -            256   1.1e-11   44.9   1.5   3   3   1.1e-06   0.00025   20.8   0.0    24   149   142   274   131   291 0.80 -
ptg000158l:11559299-11561431 -            325 78153at33392         -            256   1.1e-11   44.8   2.9   1   4   0.00042     0.094   12.3   0.1    58   138     7    92     2    95 0.78 -
ptg000158l:11559299-11561431 -            325 78153at33392         -            256   1.1e-11   44.8   2.9   2   4   5.2e-09   1.2e-06   28.4   2.0    56   206    47   220    37   238 0.74 -
ptg000158l:11559299-11561431 -            325 78153at33392         -            256   1.1e-11   44.8   2.9   3   4     0.015       3.4    7.2   0.0    68   107   196   239   190   256 0.51 -
ptg000158l:11559299-11561431 -            325 78153at33392         -            256   1.1e-11   44.8   2.9   4   4      0.14        32    4.0   0.0    63    88   288   313   276   322 0.77 -
ptg000985l:208800-278179     -            182 78153at33392         -            256   2.3e-11   43.8   0.6   1   3   6.8e-07   0.00015   21.5   0.0   162   204    11    57     1    91 0.79 -
ptg000985l:208800-278179     -            182 78153at33392         -            256   2.3e-11   43.8   0.6   2   3    0.0027      0.61    9.7   0.0   215   245    96   131    62   140 0.74 -
ptg000985l:208800-278179     -            182 78153at33392         -            256   2.3e-11   43.8   0.6   3   3    0.0037      0.85    9.2   0.1    71    92   146   167   134   174 0.85 -
ptg000328l:2596100-2608001   -            790 78153at33392         -            256   4.2e-11   43.0   3.6   1   1   1.4e-11   3.3e-09   36.8   3.5    24   204    12   221     8   275 0.72 -
ptg000635l:344894-361938     -            792 78153at33392         -            256   4.3e-11   42.9   3.6   1   1   1.5e-11   3.3e-09   36.8   3.5    24   204    12   221     8   275 0.72 -
ptg000465l:244226-251306     -            889 78153at33392         -            256   6.3e-11   42.4   2.9   1   3   2.7e-08   6.1e-06   26.0   0.1    35   204   113   301    81   354 0.82 -
ptg000465l:244226-251306     -            889 78153at33392         -            256   6.3e-11   42.4   2.9   2   3         2   4.5e+02    0.3   0.0   218   245   492   519   471   526 0.79 -
ptg000465l:244226-251306     -            889 78153at33392         -            256   6.3e-11   42.4   2.9   3   3   0.00044       0.1   12.2   0.0    48    93   556   601   533   616 0.68 -
ptg000232l:5962649-5964866   -            317 78153at33392         -            256   5.7e-10   39.2   0.0   1   4     0.053        12    5.4   0.0    59    92    22    55     8    63 0.72 -
ptg000232l:5962649-5964866   -            317 78153at33392         -            256   5.7e-10   39.2   0.0   2   4   0.00072      0.16   11.5   0.0    53   128   102   180    54   188 0.79 -
ptg000232l:5962649-5964866   -            317 78153at33392         -            256   5.7e-10   39.2   0.0   3   4       1.1   2.4e+02    1.2   0.0    39    88   168   224   156   239 0.65 -
ptg000232l:5962649-5964866   -            317 78153at33392         -            256   5.7e-10   39.2   0.0   4   4   1.1e-05    0.0024   17.5   0.0   214   243   247   276   244   294 0.93 -
ptg000044l:1353461-1366873   -            484 78153at33392         -            256   7.5e-10   38.9   1.0   1   5    0.0024      0.54    9.8   0.0   208   255   151   204   107   205 0.76 -
ptg000044l:1353461-1366873   -            484 78153at33392         -            256   7.5e-10   38.9   1.0   2   5    0.0021      0.46   10.1   0.0    52    89   187   224   178   232 0.64 -
ptg000044l:1353461-1366873   -            484 78153at33392         -            256   7.5e-10   38.9   1.0   3   5     0.086        20    4.7   0.0    50    92   308   350   279   356 0.75 -
ptg000044l:1353461-1366873   -            484 78153at33392         -            256   7.5e-10   38.9   1.0   4   5    0.0008      0.18   11.4   0.1    43    92   341   392   330   400 0.76 -
ptg000044l:1353461-1366873   -            484 78153at33392         -            256   7.5e-10   38.9   1.0   5   5     0.024       5.5    6.5   0.0    16    51   397   432   390   481 0.87 -
ptg000528l:2084538-2099073   -            406 78153at33392         -            256   1.2e-09   38.2   0.7   1   5   0.00049      0.11   12.1   0.0    77   155    48   132    42   136 0.73 -
ptg000528l:2084538-2099073   -            406 78153at33392         -            256   1.2e-09   38.2   0.7   2   5      0.53   1.2e+02    2.1   0.0    52   124   113   189   108   199 0.60 -
ptg000528l:2084538-2099073   -            406 78153at33392         -            256   1.2e-09   38.2   0.7   3   5      0.15        34    3.9   0.0    53    89   199   235   185   241 0.82 -
ptg000528l:2084538-2099073   -            406 78153at33392         -            256   1.2e-09   38.2   0.7   4   5   0.00017     0.038   13.6   0.1    26    92   211   281   197   291 0.78 -
ptg000528l:2084538-2099073   -            406 78153at33392         -            256   1.2e-09   38.2   0.7   5   5     0.029       6.5    6.3   0.0    54    90   367   403   348   405 0.86 -
ptg000393l:939676-951875     -            873 78153at33392         -            256   1.7e-09   37.7   6.2   1   3    0.0034      0.78    9.3   0.7    98   239     3   147     2   148 0.77 -
ptg000393l:939676-951875     -            873 78153at33392         -            256   1.7e-09   37.7   6.2   2   3   0.00034     0.077   12.6   0.9   179   255   165   263   152   264 0.71 -
ptg000393l:939676-951875     -            873 78153at33392         -            256   1.7e-09   37.7   6.2   3   3    0.0043      0.97    9.0   0.0    70   128   612   674   605   682 0.80 -
ptg000054l:968792-985771     -            821 78153at33392         -            256   4.7e-09   36.2   2.3   1   4     0.012       2.6    7.6   0.0   204   243   403   442   393   451 0.81 -
ptg000054l:968792-985771     -            821 78153at33392         -            256   4.7e-09   36.2   2.3   2   4   0.00028     0.063   12.9   0.2   173   240   503   576   490   599 0.70 -
ptg000054l:968792-985771     -            821 78153at33392         -            256   4.7e-09   36.2   2.3   3   4       8.2   1.9e+03   -1.7   0.0    56    87   585   616   576   632 0.78 -
ptg000054l:968792-985771     -            821 78153at33392         -            256   4.7e-09   36.2   2.3   4   4   0.00042     0.095   12.3   0.0    22    91   640   716   620   725 0.66 -
ptg000096l:2923997-2930953   -            888 78153at33392         -            256   5.3e-09   36.1   2.2   1   3   1.5e-08   3.4e-06   26.9   0.3    35   204   113   301    82   353 0.80 -
ptg000096l:2923997-2930953   -            888 78153at33392         -            256   5.3e-09   36.1   2.2   2   3       2.2   5.1e+02    0.1   0.0   219   245   492   518   480   526 0.79 -
ptg000096l:2923997-2930953   -            888 78153at33392         -            256   5.3e-09   36.1   2.2   3   3      0.15        33    4.0   0.0    47    95   554   602   520   615 0.72 -
ptg000061l:7183468-7185007   -            410 78153at33392         -            256     9e-09   35.3   0.1   1   3   3.7e-06   0.00083   19.1   0.0    83   202    18   150     2   159 0.67 -
ptg000061l:7183468-7185007   -            410 78153at33392         -            256     9e-09   35.3   0.1   2   3     0.035       7.9    6.0   0.0    76   128   198   254   186   265 0.80 -
ptg000061l:7183468-7185007   -            410 78153at33392         -            256     9e-09   35.3   0.1   3   3     0.046        10    5.6   0.0    56   111   271   330   263   334 0.76 -
ptg000265l:15167771-15170113 -            504 78153at33392         -            256   2.8e-08   33.7   0.0   1   3   1.6e-05    0.0037   16.9   0.0    34   130    52   155    32   158 0.76 -
ptg000265l:15167771-15170113 -            504 78153at33392         -            256   2.8e-08   33.7   0.0   2   3   1.2e-06   0.00028   20.6   0.0    55   207   117   281   110   285 0.69 -
ptg000265l:15167771-15170113 -            504 78153at33392         -            256   2.8e-08   33.7   0.0   3   3     0.039       8.8    5.9   0.0    59   121   247   313   207   321 0.75 -
ptg000170l:11065277-11104683 -           1209 78153at33392         -            256   4.5e-08   33.0   2.2   1   2      0.14        32    4.0   0.0    77   116   404   447   396   475 0.80 -
ptg000170l:11065277-11104683 -           1209 78153at33392         -            256   4.5e-08   33.0   2.2   2   2   3.1e-08   6.9e-06   25.9   0.2    35   225   483   691   462   708 0.76 -
ptg000024l:28174302-28194330 -            445 78153at33392         -            256   6.4e-08   32.5   0.3   1   4     0.003      0.68    9.5   0.0   152   203    83   138    68   186 0.62 -
ptg000024l:28174302-28194330 -            445 78153at33392         -            256   6.4e-08   32.5   0.3   2   4       3.6   8.2e+02   -0.6   0.0     8    50   178   227   169   269 0.61 -
ptg000024l:28174302-28194330 -            445 78153at33392         -            256   6.4e-08   32.5   0.3   3   4     0.016       3.6    7.1   0.0    19    88   236   310   215   314 0.84 -
ptg000024l:28174302-28194330 -            445 78153at33392         -            256   6.4e-08   32.5   0.3   4   4    0.0016      0.35   10.5   0.1    52    94   317   359   313   365 0.89 -
ptg000283l:2621155-2623464   -            409 78153at33392         -            256   6.9e-08   32.4   0.0   1   3   7.7e-08   1.7e-05   24.6   0.0    56   168   124   244    86   289 0.71 -
ptg000283l:2621155-2623464   -            409 78153at33392         -            256   6.9e-08   32.4   0.0   2   3      0.19        43    3.6   0.0    63   125   215   282   207   310 0.77 -
ptg000283l:2621155-2623464   -            409 78153at33392         -            256   6.9e-08   32.4   0.0   3   3      0.23        51    3.4   0.0    21    60   338   377   323   383 0.81 -
ptg000174l:3845990-3871090   -            693 78153at33392         -            256   1.5e-07   31.3   1.5   1   4     0.047        11    5.6   0.1   185   241   348   405   337   415 0.62 -
ptg000174l:3845990-3871090   -            693 78153at33392         -            256   1.5e-07   31.3   1.5   2   4       1.9   4.3e+02    0.3   0.0    65    92   435   462   429   485 0.71 -
ptg000174l:3845990-3871090   -            693 78153at33392         -            256   1.5e-07   31.3   1.5   3   4      0.36        82    2.7   0.1   209   237   483   511   470   517 0.83 -
ptg000174l:3845990-3871090   -            693 78153at33392         -            256   1.5e-07   31.3   1.5   4   4   9.3e-06    0.0021   17.7   0.0    21   113   577   681   556   692 0.71 -
ptg000058l:657538-657864     -            109 78153at33392         -            256   1.8e-07   31.1   0.0   1   2   0.00013     0.028   14.0   0.0    54    91    17    54     1    58 0.74 -
ptg000058l:657538-657864     -            109 78153at33392         -            256   1.8e-07   31.1   0.0   2   2   7.2e-05     0.016   14.8   0.0    53    91    58    96    54   107 0.89 -
ptg000010l:6630297-6632891   -            368 78153at33392         -            256   5.8e-07   29.4   0.9   1   2     6e-09   1.4e-06   28.2   0.2    59   203    55   210    44   231 0.82 -
ptg000010l:6630297-6632891   -            368 78153at33392         -            256   5.8e-07   29.4   0.9   2   2         6   1.4e+03   -1.3   0.0    42    60   260   278   226   291 0.69 -
ptg000270l:1108589-1115012   -            576 78153at33392         -            256   6.7e-07   29.2   8.0   1   3     0.062        14    5.2   0.0    51    94   276   320   271   327 0.76 -
ptg000270l:1108589-1115012   -            576 78153at33392         -            256   6.7e-07   29.2   8.0   2   3   0.00048      0.11   12.1   0.1    52   129   321   405   314   412 0.76 -
ptg000270l:1108589-1115012   -            576 78153at33392         -            256   6.7e-07   29.2   8.0   3   3   9.9e-05     0.022   14.4   4.0    33   201   386   575   381   576 0.69 -
ptg000004l:6928355-6962062   -            549 78153at33392         -            256   8.8e-07   28.8   0.7   1   2    0.0033      0.74    9.4   0.0   171   204   246   279   234   333 0.67 -
ptg000004l:6928355-6962062   -            549 78153at33392         -            256   8.8e-07   28.8   0.7   2   2   2.5e-05    0.0056   16.3   0.2    47   205   366   540   346   544 0.72 -
ptg000049l:6083318-6083923   -            202 78153at33392         -            256     1e-06   28.6   1.6   1   3       1.6   3.7e+02    0.5   0.0   224   241    17    34     6    49 0.70 -
ptg000049l:6083318-6083923   -            202 78153at33392         -            256     1e-06   28.6   1.6   2   3   7.8e-06    0.0018   18.0   0.1   135   208    47   122    25   125 0.79 -
ptg000049l:6083318-6083923   -            202 78153at33392         -            256     1e-06   28.6   1.6   3   3    0.0045         1    8.9   0.0   166   205   123   163   120   185 0.76 -
ptg000011l:1774073-1777958   -            359 78153at33392         -            256     1e-06   28.6   1.2   1   3      0.77   1.7e+02    1.6   0.0   222   243    48    69    37    79 0.73 -
ptg000011l:1774073-1777958   -            359 78153at33392         -            256     1e-06   28.6   1.2   2   3   2.9e-07   6.6e-05   22.7   0.2    63   165    82   190    74   217 0.78 -
ptg000011l:1774073-1777958   -            359 78153at33392         -            256     1e-06   28.6   1.2   3   3       1.2   2.8e+02    0.9   0.0   147   189   275   321   261   345 0.59 -
ptg000281l:4092285-4094572   -            331 78153at33392         -            256   1.2e-06   28.4   0.8   1   3      0.36        82    2.7   0.0   221   246    28    53    20    67 0.70 -
ptg000281l:4092285-4094572   -            331 78153at33392         -            256   1.2e-06   28.4   0.8   2   3   8.6e-05      0.02   14.6   0.1    47   130    83   169    73   232 0.70 -
ptg000281l:4092285-4094572   -            331 78153at33392         -            256   1.2e-06   28.4   0.8   3   3     0.014       3.3    7.3   0.0    99   128   237   266   223   298 0.71 -
ptg000707l:733556-735859     -            331 78153at33392         -            256   1.2e-06   28.4   0.8   1   3      0.36        82    2.7   0.0   221   246    28    53    20    67 0.70 -
ptg000707l:733556-735859     -            331 78153at33392         -            256   1.2e-06   28.4   0.8   2   3   8.6e-05      0.02   14.6   0.1    47   130    83   169    73   232 0.70 -
ptg000707l:733556-735859     -            331 78153at33392         -            256   1.2e-06   28.4   0.8   3   3     0.014       3.3    7.3   0.0    99   128   237   266   223   298 0.71 -
ptg000314l:1168299-1170253   -            336 78153at33392         -            256   2.3e-06   27.4  17.0   1   5      0.23        52    3.3   0.1    65    89    19    43     9    54 0.81 -
ptg000314l:1168299-1170253   -            336 78153at33392         -            256   2.3e-06   27.4  17.0   2   5     6e-05     0.014   15.1   1.5   171   241    57   136    46   144 0.78 -
ptg000314l:1168299-1170253   -            336 78153at33392         -            256   2.3e-06   27.4  17.0   3   5    0.0028      0.63    9.6   0.5    20    88   148   223   139   226 0.69 -
ptg000314l:1168299-1170253   -            336 78153at33392         -            256   2.3e-06   27.4  17.0   4   5      0.15        34    3.9   0.0   189   237   233   281   225   287 0.67 -
ptg000314l:1168299-1170253   -            336 78153at33392         -            256   2.3e-06   27.4  17.0   5   5      0.51   1.2e+02    2.2   0.1    94   126   301   334   283   336 0.55 -
ptg000026l:638777-640713     -            338 78153at33392         -            256   2.9e-06   27.1  15.4   1   5      0.66   1.5e+02    1.8   0.1    65    89    19    43     8    55 0.79 -
ptg000026l:638777-640713     -            338 78153at33392         -            256   2.9e-06   27.1  15.4   2   5   6.8e-05     0.015   14.9   1.6   171   241    57   136    48   144 0.78 -
ptg000026l:638777-640713     -            338 78153at33392         -            256   2.9e-06   27.1  15.4   3   5    0.0046         1    8.9   0.2    21    88   149   225   141   231 0.61 -
ptg000026l:638777-640713     -            338 78153at33392         -            256   2.9e-06   27.1  15.4   4   5      0.15        34    4.0   0.0   189   237   235   283   227   289 0.67 -
ptg000026l:638777-640713     -            338 78153at33392         -            256   2.9e-06   27.1  15.4   5   5      0.56   1.3e+02    2.1   0.1    95   125   304   335   286   338 0.54 -
ptg000062l:60133976-60154461 -            419 78153at33392         -            256   2.9e-06   27.1  10.4   1   5      0.12        27    4.3   0.3    68    90   113   135   108   186 0.60 -
ptg000062l:60133976-60154461 -            419 78153at33392         -            256   2.9e-06   27.1  10.4   2   5      0.14        33    4.0   0.0    51    87   186   222   180   229 0.71 -
ptg000062l:60133976-60154461 -            419 78153at33392         -            256   2.9e-06   27.1  10.4   3   5   0.00031     0.071   12.7   0.7   165   237   250   327   242   332 0.76 -
ptg000062l:60133976-60154461 -            419 78153at33392         -            256   2.9e-06   27.1  10.4   4   5    0.0002     0.045   13.4   0.2    32    93   311   378   308   394 0.79 -
ptg000062l:60133976-60154461 -            419 78153at33392         -            256   2.9e-06   27.1  10.4   5   5      0.73   1.6e+02    1.7   0.0   168   203   382   416   377   419 0.65 -
ptg000280l:861311-863565     -            330 78153at33392         -            256   3.8e-06   26.7   0.0   1   2      0.66   1.5e+02    1.8   0.0   165   203    55    93    54   114 0.87 -
ptg000280l:861311-863565     -            330 78153at33392         -            256   3.8e-06   26.7   0.0   2   2   4.8e-07   0.00011   21.9   0.0    21    93   118   192   104   198 0.84 -
ptg000061l:16482016-16485883 -            644 78153at33392         -            256   1.2e-05   25.1   0.1   1   2     1e-05    0.0023   17.6   0.0    53   110   299   360   294   409 0.79 -
ptg000061l:16482016-16485883 -            644 78153at33392         -            256   1.2e-05   25.1   0.1   2   2      0.11        26    4.3   0.0    29    97   484   554   460   572 0.75 -
ptg000236l:6203218-6204000   -            261 78153at33392         -            256   1.5e-05   24.8   0.0   1   2   1.9e-05    0.0043   16.7   0.0    32   130    89   196    62   206 0.77 -
ptg000236l:6203218-6204000   -            261 78153at33392         -            256   1.5e-05   24.8   0.0   2   2     0.069        16    5.1   0.0    71   105   217   251   202   258 0.68 -
ptg000661l:89096-91346       -            330 78153at33392         -            256   1.8e-05   24.5   0.0   1   2      0.17        39    3.7   0.0   165   203    55    93    52   108 0.89 -
ptg000661l:89096-91346       -            330 78153at33392         -            256   1.8e-05   24.5   0.0   2   2   9.1e-06    0.0021   17.8   0.0    21    92   118   191   105   198 0.82 -
ptg000016l:3352281-3366932   -           1210 78153at33392         -            256     2e-05   24.4   0.0   1   3       1.1   2.4e+02    1.2   0.0   171   202    76   108    71   111 0.62 -
ptg000016l:3352281-3366932   -           1210 78153at33392         -            256     2e-05   24.4   0.0   2   3   0.00026      0.06   13.0   0.0    16    92   124   203   112   214 0.78 -
ptg000016l:3352281-3366932   -           1210 78153at33392         -            256     2e-05   24.4   0.0   3   3      0.13        30    4.1   0.0   166   209   854   898   764   933 0.75 -
ptg000098l:4338511-4342203   -            386 78153at33392         -            256   2.4e-05   24.1   0.0   1   2     0.047        11    5.6   0.0    54    90   123   159   113   164 0.78 -
ptg000098l:4338511-4342203   -            386 78153at33392         -            256   2.4e-05   24.1   0.0   2   2   2.2e-06    0.0005   19.8   0.0   150   225   143   221   140   229 0.84 -
ptg000026l:1960577-1972463   -            487 78153at33392         -            256   2.6e-05   24.0   1.1   1   1   6.1e-07   0.00014   21.6   0.4    28   135    51   167    42   171 0.71 -
ptg000302l:167032-176310     -            487 78153at33392         -            256   2.6e-05   24.0   1.1   1   1   6.1e-07   0.00014   21.6   0.4    28   135    51   167    42   171 0.71 -
ptg000355l:235042-253532     -           1244 78153at33392         -            256   3.4e-05   23.6   0.1   1   3         1   2.3e+02    1.3   0.0   171   202    76   108    71   114 0.64 -
ptg000355l:235042-253532     -           1244 78153at33392         -            256   3.4e-05   23.6   0.1   2   3   0.00027     0.061   13.0   0.0    16    92   124   203   111   214 0.78 -
ptg000355l:235042-253532     -           1244 78153at33392         -            256   3.4e-05   23.6   0.1   3   3      0.12        28    4.2   0.0   166   209   889   933   764   973 0.80 -
ptg000082l:9433196-9442375   -            767 78153at33392         -            256   5.8e-05   22.8  12.5   1   5      0.19        42    3.6   0.0   105   134    68    97    55   116 0.81 -
ptg000082l:9433196-9442375   -            767 78153at33392         -            256   5.8e-05   22.8  12.5   2   5      0.14        31    4.1   0.0   173   239   169   237   156   244 0.67 -
ptg000082l:9433196-9442375   -            767 78153at33392         -            256   5.8e-05   22.8  12.5   3   5       6.5   1.5e+03   -1.4   0.1   175   238   266   293   257   300 0.54 -
ptg000082l:9433196-9442375   -            767 78153at33392         -            256   5.8e-05   22.8  12.5   4   5      0.98   2.2e+02    1.3   0.0    62    87   360   385   332   397 0.70 -
ptg000082l:9433196-9442375   -            767 78153at33392         -            256   5.8e-05   22.8  12.5   5   5   0.00031     0.071   12.7   4.7   159   240   552   651   536   656 0.73 -
ptg000467l:2739260-2745612   -            588 78153at33392         -            256     8e-05   22.4   3.1   1   3    0.0092       2.1    7.9   0.1    76   130    32    98    17   105 0.69 -
ptg000467l:2739260-2745612   -            588 78153at33392         -            256     8e-05   22.4   3.1   2   3   0.00072      0.16   11.5   0.1   208   245   121   158   101   161 0.82 -
ptg000467l:2739260-2745612   -            588 78153at33392         -            256     8e-05   22.4   3.1   3   3       1.9   4.3e+02    0.3   0.0   170   206   160   196   156   215 0.76 -
ptg000061l:10281801-10331632 -            321 78153at33392         -            256   0.00011   22.0   0.1   1   2    0.0033      0.74    9.4   0.0   107   167    33    94    21   122 0.64 -
ptg000061l:10281801-10331632 -            321 78153at33392         -            256   0.00011   22.0   0.1   2   2    0.0029      0.66    9.5   0.0    75   242   168   319   163   321 0.41 -
ptg000453l:8163336-8164067   -            244 78153at33392         -            256   0.00017   21.3   0.0   1   2     1e-05    0.0023   17.6   0.0    32   131    89   197    60   218 0.76 -
ptg000453l:8163336-8164067   -            244 78153at33392         -            256   0.00017   21.3   0.0   2   2     0.012       2.8    7.5   0.0    73   203   176   235   161   243 0.49 -
ptg000080l:26771020-26771292 -             91 78153at33392         -            256   0.00026   20.7   0.0   1   1   1.2e-06   0.00028   20.6   0.0    59   129     4    79     1    88 0.79 -
ptg000234l:878175-880795     -            420 78153at33392         -            256   0.00032   20.4   1.6   1   4       0.2        44    3.6   0.0   169   225   167   218   162   237 0.62 -
ptg000234l:878175-880795     -            420 78153at33392         -            256   0.00032   20.4   1.6   2   4    0.0048       1.1    8.9   0.1   162   208   256   303   234   307 0.71 -
ptg000234l:878175-880795     -            420 78153at33392         -            256   0.00032   20.4   1.6   3   4     0.092        21    4.6   0.0   166   206   304   345   300   355 0.67 -
ptg000234l:878175-880795     -            420 78153at33392         -            256   0.00032   20.4   1.6   4   4       8.4   1.9e+03   -1.8   0.0    65    90   374   400   364   406 0.59 -
ptg000097l:4384630-4404514   -            462 78153at33392         -            256   0.00034   20.3   0.2   1   2    0.0005      0.11   12.0   0.1    67   133    16    87     6    99 0.69 -
ptg000097l:4384630-4404514   -            462 78153at33392         -            256   0.00034   20.3   0.2   2   2   0.00087       0.2   11.3   0.2    63   205    54   213    47   268 0.73 -
ptg000062l:61445129-61585712 -            759 78153at33392         -            256   0.00056   19.6   0.2   1   3       8.8     2e+03   -1.8   0.0    63    93    17    46    10    61 0.76 -
ptg000062l:61445129-61585712 -            759 78153at33392         -            256   0.00056   19.6   0.2   2   3    0.0067       1.5    8.4   0.0   169   225   100   162    81   174 0.78 -
ptg000062l:61445129-61585712 -            759 78153at33392         -            256   0.00056   19.6   0.2   3   3     0.016       3.6    7.1   0.1    67    90   194   217   186   247 0.84 -
ptg000296l:7414251-7420370   -            351 78153at33392         -            256    0.0014   18.3   0.1   1   3    0.0047       1.1    8.9   0.0    88   168    10    93     3   118 0.75 -
ptg000296l:7414251-7420370   -            351 78153at33392         -            256    0.0014   18.3   0.1   2   3      0.31        69    2.9   0.0    75    98   119   142   107   191 0.74 -
ptg000296l:7414251-7420370   -            351 78153at33392         -            256    0.0014   18.3   0.1   3   3      0.65   1.5e+02    1.9   0.0   109   155   211   260   192   285 0.74 -
ptg000087l:176470-182588     -            351 78153at33392         -            256    0.0025   17.5   0.1   1   3     0.008       1.8    8.1   0.1    88   168    10    93     3   119 0.74 -
ptg000087l:176470-182588     -            351 78153at33392         -            256    0.0025   17.5   0.1   2   3      0.22        50    3.4   0.0    75    98   119   142    98   208 0.72 -
ptg000087l:176470-182588     -            351 78153at33392         -            256    0.0025   17.5   0.1   3   3      0.48   1.1e+02    2.3   0.0   109   155   211   260   164   285 0.75 -
ptg000553l:1402168-1402497   -            110 78153at33392         -            256    0.0037   16.9   0.0   1   1     4e-05    0.0091   15.6   0.0    75   149     4    90     1    99 0.80 -
ptg000610l:426391-426720     -            110 78153at33392         -            256    0.0037   16.9   0.0   1   1     4e-05    0.0091   15.6   0.0    75   149     4    90     1    99 0.80 -
ptg000193l:1337948-1338166   -             73 78153at33392         -            256    0.0038   16.9   0.0   1   2    0.0059       1.3    8.6   0.0   104   130     4    30     1    41 0.84 -
ptg000193l:1337948-1338166   -             73 78153at33392         -            256    0.0038   16.9   0.0   2   2      0.01       2.3    7.8   0.0    56    89    35    68    29    73 0.83 -
ptg000020l:16985256-17039617 -           2915 78153at33392         -            256    0.0049   16.5   0.4   1   2       9.5   2.2e+03   -2.0   0.0    68    88   193   214   183   251 0.56 -
ptg000020l:16985256-17039617 -           2915 78153at33392         -            256    0.0049   16.5   0.4   2   2    0.0002     0.046   13.3   0.0    54   166  2729  2855  2716  2899 0.74 -
ptg000122l:6662743-6705802   -           1370 78153at33392         -            256    0.0053   16.4   0.1   1   4     0.018       4.1    7.0   0.0   169   209   973  1013   968  1017 0.82 -
ptg000122l:6662743-6705802   -           1370 78153at33392         -            256    0.0053   16.4   0.1   2   4       2.4   5.4e+02    0.0   0.0    99   128  1144  1173  1133  1219 0.84 -
ptg000122l:6662743-6705802   -           1370 78153at33392         -            256    0.0053   16.4   0.1   3   4      0.77   1.7e+02    1.6   0.0    70    96  1259  1285  1245  1292 0.80 -
ptg000122l:6662743-6705802   -           1370 78153at33392         -            256    0.0053   16.4   0.1   4   4       1.6   3.6e+02    0.6   0.0   213   237  1345  1370  1340  1370 0.74 -
ptg000741l:443234-447078     -            374 78153at33392         -            256    0.0064   16.1   0.1   1   3     0.034       7.6    6.1   0.0   170   204    50    84    43    92 0.84 -
ptg000741l:443234-447078     -            374 78153at33392         -            256    0.0064   16.1   0.1   2   3      0.24        54    3.3   0.0    11    41   135   165   129   180 0.79 -
ptg000741l:443234-447078     -            374 78153at33392         -            256    0.0064   16.1   0.1   3   3      0.53   1.2e+02    2.1   0.0    67    97   339   369   302   371 0.74 -
ptg000262l:327520-340707     -            588 78153at33392         -            256    0.0082   15.8   0.1   1   4       1.6   3.5e+02    0.6   0.0    55    91   152   188   144   206 0.83 -
ptg000262l:327520-340707     -            588 78153at33392         -            256    0.0082   15.8   0.1   2   4       7.1   1.6e+03   -1.6   0.0   181   210   211   240   197   256 0.80 -
ptg000262l:327520-340707     -            588 78153at33392         -            256    0.0082   15.8   0.1   3   4       2.2     5e+02    0.1   0.0   156   198   242   283   220   293 0.82 -
ptg000262l:327520-340707     -            588 78153at33392         -            256    0.0082   15.8   0.1   4   4    0.0061       1.4    8.5   0.0    64    96   318   350   309   431 0.57 -
ptg000322l:615548-629199     -            588 78153at33392         -            256    0.0082   15.8   0.1   1   4       1.6   3.5e+02    0.6   0.0    55    91   152   188   144   206 0.83 -
ptg000322l:615548-629199     -            588 78153at33392         -            256    0.0082   15.8   0.1   2   4       7.1   1.6e+03   -1.6   0.0   181   210   211   240   197   256 0.80 -
ptg000322l:615548-629199     -            588 78153at33392         -            256    0.0082   15.8   0.1   3   4       2.2     5e+02    0.1   0.0   156   198   242   283   220   293 0.82 -
ptg000322l:615548-629199     -            588 78153at33392         -            256    0.0082   15.8   0.1   4   4    0.0061       1.4    8.5   0.0    64    96   318   350   309   431 0.57 -
ptg000097l:1520761-1522245   -            495 78153at33392         -            256     0.014   15.0   0.0   1   2      0.86   1.9e+02    1.5   0.0    65   134   161   231   146   237 0.75 -
ptg000097l:1520761-1522245   -            495 78153at33392         -            256     0.014   15.0   0.0   2   2    0.0015      0.33   10.5   0.0    28   127   288   395   279   433 0.69 -
ptg000062l:55931093-55984822 -           1358 78153at33392         -            256      0.07   12.7   0.0   1   2       4.8   1.1e+03   -1.0   0.0    73   240   689   707   673   718 0.65 -
ptg000062l:55931093-55984822 -           1358 78153at33392         -            256      0.07   12.7   0.0   2   2    0.0031       0.7    9.5   0.0   101   147  1066  1112  1051  1154 0.91 -
ptg000003l:3832709-3993748   -            484 78153at33392         -            256     0.081   12.5   0.0   1   2       0.3        67    3.0   0.0   108   192   114   201    75   216 0.72 -
ptg000003l:3832709-3993748   -            484 78153at33392         -            256     0.081   12.5   0.0   2   2     0.015       3.4    7.2   0.0    61    91   268   298   226   338 0.71 -
ptg000275l:3791892-3792059   -             56 78153at33392         -            256     0.091   12.4   0.0   1   1    0.0027      0.62    9.7   0.0   160   195    16    55     4    56 0.50 -
ptg000726l:936968-938966     -            455 78153at33392         -            256       0.1   12.2   0.5   1   2    0.0029      0.67    9.5   0.2   206   255   208   262   119   263 0.80 -
ptg000726l:936968-938966     -            455 78153at33392         -            256       0.1   12.2   0.5   2   2       6.1   1.4e+03   -1.3   0.0   108   129   278   299   266   349 0.63 -
#
# Program:         hmmsearch
# Version:         3.2.1 (June 2018)
# Pipeline mode:   SEARCH
# Query file:      /home/tpsylvst/projects/diaprepes_assembly/busco/busco_downloads/lineages/endopterygota_odb10/hmms/78153at33392.hmm
# Target file:     /home/tpsylvst/projects/diaprepes_assembly/busco/diaprepes_busco/run_endopterygota_odb10/metaeuk_output/initial_results/diaprepes.fa.modified.fas
# Option settings: hmmsearch --domtblout /home/tpsylvst/projects/diaprepes_assembly/busco/diaprepes_busco/run_endopterygota_odb10/hmmer_output/initial_run_results/78153at33392.out --cpu 1 /home/tpsylvst/projects/diaprepes_assembly/busco/busco_downloads/lineages/endopterygota_odb10/hmms/78153at33392.hmm /home/tpsylvst/projects/diaprepes_assembly/busco/diaprepes_busco/run_endopterygota_odb10/metaeuk_output/initial_results/diaprepes.fa.modified.fas 
# Current dir:     /home/tpsylvst/projects/diaprepes_assembly/busco
# Date:            Mon Nov 28 14:23:22 2022
# [ok]
