#                                                                                  --- full sequence --- -------------- this domain -------------   hmm coord   ali coord   env coord
# target name              accession   tlen query name           accession   qlen   E-value  score  bias   #  of  c-Evalue  i-Evalue  score  bias  from    to  from    to  from    to  acc description of target
#      ------------------- ---------- ----- -------------------- ---------- ----- --------- ------ ----- --- --- --------- --------- ------ ----- ----- ----- ----- ----- ----- ----- ---- ---------------------
ptg000259l:1228494-1229852 -            278 79418at33392         -            219   1.7e-38  132.3   2.4   1   2     6e-21   1.2e-17   64.1   0.2     6   143    18   157    15   163 0.86 -
ptg000259l:1228494-1229852 -            278 79418at33392         -            219   1.7e-38  132.3   2.4   2   2   3.5e-22   7.2e-19   68.1   0.2   151   219   201   274   177   274 0.89 -
ptg000464l:2113775-2115132 -            278 79418at33392         -            219   1.7e-38  132.3   2.4   1   2     6e-21   1.2e-17   64.1   0.2     6   143    18   157    15   163 0.86 -
ptg000464l:2113775-2115132 -            278 79418at33392         -            219   1.7e-38  132.3   2.4   2   2   3.5e-22   7.2e-19   68.1   0.2   151   219   201   274   177   274 0.89 -
ptg000186l:8003115-8003573 -            153 79418at33392         -            219   2.5e-09   36.9   0.1   1   2   8.6e-07    0.0018   17.8   0.0    26    60    37    71    21    94 0.85 -
ptg000186l:8003115-8003573 -            153 79418at33392         -            219   2.5e-09   36.9   0.1   2   2   1.2e-06    0.0024   17.3   0.0    26    59   113   146    92   150 0.84 -
ptg000160l:3273523-3273675 -             51 79418at33392         -            219   0.00011   21.8   0.0   1   1   5.3e-08   0.00011   21.8   0.0    26    59    12    45     1    48 0.82 -
ptg000002l:8123011-8123238 -             76 79418at33392         -            219   0.00043   19.8   0.0   1   1   2.2e-07   0.00045   19.8   0.0    26    59    37    70    14    74 0.82 -
ptg000186l:8000379-8000702 -            108 79418at33392         -            219   0.00061   19.3   0.0   1   1     3e-07   0.00061   19.3   0.0    26    61    37    72    15   102 0.84 -
ptg000098l:4357351-4361206 -            407 79418at33392         -            219    0.0027   17.2   0.1   1   1   2.6e-06    0.0053   16.2   0.1    26    61   289   324   269   370 0.83 -
ptg000016l:3395343-3468276 -            232 79418at33392         -            219     0.057   12.9   0.1   1   1   4.6e-05     0.094   12.2   0.1    61   129    60   127    56   140 0.90 -
ptg000322l:1805019-1830512 -            802 79418at33392         -            219      0.11   11.9   0.0   1   2       2.1   4.3e+03   -3.1   0.0   183   214   620   651   618   655 0.77 -
ptg000322l:1805019-1830512 -            802 79418at33392         -            219      0.11   11.9   0.0   2   2   0.00016      0.34   10.4   0.0   182   218   684   719   681   720 0.90 -
#
# Program:         hmmsearch
# Version:         3.2.1 (June 2018)
# Pipeline mode:   SEARCH
# Query file:      /home/tpsylvst/projects/diaprepes_assembly/busco/busco_downloads/lineages/endopterygota_odb10/hmms/79418at33392.hmm
# Target file:     /home/tpsylvst/projects/diaprepes_assembly/busco/diaprepes_busco/run_endopterygota_odb10/metaeuk_output/initial_results/diaprepes.fa.modified.fas
# Option settings: hmmsearch --domtblout /home/tpsylvst/projects/diaprepes_assembly/busco/diaprepes_busco/run_endopterygota_odb10/hmmer_output/initial_run_results/79418at33392.out --cpu 1 /home/tpsylvst/projects/diaprepes_assembly/busco/busco_downloads/lineages/endopterygota_odb10/hmms/79418at33392.hmm /home/tpsylvst/projects/diaprepes_assembly/busco/diaprepes_busco/run_endopterygota_odb10/metaeuk_output/initial_results/diaprepes.fa.modified.fas 
# Current dir:     /home/tpsylvst/projects/diaprepes_assembly/busco
# Date:            Mon Nov 28 14:23:24 2022
# [ok]
