#                                                                                    --- full sequence --- -------------- this domain -------------   hmm coord   ali coord   env coord
# target name                accession   tlen query name           accession   qlen   E-value  score  bias   #  of  c-Evalue  i-Evalue  score  bias  from    to  from    to  from    to  acc description of target
#        ------------------- ---------- ----- -------------------- ---------- ----- --------- ------ ----- --- --- --------- --------- ------ ----- ----- ----- ----- ----- ----- ----- ---- ---------------------
ptg000080l:25048666-25059433 -           2400 8178at33392          -            953  1.9e-251  836.9 116.8   1   9   4.7e-21   3.8e-18   64.8  10.1     2    95   189   331   188   336 0.66 -
ptg000080l:25048666-25059433 -           2400 8178at33392          -            953  1.9e-251  836.9 116.8   2   9   2.8e-17   2.2e-14   52.3   0.1    98   138   382   422   369   434 0.89 -
ptg000080l:25048666-25059433 -           2400 8178at33392          -            953  1.9e-251  836.9 116.8   3   9   2.4e-69   1.9e-66  224.6  38.5   132   398   487   780   464   785 0.87 -
ptg000080l:25048666-25059433 -           2400 8178at33392          -            953  1.9e-251  836.9 116.8   4   9   1.6e-09   1.3e-06   26.6   1.3   370   426   787   846   770   851 0.80 -
ptg000080l:25048666-25059433 -           2400 8178at33392          -            953  1.9e-251  836.9 116.8   5   9   7.3e-71   5.9e-68  229.6   8.2   425   627   879  1107   874  1116 0.88 -
ptg000080l:25048666-25059433 -           2400 8178at33392          -            953  1.9e-251  836.9 116.8   6   9   4.6e-15   3.7e-12   45.0   0.5   618   665  1128  1175  1119  1186 0.91 -
ptg000080l:25048666-25059433 -           2400 8178at33392          -            953  1.9e-251  836.9 116.8   7   9   3.7e-16     3e-13   48.6   0.8   684   723  1290  1329  1284  1381 0.83 -
ptg000080l:25048666-25059433 -           2400 8178at33392          -            953  1.9e-251  836.9 116.8   8   9   8.9e-26   7.2e-23   80.4   8.3   739   839  1528  1646  1520  1660 0.72 -
ptg000080l:25048666-25059433 -           2400 8178at33392          -            953  1.9e-251  836.9 116.8   9   9     4e-30   3.2e-27   94.8   0.0   846   952  2097  2229  2084  2230 0.79 -
ptg000254l:3992028-4068568   -           1025 8178at33392          -            953   4.4e-06   24.8   5.1   1   2       7.6   6.1e+03   -5.4  10.6   207   249   257   303   245   316 0.61 -
ptg000254l:3992028-4068568   -           1025 8178at33392          -            953   4.4e-06   24.8   5.1   2   2   5.5e-09   4.4e-06   24.8   5.1   431   519   311   401   304   407 0.75 -
ptg000149l:24770944-24869867 -            447 8178at33392          -            953   3.4e-05   21.9   3.0   1   1   5.5e-08   4.4e-05   21.5   3.0    17    97    52   136    44   166 0.77 -
ptg000010l:2108255-2112580   -             82 8178at33392          -            953    0.0004   18.4   9.2   1   1     5e-07    0.0004   18.4   9.2    15    78     4    71     1    82 0.76 -
ptg000080l:23285803-23292802 -            479 8178at33392          -            953   0.00043   18.3   9.0   1   1   7.7e-07   0.00062   17.7   9.0    18    80    24    90     7   111 0.75 -
ptg000681l:302889-328144     -             76 8178at33392          -            953    0.0012   16.8   9.8   1   1   1.7e-06    0.0013   16.6   9.8    20    78     2    65     1    70 0.80 -
ptg000088l:4297710-4326056   -            439 8178at33392          -            953    0.0022   15.9   3.6   1   2   2.7e-06    0.0022   15.9   3.6    18    85   104   175    94   191 0.74 -
ptg000088l:4297710-4326056   -            439 8178at33392          -            953    0.0022   15.9   3.6   2   2      0.36   2.9e+02   -1.0   0.1   378   412   351   385   327   395 0.80 -
ptg000617l:659380-669509     -            113 8178at33392          -            953    0.0024   15.8   9.2   1   1   3.6e-06    0.0029   15.5   9.2    16    79    42   106    37   110 0.81 -
ptg000052l:1925260-1925388   -             43 8178at33392          -            953    0.0033   15.3   1.4   1   1   4.1e-06    0.0033   15.3   1.4   287   311    10    34     2    42 0.85 -
ptg000369l:2655754-2658855   -             72 8178at33392          -            953    0.0047   14.8   7.0   1   1   6.1e-06    0.0049   14.8   7.0    20    78     3    65     1    71 0.75 -
ptg000020l:2139771-2139977   -             69 8178at33392          -            953    0.0052   14.7   8.1   1   1   6.8e-06    0.0055   14.6   8.1    20    78     3    65     1    68 0.73 -
ptg000269l:518053-518259     -             69 8178at33392          -            953    0.0052   14.7   8.1   1   1   6.8e-06    0.0055   14.6   8.1    20    78     3    65     1    68 0.73 -
ptg000066l:16927068-16927307 -             80 8178at33392          -            953    0.0082   14.0   7.2   1   1   1.2e-05    0.0096   13.8   7.2    18    78     7    71     2    75 0.74 -
ptg000306l:2189025-2189264   -             80 8178at33392          -            953    0.0082   14.0   7.2   1   1   1.2e-05    0.0096   13.8   7.2    18    78     7    71     2    75 0.74 -
ptg000080l:31176075-31194645 -             67 8178at33392          -            953    0.0098   13.8  10.0   1   1   1.3e-05     0.011   13.6  10.0    20    78     1    63     1    66 0.79 -
ptg000244l:7877438-7881129   -             73 8178at33392          -            953      0.01   13.7   8.5   1   1   2.4e-05     0.019   12.8   8.5    20    79     1    68     1    72 0.64 -
ptg000186l:1060349-1069126   -            116 8178at33392          -            953     0.021   12.7   9.0   1   1   3.2e-05     0.026   12.4   9.0    16    79    42   109    37   113 0.77 -
ptg000099l:3224443-3224646   -             68 8178at33392          -            953      0.11   10.3  10.1   1   1    0.0002      0.16    9.7  10.1   488   519    10    41     5    64 0.83 -
ptg000080l:30576445-30576672 -             76 8178at33392          -            953      0.18    9.6   6.2   1   1   0.00025       0.2    9.4   6.2   215   267    19    72     5    75 0.51 -
ptg000035l:1377401-1377574   -             58 8178at33392          -            953      0.24    9.2   3.8   1   1   0.00026      0.21    9.3   3.8   270   307     7    43     1    58 0.57 -
ptg000034l:7960855-7961169   -            105 8178at33392          -            953      0.47    8.2   4.2   1   1   0.00062       0.5    8.1   4.2   210   284     2    69     1    88 0.76 -
ptg000024l:23008681-23046850 -            929 8178at33392          -            953      0.58    7.9  32.4   1   4    0.0011      0.86    7.3   2.6   276   334   122   182   110   187 0.80 -
ptg000024l:23008681-23046850 -            929 8178at33392          -            953      0.58    7.9  32.4   2   4   0.00059      0.48    8.2   3.1   417   514   167   274   163   283 0.70 -
ptg000024l:23008681-23046850 -            929 8178at33392          -            953      0.58    7.9  32.4   3   4      0.04        32    2.1   2.8   205   236   558   591   550   623 0.75 -
ptg000024l:23008681-23046850 -            929 8178at33392          -            953      0.58    7.9  32.4   4   4    0.0018       1.5    6.6   4.1   207   239   877   911   871   929 0.68 -
ptg000385l:865687-866022     -            112 8178at33392          -            953       1.3    6.7  10.2   1   2   0.00079      0.64    7.8   3.3   678   709    18    49     1    67 0.77 -
ptg000385l:865687-866022     -            112 8178at33392          -            953       1.3    6.7  10.2   2   2     0.021        17    3.0   1.2   679   706    84   109    63   112 0.68 -
#
# Program:         hmmsearch
# Version:         3.2.1 (June 2018)
# Pipeline mode:   SEARCH
# Query file:      /home/tpsylvst/projects/diaprepes_assembly/busco/busco_downloads/lineages/endopterygota_odb10/hmms/8178at33392.hmm
# Target file:     /home/tpsylvst/projects/diaprepes_assembly/busco/diaprepes_busco/run_endopterygota_odb10/metaeuk_output/initial_results/diaprepes.fa.modified.fas
# Option settings: hmmsearch --domtblout /home/tpsylvst/projects/diaprepes_assembly/busco/diaprepes_busco/run_endopterygota_odb10/hmmer_output/initial_run_results/8178at33392.out --cpu 1 /home/tpsylvst/projects/diaprepes_assembly/busco/busco_downloads/lineages/endopterygota_odb10/hmms/8178at33392.hmm /home/tpsylvst/projects/diaprepes_assembly/busco/diaprepes_busco/run_endopterygota_odb10/metaeuk_output/initial_results/diaprepes.fa.modified.fas 
# Current dir:     /home/tpsylvst/projects/diaprepes_assembly/busco
# Date:            Mon Nov 28 14:23:18 2022
# [ok]
