#                                                                                  --- full sequence --- -------------- this domain -------------   hmm coord   ali coord   env coord
# target name              accession   tlen query name           accession   qlen   E-value  score  bias   #  of  c-Evalue  i-Evalue  score  bias  from    to  from    to  from    to  acc description of target
#      ------------------- ---------- ----- -------------------- ---------- ----- --------- ------ ----- --- --- --------- --------- ------ ----- ----- ----- ----- ----- ----- ----- ---- ---------------------
ptg000103l:3477213-3486889 -            241 87191at33392         -            170   1.3e-87  292.0   3.4   1   3   1.6e-09     1e-05   25.5   0.2     1    20    10    29    10    31 0.95 -
ptg000103l:3477213-3486889 -            241 87191at33392         -            170   1.3e-87  292.0   3.4   2   3     1e-74   6.3e-71  237.7   0.0     6   149    44   200    40   206 0.91 -
ptg000103l:3477213-3486889 -            241 87191at33392         -            170   1.3e-87  292.0   3.4   3   3   1.9e-10   1.2e-06   28.6   0.0   144   169   212   237   203   238 0.92 -
ptg000876l:71785-81050     -            241 87191at33392         -            170   1.3e-87  292.0   3.4   1   3   1.6e-09     1e-05   25.5   0.2     1    20    10    29    10    31 0.95 -
ptg000876l:71785-81050     -            241 87191at33392         -            170   1.3e-87  292.0   3.4   2   3     1e-74   6.3e-71  237.7   0.0     6   149    44   200    40   206 0.91 -
ptg000876l:71785-81050     -            241 87191at33392         -            170   1.3e-87  292.0   3.4   3   3   1.9e-10   1.2e-06   28.6   0.0   144   169   212   237   203   238 0.92 -
ptg000035l:1356239-1374853 -            296 87191at33392         -            170    0.0046   16.9   0.0   1   1   1.3e-06    0.0081   16.1   0.0    22    76   142   196   124   222 0.82 -
#
# Program:         hmmsearch
# Version:         3.2.1 (June 2018)
# Pipeline mode:   SEARCH
# Query file:      /home/tpsylvst/projects/diaprepes_assembly/busco/busco_downloads/lineages/endopterygota_odb10/hmms/87191at33392.hmm
# Target file:     /home/tpsylvst/projects/diaprepes_assembly/busco/diaprepes_busco/run_endopterygota_odb10/metaeuk_output/initial_results/diaprepes.fa.modified.fas
# Option settings: hmmsearch --domtblout /home/tpsylvst/projects/diaprepes_assembly/busco/diaprepes_busco/run_endopterygota_odb10/hmmer_output/initial_run_results/87191at33392.out --cpu 1 /home/tpsylvst/projects/diaprepes_assembly/busco/busco_downloads/lineages/endopterygota_odb10/hmms/87191at33392.hmm /home/tpsylvst/projects/diaprepes_assembly/busco/diaprepes_busco/run_endopterygota_odb10/metaeuk_output/initial_results/diaprepes.fa.modified.fas 
# Current dir:     /home/tpsylvst/projects/diaprepes_assembly/busco
# Date:            Mon Nov 28 14:23:18 2022
# [ok]
