#                                                                                    --- full sequence --- -------------- this domain -------------   hmm coord   ali coord   env coord
# target name                accession   tlen query name           accession   qlen   E-value  score  bias   #  of  c-Evalue  i-Evalue  score  bias  from    to  from    to  from    to  acc description of target
#        ------------------- ---------- ----- -------------------- ---------- ----- --------- ------ ----- --- --- --------- --------- ------ ----- ----- ----- ----- ----- ----- ----- ---- ---------------------
ptg000204l:877441-889995     -            448 92303at33392         -            378  1.9e-131  438.4  22.9   1   1  3.6e-133  5.3e-131  436.9  22.9     3   378    15   445    12   445 0.88 -
ptg000388l:703610-705769     -            720 92303at33392         -            378   3.5e-43  147.9  58.7   1   9     3e-07   4.4e-05   22.5   0.2   274   336    11    75     5    78 0.91 -
ptg000388l:703610-705769     -            720 92303at33392         -            378   3.5e-43  147.9  58.7   2   9     9e-11   1.3e-08   34.1   2.1   227   336    78   194    76   196 0.89 -
ptg000388l:703610-705769     -            720 92303at33392         -            378   3.5e-43  147.9  58.7   3   9     4e-10   5.9e-08   32.0   0.9   232   334   131   240   126   246 0.84 -
ptg000388l:703610-705769     -            720 92303at33392         -            378   3.5e-43  147.9  58.7   4   9   7.3e-10   1.1e-07   31.1   0.2   234   336   180   290   172   294 0.90 -
ptg000388l:703610-705769     -            720 92303at33392         -            378   3.5e-43  147.9  58.7   5   9   3.1e-08   4.5e-06   25.7   5.4   210   336   248   386   241   390 0.84 -
ptg000388l:703610-705769     -            720 92303at33392         -            378   3.5e-43  147.9  58.7   6   9   8.4e-08   1.2e-05   24.3   8.0   233   333   347   455   345   460 0.71 -
ptg000388l:703610-705769     -            720 92303at33392         -            378   3.5e-43  147.9  58.7   7   9     2e-06   0.00029   19.8   1.6   249   334   437   527   434   531 0.90 -
ptg000388l:703610-705769     -            720 92303at33392         -            378   3.5e-43  147.9  58.7   8   9   1.5e-08   2.2e-06   26.8  12.4   213   331   491   620   490   624 0.88 -
ptg000388l:703610-705769     -            720 92303at33392         -            378   3.5e-43  147.9  58.7   9   9   1.9e-09   2.8e-07   29.7   2.1   232   332   609   719   605   720 0.84 -
ptg000275l:5388806-5391370   -            855 92303at33392         -            378   2.4e-41  141.8  62.4   1   9   1.4e-05     0.002   17.0   0.6   228   311    35   124    16   144 0.64 -
ptg000275l:5388806-5391370   -            855 92303at33392         -            378   2.4e-41  141.8  62.4   2   9   2.3e-06   0.00034   19.6   0.4   213   313    62   173    53   181 0.75 -
ptg000275l:5388806-5391370   -            855 92303at33392         -            378   2.4e-41  141.8  62.4   3   9     2e-07     3e-05   23.0   7.2   232   353   181   309   174   310 0.86 -
ptg000275l:5388806-5391370   -            855 92303at33392         -            378   2.4e-41  141.8  62.4   4   9    0.0026      0.39    9.5   1.7   256   305   280   335   275   353 0.75 -
ptg000275l:5388806-5391370   -            855 92303at33392         -            378   2.4e-41  141.8  62.4   5   9   4.4e-12   6.4e-10   38.4   1.9   227   335   346   464   339   468 0.90 -
ptg000275l:5388806-5391370   -            855 92303at33392         -            378   2.4e-41  141.8  62.4   6   9   6.7e-07   9.7e-05   21.4   7.3   230   333   447   555   442   557 0.83 -
ptg000275l:5388806-5391370   -            855 92303at33392         -            378   2.4e-41  141.8  62.4   7   9   1.9e-09   2.8e-07   29.7  12.9   173   312   476   630   470   655 0.75 -
ptg000275l:5388806-5391370   -            855 92303at33392         -            378   2.4e-41  141.8  62.4   8   9   2.8e-05    0.0041   16.0   0.6   254   308   662   722   631   734 0.59 -
ptg000275l:5388806-5391370   -            855 92303at33392         -            378   2.4e-41  141.8  62.4   9   9   4.5e-10   6.5e-08   31.8   1.2   254   335   734   818   724   824 0.90 -
ptg000062l:6543932-6559568   -           1392 92303at33392         -            378   9.9e-36  123.4  23.1   1   9   0.00047     0.068   12.0   0.1   225   333   127   242   120   249 0.82 -
ptg000062l:6543932-6559568   -           1392 92303at33392         -            378   9.9e-36  123.4  23.1   2   9   0.00017     0.025   13.4   0.0   293   334   252   293   247   298 0.81 -
ptg000062l:6543932-6559568   -           1392 92303at33392         -            378   9.9e-36  123.4  23.1   3   9   1.9e-09   2.7e-07   29.8   0.3   227   333   298   416   292   420 0.87 -
ptg000062l:6543932-6559568   -           1392 92303at33392         -            378   9.9e-36  123.4  23.1   4   9   3.4e-10   4.9e-08   32.2   0.2   231   334   378   489   374   494 0.87 -
ptg000062l:6543932-6559568   -           1392 92303at33392         -            378   9.9e-36  123.4  23.1   5   9   1.4e-06    0.0002   20.3   0.1   222   310   417   513   414   536 0.75 -
ptg000062l:6543932-6559568   -           1392 92303at33392         -            378   9.9e-36  123.4  23.1   6   9   3.6e-07   5.2e-05   22.3   0.0   228   336   471   586   469   598 0.90 -
ptg000062l:6543932-6559568   -           1392 92303at33392         -            378   9.9e-36  123.4  23.1   7   9   3.5e-07   5.1e-05   22.3   0.1   231   335   545   657   525   657 0.83 -
ptg000062l:6543932-6559568   -           1392 92303at33392         -            378   9.9e-36  123.4  23.1   8   9     2e-08   2.9e-06   26.4   2.3   213   312   595   705   589   718 0.80 -
ptg000062l:6543932-6559568   -           1392 92303at33392         -            378   9.9e-36  123.4  23.1   9   9   4.3e-06   0.00062   18.7   0.6   275   333   714   774   706   780 0.90 -
ptg000024l:21686565-21688331 -            589 92303at33392         -            378   8.5e-33  113.7  92.9   1   8   1.3e-07   1.9e-05   23.7   2.9   231   333     5   117     1   119 0.76 -
ptg000024l:21686565-21688331 -            589 92303at33392         -            378   8.5e-33  113.7  92.9   2   8   2.9e-10   4.2e-08   32.4   7.8   231   331    54   162    48   167 0.87 -
ptg000024l:21686565-21688331 -            589 92303at33392         -            378   8.5e-33  113.7  92.9   3   8   3.2e-08   4.7e-06   25.7   8.0   229   335   124   239   119   244 0.83 -
ptg000024l:21686565-21688331 -            589 92303at33392         -            378   8.5e-33  113.7  92.9   4   8     2e-07   2.9e-05   23.1   4.1   232   311   200   287   163   310 0.76 -
ptg000024l:21686565-21688331 -            589 92303at33392         -            378   8.5e-33  113.7  92.9   5   8   4.7e-09   6.9e-07   28.4   1.9   228   335   244   359   241   363 0.84 -
ptg000024l:21686565-21688331 -            589 92303at33392         -            378   8.5e-33  113.7  92.9   6   8   4.1e-10     6e-08   31.9   4.5   227   331   315   429   293   434 0.82 -
ptg000024l:21686565-21688331 -            589 92303at33392         -            378   8.5e-33  113.7  92.9   7   8   4.6e-07   6.7e-05   21.9   2.8   208   308   364   478   357   480 0.53 -
ptg000024l:21686565-21688331 -            589 92303at33392         -            378   8.5e-33  113.7  92.9   8   8   3.1e-08   4.6e-06   25.7   6.1   214   313   468   579   464   588 0.70 -
ptg000121l:6524073-6525752   -            560 92303at33392         -            378   8.4e-27   94.0  31.0   1   5   1.2e-11   1.7e-09   37.0   4.0   234   334    81   185    65   188 0.85 -
ptg000121l:6524073-6525752   -            560 92303at33392         -            378   8.4e-27   94.0  31.0   2   5   5.8e-10   8.4e-08   31.4   2.4   205   310   164   277   161   278 0.55 -
ptg000121l:6524073-6525752   -            560 92303at33392         -            378   8.4e-27   94.0  31.0   3   5   7.2e-08     1e-05   24.5   0.5   205   311   233   349   230   353 0.69 -
ptg000121l:6524073-6525752   -            560 92303at33392         -            378   8.4e-27   94.0  31.0   4   5   3.9e-07   5.7e-05   22.1   1.7   232   311   334   419   331   421 0.87 -
ptg000121l:6524073-6525752   -            560 92303at33392         -            378   8.4e-27   94.0  31.0   5   5   1.7e-06   0.00025   20.0   0.4   224   306   419   506   417   535 0.80 -
ptg000607l:4933199-4934020   -            274 92303at33392         -            378   1.3e-25   90.1  70.3   1   4   2.5e-10   3.6e-08   32.6   6.4   233   337     1   112     1   118 0.88 -
ptg000607l:4933199-4934020   -            274 92303at33392         -            378   1.3e-25   90.1  70.3   2   4   1.2e-11   1.7e-09   37.0   9.9   213   333    73   197    65   201 0.88 -
ptg000607l:4933199-4934020   -            274 92303at33392         -            378   1.3e-25   90.1  70.3   3   4   4.1e-11   5.9e-09   35.2  15.1   211   331   118   243   112   244 0.91 -
ptg000607l:4933199-4934020   -            274 92303at33392         -            378   1.3e-25   90.1  70.3   4   4   5.8e-08   8.5e-06   24.9  14.9   234   336   162   271   160   274 0.84 -
ptg000228l:2500715-2501536   -            274 92303at33392         -            378   1.6e-25   89.8  69.4   1   4   1.3e-10   1.9e-08   33.6   6.4   233   337     1   112     1   116 0.88 -
ptg000228l:2500715-2501536   -            274 92303at33392         -            378   1.6e-25   89.8  69.4   2   4   3.4e-11     5e-09   35.5  10.3   216   333    76   197    73   201 0.89 -
ptg000228l:2500715-2501536   -            274 92303at33392         -            378   1.6e-25   89.8  69.4   3   4   3.4e-11     5e-09   35.5  14.5   207   332   114   244   111   247 0.90 -
ptg000228l:2500715-2501536   -            274 92303at33392         -            378   1.6e-25   89.8  69.4   4   4   5.6e-08   8.2e-06   24.9  14.3   234   336   162   271   161   274 0.83 -
ptg000097l:3194666-3195910   -            415 92303at33392         -            378   6.4e-25   87.8  49.9   1   4   3.7e-09   5.4e-07   28.8   9.4   230   335    18   131     4   146 0.83 -
ptg000097l:3194666-3195910   -            415 92303at33392         -            378   6.4e-25   87.8  49.9   2   4   1.3e-09   1.9e-07   30.3   2.3   252   338   151   236   132   240 0.89 -
ptg000097l:3194666-3195910   -            415 92303at33392         -            378   6.4e-25   87.8  49.9   3   4   3.5e-09   5.2e-07   28.9  10.8   212   313   242   348   235   355 0.88 -
ptg000097l:3194666-3195910   -            415 92303at33392         -            378   6.4e-25   87.8  49.9   4   4   8.1e-08   1.2e-05   24.4   7.1   252   330   329   413   327   415 0.78 -
ptg000099l:5171371-5172504   -            378 92303at33392         -            378     1e-21   77.2  36.8   1   3   1.3e-10   1.9e-08   33.5   8.1   210   335    19   155     4   161 0.80 -
ptg000099l:5171371-5172504   -            378 92303at33392         -            378     1e-21   77.2  36.8   2   3   3.4e-09     5e-07   28.9  13.8   213   334   141   264   134   269 0.87 -
ptg000099l:5171371-5172504   -            378 92303at33392         -            378     1e-21   77.2  36.8   3   3   7.9e-09   1.2e-06   27.7   4.3   254   365   250   365   246   376 0.65 -
ptg000177l:3039059-3041008   -            265 92303at33392         -            378   2.6e-21   75.9  21.6   1   2   7.9e-08   1.2e-05   24.4   1.4   232   301    36   107    24   109 0.86 -
ptg000177l:3039059-3041008   -            265 92303at33392         -            378   2.6e-21   75.9  21.6   2   2   7.6e-18   1.1e-15   57.4  15.2   199   334   101   241    98   259 0.89 -
ptg000034l:1808775-1810714   -            236 92303at33392         -            378   4.7e-21   75.1  21.8   1   2   7.1e-08     1e-05   24.6   1.4   236   301    11    78     3    81 0.88 -
ptg000034l:1808775-1810714   -            236 92303at33392         -            378   4.7e-21   75.1  21.8   2   2   2.7e-17   3.9e-15   55.6  13.9   206   334    79   212    77   231 0.87 -
ptg000122l:7844991-7917415   -            539 92303at33392         -            378   2.3e-19   69.5  26.1   1   6    0.0097       1.4    7.7   0.3   228   311    35   129    28   133 0.74 -
ptg000122l:7844991-7917415   -            539 92303at33392         -            378   2.3e-19   69.5  26.1   2   6   2.7e-08     4e-06   25.9   5.4   218   333   120   242   113   245 0.77 -
ptg000122l:7844991-7917415   -            539 92303at33392         -            378   2.3e-19   69.5  26.1   3   6   1.1e-09   1.6e-07   30.5   1.0   210   335   158   290   154   295 0.82 -
ptg000122l:7844991-7917415   -            539 92303at33392         -            378   2.3e-19   69.5  26.1   4   6   7.9e-05     0.012   14.5   0.0   203   248   243   291   236   323 0.79 -
ptg000122l:7844991-7917415   -            539 92303at33392         -            378   2.3e-19   69.5  26.1   5   6   0.00085      0.12   11.1   1.3   271   327   360   417   331   422 0.61 -
ptg000122l:7844991-7917415   -            539 92303at33392         -            378   2.3e-19   69.5  26.1   6   6   3.3e-08   4.9e-06   25.6   3.3   205   308   403   515   402   520 0.79 -
ptg000215l:3138933-3181654   -           1215 92303at33392         -            378   3.2e-19   69.0  20.2   1   4    0.0021      0.31    9.9   2.3   241   308     4    79     1    86 0.76 -
ptg000215l:3138933-3181654   -           1215 92303at33392         -            378   3.2e-19   69.0  20.2   2   4   6.9e-06     0.001   18.0   0.1   257   331   173   253   160   272 0.75 -
ptg000215l:3138933-3181654   -           1215 92303at33392         -            378   3.2e-19   69.0  20.2   3   4   6.1e-07   8.9e-05   21.5   1.2   267   335   367   437   348   459 0.70 -
ptg000215l:3138933-3181654   -           1215 92303at33392         -            378   3.2e-19   69.0  20.2   4   4   1.3e-09   1.9e-07   30.3   0.4   232   325   545   646   532   661 0.84 -
ptg000147l:7405931-7406926   -            332 92303at33392         -            378   4.1e-19   68.7  39.4   1   4   4.7e-13   6.8e-11   41.6   3.3   222   335    13   134     1   139 0.88 -
ptg000147l:7405931-7406926   -            332 92303at33392         -            378   4.1e-19   68.7  39.4   2   4    0.0009      0.13   11.0   2.4   251   309   140   204   137   207 0.84 -
ptg000147l:7405931-7406926   -            332 92303at33392         -            378   4.1e-19   68.7  39.4   3   4   1.4e-07   2.1e-05   23.5  10.0   239   310   203   280   202   295 0.83 -
ptg000147l:7405931-7406926   -            332 92303at33392         -            378   4.1e-19   68.7  39.4   4   4    0.0017      0.24   10.2   2.2   231   268   294   331   283   332 0.74 -
ptg000020l:19812043-19813386 -            448 92303at33392         -            378   5.2e-19   68.3  32.3   1   4   9.3e-08   1.4e-05   24.2  13.5   231   337     2   116     1   118 0.83 -
ptg000020l:19812043-19813386 -            448 92303at33392         -            378   5.2e-19   68.3  32.3   2   4   3.4e-10   4.9e-08   32.2   3.3   251   331    96   181    92   183 0.88 -
ptg000020l:19812043-19813386 -            448 92303at33392         -            378   5.2e-19   68.3  32.3   3   4   0.00017     0.024   13.5   0.2   262   335   203   279   191   283 0.68 -
ptg000020l:19812043-19813386 -            448 92303at33392         -            378   5.2e-19   68.3  32.3   4   4   1.7e-07   2.4e-05   23.3   0.6   210   305   262   366   257   382 0.67 -
ptg000062l:7444531-7445487   -            319 92303at33392         -            378   5.8e-19   68.2  16.6   1   3   2.3e-10   3.4e-08   32.7   6.0   234   336     1   110     1   111 0.90 -
ptg000062l:7444531-7445487   -            319 92303at33392         -            378   5.8e-19   68.2  16.6   2   3   1.6e-10   2.3e-08   33.3   0.0   229   335    91   205    87   206 0.89 -
ptg000062l:7444531-7445487   -            319 92303at33392         -            378   5.8e-19   68.2  16.6   3   3   4.5e-07   6.6e-05   21.9   1.7   231   333   189   301   184   307 0.83 -
ptg000062l:17004640-17005404 -            255 92303at33392         -            378   6.1e-19   68.1  17.2   1   2   2.4e-12   3.4e-10   39.3   7.3   220   332    13   135     1   137 0.82 -
ptg000062l:17004640-17005404 -            255 92303at33392         -            378   6.1e-19   68.1  17.2   2   2   8.1e-12   1.2e-09   37.5   4.5   228   349   121   245   117   251 0.86 -
ptg000147l:7238273-7239268   -            332 92303at33392         -            378   7.7e-19   67.8  40.1   1   4   8.3e-13   1.2e-10   40.8   3.9   222   335    13   134     1   139 0.88 -
ptg000147l:7238273-7239268   -            332 92303at33392         -            378   7.7e-19   67.8  40.1   2   4   0.00091      0.13   11.0   2.4   251   309   140   204   137   207 0.84 -
ptg000147l:7238273-7239268   -            332 92303at33392         -            378   7.7e-19   67.8  40.1   3   4   1.4e-07   2.1e-05   23.5  10.0   239   310   203   280   202   295 0.83 -
ptg000147l:7238273-7239268   -            332 92303at33392         -            378   7.7e-19   67.8  40.1   4   4    0.0017      0.24   10.2   2.2   231   268   294   331   283   332 0.74 -
ptg000256l:3805124-3849456   -           1265 92303at33392         -            378   9.9e-19   67.4  20.6   1   4    0.0021      0.31    9.8   2.2   241   308     4    79     1    85 0.76 -
ptg000256l:3805124-3849456   -           1265 92303at33392         -            378   9.9e-19   67.4  20.6   2   4   7.2e-06    0.0011   18.0   0.1   257   331   173   253   160   272 0.75 -
ptg000256l:3805124-3849456   -           1265 92303at33392         -            378   9.9e-19   67.4  20.6   3   4   6.4e-07   9.4e-05   21.4   1.2   267   335   367   437   348   459 0.70 -
ptg000256l:3805124-3849456   -           1265 92303at33392         -            378   9.9e-19   67.4  20.6   4   4   2.9e-09   4.3e-07   29.1   0.5   232   322   545   643   532   648 0.86 -
ptg000050l:4892711-4894003   -            431 92303at33392         -            378   3.9e-18   65.5  21.3   1   3   5.2e-12   7.6e-10   38.2   7.3   228   354    22   153     6   155 0.82 -
ptg000050l:4892711-4894003   -            431 92303at33392         -            378   3.9e-18   65.5  21.3   2   3     2e-10     3e-08   32.9   2.5   231   332   144   252   138   258 0.88 -
ptg000050l:4892711-4894003   -            431 92303at33392         -            378   3.9e-18   65.5  21.3   3   3       1.4   2.1e+02    0.5   0.2   267   330   307   371   258   418 0.57 -
ptg000147l:7097316-7098311   -            332 92303at33392         -            378   4.5e-18   65.2  40.1   1   4   4.6e-12   6.7e-10   38.4   3.7   222   332    13   131     1   139 0.86 -
ptg000147l:7097316-7098311   -            332 92303at33392         -            378   4.5e-18   65.2  40.1   2   4    0.0012      0.17   10.6   3.2   251   309   140   204   134   207 0.84 -
ptg000147l:7097316-7098311   -            332 92303at33392         -            378   4.5e-18   65.2  40.1   3   4   1.4e-07   2.1e-05   23.6   9.6   239   310   203   280   202   295 0.82 -
ptg000147l:7097316-7098311   -            332 92303at33392         -            378   4.5e-18   65.2  40.1   4   4    0.0015      0.22   10.3   2.1   231   268   294   331   283   332 0.74 -
ptg000103l:3389290-3389985   -            232 92303at33392         -            378   1.1e-17   64.0  19.8   1   2   3.6e-09   5.2e-07   28.8   5.5   235   338     3   114     1   115 0.85 -
ptg000103l:3389290-3389985   -            232 92303at33392         -            378   1.1e-17   64.0  19.8   2   2   5.1e-13   7.4e-11   41.5   6.6   226   336   114   232   111   232 0.89 -
ptg000876l:180501-181196     -            232 92303at33392         -            378   1.1e-17   63.9  19.6   1   2   3.3e-09   4.8e-07   28.9   5.3   235   338     3   114     1   116 0.85 -
ptg000876l:180501-181196     -            232 92303at33392         -            378   1.1e-17   63.9  19.6   2   2     4e-13   5.8e-11   41.8   6.2   226   336   114   232   112   232 0.89 -
ptg000499l:1758732-1759988   -            419 92303at33392         -            378   3.8e-17   62.2  38.0   1   4   1.7e-09   2.5e-07   29.9   3.5   251   313    63   131    33   151 0.78 -
ptg000499l:1758732-1759988   -            419 92303at33392         -            378   3.8e-17   62.2  38.0   2   4   6.8e-05    0.0099   14.8  13.4   231   314   137   223   131   230 0.84 -
ptg000499l:1758732-1759988   -            419 92303at33392         -            378   3.8e-17   62.2  38.0   3   4     2e-05    0.0029   16.5  14.8   215   333   164   283   162   286 0.85 -
ptg000499l:1758732-1759988   -            419 92303at33392         -            378   3.8e-17   62.2  38.0   4   4   1.9e-08   2.7e-06   26.5   6.7   240   347   254   367   248   396 0.69 -
ptg000607l:4944546-4945310   -            255 92303at33392         -            378   3.9e-17   62.2  28.8   1   2     2e-12   2.9e-10   39.6   8.0   231   338    20   134    13   139 0.88 -
ptg000607l:4944546-4945310   -            255 92303at33392         -            378   3.9e-17   62.2  28.8   2   2   7.1e-09     1e-06   27.9  13.4   212   311   140   244   132   246 0.84 -
ptg000228l:2511991-2512842   -            284 92303at33392         -            378   7.2e-17   61.3  31.9   1   2   2.3e-12   3.3e-10   39.4   9.9   202   338    16   163     2   168 0.82 -
ptg000228l:2511991-2512842   -            284 92303at33392         -            378   7.2e-17   61.3  31.9   2   2   9.6e-09   1.4e-06   27.4  14.5   212   311   169   273   160   275 0.85 -
ptg000308l:1330460-1330987   -            176 92303at33392         -            378   1.5e-16   60.2  18.7   1   2   5.9e-09   8.7e-07   28.1   1.6   279   336     1    60     1    63 0.94 -
ptg000308l:1330460-1330987   -            176 92303at33392         -            378   1.5e-16   60.2  18.7   2   2   1.7e-11   2.5e-09   36.5  10.0   227   308    87   174    67   176 0.55 -
ptg000341l:608081-638201     -            405 92303at33392         -            378   1.8e-16   60.0  74.4   1   6   4.1e-08     6e-06   25.3  10.5   225   337    10   129     3   132 0.82 -
ptg000341l:608081-638201     -            405 92303at33392         -            378   1.8e-16   60.0  74.4   2   6   2.3e-07   3.4e-05   22.9   8.9   233   315    65   155    61   166 0.86 -
ptg000341l:608081-638201     -            405 92303at33392         -            378   1.8e-16   60.0  74.4   3   6   1.1e-06   0.00016   20.6   7.0   230   336    86   211    84   216 0.70 -
ptg000341l:608081-638201     -            405 92303at33392         -            378   1.8e-16   60.0  74.4   4   6      0.01       1.5    7.6   5.2   226   335   189   308   158   311 0.72 -
ptg000341l:608081-638201     -            405 92303at33392         -            378   1.8e-16   60.0  74.4   5   6   1.3e-07   1.9e-05   23.7   7.0   250   336   265   357   236   360 0.82 -
ptg000341l:608081-638201     -            405 92303at33392         -            378   1.8e-16   60.0  74.4   6   6   2.8e-07   4.1e-05   22.6   9.1   231   332   292   402   283   404 0.71 -
ptg000018l:517563-524951     -            438 92303at33392         -            378     3e-16   59.2   8.0   1   2   3.3e-11   4.8e-09   35.5   3.7   207   308    40   156    33   160 0.80 -
ptg000018l:517563-524951     -            438 92303at33392         -            378     3e-16   59.2   8.0   2   2     4e-08   5.8e-06   25.4   0.1   220   330   163   277   158   283 0.88 -
ptg000618l:244518-253824     -            438 92303at33392         -            378     3e-16   59.2   8.0   1   2   3.3e-11   4.8e-09   35.5   3.7   207   308    40   156    33   160 0.80 -
ptg000618l:244518-253824     -            438 92303at33392         -            378     3e-16   59.2   8.0   2   2     4e-08   5.8e-06   25.4   0.1   220   330   163   277   158   283 0.88 -
ptg000147l:6697386-6698189   -            268 92303at33392         -            378   6.4e-16   58.2  31.5   1   3   9.3e-10   1.4e-07   30.8   4.5   237   331     4   106     1   116 0.77 -
ptg000147l:6697386-6698189   -            268 92303at33392         -            378   6.4e-16   58.2  31.5   2   3   3.3e-05    0.0048   15.8  11.2   230   311   117   208   111   211 0.83 -
ptg000147l:6697386-6698189   -            268 92303at33392         -            378   6.4e-16   58.2  31.5   3   3   1.9e-07   2.8e-05   23.2   1.6   267   309   210   255   206   259 0.91 -
ptg000147l:6741150-6742265   -            372 92303at33392         -            378   8.7e-16   57.7  42.7   1   5   9.9e-10   1.4e-07   30.7   6.6   228   333    37   149     9   151 0.83 -
ptg000147l:6741150-6742265   -            372 92303at33392         -            378   8.7e-16   57.7  42.7   2   5   0.00071       0.1   11.4   6.0   251   334   133   221   131   226 0.84 -
ptg000147l:6741150-6742265   -            372 92303at33392         -            378   8.7e-16   57.7  42.7   3   5   6.2e-05    0.0091   14.9  10.9   231   312   182   273   175   280 0.80 -
ptg000147l:6741150-6742265   -            372 92303at33392         -            378   8.7e-16   57.7  42.7   4   5   5.8e-08   8.5e-06   24.9  12.0   234   310   233   320   227   331 0.79 -
ptg000147l:6741150-6742265   -            372 92303at33392         -            378   8.7e-16   57.7  42.7   5   5    0.0027       0.4    9.5   0.6   231   268   334   371   323   372 0.72 -
ptg000126l:488648-490984     -            779 92303at33392         -            378   8.7e-16   57.7  73.7   1   8   8.4e-07   0.00012   21.0   3.7   230   315    42   132    25   142 0.81 -
ptg000126l:488648-490984     -            779 92303at33392         -            378   8.7e-16   57.7  73.7   2   8     0.035       5.1    5.8   8.2   263   334   257   328   153   330 0.72 -
ptg000126l:488648-490984     -            779 92303at33392         -            378   8.7e-16   57.7  73.7   3   8    0.0059      0.87    8.4  21.6   205   357   261   421   198   422 0.83 -
ptg000126l:488648-490984     -            779 92303at33392         -            378   8.7e-16   57.7  73.7   4   8     0.015       2.3    7.0  12.1   229   330   359   467   347   471 0.80 -
ptg000126l:488648-490984     -            779 92303at33392         -            378   8.7e-16   57.7  73.7   5   8    0.0002      0.03   13.2   6.0   201   335   446   590   442   595 0.78 -
ptg000126l:488648-490984     -            779 92303at33392         -            378   8.7e-16   57.7  73.7   6   8   9.9e-05     0.014   14.2   7.5   212   334   551   687   547   693 0.75 -
ptg000126l:488648-490984     -            779 92303at33392         -            378   8.7e-16   57.7  73.7   7   8     1e-08   1.5e-06   27.3  10.4   218   334   611   735   598   740 0.83 -
ptg000126l:488648-490984     -            779 92303at33392         -            378   8.7e-16   57.7  73.7   8   8   1.2e-06   0.00018   20.5   5.5   234   306   699   779   696   779 0.80 -
ptg000147l:7011513-7012550   -            346 92303at33392         -            378   2.3e-15   56.3  51.4   1   4   4.8e-10     7e-08   31.7   8.3   226   333    50   164    24   165 0.82 -
ptg000147l:7011513-7012550   -            346 92303at33392         -            378   2.3e-15   56.3  51.4   2   4   0.00069       0.1   11.4   5.9   251   334   148   236   145   239 0.83 -
ptg000147l:7011513-7012550   -            346 92303at33392         -            378   2.3e-15   56.3  51.4   3   4   7.7e-08   1.1e-05   24.4  15.9   211   312   197   312   189   312 0.53 -
ptg000147l:7011513-7012550   -            346 92303at33392         -            378   2.3e-15   56.3  51.4   4   4     1e-08   1.5e-06   27.3  11.3   232   310   246   335   240   344 0.82 -
ptg000062l:21968090-21969028 -            313 92303at33392         -            378     5e-15   55.2   5.0   1   2   2.7e-08     4e-06   25.9   3.3   268   335    23    92     2   109 0.71 -
ptg000062l:21968090-21969028 -            313 92303at33392         -            378     5e-15   55.2   5.0   2   2     3e-09   4.4e-07   29.1   0.1   218   336   110   241    98   246 0.83 -
ptg000911l:629760-646269     -            706 92303at33392         -            378   7.1e-15   54.7   0.1   1   1     1e-16   1.5e-14   53.7   0.1     8    82   608   684   604   697 0.90 -
ptg000062l:18149651-18150511 -            287 92303at33392         -            378   8.2e-15   54.5   8.2   1   2   2.3e-11   3.4e-09   36.0   2.3   234   333     3   111     1   120 0.85 -
ptg000062l:18149651-18150511 -            287 92303at33392         -            378   8.2e-15   54.5   8.2   2   2   2.6e-07   3.8e-05   22.7   1.0   222   307   113   202   109   218 0.69 -
ptg000281l:4115956-4116663   -            236 92303at33392         -            378   1.1e-14   54.0  45.3   1   3   8.1e-07   0.00012   21.1  10.8   213   331     6   138     1   144 0.76 -
ptg000281l:4115956-4116663   -            236 92303at33392         -            378   1.1e-14   54.0  45.3   2   3     5e-10   7.3e-08   31.6  11.0   232   334    79   189    75   192 0.77 -
ptg000281l:4115956-4116663   -            236 92303at33392         -            378   1.1e-14   54.0  45.3   3   3     1e-08   1.5e-06   27.4   7.6   231   308   150   235   144   236 0.85 -
ptg000306l:1400979-1401608   -            210 92303at33392         -            378   1.4e-14   53.8   3.0   1   3   1.5e-06   0.00021   20.2   0.0   255   332     3    86     1    91 0.82 -
ptg000306l:1400979-1401608   -            210 92303at33392         -            378   1.4e-14   53.8   3.0   2   3   1.6e-08   2.4e-06   26.6   0.3   213   333    30   160    24   162 0.79 -
ptg000306l:1400979-1401608   -            210 92303at33392         -            378   1.4e-14   53.8   3.0   3   3   2.9e-06   0.00042   19.3   0.0   233   332    99   206    91   208 0.81 -
ptg000499l:1775098-1775985   -            296 92303at33392         -            378   1.5e-14   53.7  29.0   1   4   2.5e-08   3.7e-06   26.0   5.4   212   312    17   129    13   130 0.49 -
ptg000499l:1775098-1775985   -            296 92303at33392         -            378   1.5e-14   53.7  29.0   2   4   5.1e-06   0.00075   18.4   9.1   229   309   110   193   106   193 0.83 -
ptg000499l:1775098-1775985   -            296 92303at33392         -            378   1.5e-14   53.7  29.0   3   4     1e-08   1.5e-06   27.3   9.8   233   333   160   258   154   262 0.92 -
ptg000499l:1775098-1775985   -            296 92303at33392         -            378   1.5e-14   53.7  29.0   4   4    0.0077       1.1    8.0   0.2   275   311   248   284   240   286 0.68 -
ptg000066l:17720119-17720748 -            210 92303at33392         -            378   4.2e-14   52.2   3.6   1   3   1.6e-06   0.00023   20.1   0.1   255   332     3    86     1    91 0.84 -
ptg000066l:17720119-17720748 -            210 92303at33392         -            378   4.2e-14   52.2   3.6   2   3   2.4e-08   3.5e-06   26.1   0.2   211   333    28   160    22   162 0.79 -
ptg000066l:17720119-17720748 -            210 92303at33392         -            378   4.2e-14   52.2   3.6   3   3   3.7e-06   0.00054   18.9   0.0   236   332   102   206    94   208 0.79 -
ptg000035l:15755172-15755879 -            236 92303at33392         -            378   1.1e-13   50.8  18.3   1   2   1.2e-09   1.8e-07   30.4  11.3   231   337     4   115     1   118 0.89 -
ptg000035l:15755172-15755879 -            236 92303at33392         -            378   1.1e-13   50.8  18.3   2   2   8.7e-09   1.3e-06   27.6   3.6   211   333    97   232    92   235 0.79 -
ptg000032l:16840238-16841143 -            302 92303at33392         -            378   1.2e-13   50.7  40.7   1   3   0.00024     0.035   12.9   7.9   253   312    44   106    21   119 0.68 -
ptg000032l:16840238-16841143 -            302 92303at33392         -            378   1.2e-13   50.7  40.7   2   3   7.8e-07   0.00011   21.1  10.9   232   318   115   203   107   207 0.86 -
ptg000032l:16840238-16841143 -            302 92303at33392         -            378   1.2e-13   50.7  40.7   3   3   3.3e-09   4.8e-07   28.9   8.4   233   312   201   283   197   301 0.89 -
ptg000311l:908047-908754     -            236 92303at33392         -            378   1.5e-13   50.3   1.8   1   2   5.8e-08   8.5e-06   24.8   1.3   259   335     3    87     1    91 0.83 -
ptg000311l:908047-908754     -            236 92303at33392         -            378   1.5e-13   50.3   1.8   2   2     3e-09   4.4e-07   29.1   0.1   257   331    75   154    74   171 0.65 -
ptg000061l:6555678-6556136   -            153 92303at33392         -            378   2.1e-13   49.9  16.6   1   2     5e-15   7.3e-13   48.1  11.3   226   346     6   130     2   138 0.91 -
ptg000061l:6555678-6556136   -            153 92303at33392         -            378   2.1e-13   49.9  16.6   2   2   0.00072       0.1   11.4   0.2   273   311   103   142   102   152 0.55 -
ptg000007l:7237905-7238381   -            159 92303at33392         -            378   2.9e-13   49.4  11.8   1   2   7.9e-14   1.1e-11   44.2   7.9   227   334    20   134     6   135 0.86 -
ptg000007l:7237905-7238381   -            159 92303at33392         -            378   2.9e-13   49.4  11.8   2   2   5.2e-05    0.0076   15.1   2.6   224   268   112   158   109   159 0.87 -
ptg000628l:633353-634060     -            236 92303at33392         -            378   3.6e-13   49.1  19.0   1   2   1.2e-09   1.8e-07   30.4  11.3   231   337     4   115     1   118 0.89 -
ptg000628l:633353-634060     -            236 92303at33392         -            378   3.6e-13   49.1  19.0   2   2     8e-08   1.2e-05   24.4   3.7   214   333   100   232    99   235 0.77 -
ptg000344l:681272-682228     -            319 92303at33392         -            378   4.9e-13   48.7   8.1   1   2   3.6e-11   5.3e-09   35.4   2.2   225   328    25   135     1   141 0.83 -
ptg000344l:681272-682228     -            319 92303at33392         -            378   4.9e-13   48.7   8.1   2   2   1.8e-05    0.0026   16.7   0.3   251   331   178   265   152   269 0.66 -
ptg000296l:6227310-6241848   -            866 92303at33392         -            378   6.7e-13   48.2  17.8   1   2   2.2e-10   3.2e-08   32.8   3.8   228   334   131   236   107   241 0.84 -
ptg000296l:6227310-6241848   -            866 92303at33392         -            378   6.7e-13   48.2  17.8   2   2   1.4e-09   2.1e-07   30.1   6.1   228   332   196   305   191   313 0.90 -
ptg000821l:441879-442451     -            191 92303at33392         -            378   8.3e-13   47.9  22.3   1   2   3.3e-10   4.8e-08   32.3   8.1   229   334     9   122     2   125 0.86 -
ptg000821l:441879-442451     -            191 92303at33392         -            378   8.3e-13   47.9  22.3   2   2     5e-09   7.2e-07   28.4   6.2   234   317    86   177    85   187 0.82 -
ptg000032l:16768207-16769217 -            337 92303at33392         -            378   8.4e-13   47.9  39.7   1   4   8.4e-06    0.0012   17.7   2.0   232   332    19   103     5   109 0.52 -
ptg000032l:16768207-16769217 -            337 92303at33392         -            378   8.4e-13   47.9  39.7   2   4   7.5e-07   0.00011   21.2  14.0   233   327   117   213   107   217 0.85 -
ptg000032l:16768207-16769217 -            337 92303at33392         -            378   8.4e-13   47.9  39.7   3   4     2e-06    0.0003   19.8   3.1   233   311   162   238   159   244 0.86 -
ptg000032l:16768207-16769217 -            337 92303at33392         -            378   8.4e-13   47.9  39.7   4   4   1.8e-06   0.00027   19.9   7.8   254   336   247   334   225   336 0.58 -
ptg000308l:1316406-1316921   -            172 92303at33392         -            378   8.6e-13   47.9  13.2   1   2   1.7e-09   2.5e-07   29.9   2.5   252   335     3    92     1    95 0.89 -
ptg000308l:1316406-1316921   -            172 92303at33392         -            378   8.6e-13   47.9  13.2   2   2   1.3e-07   1.9e-05   23.7   3.4   229   290    98   163    93   171 0.86 -
ptg000387l:166603-167787     -            395 92303at33392         -            378   9.1e-13   47.8  11.0   1   2   0.00057     0.083   11.7   0.1   295   333     1    39     1    43 0.79 -
ptg000387l:166603-167787     -            395 92303at33392         -            378   9.1e-13   47.8  11.0   2   2   6.8e-12   9.9e-10   37.8   7.5   203   335    41   186    39   205 0.83 -
ptg000656l:743914-745098     -            395 92303at33392         -            378   1.7e-12   46.9  11.8   1   2   0.00055      0.08   11.8   0.2   295   333     1    39     1    45 0.79 -
ptg000656l:743914-745098     -            395 92303at33392         -            378   1.7e-12   46.9  11.8   2   2   2.4e-11   3.5e-09   36.0   8.2   205   335    43   186    40   203 0.82 -
ptg000093l:134863-135456     -            198 92303at33392         -            378   7.7e-12   44.7   9.8   1   2   9.2e-12   1.3e-09   37.4   7.0   227   333    32   145    10   149 0.84 -
ptg000093l:134863-135456     -            198 92303at33392         -            378   7.7e-12   44.7   9.8   2   2     2e-05    0.0029   16.5   0.2   269   335   127   195   125   197 0.88 -
ptg000147l:6948101-6948736   -            212 92303at33392         -            378   1.7e-11   43.6   4.7   1   2   1.2e-13   1.7e-11   43.6   4.7   222   331    29   146     7   155 0.80 -
ptg000147l:6948101-6948736   -            212 92303at33392         -            378   1.7e-11   43.6   4.7   2   2    0.0096       1.4    7.7   5.0   252   331   109   194   107   199 0.70 -
ptg000292l:2498821-2499531   -            237 92303at33392         -            378   1.9e-11   43.5  14.9   1   3      0.23        34    3.1   0.0   274   308    14    50     3    55 0.81 -
ptg000292l:2498821-2499531   -            237 92303at33392         -            378   1.9e-11   43.5  14.9   2   3   9.5e-12   1.4e-09   37.3   3.9   214   313    40   147    37   154 0.85 -
ptg000292l:2498821-2499531   -            237 92303at33392         -            378   1.9e-11   43.5  14.9   3   3    0.0035      0.51    9.1   5.4   232   284   152   210   146   228 0.61 -
ptg000559l:289127-290206     -            360 92303at33392         -            378   2.4e-11   43.1  19.8   1   3   1.8e-08   2.7e-06   26.5   1.7   261   344    15    99     1   108 0.83 -
ptg000559l:289127-290206     -            360 92303at33392         -            378   2.4e-11   43.1  19.8   2   3    0.0019      0.28   10.0   4.4   270   349   125   206    95   212 0.58 -
ptg000559l:289127-290206     -            360 92303at33392         -            378   2.4e-11   43.1  19.8   3   3   4.1e-05     0.006   15.5   2.4   253   355   202   310   175   320 0.69 -
ptg000707l:703459-704166     -            236 92303at33392         -            378   3.2e-11   42.7  25.7   1   2   4.6e-07   6.7e-05   21.9   9.8   213   332     6   139     3   145 0.76 -
ptg000707l:703459-704166     -            236 92303at33392         -            378   3.2e-11   42.7  25.7   2   2   1.8e-08   2.6e-06   26.6   7.9   231   308   150   235   144   236 0.85 -
ptg000183l:1139990-1140835   -            282 92303at33392         -            378   3.8e-11   42.5   1.6   1   2     4e-07   5.8e-05   22.1   0.4   231   313     5    92     1   102 0.78 -
ptg000183l:1139990-1140835   -            282 92303at33392         -            378   3.8e-11   42.5   1.6   2   2   7.1e-09     1e-06   27.9   0.2   231   336    52   162    51   176 0.88 -
ptg000066l:17650028-17650741 -            238 92303at33392         -            378     5e-11   42.0   1.0   1   3     0.099        15    4.3   0.0   292   334     9    51     4    56 0.76 -
ptg000066l:17650028-17650741 -            238 92303at33392         -            378     5e-11   42.0   1.0   2   3   2.2e-07   3.2e-05   22.9   0.0   230   313    59   150    51   156 0.88 -
ptg000066l:17650028-17650741 -            238 92303at33392         -            378     5e-11   42.0   1.0   3   3   5.8e-05    0.0084   15.0   0.3   255   333   134   218   133   226 0.83 -
ptg000019l:1211827-1212408   -            194 92303at33392         -            378   6.4e-11   41.7  10.6   1   2   5.9e-12   8.6e-10   38.0   7.9   227   333    32   145     6   149 0.84 -
ptg000019l:1211827-1212408   -            194 92303at33392         -            378   6.4e-11   41.7  10.6   2   2    0.0003     0.044   12.6   0.2   269   333   127   193   125   194 0.85 -
ptg000210l:3604298-3605038   -            247 92303at33392         -            378   8.4e-11   41.3   7.5   1   2     0.047       6.9    5.4   0.0   273   335     6    70     2    80 0.85 -
ptg000210l:3604298-3605038   -            247 92303at33392         -            378   8.4e-11   41.3   7.5   2   2   5.7e-12   8.3e-10   38.0   5.1   218   335    66   190    59   197 0.85 -
ptg000114l:166850-167962     -            371 92303at33392         -            378     9e-11   41.2  18.5   1   3   1.2e-07   1.8e-05   23.8   0.6   272   335    16    81     8    89 0.91 -
ptg000114l:166850-167962     -            371 92303at33392         -            378     9e-11   41.2  18.5   2   3   8.4e-05     0.012   14.4   2.6   265   336   113   184    85   197 0.85 -
ptg000114l:166850-167962     -            371 92303at33392         -            378     9e-11   41.2  18.5   3   3   0.00032     0.047   12.5   2.1   266   355   216   301   190   313 0.46 -
ptg000114l:153036-154115     -            360 92303at33392         -            378   9.1e-11   41.2  21.1   1   2   3.8e-09   5.5e-07   28.7  12.3   173   353     3   210     2   213 0.74 -
ptg000114l:153036-154115     -            360 92303at33392         -            378   9.1e-11   41.2  21.1   2   2   0.00011     0.016   14.1   3.7   254   355   203   310   178   322 0.68 -
ptg000232l:3630965-3631666   -            234 92303at33392         -            378   1.7e-10   40.3   0.1   1   2     0.041       5.9    5.6   0.0   292   335    52    95    35    99 0.77 -
ptg000232l:3630965-3631666   -            234 92303at33392         -            378   1.7e-10   40.3   0.1   2   2   3.5e-10   5.1e-08   32.2   0.1   229   315   101   195    97   218 0.83 -
ptg000011l:1086695-1087267   -            191 92303at33392         -            378   2.1e-10   40.0  15.1   1   3   0.00033     0.047   12.5   0.3   279   312     1    36     1    40 0.85 -
ptg000011l:1086695-1087267   -            191 92303at33392         -            378   2.1e-10   40.0  15.1   2   3   5.5e-05     0.008   15.1   1.6   272   333    42   104    38   106 0.89 -
ptg000011l:1086695-1087267   -            191 92303at33392         -            378   2.1e-10   40.0  15.1   3   3   6.6e-07   9.6e-05   21.4   2.3   249   323   110   189    92   191 0.72 -
ptg000080l:28416713-28417534 -            274 92303at33392         -            378   2.1e-10   40.0  10.0   1   2   3.7e-07   5.5e-05   22.2   0.1   253   334     2    89     1   109 0.86 -
ptg000080l:28416713-28417534 -            274 92303at33392         -            378   2.1e-10   40.0  10.0   2   2   1.4e-06   0.00021   20.3   5.2   234   332   126   231   114   242 0.68 -
ptg000797l:582422-583852     -            477 92303at33392         -            378   2.4e-10   39.8  56.4   1   5   1.8e-05    0.0026   16.7  14.0   219   335    23   146     7   150 0.73 -
ptg000797l:582422-583852     -            477 92303at33392         -            378   2.4e-10   39.8  56.4   2   5   0.00026     0.038   12.8  13.9   234   333   133   239   121   243 0.73 -
ptg000797l:582422-583852     -            477 92303at33392         -            378   2.4e-10   39.8  56.4   3   5   7.6e-05     0.011   14.6  10.4   231   333   154   264   148   270 0.75 -
ptg000797l:582422-583852     -            477 92303at33392         -            378   2.4e-10   39.8  56.4   4   5     0.003      0.44    9.3   1.2   267   335   268   336   241   340 0.61 -
ptg000797l:582422-583852     -            477 92303at33392         -            378   2.4e-10   39.8  56.4   5   5   4.3e-05    0.0063   15.4  10.0   211   332   320   455   312   459 0.71 -
ptg000180l:6018129-6018845   -            239 92303at33392         -            378   2.8e-10   39.6   2.6   1   2   8.4e-08   1.2e-05   24.3   0.4   243   332    24   116     7   120 0.83 -
ptg000180l:6018129-6018845   -            239 92303at33392         -            378   2.8e-10   39.6   2.6   2   2   7.2e-05      0.01   14.7   0.1   231   331   127   234   120   237 0.78 -
ptg000305l:1986401-1987243   -            281 92303at33392         -            378   2.9e-10   39.6   5.5   1   2   8.8e-08   1.3e-05   24.2   0.7   230   313     3    91     1    98 0.79 -
ptg000305l:1986401-1987243   -            281 92303at33392         -            378   2.9e-10   39.6   5.5   2   2   7.9e-06    0.0012   17.8   0.3   275   342   100   167    92   177 0.87 -
ptg000403l:371768-372610     -            281 92303at33392         -            378   2.9e-10   39.6   5.5   1   2   8.8e-08   1.3e-05   24.2   0.7   230   313     3    91     1    98 0.79 -
ptg000403l:371768-372610     -            281 92303at33392         -            378   2.9e-10   39.6   5.5   2   2   7.9e-06    0.0012   17.8   0.3   275   342   100   167    92   177 0.87 -
ptg000232l:3679479-3680219   -            247 92303at33392         -            378   3.1e-10   39.4   0.4   1   2     0.092        13    4.4   0.0   228   269    55    98    35   106 0.61 -
ptg000232l:3679479-3680219   -            247 92303at33392         -            378   3.1e-10   39.4   0.4   2   2   1.4e-10     2e-08   33.5   0.3   229   333   104   217   100   228 0.84 -
ptg000147l:7515964-7516752   -            263 92303at33392         -            378   3.7e-10   39.2   5.8   1   2       4.6   6.7e+02   -1.2   3.0   246   317    61   131    37   136 0.71 -
ptg000147l:7515964-7516752   -            263 92303at33392         -            378   3.7e-10   39.2   5.8   2   2   2.5e-12   3.7e-10   39.2   5.8   222   335   139   260   127   263 0.88 -
ptg000133l:3661500-3662123   -            208 92303at33392         -            378   5.6e-10   38.6   0.2   1   2      0.19        28    3.4   0.0   303   335     8    40     2    44 0.80 -
ptg000133l:3661500-3662123   -            208 92303at33392         -            378   5.6e-10   38.6   0.2   2   2   1.8e-10   2.7e-08   33.1   0.1   229   315    46   140    41   165 0.84 -
ptg000306l:1464687-1465385   -            233 92303at33392         -            378   6.2e-10   38.5   1.0   1   3   1.2e-05    0.0018   17.2   0.1   254   331     2    85     1    89 0.57 -
ptg000306l:1464687-1465385   -            233 92303at33392         -            378   6.2e-10   38.5   1.0   2   3   9.1e-08   1.3e-05   24.2   0.0   230   313    48   139    36   145 0.87 -
ptg000306l:1464687-1465385   -            233 92303at33392         -            378   6.2e-10   38.5   1.0   3   3   0.00048      0.07   12.0   0.8   255   333   123   207   122   220 0.80 -
ptg000049l:9213291-9216471   -            236 92303at33392         -            378   6.5e-10   38.4   0.9   1   2   7.3e-10   1.1e-07   31.1   0.0   255   334    20   102     3   106 0.84 -
ptg000049l:9213291-9216471   -            236 92303at33392         -            378   6.5e-10   38.4   0.9   2   2   0.00023     0.034   13.0   0.1   298   366    90   158    87   169 0.62 -
ptg000706l:156307-159752     -            236 92303at33392         -            378   6.5e-10   38.4   0.9   1   2   7.3e-10   1.1e-07   31.1   0.0   255   334    20   102     3   106 0.84 -
ptg000706l:156307-159752     -            236 92303at33392         -            378   6.5e-10   38.4   0.9   2   2   0.00023     0.034   13.0   0.1   298   366    90   158    87   169 0.62 -
ptg000011l:1102532-1103014   -            161 92303at33392         -            378   7.4e-10   38.2   9.5   1   2     0.038       5.6    5.7   1.1   277   308     2    34     1    36 0.92 -
ptg000011l:1102532-1103014   -            161 92303at33392         -            378   7.4e-10   38.2   9.5   2   2   1.9e-11   2.7e-09   36.3   2.1   242   356    36   155    34   161 0.87 -
ptg000013l:266718-267743     -            342 92303at33392         -            378   8.8e-10   38.0  19.6   1   4   1.8e-06   0.00026   19.9   1.4   260   339    25   105     3   115 0.81 -
ptg000013l:266718-267743     -            342 92303at33392         -            378   8.8e-10   38.0  19.6   2   4     0.049       7.1    5.4   5.3   232   303    86   163    83   203 0.64 -
ptg000013l:266718-267743     -            342 92303at33392         -            378   8.8e-10   38.0  19.6   3   4      0.63        93    1.7   2.1   255   302   162   214   152   227 0.65 -
ptg000013l:266718-267743     -            342 92303at33392         -            378   8.8e-10   38.0  19.6   4   4   6.3e-08   9.3e-06   24.7   0.9   192   308   223   342   218   342 0.88 -
ptg000488l:1140529-1141236   -            236 92303at33392         -            378   9.8e-10   37.8   6.0   1   2   1.7e-06   0.00024   20.0   0.9   256   334    34   120    18   125 0.82 -
ptg000488l:1140529-1141236   -            236 92303at33392         -            378   9.8e-10   37.8   6.0   2   2   1.6e-06   0.00023   20.1   0.4   273   331   129   189   121   192 0.92 -
ptg000004l:1727820-1728320   -            167 92303at33392         -            378   2.4e-09   36.5  11.8   1   2   2.7e-09     4e-07   29.2   3.9   234   311     2    87     1    89 0.86 -
ptg000004l:1727820-1728320   -            167 92303at33392         -            378   2.4e-09   36.5  11.8   2   2   0.00058     0.084   11.7   1.0   231   289    95   160    90   167 0.66 -
ptg000388l:755257-755934     -            226 92303at33392         -            378   2.7e-09   36.3   0.1   1   1     3e-11   4.4e-09   35.7   0.1   214   335    25   158     6   162 0.83 -
ptg000628l:1023928-1024335   -            136 92303at33392         -            378   3.2e-09   36.1   3.6   1   2   8.2e-08   1.2e-05   24.3   0.4   259   335     1    85     1    90 0.76 -
ptg000628l:1023928-1024335   -            136 92303at33392         -            378   3.2e-09   36.1   3.6   2   2   7.7e-05     0.011   14.6   0.4   256   313    72   136    69   136 0.75 -
ptg000118l:1375086-1375826   -            247 92303at33392         -            378   5.5e-09   35.3   5.1   1   3       1.3   1.9e+02    0.7   0.0   315   335     8    28     1    32 0.81 -
ptg000118l:1375086-1375826   -            247 92303at33392         -            378   5.5e-09   35.3   5.1   2   3   9.2e-10   1.3e-07   30.8   2.1   229   333    34   147     9   149 0.82 -
ptg000118l:1375086-1375826   -            247 92303at33392         -            378   5.5e-09   35.3   5.1   3   3   4.3e-05    0.0063   15.4   1.9   233   343    86   206    85   218 0.76 -
ptg000180l:6084501-6085175   -            225 92303at33392         -            378   8.5e-09   34.7   2.8   1   3   1.6e-07   2.4e-05   23.4   0.3   270   332    10    74     4    79 0.93 -
ptg000180l:6084501-6085175   -            225 92303at33392         -            378   8.5e-09   34.7   2.8   2   3   1.4e-05     0.002   17.0   0.2   251   331    59   145    56   151 0.83 -
ptg000180l:6084501-6085175   -            225 92303at33392         -            378   8.5e-09   34.7   2.8   3   3    0.0012      0.18   10.6   0.1   231   311    85   173    79   192 0.57 -
ptg000467l:374569-378533     -            252 92303at33392         -            378   8.9e-09   34.7   0.1   1   2   6.3e-10   9.3e-08   31.3   0.3   230   309    46   130    27   134 0.87 -
ptg000467l:374569-378533     -            252 92303at33392         -            378   8.9e-09   34.7   0.1   2   2      0.93   1.4e+02    1.1   0.0   255   307   143   190   135   210 0.70 -
ptg000158l:12872104-12872607 -            168 92303at33392         -            378   9.6e-09   34.5   6.7   1   2   7.9e-07   0.00012   21.1   4.2   252   331    11    95     1    99 0.72 -
ptg000158l:12872104-12872607 -            168 92303at33392         -            378   9.6e-09   34.5   6.7   2   2   3.8e-05    0.0056   15.6   0.7   255   312    85   153    80   168 0.51 -
ptg000174l:8933444-8955110   -            537 92303at33392         -            378   1.4e-08   34.0   1.8   1   2     3e-09   4.3e-07   29.1   0.0    27    97   230   302   216   306 0.89 -
ptg000174l:8933444-8955110   -            537 92303at33392         -            378   1.4e-08   34.0   1.8   2   2      0.13        18    4.0   0.4   132   195   453   512   448   530 0.89 -
ptg000368l:894713-910335     -            540 92303at33392         -            378   1.4e-08   34.0   1.8   1   2     3e-09   4.4e-07   29.1   0.0    27    97   230   302   216   306 0.89 -
ptg000368l:894713-910335     -            540 92303at33392         -            378   1.4e-08   34.0   1.8   2   2      0.13        19    4.0   0.4   132   195   456   515   451   533 0.89 -
ptg000499l:1720299-1720832   -            178 92303at33392         -            378   1.9e-08   33.6  13.8   1   2   4.1e-05     0.006   15.5   3.9   259   334     2    76     1    81 0.87 -
ptg000499l:1720299-1720832   -            178 92303at33392         -            378   1.9e-08   33.6  13.8   2   2   7.9e-08   1.2e-05   24.4   6.2   234   357    64   169    63   178 0.46 -
ptg000559l:295689-296765     -            359 92303at33392         -            378   2.6e-08   33.1  13.8   1   4      0.14        20    3.9   0.8   259   331    42   122    33   124 0.67 -
ptg000559l:295689-296765     -            359 92303at33392         -            378   2.6e-08   33.1  13.8   2   4   0.00021      0.03   13.2   4.6   230   309   109   202    81   221 0.78 -
ptg000559l:295689-296765     -            359 92303at33392         -            378   2.6e-08   33.1  13.8   3   4         5   7.2e+02   -1.3   0.0   166   185   214   233   202   241 0.78 -
ptg000559l:295689-296765     -            359 92303at33392         -            378   2.6e-08   33.1  13.8   4   4   1.3e-07   1.9e-05   23.7   1.1   271   335   242   308   219   317 0.91 -
ptg000157l:1545206-1545931   -            242 92303at33392         -            378   3.8e-08   32.6   6.8   1   1   3.6e-10   5.2e-08   32.1   5.5   248   335    75   168    45   190 0.71 -
ptg000089l:3209333-3209980   -            216 92303at33392         -            378     5e-08   32.2   4.1   1   2   1.1e-09   1.6e-07   30.5   2.1   203   333     4   147     1   149 0.80 -
ptg000089l:3209333-3209980   -            216 92303at33392         -            378     5e-08   32.2   4.1   2   2      0.12        18    4.0   0.1   277   331   137   192   131   209 0.81 -
ptg000147l:7238705-7239256   -            184 92303at33392         -            378   5.1e-08   32.2  25.3   1   3    0.0002      0.03   13.2   8.0   235   311     2    88     1    88 0.75 -
ptg000147l:7238705-7239256   -            184 92303at33392         -            378   5.1e-08   32.2  25.3   2   3   4.5e-08   6.6e-06   25.2   9.9   239   310    59   136    58   147 0.83 -
ptg000147l:7238705-7239256   -            184 92303at33392         -            378   5.1e-08   32.2  25.3   3   3    0.0087       1.3    7.8   1.4   231   264   150   183   141   184 0.71 -
ptg001114l:12428-13153       -            242 92303at33392         -            378     6e-08   31.9   6.5   1   1   7.4e-10   1.1e-07   31.1   6.2   229   335    55   168     5   174 0.77 -
ptg000404l:641214-641861     -            216 92303at33392         -            378   7.1e-08   31.7   4.5   1   2   1.3e-09   1.9e-07   30.3   2.3   202   333     3   147     1   149 0.82 -
ptg000404l:641214-641861     -            216 92303at33392         -            378   7.1e-08   31.7   4.5   2   2      0.12        17    4.1   0.1   277   331   137   192   128   207 0.81 -
ptg000305l:1488827-1489669   -            281 92303at33392         -            378   7.2e-08   31.7   7.0   1   2   7.3e-07   0.00011   21.2   1.5   231   313     4    91     1   100 0.82 -
ptg000305l:1488827-1489669   -            281 92303at33392         -            378   7.2e-08   31.7   7.0   2   2   2.3e-05    0.0033   16.3   0.8   256   337    76   162    68   171 0.86 -
ptg000643l:132560-133402     -            281 92303at33392         -            378   7.2e-08   31.7   7.0   1   2   7.3e-07   0.00011   21.2   1.5   231   313     4    91     1   100 0.82 -
ptg000643l:132560-133402     -            281 92303at33392         -            378   7.2e-08   31.7   7.0   2   2   2.3e-05    0.0033   16.3   0.8   256   337    76   162    68   171 0.86 -
ptg001114l:17777-18481       -            235 92303at33392         -            378   7.8e-08   31.6   3.9   1   1   5.3e-10   7.8e-08   31.6   3.9   248   340    73   173    46   188 0.79 -
ptg000024l:19129117-19129581 -            155 92303at33392         -            378   8.2e-08   31.5  11.8   1   2    0.0008      0.12   11.2   1.7   291   335    37    81     7    83 0.68 -
ptg000024l:19129117-19129581 -            155 92303at33392         -            378   8.2e-08   31.5  11.8   2   2   3.3e-08   4.8e-06   25.7  12.1   212   313    42   155    38   155 0.74 -
ptg000157l:1540432-1541085   -            218 92303at33392         -            378   8.7e-08   31.4   3.9   1   1   5.9e-10   8.7e-08   31.4   3.9   248   340    73   173    45   189 0.78 -
ptg000024l:21143524-21144288 -            255 92303at33392         -            378   8.8e-08   31.4   8.8   1   2   4.2e-05    0.0061   15.5   0.6   291   358    36   109     7   118 0.75 -
ptg000024l:21143524-21144288 -            255 92303at33392         -            378   8.8e-08   31.4   8.8   2   2   1.9e-06   0.00028   19.8   2.3   244   313   120   195   116   205 0.80 -
ptg000024l:12542679-12544148 -            490 92303at33392         -            378   9.8e-08   31.2  57.5   1   5       1.6   2.4e+02    0.3   8.6   256   355    10   107     6   115 0.45 -
ptg000024l:12542679-12544148 -            490 92303at33392         -            378   9.8e-08   31.2  57.5   2   5         1   1.5e+02    1.0  17.8   236   334   135   237    78   238 0.70 -
ptg000024l:12542679-12544148 -            490 92303at33392         -            378   9.8e-08   31.2  57.5   3   5   8.3e-05     0.012   14.5  12.9   217   319   182   294   172   310 0.71 -
ptg000024l:12542679-12544148 -            490 92303at33392         -            378   9.8e-08   31.2  57.5   4   5   3.3e-07   4.8e-05   22.4   8.6   250   335   339   426   315   427 0.77 -
ptg000024l:12542679-12544148 -            490 92303at33392         -            378   9.8e-08   31.2  57.5   5   5   4.6e-06   0.00067   18.6   3.2   230   286   409   471   404   479 0.66 -
ptg000341l:637497-638228     -            244 92303at33392         -            378   1.3e-07   30.8  14.6   1   2    0.0065      0.95    8.2   0.3   283   313    34    66     3    67 0.68 -
ptg000341l:637497-638228     -            244 92303at33392         -            378   1.3e-07   30.8  14.6   2   2   1.2e-07   1.8e-05   23.8  10.3   230   332    71   182    62   185 0.76 -
ptg000147l:7694318-7694797   -            160 92303at33392         -            378   1.6e-07   30.5  12.4   1   2   1.9e-09   2.7e-07   29.8   5.6   234   332     2   108     1   116 0.83 -
ptg000147l:7694318-7694797   -            160 92303at33392         -            378   1.6e-07   30.5  12.4   2   2    0.0013      0.19   10.5   4.9   252   332    70   156    69   159 0.81 -
ptg000112l:1549864-1550451   -            196 92303at33392         -            378     2e-07   30.2   7.1   1   1   5.4e-09   7.9e-07   28.2   7.0   227   338    21   140     2   155 0.84 -
ptg000172l:3062941-3064674   -            578 92303at33392         -            378     2e-07   30.2   0.1   1   1   8.7e-09   1.3e-06   27.6   0.1   225   351    14   147     9   149 0.87 -
ptg000232l:2835853-2836152   -            100 92303at33392         -            378   3.1e-07   29.6   4.5   1   1   2.5e-09   3.7e-07   29.3   4.5   230   307    16    97     5    99 0.83 -
ptg000080l:27679493-27680413 -            307 92303at33392         -            378   3.3e-07   29.5  13.5   1   2   1.3e-05    0.0019   17.1   1.6   270   332    67   130    42   133 0.85 -
ptg000080l:27679493-27680413 -            307 92303at33392         -            378   3.3e-07   29.5  13.5   2   2   1.1e-06   0.00016   20.6   7.9   231   319   117   204   111   227 0.72 -
ptg000232l:3600681-3601436   -            252 92303at33392         -            378   4.3e-07   29.1   0.1   1   2      0.66        96    1.6   0.0   231   268    25    64    14    72 0.51 -
ptg000232l:3600681-3601436   -            252 92303at33392         -            378   4.3e-07   29.1   0.1   2   2   6.1e-08     9e-06   24.8   0.2   229   334    71   185    65   192 0.84 -
ptg000080l:7050795-7051067   -             91 92303at33392         -            378   5.1e-07   28.9   1.2   1   1   3.6e-09   5.3e-07   28.8   1.2   204   269    17    86     2    91 0.78 -
ptg000086l:1827205-1828050   -            282 92303at33392         -            378   2.1e-06   26.8   7.4   1   2   3.4e-06    0.0005   19.0   1.1   253   310     5    67     2   100 0.57 -
ptg000086l:1827205-1828050   -            282 92303at33392         -            378   2.1e-06   26.8   7.4   2   2    0.0004     0.058   12.2   1.0   255   337    76   163    69   175 0.79 -
ptg000183l:2994048-3040308   -            477 92303at33392         -            378   1.1e-05   24.5   0.0   1   1   1.2e-07   1.8e-05   23.8   0.0    28    96   175   244   164   248 0.83 -
ptg000053l:538792-703607     -           1351 92303at33392         -            378   3.1e-05   23.0   0.9   1   1   5.2e-07   7.5e-05   21.7   0.9   239   332    62   163    46   194 0.70 -
ptg000066l:17634447-17634755 -            103 92303at33392         -            378   3.4e-05   22.9   0.3   1   1   4.7e-07   6.8e-05   21.9   0.3   229   310     5    94     1    98 0.66 -
ptg000306l:1479831-1480139   -            103 92303at33392         -            378   3.4e-05   22.9   0.3   1   1   4.7e-07   6.8e-05   21.9   0.3   229   310     5    94     1    98 0.66 -
ptg000066l:7767067-7789324   -            460 92303at33392         -            378   3.4e-05   22.9   0.1   1   1   8.7e-07   0.00013   21.0   0.1    25    97   114   204    99   207 0.74 -
ptg000232l:3668667-3668960   -             98 92303at33392         -            378   4.4e-05   22.5   0.8   1   1   8.1e-07   0.00012   21.1   0.8   228   289    25    92     3    96 0.61 -
ptg000509l:86194-157264      -           1296 92303at33392         -            378   6.6e-05   21.9   0.7   1   1   8.7e-07   0.00013   21.0   0.7   242   332     5   103     1   134 0.72 -
ptg000147l:8794464-8813542   -            167 92303at33392         -            378   0.00018   20.5   0.1   1   1   2.3e-06   0.00034   19.6   0.1    12    97    51   151    41   163 0.69 -
ptg000051l:1610292-1629575   -            415 92303at33392         -            378   0.00063   18.7   0.7   1   2     0.027         4    6.2   0.1   219   293    43   117    28   138 0.49 -
ptg000051l:1610292-1629575   -            415 92303at33392         -            378   0.00063   18.7   0.7   2   2    0.0012      0.17   10.7   0.0   255   315   223   288   205   314 0.75 -
ptg000143l:192439-210835     -            415 92303at33392         -            378   0.00063   18.7   0.7   1   2     0.027         4    6.2   0.1   219   293    43   117    28   138 0.49 -
ptg000143l:192439-210835     -            415 92303at33392         -            378   0.00063   18.7   0.7   2   2    0.0012      0.17   10.7   0.0   255   315   223   288   205   314 0.75 -
ptg000080l:5061156-5069784   -            466 92303at33392         -            378    0.0025   16.7   0.0   1   1   3.4e-05    0.0049   15.8   0.0    18    85    23    90     9   105 0.76 -
ptg000174l:1624777-1625475   -            233 92303at33392         -            378     0.014   14.3   0.0   1   1   0.00014      0.02   13.7   0.0   275   331     5    64     1    70 0.90 -
ptg000296l:1722827-1724197   -            457 92303at33392         -            378      0.22   10.3  11.2   1   3      0.18        26    3.5   1.7   218   285   148   225   118   255 0.56 -
ptg000296l:1722827-1724197   -            457 92303at33392         -            378      0.22   10.3  11.2   2   3     0.019       2.7    6.7   1.7   164   310   221   382   216   384 0.71 -
ptg000296l:1722827-1724197   -            457 92303at33392         -            378      0.22   10.3  11.2   3   3    0.0063      0.93    8.3   0.2   231   303   367   448   342   453 0.70 -
#
# Program:         hmmsearch
# Version:         3.2.1 (June 2018)
# Pipeline mode:   SEARCH
# Query file:      /home/tpsylvst/projects/diaprepes_assembly/busco/busco_downloads/lineages/endopterygota_odb10/hmms/92303at33392.hmm
# Target file:     /home/tpsylvst/projects/diaprepes_assembly/busco/diaprepes_busco/run_endopterygota_odb10/metaeuk_output/initial_results/diaprepes.fa.modified.fas
# Option settings: hmmsearch --domtblout /home/tpsylvst/projects/diaprepes_assembly/busco/diaprepes_busco/run_endopterygota_odb10/hmmer_output/initial_run_results/92303at33392.out --cpu 1 /home/tpsylvst/projects/diaprepes_assembly/busco/busco_downloads/lineages/endopterygota_odb10/hmms/92303at33392.hmm /home/tpsylvst/projects/diaprepes_assembly/busco/diaprepes_busco/run_endopterygota_odb10/metaeuk_output/initial_results/diaprepes.fa.modified.fas 
# Current dir:     /home/tpsylvst/projects/diaprepes_assembly/busco
# Date:            Mon Nov 28 14:23:28 2022
# [ok]
