#                                                                                  --- full sequence --- -------------- this domain -------------   hmm coord   ali coord   env coord
# target name              accession   tlen query name           accession   qlen   E-value  score  bias   #  of  c-Evalue  i-Evalue  score  bias  from    to  from    to  from    to  acc description of target
#      ------------------- ---------- ----- -------------------- ---------- ----- --------- ------ ----- --- --- --------- --------- ------ ----- ----- ----- ----- ----- ----- ----- ---- ---------------------
ptg000732l:177944-182652   -            252 93441at33392         -            214    2e-108  360.8   2.5   1   2    7e-105  4.3e-101  336.8   0.9     1   192     1   195     1   209 0.94 -
ptg000732l:177944-182652   -            252 93441at33392         -            214    2e-108  360.8   2.5   2   2   3.3e-09     2e-05   24.1   0.0   185   214   209   243   198   243 0.84 -
ptg000159l:2910534-2911921 -            235 93441at33392         -            214  8.9e-102  339.1   1.6   1   2  3.3e-105  2.1e-101  337.9   1.0     1   202     1   207     1   213 0.92 -
ptg000159l:2910534-2911921 -            235 93441at33392         -            214  8.9e-102  339.1   1.6   2   2     0.051   3.1e+02    0.6   0.0   185   212   209   234   198   235 0.76 -
ptg000277l:390231-391615   -            231 93441at33392         -            214         9    5.7  11.0   1   3    0.0036        22    4.4   0.1   111   142    17    47    11    53 0.72 -
ptg000277l:390231-391615   -            231 93441at33392         -            214         9    5.7  11.0   2   3      0.34   2.1e+03   -2.1   0.3     7    25    90   107    84   143 0.58 -
ptg000277l:390231-391615   -            231 93441at33392         -            214         9    5.7  11.0   3   3    0.0004       2.4    7.5   1.6     8    61   172   225   168   229 0.93 -
#
# Program:         hmmsearch
# Version:         3.2.1 (June 2018)
# Pipeline mode:   SEARCH
# Query file:      /home/tpsylvst/projects/diaprepes_assembly/busco/busco_downloads/lineages/endopterygota_odb10/hmms/93441at33392.hmm
# Target file:     /home/tpsylvst/projects/diaprepes_assembly/busco/diaprepes_busco/run_endopterygota_odb10/metaeuk_output/initial_results/diaprepes.fa.modified.fas
# Option settings: hmmsearch --domtblout /home/tpsylvst/projects/diaprepes_assembly/busco/diaprepes_busco/run_endopterygota_odb10/hmmer_output/initial_run_results/93441at33392.out --cpu 1 /home/tpsylvst/projects/diaprepes_assembly/busco/busco_downloads/lineages/endopterygota_odb10/hmms/93441at33392.hmm /home/tpsylvst/projects/diaprepes_assembly/busco/diaprepes_busco/run_endopterygota_odb10/metaeuk_output/initial_results/diaprepes.fa.modified.fas 
# Current dir:     /home/tpsylvst/projects/diaprepes_assembly/busco
# Date:            Mon Nov 28 14:23:25 2022
# [ok]
