#                                                                                    --- full sequence --- -------------- this domain -------------   hmm coord   ali coord   env coord
# target name                accession   tlen query name           accession   qlen   E-value  score  bias   #  of  c-Evalue  i-Evalue  score  bias  from    to  from    to  from    to  acc description of target
#        ------------------- ---------- ----- -------------------- ---------- ----- --------- ------ ----- --- --- --------- --------- ------ ----- ----- ----- ----- ----- ----- ----- ---- ---------------------
ptg000101l:5342111-5349125   -            262 94044at33392         -            171   4.1e-81  270.9  26.6   1   2   1.7e-17     8e-14   51.9  12.6     1    54    48   113    48   119 0.83 -
ptg000101l:5342111-5349125   -            262 94044at33392         -            171   4.1e-81  270.9  26.6   2   2   7.9e-71   3.7e-67  225.5   5.8    43   171   124   256   115   256 0.96 -
ptg000158l:11115110-11136740 -            463 94044at33392         -            171   2.6e-10   40.5  16.8   1   3     0.031   1.4e+02    2.2   3.7     6    42     2    38     1    69 0.81 -
ptg000158l:11115110-11136740 -            463 94044at33392         -            171   2.6e-10   40.5  16.8   2   3   1.9e-09   8.6e-06   25.7   0.3    87   161   157   238   137   245 0.70 -
ptg000158l:11115110-11136740 -            463 94044at33392         -            171   2.6e-10   40.5  16.8   3   3   5.6e-08   0.00026   20.9   0.1    96   162   386   457   309   461 0.79 -
ptg000147l:11252515-11252691 -             59 94044at33392         -            171   4.9e-07   29.8   0.7   1   1   1.1e-10     5e-07   29.7   0.7   104   160     3    57     1    59 0.89 -
ptg000160l:3486603-3492736   -            188 94044at33392         -            171   0.00012   22.1   0.2   1   1   3.9e-08   0.00018   21.4   0.2    79   164    87   179    75   184 0.78 -
#
# Program:         hmmsearch
# Version:         3.2.1 (June 2018)
# Pipeline mode:   SEARCH
# Query file:      /home/tpsylvst/projects/diaprepes_assembly/busco/busco_downloads/lineages/endopterygota_odb10/hmms/94044at33392.hmm
# Target file:     /home/tpsylvst/projects/diaprepes_assembly/busco/diaprepes_busco/run_endopterygota_odb10/metaeuk_output/initial_results/diaprepes.fa.modified.fas
# Option settings: hmmsearch --domtblout /home/tpsylvst/projects/diaprepes_assembly/busco/diaprepes_busco/run_endopterygota_odb10/hmmer_output/initial_run_results/94044at33392.out --cpu 1 /home/tpsylvst/projects/diaprepes_assembly/busco/busco_downloads/lineages/endopterygota_odb10/hmms/94044at33392.hmm /home/tpsylvst/projects/diaprepes_assembly/busco/diaprepes_busco/run_endopterygota_odb10/metaeuk_output/initial_results/diaprepes.fa.modified.fas 
# Current dir:     /home/tpsylvst/projects/diaprepes_assembly/busco
# Date:            Mon Nov 28 14:23:21 2022
# [ok]
