#                                                                                    --- full sequence --- -------------- this domain -------------   hmm coord   ali coord   env coord
# target name                accession   tlen query name           accession   qlen   E-value  score  bias   #  of  c-Evalue  i-Evalue  score  bias  from    to  from    to  from    to  acc description of target
#        ------------------- ---------- ----- -------------------- ---------- ----- --------- ------ ----- --- --- --------- --------- ------ ----- ----- ----- ----- ----- ----- ----- ---- ---------------------
ptg000020l:10194645-10200368 -            218 97217at33392         -            194  7.7e-108  358.5   0.0   1   1  3.8e-110  9.8e-108  358.1   0.0     1   194     1   218     1   218 0.92 -
ptg000057l:9818056-9865434   -            150 97217at33392         -            194     7e-42  143.3   0.2   1   1   3.1e-44   7.8e-42  143.1   0.2    20   161     1   147     1   150 0.88 -
ptg000215l:2728047-2734121   -            204 97217at33392         -            194   2.7e-40  138.1   0.1   1   1   1.9e-42   4.8e-40  137.3   0.1    10   169     1   170     1   185 0.86 -
ptg000256l:3383594-3389446   -            204 97217at33392         -            194   2.7e-40  138.1   0.1   1   1   1.9e-42   4.8e-40  137.3   0.1    10   169     1   170     1   185 0.86 -
ptg000296l:3742599-3745825   -            116 97217at33392         -            194   1.3e-33  116.3   0.3   1   1   5.8e-36   1.5e-33  116.1   0.3     6   107     1   102     1   112 0.95 -
ptg000478l:870179-874513     -            116 97217at33392         -            194   1.3e-33  116.3   0.3   1   1   5.8e-36   1.5e-33  116.1   0.3     6   107     1   102     1   112 0.95 -
ptg000062l:12257071-12267270 -            214 97217at33392         -            194   9.4e-33  113.5   0.0   1   1   5.3e-35   1.3e-32  113.0   0.0     9   143    21   156    18   185 0.87 -
ptg000020l:9142702-9151649   -            212 97217at33392         -            194     1e-32  113.4   0.1   1   1     5e-35   1.3e-32  113.1   0.1     6   144     4   148     1   182 0.82 -
ptg000025l:3659317-3668674   -            114 97217at33392         -            194   3.4e-32  111.7   0.6   1   1   1.5e-34   3.9e-32  111.5   0.6     6   106     1   101     1   107 0.95 -
ptg000241l:284720-292599     -            154 97217at33392         -            194   8.1e-32  110.4   0.6   1   1   3.7e-34   9.5e-32  110.2   0.6     6   142     2   137     1   152 0.88 -
ptg000622l:616865-623346     -            154 97217at33392         -            194   8.1e-32  110.4   0.6   1   1   3.7e-34   9.5e-32  110.2   0.6     6   142     2   137     1   152 0.88 -
ptg000170l:11673615-11674153 -            156 97217at33392         -            194   7.9e-31  107.2   0.2   1   1   3.9e-33   9.9e-31  106.9   0.2    10   142     1   133     1   156 0.87 -
ptg000153l:2505514-2505994   -            127 97217at33392         -            194   4.4e-29  101.5   0.0   1   1   1.9e-31   4.9e-29  101.4   0.0     6   124     3   119     1   125 0.88 -
ptg000407l:864901-865609     -            203 97217at33392         -            194   8.6e-29  100.6   0.1   1   2   8.5e-31   2.2e-28   99.3   0.0     6   124     3   119     1   126 0.88 -
ptg000407l:864901-865609     -            203 97217at33392         -            194   8.6e-29  100.6   0.1   2   2         7   1.8e+03   -1.6   0.0   134   153   173   193   150   202 0.61 -
ptg000061l:4367429-4385070   -            208 97217at33392         -            194     5e-28   98.1   0.0   1   1   2.8e-30   7.2e-28   97.6   0.0    10   182     9   197     5   208 0.80 -
ptg000056l:1585251-1589442   -            145 97217at33392         -            194   1.1e-26   93.7   0.2   1   1   5.6e-29   1.4e-26   93.4   0.2    20   154     1   139     1   145 0.83 -
ptg000270l:198328-199636     -            279 97217at33392         -            194   7.3e-25   87.8   0.0   1   1   3.9e-27   9.9e-25   87.3   0.0     4   145    11   152     9   191 0.87 -
ptg000273l:1506694-1507364   -            127 97217at33392         -            194   1.2e-24   87.1   0.1   1   1   5.2e-27   1.3e-24   86.9   0.1    10   136     1   127     1   127 0.90 -
ptg000457l:954044-954709     -            127 97217at33392         -            194   1.2e-24   87.1   0.1   1   1   5.2e-27   1.3e-24   86.9   0.1    10   136     1   127     1   127 0.90 -
ptg000080l:25794107-25794727 -            120 97217at33392         -            194   4.1e-24   85.3   0.1   1   1   1.8e-26   4.5e-24   85.2   0.1    41   141     2   102     1   120 0.83 -
ptg000080l:9968903-9972630   -            118 97217at33392         -            194   7.3e-23   81.2   0.2   1   1   3.2e-25   8.1e-23   81.1   0.2     8   108     2   103     1   114 0.93 -
ptg000122l:22509582-22565361 -            124 97217at33392         -            194   6.2e-22   78.2   1.7   1   2   2.3e-23   5.8e-21   75.0   0.2    13    88     1    74     1    83 0.90 -
ptg000122l:22509582-22565361 -            124 97217at33392         -            194   6.2e-22   78.2   1.7   2   2      0.15        39    3.8   0.1   132   155    97   121    70   124 0.62 -
ptg000638l:109385-109579     -             65 97217at33392         -            194   6.7e-21   74.8   0.0   1   1   2.7e-23   6.9e-21   74.8   0.0    45   106     1    62     1    65 0.91 -
ptg000165l:9067075-9067335   -             87 97217at33392         -            194   6.8e-21   74.8   0.1   1   1   2.8e-23   7.2e-21   74.7   0.1    10    82    11    82     3    86 0.93 -
ptg000467l:11807-18060       -            126 97217at33392         -            194     9e-21   74.4   0.0   1   1     4e-23     1e-20   74.3   0.0    11   111     9   109     5   126 0.85 -
ptg000160l:3226057-3235915   -             93 97217at33392         -            194   3.6e-20   72.5   0.1   1   1   1.5e-22   3.8e-20   72.4   0.1    13   103     2    91     1    93 0.93 -
ptg000011l:2101309-2102842   -            141 97217at33392         -            194   1.9e-17   63.6   0.0   1   1   8.3e-20   2.1e-17   63.4   0.0    64   158     1   106     1   141 0.74 -
ptg000035l:16531003-16531494 -            164 97217at33392         -            194     3e-17   62.9   0.0   1   1   1.5e-19   3.9e-17   62.6   0.0     9   141     3   136     2   163 0.78 -
ptg000204l:4605978-4632794   -            175 97217at33392         -            194   2.1e-16   60.2   0.1   1   1   1.1e-18   2.8e-16   59.8   0.1    10   151     4   155     2   171 0.77 -
ptg000149l:9585896-9586477   -            194 97217at33392         -            194   7.5e-16   58.4   0.0   1   1     6e-18   1.5e-15   57.4   0.0    10   131     8   127     2   151 0.85 -
ptg000328l:2521267-2533534   -            151 97217at33392         -            194   1.8e-15   57.2   0.0   1   1   8.1e-18   2.1e-15   56.9   0.0    11   141     1   128     1   140 0.89 -
ptg000635l:424984-438255     -            151 97217at33392         -            194   1.8e-15   57.2   0.0   1   1   8.1e-18   2.1e-15   56.9   0.0    11   141     1   128     1   140 0.89 -
ptg000104l:8476223-8506197   -            187 97217at33392         -            194   3.2e-15   56.3   0.1   1   1   1.5e-17   3.9e-15   56.0   0.1    10   142     1   134     1   169 0.82 -
ptg000328l:2542709-2547602   -            204 97217at33392         -            194   3.7e-15   56.1   0.1   1   1   1.9e-17   4.8e-15   55.7   0.1    11   176    16   192     9   203 0.79 -
ptg000635l:410758-415842     -            204 97217at33392         -            194   3.7e-15   56.1   0.1   1   1   1.9e-17   4.8e-15   55.7   0.1    11   176    16   192     9   203 0.79 -
ptg000122l:39174821-39176224 -            215 97217at33392         -            194   6.3e-15   55.4   0.0   1   1   3.4e-17   8.5e-15   54.9   0.0    10   131    10   130     6   163 0.87 -
ptg000096l:1411149-1415008   -            194 97217at33392         -            194   1.6e-14   54.0   0.0   1   1   9.5e-17   2.4e-14   53.4   0.0    10   183     4   187     2   192 0.85 -
ptg000538l:210180-213991     -            194 97217at33392         -            194   1.6e-14   54.0   0.0   1   1   9.5e-17   2.4e-14   53.4   0.0    10   183     4   187     2   192 0.85 -
ptg000121l:6004249-6009667   -            187 97217at33392         -            194   2.6e-14   53.4   0.0   1   1   1.1e-16   2.9e-14   53.2   0.0    12   164     2   150     1   172 0.79 -
ptg000057l:9831781-9831936   -             52 97217at33392         -            194   9.2e-14   51.5   0.0   1   1   3.9e-16   9.9e-14   51.4   0.0    18    70     1    52     1    52 0.97 -
ptg000080l:24039319-24039861 -            181 97217at33392         -            194   2.5e-13   50.1   0.0   1   1   1.1e-15   2.9e-13   49.9   0.0    11   132     2   121     1   152 0.80 -
ptg000132l:4208220-4217717   -            121 97217at33392         -            194   2.7e-12   46.8   0.0   1   1   1.2e-14   3.1e-12   46.6   0.0    11   120    11   119     5   121 0.83 -
ptg000066l:3487599-3495841   -            254 97217at33392         -            194   5.1e-12   45.9   0.0   1   1   2.8e-14   7.2e-12   45.4   0.0    10   141    50   182    47   217 0.85 -
ptg000456l:433004-438258     -            180 97217at33392         -            194   5.7e-12   45.7   0.0   1   1   2.4e-14     6e-12   45.6   0.0    20   136     2   117     1   164 0.76 -
ptg000632l:362218-369395     -            180 97217at33392         -            194   5.7e-12   45.7   0.0   1   1   2.4e-14     6e-12   45.6   0.0    20   136     2   117     1   164 0.76 -
ptg000024l:21577175-21577720 -            182 97217at33392         -            194   1.3e-11   44.5   0.1   1   1   6.2e-14   1.6e-11   44.3   0.1    11   145     8   143     4   181 0.72 -
ptg000004l:847100-847240     -             47 97217at33392         -            194   3.3e-11   43.2   0.0   1   1   1.3e-13   3.4e-11   43.2   0.0    28    72     4    47     1    47 0.94 -
ptg000004l:846457-846705     -             83 97217at33392         -            194   6.9e-11   42.2   0.0   1   1   2.8e-13   7.1e-11   42.1   0.0    72   149     1    78     1    83 0.91 -
ptg000186l:5079825-5080343   -            173 97217at33392         -            194   2.6e-10   40.3   0.0   1   1   1.9e-12   4.8e-10   39.4   0.0    11   106     2   102     1   122 0.90 -
ptg000062l:41357417-41372704 -            186 97217at33392         -            194   2.8e-10   40.2   0.0   1   1   1.3e-12   3.2e-10   40.0   0.0    12   166     2   151     1   168 0.80 -
ptg000122l:22825371-22859104 -            196 97217at33392         -            194   4.7e-10   39.5   0.0   1   1   2.3e-12   5.8e-10   39.2   0.0     9   156     7   167     1   189 0.73 -
ptg000635l:431383-438261     -            127 97217at33392         -            194     2e-09   37.4   0.0   1   1   9.6e-12   2.4e-09   37.1   0.0    61   141    20   102    12   117 0.88 -
ptg000153l:2505827-2505976   -             50 97217at33392         -            194   2.2e-07   30.7   0.0   1   1   8.8e-10   2.2e-07   30.7   0.0    10    55     1    46     1    50 0.94 -
ptg000407l:865442-865591     -             50 97217at33392         -            194   2.2e-07   30.7   0.0   1   1   8.8e-10   2.2e-07   30.7   0.0    10    55     1    46     1    50 0.94 -
ptg000163l:9261196-9291747   -            186 97217at33392         -            194   2.3e-06   27.4   0.0   1   1   1.2e-08   3.1e-06   27.0   0.0    10    92    21    98    13   113 0.82 -
ptg000080l:24035049-24035549 -            167 97217at33392         -            194   5.3e-06   26.2   0.1   1   1   4.2e-08   1.1e-05   25.2   0.1    50   131    43   123     1   149 0.74 -
ptg000302l:2650658-2651729   -            167 97217at33392         -            194   2.4e-05   24.1   0.0   1   1   1.2e-07     3e-05   23.8   0.0     9    92     5    82     2   116 0.85 -
ptg000592l:495276-496347     -            167 97217at33392         -            194   2.4e-05   24.1   0.0   1   1   1.2e-07     3e-05   23.8   0.0     9    92     5    82     2   116 0.85 -
ptg000240l:3876235-3912561   -            654 97217at33392         -            194   2.8e-05   23.9   0.8   1   2   5.3e-06    0.0014   18.4   0.1     6   170     8   183     3   206 0.62 -
ptg000240l:3876235-3912561   -            654 97217at33392         -            194   2.8e-05   23.9   0.8   2   2       0.6   1.5e+02    1.9   0.0    87   133   502   545   495   558 0.78 -
ptg000080l:5710222-5710731   -            170 97217at33392         -            194   3.3e-05   23.6   0.0   1   1   1.5e-07   3.7e-05   23.5   0.0     8    95     8    89     1   147 0.75 -
ptg000472l:417988-418482     -            165 97217at33392         -            194   5.6e-05   22.9   0.0   1   1   2.6e-07   6.7e-05   22.6   0.0    10    95    10    89     3   142 0.75 -
ptg000666l:603314-603808     -            165 97217at33392         -            194   5.6e-05   22.9   0.0   1   1   2.6e-07   6.7e-05   22.6   0.0    10    95    10    89     3   142 0.75 -
ptg000393l:1607637-1611880   -            128 97217at33392         -            194    0.0003   20.5   0.0   1   1   1.6e-06    0.0004   20.1   0.0    59    95    39    75    26   112 0.74 -
ptg000409l:494713-498179     -            122 97217at33392         -            194    0.0004   20.1   0.0   1   1   2.2e-06   0.00056   19.6   0.0    60    98    37    73    32   109 0.75 -
ptg000057l:9719882-9726937   -             77 97217at33392         -            194    0.0019   17.9   0.0   1   1   9.6e-06    0.0025   17.5   0.0    20    94     5    71     1    75 0.77 -
ptg000081l:1349511-1402625   -            108 97217at33392         -            194    0.0025   17.5   0.1   1   2     0.014       3.7    7.2   0.1    11    39     3    31     1    36 0.83 -
ptg000081l:1349511-1402625   -            108 97217at33392         -            194    0.0025   17.5   0.1   2   2    0.0029      0.73    9.5   0.0    62   131    35   107    29   108 0.67 -
ptg000088l:7403879-7594287   -            138 97217at33392         -            194    0.0027   17.4   0.1   1   2    0.0073       1.9    8.1   0.0    12    47     2    37     1    48 0.83 -
ptg000088l:7403879-7594287   -            138 97217at33392         -            194    0.0027   17.4   0.1   2   2    0.0042       1.1    8.9   0.0    84   150    47   115    25   132 0.61 -
ptg000062l:11501261-11514629 -            530 97217at33392         -            194    0.0076   15.9   0.0   1   1   5.1e-05     0.013   15.2   0.0    13   132     2   128     1   151 0.79 -
ptg000186l:7151342-7179886   -            234 97217at33392         -            194    0.0084   15.8   0.2   1   2   0.00027     0.068   12.8   0.0     9    43    40    74    37    88 0.90 -
ptg000186l:7151342-7179886   -            234 97217at33392         -            194    0.0084   15.8   0.2   2   2       1.3   3.3e+02    0.8   0.0    88   133    96   143    84   205 0.65 -
ptg000062l:40641931-40662724 -            147 97217at33392         -            194    0.0099   15.6   0.1   1   1   5.2e-05     0.013   15.2   0.1    11   132     3   117     1   139 0.66 -
ptg000769l:30165-30862       -            171 97217at33392         -            194     0.059   13.0   0.0   1   1   0.00028     0.071   12.8   0.0    10    95    15    92     8   134 0.78 -
ptg000266l:405036-405729     -            171 97217at33392         -            194      0.06   13.0   0.0   1   1   0.00028     0.071   12.8   0.0    10    95    15    92     8   134 0.78 -
ptg000045l:9995400-10022218  -            279 97217at33392         -            194     0.062   13.0   0.0   1   1   0.00039     0.098   12.3   0.0    55    94    65   104    21   127 0.90 -
#
# Program:         hmmsearch
# Version:         3.2.1 (June 2018)
# Pipeline mode:   SEARCH
# Query file:      /home/tpsylvst/projects/diaprepes_assembly/busco/busco_downloads/lineages/endopterygota_odb10/hmms/97217at33392.hmm
# Target file:     /home/tpsylvst/projects/diaprepes_assembly/busco/diaprepes_busco/run_endopterygota_odb10/metaeuk_output/initial_results/diaprepes.fa.modified.fas
# Option settings: hmmsearch --domtblout /home/tpsylvst/projects/diaprepes_assembly/busco/diaprepes_busco/run_endopterygota_odb10/hmmer_output/initial_run_results/97217at33392.out --cpu 1 /home/tpsylvst/projects/diaprepes_assembly/busco/busco_downloads/lineages/endopterygota_odb10/hmms/97217at33392.hmm /home/tpsylvst/projects/diaprepes_assembly/busco/diaprepes_busco/run_endopterygota_odb10/metaeuk_output/initial_results/diaprepes.fa.modified.fas 
# Current dir:     /home/tpsylvst/projects/diaprepes_assembly/busco
# Date:            Mon Nov 28 14:23:25 2022
# [ok]
